Using pre-set license
Built from '2021.3/staging' branch; Version is '2021.3.23f1 (213b516bf396) revision 2177873'; Using compiler version '192829333'; Build Type 'Release'
OS: 'Windows 10  (10.0.19045) 64bit Education' Language: 'en' Physical Memory: 16072 MB
BatchMode: 1, IsHumanControllingUs: 0, StartBugReporterOnCrash: 0, Is64bit: 1, IsPro: 1

COMMAND LINE ARGUMENTS:
C:\Program Files\Unity\Hub\Editor\2021.3.23f1\Editor\Unity.exe
-adb2
-batchMode
-noUpm
-name
AssetImportWorker5
-projectPath
D:/Year13AGRacer/UnityProject
-logFile
Logs/AssetImportWorker5.log
-srvPort
60006
Successfully changed project path to: D:/Year13AGRacer/UnityProject
D:/Year13AGRacer/UnityProject
[UnityMemory] Configuration Parameters - Can be set up in boot.config
    "memorysetup-bucket-allocator-granularity=16"
    "memorysetup-bucket-allocator-bucket-count=8"
    "memorysetup-bucket-allocator-block-size=33554432"
    "memorysetup-bucket-allocator-block-count=8"
    "memorysetup-main-allocator-block-size=16777216"
    "memorysetup-thread-allocator-block-size=16777216"
    "memorysetup-gfx-main-allocator-block-size=16777216"
    "memorysetup-gfx-thread-allocator-block-size=16777216"
    "memorysetup-cache-allocator-block-size=4194304"
    "memorysetup-typetree-allocator-block-size=2097152"
    "memorysetup-profiler-bucket-allocator-granularity=16"
    "memorysetup-profiler-bucket-allocator-bucket-count=8"
    "memorysetup-profiler-bucket-allocator-block-size=33554432"
    "memorysetup-profiler-bucket-allocator-block-count=8"
    "memorysetup-profiler-allocator-block-size=16777216"
    "memorysetup-profiler-editor-allocator-block-size=1048576"
    "memorysetup-temp-allocator-size-main=16777216"
    "memorysetup-job-temp-allocator-block-size=2097152"
    "memorysetup-job-temp-allocator-block-size-background=1048576"
    "memorysetup-job-temp-allocator-reduction-small-platforms=262144"
    "memorysetup-temp-allocator-size-background-worker=32768"
    "memorysetup-temp-allocator-size-job-worker=262144"
    "memorysetup-temp-allocator-size-preload-manager=33554432"
    "memorysetup-temp-allocator-size-nav-mesh-worker=65536"
    "memorysetup-temp-allocator-size-audio-worker=65536"
    "memorysetup-temp-allocator-size-cloud-worker=32768"
    "memorysetup-temp-allocator-size-gi-baking-worker=262144"
    "memorysetup-temp-allocator-size-gfx=262144"
Player connection [18080] Host "[IP] 192.168.101.137 [Port] 0 [Flags] 2 [Guid] 3446128788 [EditorId] 3446128788 [Version] 1048832 [Id] WindowsEditor(7,KHWS710) [Debug] 1 [PackageName] WindowsEditor [ProjectName] Editor" joined multi-casting on [225.0.0.222:54997]...

Player connection [18080] Host "[IP] 192.168.101.137 [Port] 0 [Flags] 2 [Guid] 3446128788 [EditorId] 3446128788 [Version] 1048832 [Id] WindowsEditor(7,KHWS710) [Debug] 1 [PackageName] WindowsEditor [ProjectName] Editor" joined alternative multi-casting on [225.0.0.222:34997]...

Refreshing native plugins compatible for Editor in 97.65 ms, found 3 plugins.
Preloading 0 native plugins for Editor in 0.00 ms.
Initialize engine version: 2021.3.23f1 (213b516bf396)
[Subsystems] Discovering subsystems at path C:/Program Files/Unity/Hub/Editor/2021.3.23f1/Editor/Data/Resources/UnitySubsystems
[Subsystems] Discovering subsystems at path D:/Year13AGRacer/UnityProject/Assets
GfxDevice: creating device client; threaded=0; jobified=0
Direct3D:
    Version:  Direct3D 11.0 [level 11.1]
    Renderer: NVIDIA GeForce RTX 3070 (ID=0x2488)
    Vendor:   NVIDIA
    VRAM:     8031 MB
    Driver:   31.0.15.2698
Initialize mono
Mono path[0] = 'C:/Program Files/Unity/Hub/Editor/2021.3.23f1/Editor/Data/Managed'
Mono path[1] = 'C:/Program Files/Unity/Hub/Editor/2021.3.23f1/Editor/Data/MonoBleedingEdge/lib/mono/unityjit-win32'
Mono config path = 'C:/Program Files/Unity/Hub/Editor/2021.3.23f1/Editor/Data/MonoBleedingEdge/etc'
Using monoOptions --debugger-agent=transport=dt_socket,embedding=1,server=y,suspend=n,address=127.0.0.1:56076
Begin MonoManager ReloadAssembly
Registering precompiled unity dll's ...
Register platform support module: C:/Program Files/Unity/Hub/Editor/2021.3.23f1/Editor/Data/PlaybackEngines/WebGLSupport/UnityEditor.WebGL.Extensions.dll
Register platform support module: C:/Program Files/Unity/Hub/Editor/2021.3.23f1/Editor/Data/PlaybackEngines/WindowsStandaloneSupport/UnityEditor.WindowsStandalone.Extensions.dll
Registered in 0.007267 seconds.
Native extension for WindowsStandalone target not found
Native extension for WebGL target not found
Refreshing native plugins compatible for Editor in 94.70 ms, found 3 plugins.
Preloading 0 native plugins for Editor in 0.00 ms.
Mono: successfully reloaded assembly
- Completed reload, in  0.713 seconds
Domain Reload Profiling:
	ReloadAssembly (713ms)
		BeginReloadAssembly (96ms)
			ExecutionOrderSort (0ms)
			DisableScriptedObjects (0ms)
			BackupInstance (0ms)
			ReleaseScriptingObjects (0ms)
			CreateAndSetChildDomain (1ms)
		EndReloadAssembly (509ms)
			LoadAssemblies (94ms)
			RebuildTransferFunctionScriptingTraits (0ms)
			SetupTypeCache (106ms)
			ReleaseScriptCaches (0ms)
			RebuildScriptCaches (29ms)
			SetupLoadedEditorAssemblies (317ms)
				LogAssemblyErrors (0ms)
				InitializePlatformSupportModulesInManaged (10ms)
				SetLoadedEditorAssemblies (0ms)
				RefreshPlugins (95ms)
				BeforeProcessingInitializeOnLoad (2ms)
				ProcessInitializeOnLoadAttributes (160ms)
				ProcessInitializeOnLoadMethodAttributes (51ms)
				AfterProcessingInitializeOnLoad (0ms)
				EditorAssembliesLoaded (0ms)
			ExecutionOrderSort2 (0ms)
			AwakeInstancesAfterBackupRestoration (0ms)
Platform modules already initialized, skipping
Registering precompiled user dll's ...
Registered in 0.003531 seconds.
Begin MonoManager ReloadAssembly
Symbol file LoadedFromMemory doesn't match image D:\Year13AGRacer\UnityProject\Library\PackageCache\com.unity.visualscripting@1.8.0\Editor\VisualScripting.Core\Dependencies\YamlDotNet\Unity.VisualScripting.YamlDotNet.dll
Symbol file LoadedFromMemory doesn't match image D:\Year13AGRacer\UnityProject\Library\PackageCache\com.unity.visualscripting@1.8.0\Editor\VisualScripting.Core\Dependencies\DotNetZip\Unity.VisualScripting.IonicZip.dll
Native extension for WindowsStandalone target not found
Native extension for WebGL target not found
Refreshing native plugins compatible for Editor in 0.58 ms, found 3 plugins.
Preloading 0 native plugins for Editor in 0.00 ms.
Mono: successfully reloaded assembly
- Completed reload, in  0.973 seconds
Domain Reload Profiling:
	ReloadAssembly (974ms)
		BeginReloadAssembly (151ms)
			ExecutionOrderSort (0ms)
			DisableScriptedObjects (6ms)
			BackupInstance (0ms)
			ReleaseScriptingObjects (0ms)
			CreateAndSetChildDomain (27ms)
		EndReloadAssembly (715ms)
			LoadAssemblies (105ms)
			RebuildTransferFunctionScriptingTraits (0ms)
			SetupTypeCache (232ms)
			ReleaseScriptCaches (1ms)
			RebuildScriptCaches (46ms)
			SetupLoadedEditorAssemblies (324ms)
				LogAssemblyErrors (0ms)
				InitializePlatformSupportModulesInManaged (7ms)
				SetLoadedEditorAssemblies (0ms)
				RefreshPlugins (1ms)
				BeforeProcessingInitializeOnLoad (82ms)
				ProcessInitializeOnLoadAttributes (208ms)
				ProcessInitializeOnLoadMethodAttributes (17ms)
				AfterProcessingInitializeOnLoad (9ms)
				EditorAssembliesLoaded (0ms)
			ExecutionOrderSort2 (0ms)
			AwakeInstancesAfterBackupRestoration (7ms)
Platform modules already initialized, skipping
========================================================================
Worker process is ready to serve import requests
Launched and connected shader compiler UnityShaderCompiler.exe after 0.04 seconds
Refreshing native plugins compatible for Editor in 1.00 ms, found 3 plugins.
Preloading 0 native plugins for Editor in 0.00 ms.
Unloading 3048 Unused Serialized files (Serialized files now loaded: 0)
Unloading 24 unused Assets / (114.6 KB). Loaded Objects now: 3513.
Memory consumption went from 111.7 MB to 111.6 MB.
Total: 2.975300 ms (FindLiveObjects: 0.268900 ms CreateObjectMapping: 0.082700 ms MarkObjects: 2.486600 ms  DeleteObjects: 0.136000 ms)

AssetImportParameters requested are different than current active one (requested -> active):
  custom:video-decoder-ogg-theora: a1e56fd34408186e4bbccfd4996cb3dc -> 
  custom:container-muxer-webm: aa71ff27fc2769a1b78a27578f13a17b -> 
  custom:container-demuxer-webm: 4f35f7cbe854078d1ac9338744f61a02 -> 
  custom:video-encoder-webm-vp8: eb34c28f22e8b96e1ab97ce403110664 -> 
  custom:audio-encoder-webm-vorbis: bf7c407c2cedff20999df2af8eb42d56 -> 
  custom:framework-win-MediaFoundation: 216162199b28c13a410421893ffa2e32 -> 
  custom:container-demuxer-ogg: 62fdf1f143b41e24485cea50d1cbac27 -> 
  custom:video-decoder-webm-vp8: 9c59270c3fd7afecdb556c50c9e8de78 -> 
  custom:audio-decoder-ogg-vorbis: bf7c407c2cedff20999df2af8eb42d56 -> 
========================================================================
Received Import Request.
  Time since last request: 22141.388399 seconds.
  path: Assets/PolygonSciFiCity/Prefabs/Buildings/SM_Bld_Underpass_01.prefab
  artifactKey: Guid(e9ead1f1db218c548abd3b619ab3aabb) Importer(815301076,1909f56bfc062723c751e8b465ee728b)
Start importing Assets/PolygonSciFiCity/Prefabs/Buildings/SM_Bld_Underpass_01.prefab using Guid(e9ead1f1db218c548abd3b619ab3aabb) Importer(815301076,1909f56bfc062723c751e8b465ee728b)  -> (artifact id: 'ba151ad43fcc43e11dabc22e7e8ce28e') in 0.187510 seconds 
========================================================================
Received Import Request.
  Time since last request: 16.874488 seconds.
  path: Assets/PolygonSciFiCity/Materials/Misc/FX_Bullets_Laser.mat
  artifactKey: Guid(918cab7a2574d6c4ba7ae6171240559e) Importer(815301076,1909f56bfc062723c751e8b465ee728b)
Start importing Assets/PolygonSciFiCity/Materials/Misc/FX_Bullets_Laser.mat using Guid(918cab7a2574d6c4ba7ae6171240559e) Importer(815301076,1909f56bfc062723c751e8b465ee728b)  -> (artifact id: 'f17786981e5377592cfff9ac8f0d23ec') in 0.063329 seconds 
========================================================================
Received Import Request.
  Time since last request: 0.000024 seconds.
  path: Assets/PolygonSciFiCity/Materials/Misc/PolygonSciFi_Halo_D 1.mat
  artifactKey: Guid(ccabe2f6d0ff0b34ea4c6ad84a5748de) Importer(815301076,1909f56bfc062723c751e8b465ee728b)
Start importing Assets/PolygonSciFiCity/Materials/Misc/PolygonSciFi_Halo_D 1.mat using Guid(ccabe2f6d0ff0b34ea4c6ad84a5748de) Importer(815301076,1909f56bfc062723c751e8b465ee728b)  -> (artifact id: 'caf066c6848fe7f49230f0650432f530') in 0.035868 seconds 
========================================================================
Received Import Request.
  Time since last request: 0.000023 seconds.
  path: Assets/PolygonSciFiCity/Materials/Alternates/PolygonScifi_04_B.mat
  artifactKey: Guid(51cf3e7710a033d46b4a1f0514895eec) Importer(815301076,1909f56bfc062723c751e8b465ee728b)
Start importing Assets/PolygonSciFiCity/Materials/Alternates/PolygonScifi_04_B.mat using Guid(51cf3e7710a033d46b4a1f0514895eec) Importer(815301076,1909f56bfc062723c751e8b465ee728b)  -> (artifact id: 'df72abd25abea20bae5b5a4cf315ccd8') in 0.032039 seconds 
========================================================================
Received Import Request.
  Time since last request: 0.000027 seconds.
  path: Assets/PolygonSciFiCity/Materials/Misc/FX_Sphere.mat
  artifactKey: Guid(41e9749fbfcb2214f8ce3b9b2bdca971) Importer(815301076,1909f56bfc062723c751e8b465ee728b)
Start importing Assets/PolygonSciFiCity/Materials/Misc/FX_Sphere.mat using Guid(41e9749fbfcb2214f8ce3b9b2bdca971) Importer(815301076,1909f56bfc062723c751e8b465ee728b)  -> (artifact id: 'b1afe0d92bee251016fab2f4de18793b') in 0.009817 seconds 
========================================================================
Received Import Request.
  Time since last request: 0.000018 seconds.
  path: Assets/PolygonSciFiCity/Materials/Alternates/PolygonScifi_02_C.mat
  artifactKey: Guid(316dc25e2b60cf84e84e83a0a0995b59) Importer(815301076,1909f56bfc062723c751e8b465ee728b)
Start importing Assets/PolygonSciFiCity/Materials/Alternates/PolygonScifi_02_C.mat using Guid(316dc25e2b60cf84e84e83a0a0995b59) Importer(815301076,1909f56bfc062723c751e8b465ee728b)  -> (artifact id: '4665b6807151ddb54b00cc4246a30507') in 0.025573 seconds 
========================================================================
Received Import Request.
  Time since last request: 0.000013 seconds.
  path: Assets/PolygonSciFiCity/Materials/Misc/PolygonScifi_Hologram_Outline.mat
  artifactKey: Guid(c5df55dd57f63984ab83f8e00224a285) Importer(815301076,1909f56bfc062723c751e8b465ee728b)
Start importing Assets/PolygonSciFiCity/Materials/Misc/PolygonScifi_Hologram_Outline.mat using Guid(c5df55dd57f63984ab83f8e00224a285) Importer(815301076,1909f56bfc062723c751e8b465ee728b)  -> (artifact id: '02ff26cad3c8b827c626a73352ef9c8e') in 0.181848 seconds 
========================================================================
Received Import Request.
  Time since last request: 0.000017 seconds.
  path: Assets/PolygonSciFiCity/Materials/Misc/Planet_Material_01.mat
  artifactKey: Guid(14321f2505b1d9d4ca2585c0ea713358) Importer(815301076,1909f56bfc062723c751e8b465ee728b)
Start importing Assets/PolygonSciFiCity/Materials/Misc/Planet_Material_01.mat using Guid(14321f2505b1d9d4ca2585c0ea713358) Importer(815301076,1909f56bfc062723c751e8b465ee728b)  -> (artifact id: '94790948ad978ae21fdfdd5475de8221') in 0.016049 seconds 
========================================================================
Received Import Request.
  Time since last request: 0.000124 seconds.
  path: Assets/PolygonSciFiCity/Models/Collision/SM_Bld_Chopshop_01_Collision.fbx
  artifactKey: Guid(ac5c9a40042c4f74e974565b4114d426) Importer(815301076,1909f56bfc062723c751e8b465ee728b)
Start importing Assets/PolygonSciFiCity/Models/Collision/SM_Bld_Chopshop_01_Collision.fbx using Guid(ac5c9a40042c4f74e974565b4114d426) Importer(815301076,1909f56bfc062723c751e8b465ee728b)  -> (artifact id: 'f56c916db9d63a482ccd7ccd90a6dd67') in 0.028137 seconds 
========================================================================
Received Import Request.
  Time since last request: 0.000022 seconds.
  path: Assets/PolygonSciFiCity/Models/SM_Bld_Section_Door_06.fbx
  artifactKey: Guid(34281e97dc70ec8459cf7158cdea756c) Importer(815301076,1909f56bfc062723c751e8b465ee728b)
Start importing Assets/PolygonSciFiCity/Models/SM_Bld_Section_Door_06.fbx using Guid(34281e97dc70ec8459cf7158cdea756c) Importer(815301076,1909f56bfc062723c751e8b465ee728b)  -> (artifact id: '3a071eb5f489d77bfbdb4bbcc15cedea') in 0.010948 seconds 
========================================================================
Received Import Request.
  Time since last request: 0.000017 seconds.
  path: Assets/PolygonSciFiCity/Models/SM_Bld_Large_04.fbx
  artifactKey: Guid(9e154dd6664f39140a4e1414b5734034) Importer(815301076,1909f56bfc062723c751e8b465ee728b)
Start importing Assets/PolygonSciFiCity/Models/SM_Bld_Large_04.fbx using Guid(9e154dd6664f39140a4e1414b5734034) Importer(815301076,1909f56bfc062723c751e8b465ee728b)  -> (artifact id: '53d161e857ccc7bb2583f5e4d2041042') in 0.011241 seconds 
========================================================================
Received Import Request.
  Time since last request: 0.000022 seconds.
  path: Assets/PolygonSciFiCity/Models/SM_Bld_Section_Door_03.fbx
  artifactKey: Guid(43952b211c752ff40828ff20dd2b757b) Importer(815301076,1909f56bfc062723c751e8b465ee728b)
Start importing Assets/PolygonSciFiCity/Models/SM_Bld_Section_Door_03.fbx using Guid(43952b211c752ff40828ff20dd2b757b) Importer(815301076,1909f56bfc062723c751e8b465ee728b)  -> (artifact id: 'ca9122dbb1e850c5c5daa4861c046a86') in 0.010665 seconds 
========================================================================
Received Import Request.
  Time since last request: 0.000018 seconds.
  path: Assets/PolygonSciFiCity/Models/SM_Bld_Large_05.fbx
  artifactKey: Guid(c50d909029f9c2f4fa04d8cd74ecc53f) Importer(815301076,1909f56bfc062723c751e8b465ee728b)
Start importing Assets/PolygonSciFiCity/Models/SM_Bld_Large_05.fbx using Guid(c50d909029f9c2f4fa04d8cd74ecc53f) Importer(815301076,1909f56bfc062723c751e8b465ee728b)  -> (artifact id: '45188602ac4cd5ff7e49486dc18402e2') in 0.013226 seconds 
========================================================================
Received Import Request.
  Time since last request: 0.000026 seconds.
  path: Assets/PolygonSciFiCity/Models/SM_Bld_Raised_01.fbx
  artifactKey: Guid(dacd08462a488fa42ae2d74ca4c42f07) Importer(815301076,1909f56bfc062723c751e8b465ee728b)
Start importing Assets/PolygonSciFiCity/Models/SM_Bld_Raised_01.fbx using Guid(dacd08462a488fa42ae2d74ca4c42f07) Importer(815301076,1909f56bfc062723c751e8b465ee728b)  -> (artifact id: 'e05b1d97d6295fc64c59ad4840b18afc') in 0.011689 seconds 
========================================================================
Received Import Request.
  Time since last request: 0.000021 seconds.
  path: Assets/PolygonSciFiCity/Models/SM_Bld_Large_06.fbx
  artifactKey: Guid(cc3a36c4a922f9644ab95643249b867e) Importer(815301076,1909f56bfc062723c751e8b465ee728b)
Start importing Assets/PolygonSciFiCity/Models/SM_Bld_Large_06.fbx using Guid(cc3a36c4a922f9644ab95643249b867e) Importer(815301076,1909f56bfc062723c751e8b465ee728b)  -> (artifact id: '1b04a7d047d30b8801d536ef282171b4') in 0.012398 seconds 
========================================================================
Received Import Request.
  Time since last request: 0.000025 seconds.
  path: Assets/PolygonSciFiCity/Models/SM_Bld_Large_Part_01.fbx
  artifactKey: Guid(f2c9f0b912a01084aa17b2a2b6e8a334) Importer(815301076,1909f56bfc062723c751e8b465ee728b)
Start importing Assets/PolygonSciFiCity/Models/SM_Bld_Large_Part_01.fbx using Guid(f2c9f0b912a01084aa17b2a2b6e8a334) Importer(815301076,1909f56bfc062723c751e8b465ee728b)  -> (artifact id: '2d21491b74ae3fad1adf9f163e7387c1') in 0.012006 seconds 
========================================================================
Received Import Request.
  Time since last request: 0.000018 seconds.
  path: Assets/PolygonSciFiCity/Materials/Alternates/PolygonScifi_04_F.mat
  artifactKey: Guid(7910c4de4f114e343a611b5cdfb7b8d8) Importer(815301076,1909f56bfc062723c751e8b465ee728b)
Start importing Assets/PolygonSciFiCity/Materials/Alternates/PolygonScifi_04_F.mat using Guid(7910c4de4f114e343a611b5cdfb7b8d8) Importer(815301076,1909f56bfc062723c751e8b465ee728b)  -> (artifact id: '4d539e9b0b09443b9ba6e8c237021e14') in 0.038227 seconds 
========================================================================
Received Import Request.
  Time since last request: 0.000026 seconds.
  path: Assets/PolygonSciFiCity/Materials/Alternates/PolygonScifi_03_E.mat
  artifactKey: Guid(1b701687f546d7a48924043a4de4f2bf) Importer(815301076,1909f56bfc062723c751e8b465ee728b)
Start importing Assets/PolygonSciFiCity/Materials/Alternates/PolygonScifi_03_E.mat using Guid(1b701687f546d7a48924043a4de4f2bf) Importer(815301076,1909f56bfc062723c751e8b465ee728b)  -> (artifact id: 'bb1e2a1f7b875e119973aa3ddcc75750') in 0.040024 seconds 
========================================================================
Received Import Request.
  Time since last request: 0.000026 seconds.
  path: Assets/PolygonSciFiCity/Models/SM_Bld_Large_Part_05.fbx
  artifactKey: Guid(b28ffe9afd2c9b647b5ff5b8d1fb0562) Importer(815301076,1909f56bfc062723c751e8b465ee728b)
Start importing Assets/PolygonSciFiCity/Models/SM_Bld_Large_Part_05.fbx using Guid(b28ffe9afd2c9b647b5ff5b8d1fb0562) Importer(815301076,1909f56bfc062723c751e8b465ee728b)  -> (artifact id: 'a75d39b340bfe411fbe772fe8b1e17fb') in 0.016320 seconds 
========================================================================
Received Import Request.
  Time since last request: 0.000037 seconds.
  path: Assets/PolygonSciFiCity/Materials/Alternates/PolygonScifi_01_D.mat
  artifactKey: Guid(16baf78d55bdd7b44bf9d50edffd3241) Importer(815301076,1909f56bfc062723c751e8b465ee728b)
Start importing Assets/PolygonSciFiCity/Materials/Alternates/PolygonScifi_01_D.mat using Guid(16baf78d55bdd7b44bf9d50edffd3241) Importer(815301076,1909f56bfc062723c751e8b465ee728b)  -> (artifact id: '6f251162fe96d878c402abbf08f57533') in 0.040426 seconds 
========================================================================
Received Import Request.
  Time since last request: 0.000021 seconds.
  path: Assets/PolygonSciFiCity/Materials/Alternates/PolygonScifi_04_C.mat
  artifactKey: Guid(1b3f510c14fcc24419370fa386429eac) Importer(815301076,1909f56bfc062723c751e8b465ee728b)
Start importing Assets/PolygonSciFiCity/Materials/Alternates/PolygonScifi_04_C.mat using Guid(1b3f510c14fcc24419370fa386429eac) Importer(815301076,1909f56bfc062723c751e8b465ee728b)  -> (artifact id: 'c7838ad71368ab229c15dc94c4222e70') in 0.039799 seconds 
========================================================================
Received Import Request.
  Time since last request: 9.015322 seconds.
  path: Assets/PolygonSciFiCity/Prefabs/Weapons/SM_Wep_Ammo_Shotgun_01.prefab
  artifactKey: Guid(3c74c5401b026964ca98567ad61cb118) Importer(815301076,1909f56bfc062723c751e8b465ee728b)
Start importing Assets/PolygonSciFiCity/Prefabs/Weapons/SM_Wep_Ammo_Shotgun_01.prefab using Guid(3c74c5401b026964ca98567ad61cb118) Importer(815301076,1909f56bfc062723c751e8b465ee728b)  -> (artifact id: '4717219751b2b7a5de1d281d92a3032c') in 0.048180 seconds 
========================================================================
Received Import Request.
  Time since last request: 0.000028 seconds.
  path: Assets/PolygonSciFiCity/Prefabs/Weapons/SM_Wep_Knife_01.prefab
  artifactKey: Guid(8b5900c6b38f5354c8f4b32582f6608c) Importer(815301076,1909f56bfc062723c751e8b465ee728b)
Start importing Assets/PolygonSciFiCity/Prefabs/Weapons/SM_Wep_Knife_01.prefab using Guid(8b5900c6b38f5354c8f4b32582f6608c) Importer(815301076,1909f56bfc062723c751e8b465ee728b)  -> (artifact id: '8e0f75967e01f29be1ad61cff89e07a2') in 0.056763 seconds 
========================================================================
Received Import Request.
  Time since last request: 0.000029 seconds.
  path: Assets/PolygonSciFiCity/Prefabs/Weapons/SM_Wep_MachinePistol_Gen1_01.prefab
  artifactKey: Guid(6ac09253d060d1c46b6a34c5c2caf524) Importer(815301076,1909f56bfc062723c751e8b465ee728b)
Start importing Assets/PolygonSciFiCity/Prefabs/Weapons/SM_Wep_MachinePistol_Gen1_01.prefab using Guid(6ac09253d060d1c46b6a34c5c2caf524) Importer(815301076,1909f56bfc062723c751e8b465ee728b)  -> (artifact id: 'd368969312d94f21ae55d02e886bfefe') in 0.049811 seconds 
========================================================================
Received Import Request.
  Time since last request: 0.000018 seconds.
  path: Assets/PolygonSciFiCity/Prefabs/Weapons/SM_Wep_Attachment_Handle_Scope_02.prefab
  artifactKey: Guid(7d3b64a6e22bb5348b45c2a860dc8689) Importer(815301076,1909f56bfc062723c751e8b465ee728b)
Start importing Assets/PolygonSciFiCity/Prefabs/Weapons/SM_Wep_Attachment_Handle_Scope_02.prefab using Guid(7d3b64a6e22bb5348b45c2a860dc8689) Importer(815301076,1909f56bfc062723c751e8b465ee728b)  -> (artifact id: '921a403cef24f29a1dd637144296ed62') in 0.055270 seconds 
========================================================================
Received Import Request.
  Time since last request: 0.000025 seconds.
  path: Assets/PolygonSciFiCity/Prefabs/Weapons/SM_Wep_Rifle_Plasma_03.prefab
  artifactKey: Guid(db70f51fdeb1db14baa5dd2b17949ebb) Importer(815301076,1909f56bfc062723c751e8b465ee728b)
Start importing Assets/PolygonSciFiCity/Prefabs/Weapons/SM_Wep_Rifle_Plasma_03.prefab using Guid(db70f51fdeb1db14baa5dd2b17949ebb) Importer(815301076,1909f56bfc062723c751e8b465ee728b)  -> (artifact id: '386f835732c288329cb01595fe0f1ce4') in 0.047579 seconds 
========================================================================
Received Import Request.
  Time since last request: 0.000027 seconds.
  path: Assets/PolygonSciFiCity/Prefabs/Weapons/SM_Wep_Mag_Round_02.prefab
  artifactKey: Guid(e976a0d68463c6144888d59b11829324) Importer(815301076,1909f56bfc062723c751e8b465ee728b)
Start importing Assets/PolygonSciFiCity/Prefabs/Weapons/SM_Wep_Mag_Round_02.prefab using Guid(e976a0d68463c6144888d59b11829324) Importer(815301076,1909f56bfc062723c751e8b465ee728b)  -> (artifact id: 'd415b16cf45e4260a481e443b0cd3b65') in 0.048592 seconds 
========================================================================
Received Import Request.
  Time since last request: 0.000021 seconds.
  path: Assets/PolygonSciFiCity/Prefabs/Weapons/SM_Wep_Attachment_Ironsight_01.prefab
  artifactKey: Guid(8e00e9aec3ab3874daff29dbba5141a0) Importer(815301076,1909f56bfc062723c751e8b465ee728b)
Start importing Assets/PolygonSciFiCity/Prefabs/Weapons/SM_Wep_Attachment_Ironsight_01.prefab using Guid(8e00e9aec3ab3874daff29dbba5141a0) Importer(815301076,1909f56bfc062723c751e8b465ee728b)  -> (artifact id: '7c5a72547263cb361c1d98b46127432d') in 0.049727 seconds 
========================================================================
Received Import Request.
  Time since last request: 0.000031 seconds.
  path: Assets/PolygonSciFiCity/Prefabs/Weapons/SM_Wep_Attachment_Redot_01.prefab
  artifactKey: Guid(fef455933a0c9d04fb9fa32cb19e9129) Importer(815301076,1909f56bfc062723c751e8b465ee728b)
Start importing Assets/PolygonSciFiCity/Prefabs/Weapons/SM_Wep_Attachment_Redot_01.prefab using Guid(fef455933a0c9d04fb9fa32cb19e9129) Importer(815301076,1909f56bfc062723c751e8b465ee728b)  -> (artifact id: '6eb134e205e9f310c36f4c8f647b77fe') in 0.070674 seconds 
========================================================================
Received Import Request.
  Time since last request: 0.000024 seconds.
  path: Assets/PolygonSciFiCity/Prefabs/Weapons/SM_Wep_Attachment_Handle_Scope_01.prefab
  artifactKey: Guid(6953eab140401214f8c2c639514a36f2) Importer(815301076,1909f56bfc062723c751e8b465ee728b)
Start importing Assets/PolygonSciFiCity/Prefabs/Weapons/SM_Wep_Attachment_Handle_Scope_01.prefab using Guid(6953eab140401214f8c2c639514a36f2) Importer(815301076,1909f56bfc062723c751e8b465ee728b)  -> (artifact id: 'ba029acc2340f51302c00813b639cb41') in 0.050563 seconds 
========================================================================
Received Import Request.
  Time since last request: 0.000020 seconds.
  path: Assets/PolygonSciFiCity/Prefabs/Weapons/SM_Wep_MachinePistol_Gen2_01.prefab
  artifactKey: Guid(724a05e511db5fa418277d5c2270f07d) Importer(815301076,1909f56bfc062723c751e8b465ee728b)
Start importing Assets/PolygonSciFiCity/Prefabs/Weapons/SM_Wep_MachinePistol_Gen2_01.prefab using Guid(724a05e511db5fa418277d5c2270f07d) Importer(815301076,1909f56bfc062723c751e8b465ee728b)  -> (artifact id: 'ad8ab5e75659007fa8df7adc73dd8f87') in 0.049559 seconds 
========================================================================
Received Import Request.
  Time since last request: 0.000022 seconds.
  path: Assets/PolygonSciFiCity/Prefabs/Weapons/SM_Wep_Attachment_Laser_01.prefab
  artifactKey: Guid(c8d8c1e303073c242afc526d679f61ee) Importer(815301076,1909f56bfc062723c751e8b465ee728b)
Start importing Assets/PolygonSciFiCity/Prefabs/Weapons/SM_Wep_Attachment_Laser_01.prefab using Guid(c8d8c1e303073c242afc526d679f61ee) Importer(815301076,1909f56bfc062723c751e8b465ee728b)  -> (artifact id: '20e37e20b23ea5a6bd508dce22160d5d') in 0.050645 seconds 
========================================================================
Received Import Request.
  Time since last request: 0.000023 seconds.
  path: Assets/PolygonSciFiCity/Prefabs/Weapons/SM_Wep_Syringe_Gun_01.prefab
  artifactKey: Guid(d9de82ecdd3d01b4d9f2e15be36b3554) Importer(815301076,1909f56bfc062723c751e8b465ee728b)
Start importing Assets/PolygonSciFiCity/Prefabs/Weapons/SM_Wep_Syringe_Gun_01.prefab using Guid(d9de82ecdd3d01b4d9f2e15be36b3554) Importer(815301076,1909f56bfc062723c751e8b465ee728b)  -> (artifact id: '2013a8090bed3e4a926220f91785e47b') in 0.049458 seconds 
========================================================================
Received Import Request.
  Time since last request: 3.868416 seconds.
  path: Assets/PolygonSciFiCity/Prefabs/Icons/SM_Icon_Lightning.prefab
  artifactKey: Guid(9baabcdff9f934e4f93321577d7858e5) Importer(815301076,1909f56bfc062723c751e8b465ee728b)
Start importing Assets/PolygonSciFiCity/Prefabs/Icons/SM_Icon_Lightning.prefab using Guid(9baabcdff9f934e4f93321577d7858e5) Importer(815301076,1909f56bfc062723c751e8b465ee728b)  -> (artifact id: '56117c3e5aa2506962ccd2c81ae333f6') in 0.256987 seconds 
========================================================================
Received Import Request.
  Time since last request: 0.057534 seconds.
  path: Assets/PolygonSciFiCity/Prefabs/FX/FX_Beacon.prefab
  artifactKey: Guid(b22a8556d083fa44c990ed50e9c42227) Importer(815301076,1909f56bfc062723c751e8b465ee728b)
Start importing Assets/PolygonSciFiCity/Prefabs/FX/FX_Beacon.prefab using Guid(b22a8556d083fa44c990ed50e9c42227) Importer(815301076,1909f56bfc062723c751e8b465ee728b)  -> (artifact id: '7c5c03fd57d74251676f2de7ac59a1fe') in 0.015273 seconds 
========================================================================
Received Import Request.
  Time since last request: 0.000020 seconds.
  path: Assets/PolygonSciFiCity/Prefabs/FX/FX_Laser_Shotgun.prefab
  artifactKey: Guid(42e227b1c80c09a4d847427380f80790) Importer(815301076,1909f56bfc062723c751e8b465ee728b)
Start importing Assets/PolygonSciFiCity/Prefabs/FX/FX_Laser_Shotgun.prefab using Guid(42e227b1c80c09a4d847427380f80790) Importer(815301076,1909f56bfc062723c751e8b465ee728b)  -> (artifact id: '61d80ecf72a880d82b0439094379663b') in 0.011419 seconds 
========================================================================
Received Import Request.
  Time since last request: 0.000017 seconds.
  path: Assets/PolygonSciFiCity/Prefabs/FX/FX_Flame.prefab
  artifactKey: Guid(55c86e0c7bf19d545acec6387f8704db) Importer(815301076,1909f56bfc062723c751e8b465ee728b)
Start importing Assets/PolygonSciFiCity/Prefabs/FX/FX_Flame.prefab using Guid(55c86e0c7bf19d545acec6387f8704db) Importer(815301076,1909f56bfc062723c751e8b465ee728b)  -> (artifact id: '7b12d36e8dd017b8460702c23ac290ba') in 0.118381 seconds 
Editor requested this worker to shutdown with reason: Scaling down because of idle timeout
AssetImportWorker is now disconnected from the server
Process exiting
Exiting without the bug reporter. Application will terminate with return code 0