Using pre-set license
Built from '2021.3/staging' branch; Version is '2021.3.23f1 (213b516bf396) revision 2177873'; Using compiler version '192829333'; Build Type 'Release'
OS: 'Windows 10  (10.0.19045) 64bit Education' Language: 'en' Physical Memory: 16072 MB
BatchMode: 1, IsHumanControllingUs: 0, StartBugReporterOnCrash: 0, Is64bit: 1, IsPro: 1

COMMAND LINE ARGUMENTS:
C:\Program Files\Unity\Hub\Editor\2021.3.23f1\Editor\Unity.exe
-adb2
-batchMode
-noUpm
-name
AssetImportWorker0
-projectPath
D:/Year13AGRacer/UnityProject
-logFile
Logs/AssetImportWorker0.log
-srvPort
62412
Successfully changed project path to: D:/Year13AGRacer/UnityProject
D:/Year13AGRacer/UnityProject
[UnityMemory] Configuration Parameters - Can be set up in boot.config
    "memorysetup-bucket-allocator-granularity=16"
    "memorysetup-bucket-allocator-bucket-count=8"
    "memorysetup-bucket-allocator-block-size=33554432"
    "memorysetup-bucket-allocator-block-count=8"
    "memorysetup-main-allocator-block-size=16777216"
    "memorysetup-thread-allocator-block-size=16777216"
    "memorysetup-gfx-main-allocator-block-size=16777216"
    "memorysetup-gfx-thread-allocator-block-size=16777216"
    "memorysetup-cache-allocator-block-size=4194304"
    "memorysetup-typetree-allocator-block-size=2097152"
    "memorysetup-profiler-bucket-allocator-granularity=16"
    "memorysetup-profiler-bucket-allocator-bucket-count=8"
    "memorysetup-profiler-bucket-allocator-block-size=33554432"
    "memorysetup-profiler-bucket-allocator-block-count=8"
    "memorysetup-profiler-allocator-block-size=16777216"
    "memorysetup-profiler-editor-allocator-block-size=1048576"
    "memorysetup-temp-allocator-size-main=16777216"
    "memorysetup-job-temp-allocator-block-size=2097152"
    "memorysetup-job-temp-allocator-block-size-background=1048576"
    "memorysetup-job-temp-allocator-reduction-small-platforms=262144"
    "memorysetup-temp-allocator-size-background-worker=32768"
    "memorysetup-temp-allocator-size-job-worker=262144"
    "memorysetup-temp-allocator-size-preload-manager=33554432"
    "memorysetup-temp-allocator-size-nav-mesh-worker=65536"
    "memorysetup-temp-allocator-size-audio-worker=65536"
    "memorysetup-temp-allocator-size-cloud-worker=32768"
    "memorysetup-temp-allocator-size-gi-baking-worker=262144"
    "memorysetup-temp-allocator-size-gfx=262144"
Player connection [14852] Host "[IP] 192.168.101.137 [Port] 0 [Flags] 2 [Guid] 1702455392 [EditorId] 1702455392 [Version] 1048832 [Id] WindowsEditor(7,KHWS710) [Debug] 1 [PackageName] WindowsEditor [ProjectName] Editor" joined multi-casting on [225.0.0.222:54997]...

Player connection [14852] Host "[IP] 192.168.101.137 [Port] 0 [Flags] 2 [Guid] 1702455392 [EditorId] 1702455392 [Version] 1048832 [Id] WindowsEditor(7,KHWS710) [Debug] 1 [PackageName] WindowsEditor [ProjectName] Editor" joined alternative multi-casting on [225.0.0.222:34997]...

Refreshing native plugins compatible for Editor in 82.58 ms, found 3 plugins.
Preloading 0 native plugins for Editor in 0.00 ms.
Initialize engine version: 2021.3.23f1 (213b516bf396)
[Subsystems] Discovering subsystems at path C:/Program Files/Unity/Hub/Editor/2021.3.23f1/Editor/Data/Resources/UnitySubsystems
[Subsystems] Discovering subsystems at path D:/Year13AGRacer/UnityProject/Assets
GfxDevice: creating device client; threaded=0; jobified=0
Direct3D:
    Version:  Direct3D 11.0 [level 11.1]
    Renderer: NVIDIA GeForce RTX 3070 (ID=0x2488)
    Vendor:   NVIDIA
    VRAM:     8031 MB
    Driver:   31.0.15.2698
Initialize mono
Mono path[0] = 'C:/Program Files/Unity/Hub/Editor/2021.3.23f1/Editor/Data/Managed'
Mono path[1] = 'C:/Program Files/Unity/Hub/Editor/2021.3.23f1/Editor/Data/MonoBleedingEdge/lib/mono/unityjit-win32'
Mono config path = 'C:/Program Files/Unity/Hub/Editor/2021.3.23f1/Editor/Data/MonoBleedingEdge/etc'
Using monoOptions --debugger-agent=transport=dt_socket,embedding=1,server=y,suspend=n,address=127.0.0.1:56848
Begin MonoManager ReloadAssembly
Registering precompiled unity dll's ...
Register platform support module: C:/Program Files/Unity/Hub/Editor/2021.3.23f1/Editor/Data/PlaybackEngines/WebGLSupport/UnityEditor.WebGL.Extensions.dll
Register platform support module: C:/Program Files/Unity/Hub/Editor/2021.3.23f1/Editor/Data/PlaybackEngines/WindowsStandaloneSupport/UnityEditor.WindowsStandalone.Extensions.dll
Registered in 0.007474 seconds.
Native extension for WindowsStandalone target not found
Native extension for WebGL target not found
Refreshing native plugins compatible for Editor in 80.13 ms, found 3 plugins.
Preloading 0 native plugins for Editor in 0.00 ms.
Mono: successfully reloaded assembly
- Completed reload, in  0.630 seconds
Domain Reload Profiling:
	ReloadAssembly (630ms)
		BeginReloadAssembly (89ms)
			ExecutionOrderSort (0ms)
			DisableScriptedObjects (0ms)
			BackupInstance (0ms)
			ReleaseScriptingObjects (0ms)
			CreateAndSetChildDomain (1ms)
		EndReloadAssembly (443ms)
			LoadAssemblies (87ms)
			RebuildTransferFunctionScriptingTraits (0ms)
			SetupTypeCache (93ms)
			ReleaseScriptCaches (0ms)
			RebuildScriptCaches (26ms)
			SetupLoadedEditorAssemblies (275ms)
				LogAssemblyErrors (0ms)
				InitializePlatformSupportModulesInManaged (9ms)
				SetLoadedEditorAssemblies (0ms)
				RefreshPlugins (80ms)
				BeforeProcessingInitializeOnLoad (1ms)
				ProcessInitializeOnLoadAttributes (135ms)
				ProcessInitializeOnLoadMethodAttributes (49ms)
				AfterProcessingInitializeOnLoad (0ms)
				EditorAssembliesLoaded (0ms)
			ExecutionOrderSort2 (0ms)
			AwakeInstancesAfterBackupRestoration (0ms)
Platform modules already initialized, skipping
Registering precompiled user dll's ...
Registered in 0.003088 seconds.
Begin MonoManager ReloadAssembly
Native extension for WindowsStandalone target not found
Native extension for WebGL target not found
Refreshing native plugins compatible for Editor in 0.74 ms, found 3 plugins.
Preloading 0 native plugins for Editor in 0.00 ms.
Mono: successfully reloaded assembly
- Completed reload, in  0.968 seconds
Domain Reload Profiling:
	ReloadAssembly (969ms)
		BeginReloadAssembly (117ms)
			ExecutionOrderSort (0ms)
			DisableScriptedObjects (6ms)
			BackupInstance (0ms)
			ReleaseScriptingObjects (0ms)
			CreateAndSetChildDomain (20ms)
		EndReloadAssembly (750ms)
			LoadAssemblies (85ms)
			RebuildTransferFunctionScriptingTraits (0ms)
			SetupTypeCache (240ms)
			ReleaseScriptCaches (1ms)
			RebuildScriptCaches (53ms)
			SetupLoadedEditorAssemblies (348ms)
				LogAssemblyErrors (0ms)
				InitializePlatformSupportModulesInManaged (7ms)
				SetLoadedEditorAssemblies (0ms)
				RefreshPlugins (1ms)
				BeforeProcessingInitializeOnLoad (77ms)
				ProcessInitializeOnLoadAttributes (236ms)
				ProcessInitializeOnLoadMethodAttributes (20ms)
				AfterProcessingInitializeOnLoad (7ms)
				EditorAssembliesLoaded (0ms)
			ExecutionOrderSort2 (0ms)
			AwakeInstancesAfterBackupRestoration (6ms)
Platform modules already initialized, skipping
========================================================================
Worker process is ready to serve import requests
Launched and connected shader compiler UnityShaderCompiler.exe after 0.04 seconds
Refreshing native plugins compatible for Editor in 0.48 ms, found 3 plugins.
Preloading 0 native plugins for Editor in 0.00 ms.
Unloading 3210 Unused Serialized files (Serialized files now loaded: 0)
Unloading 35 unused Assets / (129.7 KB). Loaded Objects now: 3690.
Memory consumption went from 129.4 MB to 129.2 MB.
Total: 1.947900 ms (FindLiveObjects: 0.181200 ms CreateObjectMapping: 0.118700 ms MarkObjects: 1.580100 ms  DeleteObjects: 0.067300 ms)

AssetImportParameters requested are different than current active one (requested -> active):
  custom:video-decoder-ogg-theora: a1e56fd34408186e4bbccfd4996cb3dc -> 
  custom:container-muxer-webm: aa71ff27fc2769a1b78a27578f13a17b -> 
  custom:container-demuxer-webm: 4f35f7cbe854078d1ac9338744f61a02 -> 
  custom:video-encoder-webm-vp8: eb34c28f22e8b96e1ab97ce403110664 -> 
  custom:audio-encoder-webm-vorbis: bf7c407c2cedff20999df2af8eb42d56 -> 
  custom:framework-win-MediaFoundation: 216162199b28c13a410421893ffa2e32 -> 
  custom:container-demuxer-ogg: 62fdf1f143b41e24485cea50d1cbac27 -> 
  custom:video-decoder-webm-vp8: 9c59270c3fd7afecdb556c50c9e8de78 -> 
  custom:audio-decoder-ogg-vorbis: bf7c407c2cedff20999df2af8eb42d56 -> 
========================================================================
Received Import Request.
  Time since last request: 9587.901073 seconds.
  path: Assets/PolygonSciFiCity/Materials/Misc/FX_Blank.mat
  artifactKey: Guid(d167ef288d96bb84ca9743bf908f53cf) Importer(815301076,1909f56bfc062723c751e8b465ee728b)
Start importing Assets/PolygonSciFiCity/Materials/Misc/FX_Blank.mat using Guid(d167ef288d96bb84ca9743bf908f53cf) Importer(815301076,1909f56bfc062723c751e8b465ee728b)  -> (artifact id: '4bcc6b392a31d9cb656e11584652e758') in 0.107606 seconds 
========================================================================
Received Import Request.
  Time since last request: 0.000027 seconds.
  path: Assets/Import/materials/Boost_4.mat
  artifactKey: Guid(4b3d5041658260646b6de0b210635153) Importer(815301076,1909f56bfc062723c751e8b465ee728b)
Start importing Assets/Import/materials/Boost_4.mat using Guid(4b3d5041658260646b6de0b210635153) Importer(815301076,1909f56bfc062723c751e8b465ee728b)  -> (artifact id: 'fdb0a15539c892592b365279c4049304') in 0.023706 seconds 
========================================================================
Received Import Request.
  Time since last request: 0.000028 seconds.
  path: Assets/PolygonSciFiCity/Materials/Misc/FX_Black.mat
  artifactKey: Guid(52f54f8012454f74eaa7e9926f989372) Importer(815301076,1909f56bfc062723c751e8b465ee728b)
Start importing Assets/PolygonSciFiCity/Materials/Misc/FX_Black.mat using Guid(52f54f8012454f74eaa7e9926f989372) Importer(815301076,1909f56bfc062723c751e8b465ee728b)  -> (artifact id: 'f8f41c0000264c7bf54dd4d37fd8b252') in 0.016625 seconds 
========================================================================
Received Import Request.
  Time since last request: 0.000036 seconds.
  path: Assets/PolygonSciFiCity/Materials/Misc/FX_Blackhole.mat
  artifactKey: Guid(a5515c39754fbde43b94f0f536f96d1f) Importer(815301076,1909f56bfc062723c751e8b465ee728b)
Start importing Assets/PolygonSciFiCity/Materials/Misc/FX_Blackhole.mat using Guid(a5515c39754fbde43b94f0f536f96d1f) Importer(815301076,1909f56bfc062723c751e8b465ee728b)  -> (artifact id: '6c6af8aacec0156d88ccc22b83c2d67b') in 0.024247 seconds 
========================================================================
Received Import Request.
  Time since last request: 1.188402 seconds.
  path: Assets/PolygonSciFiCity/Materials/Misc/FX_Circle_Dash.mat
  artifactKey: Guid(a5750075394180d41a3764bb7769474d) Importer(815301076,1909f56bfc062723c751e8b465ee728b)
Start importing Assets/PolygonSciFiCity/Materials/Misc/FX_Circle_Dash.mat using Guid(a5750075394180d41a3764bb7769474d) Importer(815301076,1909f56bfc062723c751e8b465ee728b)  -> (artifact id: '8c93c79def5cb3f656ed1d5e3061c223') in 0.023988 seconds 
========================================================================
Received Import Request.
  Time since last request: 0.090929 seconds.
  path: Assets/PolygonSciFiCity/Materials/Misc/FX_LightRay.mat
  artifactKey: Guid(91f21d47c2b9b7d4e946b81b5b39f0af) Importer(815301076,1909f56bfc062723c751e8b465ee728b)
Start importing Assets/PolygonSciFiCity/Materials/Misc/FX_LightRay.mat using Guid(91f21d47c2b9b7d4e946b81b5b39f0af) Importer(815301076,1909f56bfc062723c751e8b465ee728b)  -> (artifact id: 'ffa51b423ff0d1f8dadd512a9e756b82') in 0.012159 seconds 
========================================================================
Received Import Request.
  Time since last request: 0.592143 seconds.
  path: Assets/PolygonSciFiCity/Materials/Misc/FX_MuzzleFlash.mat
  artifactKey: Guid(9e790bbee27d08e45ab96d553ca371c8) Importer(815301076,1909f56bfc062723c751e8b465ee728b)
Start importing Assets/PolygonSciFiCity/Materials/Misc/FX_MuzzleFlash.mat using Guid(9e790bbee27d08e45ab96d553ca371c8) Importer(815301076,1909f56bfc062723c751e8b465ee728b)  -> (artifact id: '670655539b838f591dd3dfc174d31f8e') in 0.013782 seconds 
========================================================================
Received Import Request.
  Time since last request: 0.061321 seconds.
  path: Assets/PolygonSciFiCity/Materials/Misc/FX_SphereGlow.mat
  artifactKey: Guid(83bf344aa66f8704ab56cddca307d1cd) Importer(815301076,1909f56bfc062723c751e8b465ee728b)
Start importing Assets/PolygonSciFiCity/Materials/Misc/FX_SphereGlow.mat using Guid(83bf344aa66f8704ab56cddca307d1cd) Importer(815301076,1909f56bfc062723c751e8b465ee728b)  -> (artifact id: 'b259a4e4ed529d27d6137f4d673d24c7') in 0.010575 seconds 
========================================================================
Received Import Request.
  Time since last request: 0.032437 seconds.
  path: Assets/PolygonSciFiCity/Materials/Misc/Glass_01_Jar.mat
  artifactKey: Guid(2caa64181f9513e4f97224fd556f3006) Importer(815301076,1909f56bfc062723c751e8b465ee728b)
Start importing Assets/PolygonSciFiCity/Materials/Misc/Glass_01_Jar.mat using Guid(2caa64181f9513e4f97224fd556f3006) Importer(815301076,1909f56bfc062723c751e8b465ee728b)  -> (artifact id: '0a4c339e5d19758dbd5cc24ce3fb21a0') in 0.060488 seconds 
========================================================================
Received Import Request.
  Time since last request: 0.575697 seconds.
  path: Assets/PolygonSciFiCity/Materials/Misc/Glass_Vehicles.mat
  artifactKey: Guid(71667d7801729984ab543f565586bab6) Importer(815301076,1909f56bfc062723c751e8b465ee728b)
Start importing Assets/PolygonSciFiCity/Materials/Misc/Glass_Vehicles.mat using Guid(71667d7801729984ab543f565586bab6) Importer(815301076,1909f56bfc062723c751e8b465ee728b)  -> (artifact id: '0d5b97a27362af4a9928adf207ac7266') in 0.013332 seconds 
========================================================================
Received Import Request.
  Time since last request: 0.020059 seconds.
  path: Assets/Ship Body.FBX
  artifactKey: Guid(f566116d700856040a85608a30746929) Importer(815301076,1909f56bfc062723c751e8b465ee728b)
Start importing Assets/Ship Body.FBX using Guid(f566116d700856040a85608a30746929) Importer(815301076,1909f56bfc062723c751e8b465ee728b)  -> (artifact id: '9918488bb1ba0d75e9f2f93f4a1cf7cc') in 0.042535 seconds 
========================================================================
Received Import Request.
  Time since last request: 0.418478 seconds.
  path: Assets/New Material.mat
  artifactKey: Guid(be6c510dab432724bb13b06fcdbed9e3) Importer(815301076,1909f56bfc062723c751e8b465ee728b)
Start importing Assets/New Material.mat using Guid(be6c510dab432724bb13b06fcdbed9e3) Importer(815301076,1909f56bfc062723c751e8b465ee728b)  -> (artifact id: 'c237ee68c334c57a91229ca186a3d433') in 0.011273 seconds 
========================================================================
Received Import Request.
  Time since last request: 0.017115 seconds.
  path: Assets/PolygonSciFiCity/Materials/Misc/Planet_Material_02.mat
  artifactKey: Guid(cd8449355422c3d4f825d47e550f0dab) Importer(815301076,1909f56bfc062723c751e8b465ee728b)
Start importing Assets/PolygonSciFiCity/Materials/Misc/Planet_Material_02.mat using Guid(cd8449355422c3d4f825d47e550f0dab) Importer(815301076,1909f56bfc062723c751e8b465ee728b)  -> (artifact id: '6e6630d0d329cf8ccc776a54312b433e') in 0.039875 seconds 
========================================================================
Received Import Request.
  Time since last request: 3.194542 seconds.
  path: Assets/PolygonSciFiCity/Materials/Misc/Polygon_Scifi_RainWater_Mat.mat
  artifactKey: Guid(47be28ae53899c440a4bdc7de32df96c) Importer(815301076,1909f56bfc062723c751e8b465ee728b)
Start importing Assets/PolygonSciFiCity/Materials/Misc/Polygon_Scifi_RainWater_Mat.mat using Guid(47be28ae53899c440a4bdc7de32df96c) Importer(815301076,1909f56bfc062723c751e8b465ee728b)  -> (artifact id: '80af879b323dbd7018fb5134031bedbc') in 0.021512 seconds 
========================================================================
Received Import Request.
  Time since last request: 0.014569 seconds.
  path: Assets/PolygonSciFiCity/Materials/PolygonScifi_01_A.mat
  artifactKey: Guid(06d40dc2e1401784eb420a0d2d5d7235) Importer(815301076,1909f56bfc062723c751e8b465ee728b)
Start importing Assets/PolygonSciFiCity/Materials/PolygonScifi_01_A.mat using Guid(06d40dc2e1401784eb420a0d2d5d7235) Importer(815301076,1909f56bfc062723c751e8b465ee728b)  -> (artifact id: '1c929005c673389913afd2c38efc3aaa') in 0.052707 seconds 
========================================================================
Received Import Request.
  Time since last request: 0.220609 seconds.
  path: Assets/PolygonSciFiCity/Materials/Alternates/PolygonScifi_01_B.mat
  artifactKey: Guid(5b103efddde787a45ac844ebc57b0aca) Importer(815301076,1909f56bfc062723c751e8b465ee728b)
Start importing Assets/PolygonSciFiCity/Materials/Alternates/PolygonScifi_01_B.mat using Guid(5b103efddde787a45ac844ebc57b0aca) Importer(815301076,1909f56bfc062723c751e8b465ee728b)  -> (artifact id: '64f6a9aad0a30ab174d420c75a2b584d') in 0.059069 seconds 
========================================================================
Received Import Request.
  Time since last request: 0.447539 seconds.
  path: Assets/PolygonSciFiCity/Materials/Alternates/PolygonScifi_01_F.mat
  artifactKey: Guid(d8ff1947f6875f94998cfbbd28f2b751) Importer(815301076,1909f56bfc062723c751e8b465ee728b)
Start importing Assets/PolygonSciFiCity/Materials/Alternates/PolygonScifi_01_F.mat using Guid(d8ff1947f6875f94998cfbbd28f2b751) Importer(815301076,1909f56bfc062723c751e8b465ee728b)  -> (artifact id: 'f5991e80bd2278693a4376b51100007e') in 0.037908 seconds 
========================================================================
Received Import Request.
  Time since last request: 0.300530 seconds.
  path: Assets/PolygonSciFiCity/Materials/Alternates/PolygonScifi_02_D.mat
  artifactKey: Guid(f0dd791a13593c24092eab330b4af2a1) Importer(815301076,1909f56bfc062723c751e8b465ee728b)
Start importing Assets/PolygonSciFiCity/Materials/Alternates/PolygonScifi_02_D.mat using Guid(f0dd791a13593c24092eab330b4af2a1) Importer(815301076,1909f56bfc062723c751e8b465ee728b)  -> (artifact id: '5d7db3faebfe0c285bf0fc638baf7eb1') in 0.038683 seconds 
========================================================================
Received Import Request.
  Time since last request: 0.000036 seconds.
  path: Assets/PolygonSciFiCity/Materials/Alternates/PolygonScifi_03_B.mat
  artifactKey: Guid(eb43ccf57eac0174194f68627fecf001) Importer(815301076,1909f56bfc062723c751e8b465ee728b)
Start importing Assets/PolygonSciFiCity/Materials/Alternates/PolygonScifi_03_B.mat using Guid(eb43ccf57eac0174194f68627fecf001) Importer(815301076,1909f56bfc062723c751e8b465ee728b)  -> (artifact id: '66ce7802c3fd9a63a7d9fa7c6619866f') in 0.037113 seconds 
========================================================================
Received Import Request.
  Time since last request: 0.269735 seconds.
  path: Assets/PolygonSciFiCity/Materials/Alternates/PolygonScifi_03_D.mat
  artifactKey: Guid(08ba515e3c063a64bbec69a2c933acd7) Importer(815301076,1909f56bfc062723c751e8b465ee728b)
Start importing Assets/PolygonSciFiCity/Materials/Alternates/PolygonScifi_03_D.mat using Guid(08ba515e3c063a64bbec69a2c933acd7) Importer(815301076,1909f56bfc062723c751e8b465ee728b)  -> (artifact id: '8cb3004c7ad55922eb4bf0f8adefedba') in 0.039020 seconds 
========================================================================
Received Import Request.
  Time since last request: 0.000040 seconds.
  path: Assets/PolygonSciFiCity/Materials/PolygonScifi_04_A.mat
  artifactKey: Guid(129704b08c93bae4a89513e33c890d5e) Importer(815301076,1909f56bfc062723c751e8b465ee728b)
Start importing Assets/PolygonSciFiCity/Materials/PolygonScifi_04_A.mat using Guid(129704b08c93bae4a89513e33c890d5e) Importer(815301076,1909f56bfc062723c751e8b465ee728b)  -> (artifact id: '8aef2078046e664c2a52aa17bf544fb8') in 0.040828 seconds 
========================================================================
Received Import Request.
  Time since last request: 0.210940 seconds.
  path: Assets/PolygonSciFiCity/Materials/Alternates/PolygonScifi_04_D.mat
  artifactKey: Guid(e43e0848fad28db439d9411118a7fc32) Importer(815301076,1909f56bfc062723c751e8b465ee728b)
Start importing Assets/PolygonSciFiCity/Materials/Alternates/PolygonScifi_04_D.mat using Guid(e43e0848fad28db439d9411118a7fc32) Importer(815301076,1909f56bfc062723c751e8b465ee728b)  -> (artifact id: 'dc91b48902958895aa88d48ceea16dd5') in 0.042700 seconds 
========================================================================
Received Import Request.
  Time since last request: 0.000019 seconds.
  path: Assets/PolygonSciFiCity/Materials/PolygonSciFi_Billboards.mat
  artifactKey: Guid(b7c0ed658dd810b449b09808a6339f3c) Importer(815301076,1909f56bfc062723c751e8b465ee728b)
Start importing Assets/PolygonSciFiCity/Materials/PolygonSciFi_Billboards.mat using Guid(b7c0ed658dd810b449b09808a6339f3c) Importer(815301076,1909f56bfc062723c751e8b465ee728b)  -> (artifact id: '6889772376b3a19767ed22335a384cc4') in 0.016884 seconds 
========================================================================
Received Import Request.
  Time since last request: 0.313796 seconds.
  path: Assets/PolygonSciFiCity/Materials/Misc/PolygonSciFi_Buildings_Background 2.mat
  artifactKey: Guid(053c416ba85a9124a840416db9ce7765) Importer(815301076,1909f56bfc062723c751e8b465ee728b)
Start importing Assets/PolygonSciFiCity/Materials/Misc/PolygonSciFi_Buildings_Background 2.mat using Guid(053c416ba85a9124a840416db9ce7765) Importer(815301076,1909f56bfc062723c751e8b465ee728b)  -> (artifact id: '859954aef9d2e8b43d737bcb506f5e34') in 0.013814 seconds 
========================================================================
Received Import Request.
  Time since last request: 0.000015 seconds.
  path: Assets/PolygonSciFiCity/Materials/Misc/PolygonScifi_Hologram_Base.mat
  artifactKey: Guid(c963e5de356285c46a7cd4699624970b) Importer(815301076,1909f56bfc062723c751e8b465ee728b)
Start importing Assets/PolygonSciFiCity/Materials/Misc/PolygonScifi_Hologram_Base.mat using Guid(c963e5de356285c46a7cd4699624970b) Importer(815301076,1909f56bfc062723c751e8b465ee728b)  -> (artifact id: 'cf803f79c7cc6e41624af09f8741b6ca') in 0.032872 seconds 
========================================================================
Received Import Request.
  Time since last request: 0.695175 seconds.
  path: Assets/PolygonSciFiCity/Materials/Misc/Road.mat
  artifactKey: Guid(e2a89766ae5b4a74fbe5769d9eb6d77a) Importer(815301076,1909f56bfc062723c751e8b465ee728b)
Start importing Assets/PolygonSciFiCity/Materials/Misc/Road.mat using Guid(e2a89766ae5b4a74fbe5769d9eb6d77a) Importer(815301076,1909f56bfc062723c751e8b465ee728b)  -> (artifact id: 'c247eaee85bd86ba343414e688a08d00') in 0.142281 seconds 
========================================================================
Received Import Request.
  Time since last request: 64.048575 seconds.
  path: Assets/PolygonSciFiCity/Prefabs/Signs/SM_Sign_Ad_06.prefab
  artifactKey: Guid(3ed9cb70cf572854c96d813b19339262) Importer(815301076,1909f56bfc062723c751e8b465ee728b)
Start importing Assets/PolygonSciFiCity/Prefabs/Signs/SM_Sign_Ad_06.prefab using Guid(3ed9cb70cf572854c96d813b19339262) Importer(815301076,1909f56bfc062723c751e8b465ee728b)  -> (artifact id: '4c01c7bbf4f18c00200de11aeff9ce0c') in 0.086228 seconds 
========================================================================
Received Import Request.
  Time since last request: 0.000019 seconds.
  path: Assets/PolygonSciFiCity/Prefabs/Signs/SM_Sign_Ad_31.prefab
  artifactKey: Guid(4f5cff1dda2e3f04b9c2181537d0599a) Importer(815301076,1909f56bfc062723c751e8b465ee728b)
Start importing Assets/PolygonSciFiCity/Prefabs/Signs/SM_Sign_Ad_31.prefab using Guid(4f5cff1dda2e3f04b9c2181537d0599a) Importer(815301076,1909f56bfc062723c751e8b465ee728b)  -> (artifact id: '2dd854742ee103e5b34800bb0cdabdcf') in 0.268890 seconds 
========================================================================
Received Import Request.
  Time since last request: 0.000019 seconds.
  path: Assets/PolygonSciFiCity/Prefabs/Signs/SM_Sign_Billboard_Border_03.prefab
  artifactKey: Guid(59449a6f6b42ab64cb4421e2f322f822) Importer(815301076,1909f56bfc062723c751e8b465ee728b)
Start importing Assets/PolygonSciFiCity/Prefabs/Signs/SM_Sign_Billboard_Border_03.prefab using Guid(59449a6f6b42ab64cb4421e2f322f822) Importer(815301076,1909f56bfc062723c751e8b465ee728b)  -> (artifact id: '58c7ed80afb61d650cfdfac22d6886e2') in 0.076574 seconds 
========================================================================
Received Import Request.
  Time since last request: 0.000046 seconds.
  path: Assets/PolygonSciFiCity/Prefabs/Signs/SM_Sign_Neon_Bulb_03.prefab
  artifactKey: Guid(4a2ae943c817d834fbc2cab3ffb4b858) Importer(815301076,1909f56bfc062723c751e8b465ee728b)
Start importing Assets/PolygonSciFiCity/Prefabs/Signs/SM_Sign_Neon_Bulb_03.prefab using Guid(4a2ae943c817d834fbc2cab3ffb4b858) Importer(815301076,1909f56bfc062723c751e8b465ee728b)  -> (artifact id: 'dcaa372d208baad3f41b4f56ed128de9') in 0.039231 seconds 
========================================================================
Received Import Request.
  Time since last request: 0.000037 seconds.
  path: Assets/PolygonSciFiCity/Prefabs/Signs/SM_Sign_Ad_30.prefab
  artifactKey: Guid(fd3bb278568bfd2498d9ccbc73113504) Importer(815301076,1909f56bfc062723c751e8b465ee728b)
Start importing Assets/PolygonSciFiCity/Prefabs/Signs/SM_Sign_Ad_30.prefab using Guid(fd3bb278568bfd2498d9ccbc73113504) Importer(815301076,1909f56bfc062723c751e8b465ee728b)  -> (artifact id: '51b7a90452fcc1d17d50a208f37a58c6') in 0.015834 seconds 
========================================================================
Received Import Request.
  Time since last request: 0.000022 seconds.
  path: Assets/PolygonSciFiCity/Prefabs/Signs/SM_Sign_Ad_15.prefab
  artifactKey: Guid(7c5044e30d9e6694cbc654bbccf6ac6f) Importer(815301076,1909f56bfc062723c751e8b465ee728b)
Start importing Assets/PolygonSciFiCity/Prefabs/Signs/SM_Sign_Ad_15.prefab using Guid(7c5044e30d9e6694cbc654bbccf6ac6f) Importer(815301076,1909f56bfc062723c751e8b465ee728b)  -> (artifact id: '3c283d3d5f33ec3d908a037f53e14112') in 0.013117 seconds 
========================================================================
Received Import Request.
  Time since last request: 0.000034 seconds.
  path: Assets/PolygonSciFiCity/Prefabs/Signs/SM_Sign_Neon_Bulb_02.prefab
  artifactKey: Guid(51ccc5a1e582db34486e3ce8c54d3c1b) Importer(815301076,1909f56bfc062723c751e8b465ee728b)
Start importing Assets/PolygonSciFiCity/Prefabs/Signs/SM_Sign_Neon_Bulb_02.prefab using Guid(51ccc5a1e582db34486e3ce8c54d3c1b) Importer(815301076,1909f56bfc062723c751e8b465ee728b)  -> (artifact id: 'c0c08329457f533a44086ad8920c0e07') in 0.040324 seconds 
========================================================================
Received Import Request.
  Time since last request: 0.000020 seconds.
  path: Assets/PolygonSciFiCity/Prefabs/Signs/SM_Sign_Ad_12.prefab
  artifactKey: Guid(8d170e43fac3efa4b9cb032c3f873663) Importer(815301076,1909f56bfc062723c751e8b465ee728b)
Start importing Assets/PolygonSciFiCity/Prefabs/Signs/SM_Sign_Ad_12.prefab using Guid(8d170e43fac3efa4b9cb032c3f873663) Importer(815301076,1909f56bfc062723c751e8b465ee728b)  -> (artifact id: '65c5d2bf3ef96a7f11bc9973c3605aa7') in 0.013397 seconds 
========================================================================
Received Import Request.
  Time since last request: 0.000034 seconds.
  path: Assets/PolygonSciFiCity/Prefabs/Signs/SM_Sign_Neon_Flat_02.prefab
  artifactKey: Guid(46c5b755a31a58842ad7bdb20e773b23) Importer(815301076,1909f56bfc062723c751e8b465ee728b)
Start importing Assets/PolygonSciFiCity/Prefabs/Signs/SM_Sign_Neon_Flat_02.prefab using Guid(46c5b755a31a58842ad7bdb20e773b23) Importer(815301076,1909f56bfc062723c751e8b465ee728b)  -> (artifact id: '51abde7ededf18a8426841c4a6c292e2') in 0.116433 seconds 
========================================================================
Received Import Request.
  Time since last request: 0.000018 seconds.
  path: Assets/PolygonSciFiCity/Prefabs/Signs/SM_Sign_Ad_23.prefab
  artifactKey: Guid(a9fd4f873bdb3664dbe5efc6a5711e11) Importer(815301076,1909f56bfc062723c751e8b465ee728b)
Start importing Assets/PolygonSciFiCity/Prefabs/Signs/SM_Sign_Ad_23.prefab using Guid(a9fd4f873bdb3664dbe5efc6a5711e11) Importer(815301076,1909f56bfc062723c751e8b465ee728b)  -> (artifact id: 'b3e5639c0b4a9e9626d5a3d5ebf6b6f2') in 0.009810 seconds 
========================================================================
Received Import Request.
  Time since last request: 0.000020 seconds.
  path: Assets/PolygonSciFiCity/Prefabs/Signs/SM_Sign_Ad_10.prefab
  artifactKey: Guid(2f1faa803b2a15f4ab11a8fb9e4330a1) Importer(815301076,1909f56bfc062723c751e8b465ee728b)
Start importing Assets/PolygonSciFiCity/Prefabs/Signs/SM_Sign_Ad_10.prefab using Guid(2f1faa803b2a15f4ab11a8fb9e4330a1) Importer(815301076,1909f56bfc062723c751e8b465ee728b)  -> (artifact id: 'c4f8a01f11e3adaea4d59bb3f4a33def') in 0.010842 seconds 
========================================================================
Received Import Request.
  Time since last request: 0.000017 seconds.
  path: Assets/PolygonSciFiCity/Prefabs/Signs/SM_Sign_Billboard_Border_Tall_01.prefab
  artifactKey: Guid(f404fc82b36356d459c5a6aeedfd05bb) Importer(815301076,1909f56bfc062723c751e8b465ee728b)
Start importing Assets/PolygonSciFiCity/Prefabs/Signs/SM_Sign_Billboard_Border_Tall_01.prefab using Guid(f404fc82b36356d459c5a6aeedfd05bb) Importer(815301076,1909f56bfc062723c751e8b465ee728b)  -> (artifact id: 'c694aee069292d3e01f62dfb8b5edbe1') in 0.036086 seconds 
========================================================================
Received Import Request.
  Time since last request: 0.000041 seconds.
  path: Assets/PolygonSciFiCity/Prefabs/Signs/SM_Sign_Billboard_Border_Tall_02.prefab
  artifactKey: Guid(e22e5bdd785050f4e812445d7ccf16ac) Importer(815301076,1909f56bfc062723c751e8b465ee728b)
Start importing Assets/PolygonSciFiCity/Prefabs/Signs/SM_Sign_Billboard_Border_Tall_02.prefab using Guid(e22e5bdd785050f4e812445d7ccf16ac) Importer(815301076,1909f56bfc062723c751e8b465ee728b)  -> (artifact id: '6808dcdded0374e2db98e43527199190') in 0.036141 seconds 
========================================================================
Received Import Request.
  Time since last request: 0.000017 seconds.
  path: Assets/PolygonSciFiCity/Prefabs/Signs/SM_Sign_Ad_25.prefab
  artifactKey: Guid(991425df993403d489e0368aff658605) Importer(815301076,1909f56bfc062723c751e8b465ee728b)
Start importing Assets/PolygonSciFiCity/Prefabs/Signs/SM_Sign_Ad_25.prefab using Guid(991425df993403d489e0368aff658605) Importer(815301076,1909f56bfc062723c751e8b465ee728b)  -> (artifact id: '7793f93ed725873c999587a6842914d3') in 0.011135 seconds 
========================================================================
Received Import Request.
  Time since last request: 0.000018 seconds.
  path: Assets/PolygonSciFiCity/Prefabs/Signs/SM_Sign_Ad_14.prefab
  artifactKey: Guid(418cf332268c941478526f77b130a40d) Importer(815301076,1909f56bfc062723c751e8b465ee728b)
Start importing Assets/PolygonSciFiCity/Prefabs/Signs/SM_Sign_Ad_14.prefab using Guid(418cf332268c941478526f77b130a40d) Importer(815301076,1909f56bfc062723c751e8b465ee728b)  -> (artifact id: '58ba2fd2755710e4379a13893c4e2973') in 0.013986 seconds 
========================================================================
Received Import Request.
  Time since last request: 0.000025 seconds.
  path: Assets/PolygonSciFiCity/Prefabs/Signs/SM_Sign_Ad_11.prefab
  artifactKey: Guid(e915fa70d65f19348986013a8b5b6db7) Importer(815301076,1909f56bfc062723c751e8b465ee728b)
Start importing Assets/PolygonSciFiCity/Prefabs/Signs/SM_Sign_Ad_11.prefab using Guid(e915fa70d65f19348986013a8b5b6db7) Importer(815301076,1909f56bfc062723c751e8b465ee728b)  -> (artifact id: '7f2606b88b116f0fddb0bdb65cc78308') in 0.013866 seconds 
========================================================================
Received Import Request.
  Time since last request: 0.000022 seconds.
  path: Assets/PolygonSciFiCity/Prefabs/Signs/SM_Sign_Neon_Bulb_01.prefab
  artifactKey: Guid(c3027acda7ae4f44a99192daac982257) Importer(815301076,1909f56bfc062723c751e8b465ee728b)
Start importing Assets/PolygonSciFiCity/Prefabs/Signs/SM_Sign_Neon_Bulb_01.prefab using Guid(c3027acda7ae4f44a99192daac982257) Importer(815301076,1909f56bfc062723c751e8b465ee728b)  -> (artifact id: 'e497dc2f6d916ba1f0dbd1192095aced') in 0.036784 seconds 
========================================================================
Received Import Request.
  Time since last request: 0.000025 seconds.
  path: Assets/PolygonSciFiCity/Prefabs/Signs/SM_Sign_Billboard_Border_02.prefab
  artifactKey: Guid(d5a0821d80fa6d0429c67a879ddc3cc9) Importer(815301076,1909f56bfc062723c751e8b465ee728b)
Start importing Assets/PolygonSciFiCity/Prefabs/Signs/SM_Sign_Billboard_Border_02.prefab using Guid(d5a0821d80fa6d0429c67a879ddc3cc9) Importer(815301076,1909f56bfc062723c751e8b465ee728b)  -> (artifact id: 'a3da4063e20c67982365a9ea922291a3') in 0.036079 seconds 
Editor requested this worker to shutdown with reason: Scaling down because of idle timeout
AssetImportWorker is now disconnected from the server
Process exiting
Exiting without the bug reporter. Application will terminate with return code 0