Using pre-set license
Built from '2021.3/staging' branch; Version is '2021.3.23f1 (213b516bf396) revision 2177873'; Using compiler version '192829333'; Build Type 'Release'
OS: 'Windows 10  (10.0.19045) 64bit Education' Language: 'en' Physical Memory: 16072 MB
BatchMode: 1, IsHumanControllingUs: 0, StartBugReporterOnCrash: 0, Is64bit: 1, IsPro: 1

COMMAND LINE ARGUMENTS:
C:\Program Files\Unity\Hub\Editor\2021.3.23f1\Editor\Unity.exe
-adb2
-batchMode
-noUpm
-name
AssetImportWorker6
-projectPath
D:/Year13AGRacer/UnityProject
-logFile
Logs/AssetImportWorker6.log
-srvPort
62412
Successfully changed project path to: D:/Year13AGRacer/UnityProject
D:/Year13AGRacer/UnityProject
[UnityMemory] Configuration Parameters - Can be set up in boot.config
    "memorysetup-bucket-allocator-granularity=16"
    "memorysetup-bucket-allocator-bucket-count=8"
    "memorysetup-bucket-allocator-block-size=33554432"
    "memorysetup-bucket-allocator-block-count=8"
    "memorysetup-main-allocator-block-size=16777216"
    "memorysetup-thread-allocator-block-size=16777216"
    "memorysetup-gfx-main-allocator-block-size=16777216"
    "memorysetup-gfx-thread-allocator-block-size=16777216"
    "memorysetup-cache-allocator-block-size=4194304"
    "memorysetup-typetree-allocator-block-size=2097152"
    "memorysetup-profiler-bucket-allocator-granularity=16"
    "memorysetup-profiler-bucket-allocator-bucket-count=8"
    "memorysetup-profiler-bucket-allocator-block-size=33554432"
    "memorysetup-profiler-bucket-allocator-block-count=8"
    "memorysetup-profiler-allocator-block-size=16777216"
    "memorysetup-profiler-editor-allocator-block-size=1048576"
    "memorysetup-temp-allocator-size-main=16777216"
    "memorysetup-job-temp-allocator-block-size=2097152"
    "memorysetup-job-temp-allocator-block-size-background=1048576"
    "memorysetup-job-temp-allocator-reduction-small-platforms=262144"
    "memorysetup-temp-allocator-size-background-worker=32768"
    "memorysetup-temp-allocator-size-job-worker=262144"
    "memorysetup-temp-allocator-size-preload-manager=33554432"
    "memorysetup-temp-allocator-size-nav-mesh-worker=65536"
    "memorysetup-temp-allocator-size-audio-worker=65536"
    "memorysetup-temp-allocator-size-cloud-worker=32768"
    "memorysetup-temp-allocator-size-gi-baking-worker=262144"
    "memorysetup-temp-allocator-size-gfx=262144"
Player connection [16840] Host "[IP] 192.168.101.137 [Port] 0 [Flags] 2 [Guid] 3816312457 [EditorId] 3816312457 [Version] 1048832 [Id] WindowsEditor(7,KHWS710) [Debug] 1 [PackageName] WindowsEditor [ProjectName] Editor" joined multi-casting on [225.0.0.222:54997]...

Player connection [16840] Host "[IP] 192.168.101.137 [Port] 0 [Flags] 2 [Guid] 3816312457 [EditorId] 3816312457 [Version] 1048832 [Id] WindowsEditor(7,KHWS710) [Debug] 1 [PackageName] WindowsEditor [ProjectName] Editor" joined alternative multi-casting on [225.0.0.222:34997]...

Refreshing native plugins compatible for Editor in 88.60 ms, found 3 plugins.
Preloading 0 native plugins for Editor in 0.00 ms.
Initialize engine version: 2021.3.23f1 (213b516bf396)
[Subsystems] Discovering subsystems at path C:/Program Files/Unity/Hub/Editor/2021.3.23f1/Editor/Data/Resources/UnitySubsystems
[Subsystems] Discovering subsystems at path D:/Year13AGRacer/UnityProject/Assets
GfxDevice: creating device client; threaded=0; jobified=0
Direct3D:
    Version:  Direct3D 11.0 [level 11.1]
    Renderer: NVIDIA GeForce RTX 3070 (ID=0x2488)
    Vendor:   NVIDIA
    VRAM:     8031 MB
    Driver:   31.0.15.2698
Initialize mono
Mono path[0] = 'C:/Program Files/Unity/Hub/Editor/2021.3.23f1/Editor/Data/Managed'
Mono path[1] = 'C:/Program Files/Unity/Hub/Editor/2021.3.23f1/Editor/Data/MonoBleedingEdge/lib/mono/unityjit-win32'
Mono config path = 'C:/Program Files/Unity/Hub/Editor/2021.3.23f1/Editor/Data/MonoBleedingEdge/etc'
Using monoOptions --debugger-agent=transport=dt_socket,embedding=1,server=y,suspend=n,address=127.0.0.1:56940
Begin MonoManager ReloadAssembly
Registering precompiled unity dll's ...
Register platform support module: C:/Program Files/Unity/Hub/Editor/2021.3.23f1/Editor/Data/PlaybackEngines/WebGLSupport/UnityEditor.WebGL.Extensions.dll
Register platform support module: C:/Program Files/Unity/Hub/Editor/2021.3.23f1/Editor/Data/PlaybackEngines/WindowsStandaloneSupport/UnityEditor.WindowsStandalone.Extensions.dll
Registered in 0.007472 seconds.
Native extension for WindowsStandalone target not found
Native extension for WebGL target not found
Refreshing native plugins compatible for Editor in 87.74 ms, found 3 plugins.
Preloading 0 native plugins for Editor in 0.00 ms.
Mono: successfully reloaded assembly
- Completed reload, in  0.689 seconds
Domain Reload Profiling:
	ReloadAssembly (689ms)
		BeginReloadAssembly (89ms)
			ExecutionOrderSort (0ms)
			DisableScriptedObjects (0ms)
			BackupInstance (0ms)
			ReleaseScriptingObjects (0ms)
			CreateAndSetChildDomain (1ms)
		EndReloadAssembly (496ms)
			LoadAssemblies (87ms)
			RebuildTransferFunctionScriptingTraits (0ms)
			SetupTypeCache (109ms)
			ReleaseScriptCaches (0ms)
			RebuildScriptCaches (31ms)
			SetupLoadedEditorAssemblies (300ms)
				LogAssemblyErrors (0ms)
				InitializePlatformSupportModulesInManaged (10ms)
				SetLoadedEditorAssemblies (0ms)
				RefreshPlugins (88ms)
				BeforeProcessingInitializeOnLoad (1ms)
				ProcessInitializeOnLoadAttributes (150ms)
				ProcessInitializeOnLoadMethodAttributes (51ms)
				AfterProcessingInitializeOnLoad (0ms)
				EditorAssembliesLoaded (0ms)
			ExecutionOrderSort2 (0ms)
			AwakeInstancesAfterBackupRestoration (0ms)
Platform modules already initialized, skipping
Registering precompiled user dll's ...
Registered in 0.004101 seconds.
Begin MonoManager ReloadAssembly
Native extension for WindowsStandalone target not found
Native extension for WebGL target not found
Refreshing native plugins compatible for Editor in 0.63 ms, found 3 plugins.
Preloading 0 native plugins for Editor in 0.00 ms.
Mono: successfully reloaded assembly
- Completed reload, in  0.956 seconds
Domain Reload Profiling:
	ReloadAssembly (957ms)
		BeginReloadAssembly (97ms)
			ExecutionOrderSort (0ms)
			DisableScriptedObjects (6ms)
			BackupInstance (0ms)
			ReleaseScriptingObjects (0ms)
			CreateAndSetChildDomain (21ms)
		EndReloadAssembly (759ms)
			LoadAssemblies (63ms)
			RebuildTransferFunctionScriptingTraits (0ms)
			SetupTypeCache (238ms)
			ReleaseScriptCaches (1ms)
			RebuildScriptCaches (61ms)
			SetupLoadedEditorAssemblies (347ms)
				LogAssemblyErrors (0ms)
				InitializePlatformSupportModulesInManaged (6ms)
				SetLoadedEditorAssemblies (0ms)
				RefreshPlugins (1ms)
				BeforeProcessingInitializeOnLoad (76ms)
				ProcessInitializeOnLoadAttributes (235ms)
				ProcessInitializeOnLoadMethodAttributes (20ms)
				AfterProcessingInitializeOnLoad (7ms)
				EditorAssembliesLoaded (0ms)
			ExecutionOrderSort2 (0ms)
			AwakeInstancesAfterBackupRestoration (6ms)
Platform modules already initialized, skipping
========================================================================
Worker process is ready to serve import requests
Launched and connected shader compiler UnityShaderCompiler.exe after 0.03 seconds
Refreshing native plugins compatible for Editor in 0.90 ms, found 3 plugins.
Preloading 0 native plugins for Editor in 0.00 ms.
Unloading 3223 Unused Serialized files (Serialized files now loaded: 0)
Unloading 35 unused Assets / (130.0 KB). Loaded Objects now: 3703.
Memory consumption went from 131.6 MB to 131.5 MB.
Total: 2.874800 ms (FindLiveObjects: 0.282300 ms CreateObjectMapping: 0.080400 ms MarkObjects: 2.402400 ms  DeleteObjects: 0.108700 ms)

AssetImportParameters requested are different than current active one (requested -> active):
  custom:video-decoder-ogg-theora: a1e56fd34408186e4bbccfd4996cb3dc -> 
  custom:container-muxer-webm: aa71ff27fc2769a1b78a27578f13a17b -> 
  custom:container-demuxer-webm: 4f35f7cbe854078d1ac9338744f61a02 -> 
  custom:video-encoder-webm-vp8: eb34c28f22e8b96e1ab97ce403110664 -> 
  custom:audio-encoder-webm-vorbis: bf7c407c2cedff20999df2af8eb42d56 -> 
  custom:framework-win-MediaFoundation: 216162199b28c13a410421893ffa2e32 -> 
  custom:container-demuxer-ogg: 62fdf1f143b41e24485cea50d1cbac27 -> 
  custom:video-decoder-webm-vp8: 9c59270c3fd7afecdb556c50c9e8de78 -> 
  custom:audio-decoder-ogg-vorbis: bf7c407c2cedff20999df2af8eb42d56 -> 
========================================================================
Received Import Request.
  Time since last request: 10028.661432 seconds.
  path: Assets/TextMesh Pro/Resources/Fonts & Materials/LiberationSans SDF - Outline.mat
  artifactKey: Guid(79459efec17a4d00a321bdcc27bbc385) Importer(815301076,1909f56bfc062723c751e8b465ee728b)
Start importing Assets/TextMesh Pro/Resources/Fonts & Materials/LiberationSans SDF - Outline.mat using Guid(79459efec17a4d00a321bdcc27bbc385) Importer(815301076,1909f56bfc062723c751e8b465ee728b)  -> (artifact id: '5766ec724e2814943baafdb5f1649c69') in 0.142046 seconds 
========================================================================
Received Import Request.
  Time since last request: 0.417268 seconds.
  path: Assets/PolygonSciFiCity/Models/Flame_Mesh.fbx
  artifactKey: Guid(7af11619db8bcf64c85cea989d116eb4) Importer(815301076,1909f56bfc062723c751e8b465ee728b)
Start importing Assets/PolygonSciFiCity/Models/Flame_Mesh.fbx using Guid(7af11619db8bcf64c85cea989d116eb4) Importer(815301076,1909f56bfc062723c751e8b465ee728b)  -> (artifact id: '2488e620bb371f4ee143e57255c0b2ac') in 0.057164 seconds 
========================================================================
Received Import Request.
  Time since last request: 0.000022 seconds.
  path: Assets/PolygonSciFiCity/Models/SM_Bld_Section_Door_03.fbx
  artifactKey: Guid(43952b211c752ff40828ff20dd2b757b) Importer(815301076,1909f56bfc062723c751e8b465ee728b)
Start importing Assets/PolygonSciFiCity/Models/SM_Bld_Section_Door_03.fbx using Guid(43952b211c752ff40828ff20dd2b757b) Importer(815301076,1909f56bfc062723c751e8b465ee728b)  -> (artifact id: 'ca9122dbb1e850c5c5daa4861c046a86') in 0.015029 seconds 
========================================================================
Received Import Request.
  Time since last request: 0.000016 seconds.
  path: Assets/PolygonSciFiCity/Models/SM_Bld_Background_Med_08.fbx
  artifactKey: Guid(65b416d2f788a7f41874814b201f672e) Importer(815301076,1909f56bfc062723c751e8b465ee728b)
Start importing Assets/PolygonSciFiCity/Models/SM_Bld_Background_Med_08.fbx using Guid(65b416d2f788a7f41874814b201f672e) Importer(815301076,1909f56bfc062723c751e8b465ee728b)  -> (artifact id: '5765cf980d7b7a2c513663d24e1ffe3c') in 0.015484 seconds 
========================================================================
Received Import Request.
  Time since last request: 0.000021 seconds.
  path: Assets/PolygonSciFiCity/Models/SM_Bld_Section_Corner_03.fbx
  artifactKey: Guid(e206ee4f297612245a529d05d662e144) Importer(815301076,1909f56bfc062723c751e8b465ee728b)
Start importing Assets/PolygonSciFiCity/Models/SM_Bld_Section_Corner_03.fbx using Guid(e206ee4f297612245a529d05d662e144) Importer(815301076,1909f56bfc062723c751e8b465ee728b)  -> (artifact id: '02fa886ba9da11d7b0d11339050d7d7d') in 0.018787 seconds 
========================================================================
Received Import Request.
  Time since last request: 0.000020 seconds.
  path: Assets/PolygonSciFiCity/Models/SM_Bld_Background_Med_01.fbx
  artifactKey: Guid(8d5d199aa0236934aa5e57624389046e) Importer(815301076,1909f56bfc062723c751e8b465ee728b)
Start importing Assets/PolygonSciFiCity/Models/SM_Bld_Background_Med_01.fbx using Guid(8d5d199aa0236934aa5e57624389046e) Importer(815301076,1909f56bfc062723c751e8b465ee728b)  -> (artifact id: 'f46d0426414829e5ddb28adee73c00c2') in 0.015604 seconds 
========================================================================
Received Import Request.
  Time since last request: 0.000022 seconds.
  path: Assets/PolygonSciFiCity/Models/SM_Bld_Industrial_01.fbx
  artifactKey: Guid(9b40fbe3d4d348f428ac506a1ae07f72) Importer(815301076,1909f56bfc062723c751e8b465ee728b)
Start importing Assets/PolygonSciFiCity/Models/SM_Bld_Industrial_01.fbx using Guid(9b40fbe3d4d348f428ac506a1ae07f72) Importer(815301076,1909f56bfc062723c751e8b465ee728b)  -> (artifact id: 'c755db21557f1b04032fd71160877bc6') in 0.014475 seconds 
========================================================================
Received Import Request.
  Time since last request: 0.000029 seconds.
  path: Assets/PolygonSciFiCity/Models/SM_Bld_Section_Door_02.fbx
  artifactKey: Guid(efa1a01aed9f84c4499c4e602773b24f) Importer(815301076,1909f56bfc062723c751e8b465ee728b)
Start importing Assets/PolygonSciFiCity/Models/SM_Bld_Section_Door_02.fbx using Guid(efa1a01aed9f84c4499c4e602773b24f) Importer(815301076,1909f56bfc062723c751e8b465ee728b)  -> (artifact id: '23e7cbea472819e600de660df4c2e6bb') in 0.013734 seconds 
========================================================================
Received Import Request.
  Time since last request: 0.000028 seconds.
  path: Assets/PolygonSciFiCity/Models/SM_Bld_Power_01.fbx
  artifactKey: Guid(29144ad1b41473c458cf9ea326fbe7a1) Importer(815301076,1909f56bfc062723c751e8b465ee728b)
Start importing Assets/PolygonSciFiCity/Models/SM_Bld_Power_01.fbx using Guid(29144ad1b41473c458cf9ea326fbe7a1) Importer(815301076,1909f56bfc062723c751e8b465ee728b)  -> (artifact id: 'f2d8b4b86997aae927e41fe2cbf2e4a5') in 0.014621 seconds 
========================================================================
Received Import Request.
  Time since last request: 0.000027 seconds.
  path: Assets/PolygonSciFiCity/Models/SM_Bld_Background_Med_02.fbx
  artifactKey: Guid(1ff456e6e2a4ea64eaaf7f4e3ff8bef8) Importer(815301076,1909f56bfc062723c751e8b465ee728b)
Start importing Assets/PolygonSciFiCity/Models/SM_Bld_Background_Med_02.fbx using Guid(1ff456e6e2a4ea64eaaf7f4e3ff8bef8) Importer(815301076,1909f56bfc062723c751e8b465ee728b)  -> (artifact id: 'a0bd129a729594e87a1fbcb3517f8a89') in 0.013977 seconds 
========================================================================
Received Import Request.
  Time since last request: 0.000035 seconds.
  path: Assets/PolygonSciFiCity/Models/SM_Bld_Background_Med_05.fbx
  artifactKey: Guid(9bda923bb20d8064f90b21e2208d8656) Importer(815301076,1909f56bfc062723c751e8b465ee728b)
Start importing Assets/PolygonSciFiCity/Models/SM_Bld_Background_Med_05.fbx using Guid(9bda923bb20d8064f90b21e2208d8656) Importer(815301076,1909f56bfc062723c751e8b465ee728b)  -> (artifact id: '3eeccf0b7de0c34b00aaa1ebac88d209') in 0.014849 seconds 
========================================================================
Received Import Request.
  Time since last request: 0.000020 seconds.
  path: Assets/PolygonSciFiCity/Models/SM_Bld_Large_04.fbx
  artifactKey: Guid(9e154dd6664f39140a4e1414b5734034) Importer(815301076,1909f56bfc062723c751e8b465ee728b)
Start importing Assets/PolygonSciFiCity/Models/SM_Bld_Large_04.fbx using Guid(9e154dd6664f39140a4e1414b5734034) Importer(815301076,1909f56bfc062723c751e8b465ee728b)  -> (artifact id: '53d161e857ccc7bb2583f5e4d2041042') in 0.015935 seconds 
========================================================================
Received Import Request.
  Time since last request: 0.000019 seconds.
  path: Assets/PolygonSciFiCity/Models/SM_Bld_Background_Small_04.fbx
  artifactKey: Guid(26cc25c9b31e3a54aa2d061cf6dad016) Importer(815301076,1909f56bfc062723c751e8b465ee728b)
Start importing Assets/PolygonSciFiCity/Models/SM_Bld_Background_Small_04.fbx using Guid(26cc25c9b31e3a54aa2d061cf6dad016) Importer(815301076,1909f56bfc062723c751e8b465ee728b)  -> (artifact id: 'b9ffc0c2c9826ad71a6a1f2cf38181f2') in 0.014178 seconds 
========================================================================
Received Import Request.
  Time since last request: 0.000027 seconds.
  path: Assets/PolygonSciFiCity/Models/SM_Bld_Large_Part_06.fbx
  artifactKey: Guid(15fff0ae08b698144912f1a46a79a546) Importer(815301076,1909f56bfc062723c751e8b465ee728b)
Start importing Assets/PolygonSciFiCity/Models/SM_Bld_Large_Part_06.fbx using Guid(15fff0ae08b698144912f1a46a79a546) Importer(815301076,1909f56bfc062723c751e8b465ee728b)  -> (artifact id: '84cde5cabf347f99fc5a7874fc279867') in 0.015783 seconds 
========================================================================
Received Import Request.
  Time since last request: 0.000029 seconds.
  path: Assets/PolygonSciFiCity/Models/SM_Bld_Roof_Pagoda_01.fbx
  artifactKey: Guid(721278600aa4a854fb5be8d2686a9eea) Importer(815301076,1909f56bfc062723c751e8b465ee728b)
Start importing Assets/PolygonSciFiCity/Models/SM_Bld_Roof_Pagoda_01.fbx using Guid(721278600aa4a854fb5be8d2686a9eea) Importer(815301076,1909f56bfc062723c751e8b465ee728b)  -> (artifact id: '7231fddba6451ecf64a8882e6de951d3') in 0.015135 seconds 
========================================================================
Received Import Request.
  Time since last request: 0.000020 seconds.
  path: Assets/PolygonSciFiCity/Models/SM_Bld_Power_02.fbx
  artifactKey: Guid(9c3186c17ad0dcb48aaeb5cb28828991) Importer(815301076,1909f56bfc062723c751e8b465ee728b)
Start importing Assets/PolygonSciFiCity/Models/SM_Bld_Power_02.fbx using Guid(9c3186c17ad0dcb48aaeb5cb28828991) Importer(815301076,1909f56bfc062723c751e8b465ee728b)  -> (artifact id: '83f87528d3bddff5e64ff5b58686e80b') in 0.015147 seconds 
========================================================================
Received Import Request.
  Time since last request: 0.000024 seconds.
  path: Assets/PolygonSciFiCity/Models/SM_Bld_Background_Lrg_02.fbx
  artifactKey: Guid(6477948f1578f7349a20b76eb8e638f6) Importer(815301076,1909f56bfc062723c751e8b465ee728b)
Start importing Assets/PolygonSciFiCity/Models/SM_Bld_Background_Lrg_02.fbx using Guid(6477948f1578f7349a20b76eb8e638f6) Importer(815301076,1909f56bfc062723c751e8b465ee728b)  -> (artifact id: '31c394358434f77cf2ce79889f564f0b') in 0.013920 seconds 
========================================================================
Received Import Request.
  Time since last request: 0.000018 seconds.
  path: Assets/PolygonSciFiCity/Models/SM_Bld_Power_03.fbx
  artifactKey: Guid(a0d6cd3195e31904895f63fba613ef18) Importer(815301076,1909f56bfc062723c751e8b465ee728b)
Start importing Assets/PolygonSciFiCity/Models/SM_Bld_Power_03.fbx using Guid(a0d6cd3195e31904895f63fba613ef18) Importer(815301076,1909f56bfc062723c751e8b465ee728b)  -> (artifact id: 'e83c88f5f688fc5b9051d32c79007b96') in 0.015404 seconds 
========================================================================
Received Import Request.
  Time since last request: 1.083955 seconds.
  path: Assets/PolygonSciFiCity/Prefabs/Characters/Character_Alien_Male_02.prefab
  artifactKey: Guid(b057ea2a8dfb7544fa2448a2e1357367) Importer(815301076,1909f56bfc062723c751e8b465ee728b)
Start importing Assets/PolygonSciFiCity/Prefabs/Characters/Character_Alien_Male_02.prefab using Guid(b057ea2a8dfb7544fa2448a2e1357367) Importer(815301076,1909f56bfc062723c751e8b465ee728b)  -> (artifact id: '2ba17aec8ca6485603a85053a80507bd') in 0.091940 seconds 
========================================================================
Received Import Request.
  Time since last request: 0.000036 seconds.
  path: Assets/PolygonSciFiCity/Prefabs/Characters/FixedScaleCharacters/Character_Augmented_Male_01.prefab
  artifactKey: Guid(a37e15f4f9ea2284097945cfeb8fe9c0) Importer(815301076,1909f56bfc062723c751e8b465ee728b)
Start importing Assets/PolygonSciFiCity/Prefabs/Characters/FixedScaleCharacters/Character_Augmented_Male_01.prefab using Guid(a37e15f4f9ea2284097945cfeb8fe9c0) Importer(815301076,1909f56bfc062723c751e8b465ee728b)  -> (artifact id: '805ce7ca075b8e3af6f7cb8622028b3e') in 0.078128 seconds 
========================================================================
Received Import Request.
  Time since last request: 0.000020 seconds.
  path: Assets/PolygonSciFiCity/Prefabs/FX/Fire_02_FX.prefab
  artifactKey: Guid(f65b497ff807d95439b38e7da2fab667) Importer(815301076,1909f56bfc062723c751e8b465ee728b)
Start importing Assets/PolygonSciFiCity/Prefabs/FX/Fire_02_FX.prefab using Guid(f65b497ff807d95439b38e7da2fab667) Importer(815301076,1909f56bfc062723c751e8b465ee728b)  -> (artifact id: 'bfc23321c1564faf39e3b0f215a3d467') in 0.021625 seconds 
========================================================================
Received Import Request.
  Time since last request: 0.000039 seconds.
  path: Assets/PolygonSciFiCity/Prefabs/Buildings/SM_Bld_Background_Med_06.prefab
  artifactKey: Guid(c55cddf0517aed545bedf9b927124c15) Importer(815301076,1909f56bfc062723c751e8b465ee728b)
Start importing Assets/PolygonSciFiCity/Prefabs/Buildings/SM_Bld_Background_Med_06.prefab using Guid(c55cddf0517aed545bedf9b927124c15) Importer(815301076,1909f56bfc062723c751e8b465ee728b)  -> (artifact id: '03f29a5bb124652a731409fb70f35584') in 0.017891 seconds 
========================================================================
Received Import Request.
  Time since last request: 0.000033 seconds.
  path: Assets/PolygonSciFiCity/Prefabs/Characters/FixedScaleCharacters/Character_Android_Female_01.prefab
  artifactKey: Guid(35b2f23f35e445a4ab2e58c5310d87bd) Importer(815301076,1909f56bfc062723c751e8b465ee728b)
Start importing Assets/PolygonSciFiCity/Prefabs/Characters/FixedScaleCharacters/Character_Android_Female_01.prefab using Guid(35b2f23f35e445a4ab2e58c5310d87bd) Importer(815301076,1909f56bfc062723c751e8b465ee728b)  -> (artifact id: '73c5693125584e660264a24a55d3382e') in 0.061218 seconds 
========================================================================
Received Import Request.
  Time since last request: 0.000023 seconds.
  path: Assets/PolygonSciFiCity/Prefabs/Buildings/SM_Bld_Background_Med_03.prefab
  artifactKey: Guid(c2fad3760a0f8674482ad6a980264ee4) Importer(815301076,1909f56bfc062723c751e8b465ee728b)
Start importing Assets/PolygonSciFiCity/Prefabs/Buildings/SM_Bld_Background_Med_03.prefab using Guid(c2fad3760a0f8674482ad6a980264ee4) Importer(815301076,1909f56bfc062723c751e8b465ee728b)  -> (artifact id: '5895f14f7beda477c41303ab724986fb') in 0.013789 seconds 
========================================================================
Received Import Request.
  Time since last request: 0.000030 seconds.
  path: Assets/PolygonSciFiCity/Prefabs/Characters/Character_CyborgNinja_01.prefab
  artifactKey: Guid(1b20caf01959ecb409333fb9aa0b81da) Importer(815301076,1909f56bfc062723c751e8b465ee728b)
Start importing Assets/PolygonSciFiCity/Prefabs/Characters/Character_CyborgNinja_01.prefab using Guid(1b20caf01959ecb409333fb9aa0b81da) Importer(815301076,1909f56bfc062723c751e8b465ee728b)  -> (artifact id: '3f1fc81693d59d8f145c9beeb884278e') in 0.066814 seconds 
========================================================================
Received Import Request.
  Time since last request: 0.000021 seconds.
  path: Assets/PolygonSciFiCity/Prefabs/Characters/Character_Medical_Male_01.prefab
  artifactKey: Guid(76abcab92ff045d4083fdb3f1c4bbd9f) Importer(815301076,1909f56bfc062723c751e8b465ee728b)
Start importing Assets/PolygonSciFiCity/Prefabs/Characters/Character_Medical_Male_01.prefab using Guid(76abcab92ff045d4083fdb3f1c4bbd9f) Importer(815301076,1909f56bfc062723c751e8b465ee728b)  -> (artifact id: 'cc0c8abdfc849a3cf9bad1c49bb77368') in 0.064330 seconds 
========================================================================
Received Import Request.
  Time since last request: 0.000028 seconds.
  path: Assets/PolygonSciFiCity/Prefabs/Characters/FixedScaleCharacters/Character_Garbage_Male_01.prefab
  artifactKey: Guid(9d49ce5feb2bfd245a9e7f8e7a33026f) Importer(815301076,1909f56bfc062723c751e8b465ee728b)
Start importing Assets/PolygonSciFiCity/Prefabs/Characters/FixedScaleCharacters/Character_Garbage_Male_01.prefab using Guid(9d49ce5feb2bfd245a9e7f8e7a33026f) Importer(815301076,1909f56bfc062723c751e8b465ee728b)  -> (artifact id: '922d521a8a2fb496cda82bcb89ef5062') in 0.060986 seconds 
========================================================================
Received Import Request.
  Time since last request: 0.000035 seconds.
  path: Assets/PolygonSciFiCity/Prefabs/Characters/FixedScaleCharacters/Character_Cop_01.prefab
  artifactKey: Guid(80a5aa5d3c514d842841d031ae24d8e1) Importer(815301076,1909f56bfc062723c751e8b465ee728b)
Start importing Assets/PolygonSciFiCity/Prefabs/Characters/FixedScaleCharacters/Character_Cop_01.prefab using Guid(80a5aa5d3c514d842841d031ae24d8e1) Importer(815301076,1909f56bfc062723c751e8b465ee728b)  -> (artifact id: '4711134bb523543b992b2b7f75f5f8eb') in 0.062784 seconds 
========================================================================
Received Import Request.
  Time since last request: 0.000021 seconds.
  path: Assets/PolygonSciFiCity/Prefabs/FX/FX_Flame_Booster.prefab
  artifactKey: Guid(c3ef8cb5c23f37b439f55fc218032488) Importer(815301076,1909f56bfc062723c751e8b465ee728b)
Start importing Assets/PolygonSciFiCity/Prefabs/FX/FX_Flame_Booster.prefab using Guid(c3ef8cb5c23f37b439f55fc218032488) Importer(815301076,1909f56bfc062723c751e8b465ee728b)  -> (artifact id: '3d4c4029e6fb6b9e5b76d4c66056bbc7') in 0.015770 seconds 
========================================================================
Received Import Request.
  Time since last request: 0.000030 seconds.
  path: Assets/PolygonSciFiCity/Prefabs/FX/Exhaust_Trail.prefab
  artifactKey: Guid(d7786caaf9ad4b44988ff1c5ac5c10c0) Importer(815301076,1909f56bfc062723c751e8b465ee728b)
Start importing Assets/PolygonSciFiCity/Prefabs/FX/Exhaust_Trail.prefab using Guid(d7786caaf9ad4b44988ff1c5ac5c10c0) Importer(815301076,1909f56bfc062723c751e8b465ee728b)  -> (artifact id: '2a59cfc463d80f7c6d74207b0cbb6394') in 0.015634 seconds 
========================================================================
Received Import Request.
  Time since last request: 0.000023 seconds.
  path: Assets/PolygonSciFiCity/Prefabs/FX/FX_Beacon.prefab
  artifactKey: Guid(b22a8556d083fa44c990ed50e9c42227) Importer(815301076,1909f56bfc062723c751e8b465ee728b)
Start importing Assets/PolygonSciFiCity/Prefabs/FX/FX_Beacon.prefab using Guid(b22a8556d083fa44c990ed50e9c42227) Importer(815301076,1909f56bfc062723c751e8b465ee728b)  -> (artifact id: '7c5c03fd57d74251676f2de7ac59a1fe') in 0.013651 seconds 
========================================================================
Received Import Request.
  Time since last request: 0.000032 seconds.
  path: Assets/PolygonSciFiCity/Prefabs/Characters/Character_Garbage_Male_01.prefab
  artifactKey: Guid(84a843da64c076b4487b30025c0237eb) Importer(815301076,1909f56bfc062723c751e8b465ee728b)
Start importing Assets/PolygonSciFiCity/Prefabs/Characters/Character_Garbage_Male_01.prefab using Guid(84a843da64c076b4487b30025c0237eb) Importer(815301076,1909f56bfc062723c751e8b465ee728b)  -> (artifact id: '7ceb692c38fe207ed0450c1107700947') in 0.060172 seconds 
========================================================================
Received Import Request.
  Time since last request: 8.914457 seconds.
  path: Assets/PolygonSciFiCity/Prefabs/Vehicles/SM_Veh_Armored_Truck_02.prefab
  artifactKey: Guid(2c8381f8275e52f4fa749cd18f2833df) Importer(815301076,1909f56bfc062723c751e8b465ee728b)
Start importing Assets/PolygonSciFiCity/Prefabs/Vehicles/SM_Veh_Armored_Truck_02.prefab using Guid(2c8381f8275e52f4fa749cd18f2833df) Importer(815301076,1909f56bfc062723c751e8b465ee728b)  -> (artifact id: 'e80aaff366204e1548d97aef7df9b073') in 0.054808 seconds 
========================================================================
Received Import Request.
  Time since last request: 0.000021 seconds.
  path: Assets/PolygonSciFiCity/Prefabs/Vehicles/SM_Veh_Classic_01.prefab
  artifactKey: Guid(c0093395f1e71bc4c934799299a7a48b) Importer(815301076,1909f56bfc062723c751e8b465ee728b)
Start importing Assets/PolygonSciFiCity/Prefabs/Vehicles/SM_Veh_Classic_01.prefab using Guid(c0093395f1e71bc4c934799299a7a48b) Importer(815301076,1909f56bfc062723c751e8b465ee728b)  -> (artifact id: 'a1ec66d7885947df35da60c245089190') in 0.053911 seconds 
========================================================================
Received Import Request.
  Time since last request: 0.000031 seconds.
  path: Assets/PolygonSciFiCity/Prefabs/Vehicles/SM_Veh_Armored_Truck_Lights_01.prefab
  artifactKey: Guid(88a85771bb079b044ab11befb161e1a3) Importer(815301076,1909f56bfc062723c751e8b465ee728b)
Start importing Assets/PolygonSciFiCity/Prefabs/Vehicles/SM_Veh_Armored_Truck_Lights_01.prefab using Guid(88a85771bb079b044ab11befb161e1a3) Importer(815301076,1909f56bfc062723c751e8b465ee728b)  -> (artifact id: '393de829ddea02f47c7339891067a32e') in 0.053721 seconds 
========================================================================
Received Import Request.
  Time since last request: 0.000034 seconds.
  path: Assets/PolygonSciFiCity/Prefabs/Vehicles/SM_Veh_Hover_Bike_01.prefab
  artifactKey: Guid(542b24be0fbb7404398c770175ca589d) Importer(815301076,1909f56bfc062723c751e8b465ee728b)
Start importing Assets/PolygonSciFiCity/Prefabs/Vehicles/SM_Veh_Hover_Bike_01.prefab using Guid(542b24be0fbb7404398c770175ca589d) Importer(815301076,1909f56bfc062723c751e8b465ee728b)  -> (artifact id: '1c7b276a2465013f5d1e170eb55dea63') in 0.047247 seconds 
========================================================================
Received Prepare
Registering precompiled user dll's ...
Registered in 0.005417 seconds.
Begin MonoManager ReloadAssembly
Native extension for WindowsStandalone target not found
Native extension for WebGL target not found
Refreshing native plugins compatible for Editor in 0.90 ms, found 3 plugins.
Preloading 0 native plugins for Editor in 0.00 ms.
Mono: successfully reloaded assembly
- Completed reload, in  0.985 seconds
Domain Reload Profiling:
	ReloadAssembly (985ms)
		BeginReloadAssembly (151ms)
			ExecutionOrderSort (0ms)
			DisableScriptedObjects (4ms)
			BackupInstance (0ms)
			ReleaseScriptingObjects (0ms)
			CreateAndSetChildDomain (44ms)
		EndReloadAssembly (746ms)
			LoadAssemblies (93ms)
			RebuildTransferFunctionScriptingTraits (0ms)
			SetupTypeCache (234ms)
			ReleaseScriptCaches (1ms)
			RebuildScriptCaches (40ms)
			SetupLoadedEditorAssemblies (351ms)
				LogAssemblyErrors (0ms)
				InitializePlatformSupportModulesInManaged (8ms)
				SetLoadedEditorAssemblies (1ms)
				RefreshPlugins (1ms)
				BeforeProcessingInitializeOnLoad (67ms)
				ProcessInitializeOnLoadAttributes (243ms)
				ProcessInitializeOnLoadMethodAttributes (22ms)
				AfterProcessingInitializeOnLoad (9ms)
				EditorAssembliesLoaded (0ms)
			ExecutionOrderSort2 (0ms)
			AwakeInstancesAfterBackupRestoration (8ms)
Platform modules already initialized, skipping
Refreshing native plugins compatible for Editor in 1.99 ms, found 3 plugins.
Preloading 0 native plugins for Editor in 0.00 ms.
Unloading 3201 Unused Serialized files (Serialized files now loaded: 0)
Unloading 16 unused Assets / (95.3 KB). Loaded Objects now: 3768.
Memory consumption went from 147.0 MB to 146.9 MB.
Total: 3.722900 ms (FindLiveObjects: 0.388100 ms CreateObjectMapping: 0.105400 ms MarkObjects: 3.159100 ms  DeleteObjects: 0.067000 ms)

AssetImportParameters requested are different than current active one (requested -> active):
  custom:video-decoder-ogg-theora: a1e56fd34408186e4bbccfd4996cb3dc -> 
  custom:container-muxer-webm: aa71ff27fc2769a1b78a27578f13a17b -> 
  custom:container-demuxer-webm: 4f35f7cbe854078d1ac9338744f61a02 -> 
  custom:video-encoder-webm-vp8: eb34c28f22e8b96e1ab97ce403110664 -> 
  custom:audio-encoder-webm-vorbis: bf7c407c2cedff20999df2af8eb42d56 -> 
  custom:framework-win-MediaFoundation: 216162199b28c13a410421893ffa2e32 -> 
  custom:container-demuxer-ogg: 62fdf1f143b41e24485cea50d1cbac27 -> 
  custom:video-decoder-webm-vp8: 9c59270c3fd7afecdb556c50c9e8de78 -> 
  custom:audio-decoder-ogg-vorbis: bf7c407c2cedff20999df2af8eb42d56 -> 
Editor requested this worker to shutdown with reason: Scaling down because of idle timeout
AssetImportWorker is now disconnected from the server
Process exiting
Exiting without the bug reporter. Application will terminate with return code 0