Using pre-set license
Built from '2021.3/staging' branch; Version is '2021.3.23f1 (213b516bf396) revision 2177873'; Using compiler version '192829333'; Build Type 'Release'
OS: 'Windows 10  (10.0.19045) 64bit Education' Language: 'en' Physical Memory: 16072 MB
BatchMode: 1, IsHumanControllingUs: 0, StartBugReporterOnCrash: 0, Is64bit: 1, IsPro: 1

COMMAND LINE ARGUMENTS:
C:\Program Files\Unity\Hub\Editor\2021.3.23f1\Editor\Unity.exe
-adb2
-batchMode
-noUpm
-name
AssetImportWorker4
-projectPath
D:/Year13AGRacer/UnityProject
-logFile
Logs/AssetImportWorker4.log
-srvPort
63761
Successfully changed project path to: D:/Year13AGRacer/UnityProject
D:/Year13AGRacer/UnityProject
[UnityMemory] Configuration Parameters - Can be set up in boot.config
    "memorysetup-bucket-allocator-granularity=16"
    "memorysetup-bucket-allocator-bucket-count=8"
    "memorysetup-bucket-allocator-block-size=33554432"
    "memorysetup-bucket-allocator-block-count=8"
    "memorysetup-main-allocator-block-size=16777216"
    "memorysetup-thread-allocator-block-size=16777216"
    "memorysetup-gfx-main-allocator-block-size=16777216"
    "memorysetup-gfx-thread-allocator-block-size=16777216"
    "memorysetup-cache-allocator-block-size=4194304"
    "memorysetup-typetree-allocator-block-size=2097152"
    "memorysetup-profiler-bucket-allocator-granularity=16"
    "memorysetup-profiler-bucket-allocator-bucket-count=8"
    "memorysetup-profiler-bucket-allocator-block-size=33554432"
    "memorysetup-profiler-bucket-allocator-block-count=8"
    "memorysetup-profiler-allocator-block-size=16777216"
    "memorysetup-profiler-editor-allocator-block-size=1048576"
    "memorysetup-temp-allocator-size-main=16777216"
    "memorysetup-job-temp-allocator-block-size=2097152"
    "memorysetup-job-temp-allocator-block-size-background=1048576"
    "memorysetup-job-temp-allocator-reduction-small-platforms=262144"
    "memorysetup-temp-allocator-size-background-worker=32768"
    "memorysetup-temp-allocator-size-job-worker=262144"
    "memorysetup-temp-allocator-size-preload-manager=33554432"
    "memorysetup-temp-allocator-size-nav-mesh-worker=65536"
    "memorysetup-temp-allocator-size-audio-worker=65536"
    "memorysetup-temp-allocator-size-cloud-worker=32768"
    "memorysetup-temp-allocator-size-gi-baking-worker=262144"
    "memorysetup-temp-allocator-size-gfx=262144"
Player connection [8052] Host "[IP] 192.168.101.137 [Port] 0 [Flags] 2 [Guid] 907380019 [EditorId] 907380019 [Version] 1048832 [Id] WindowsEditor(7,KHWS710) [Debug] 1 [PackageName] WindowsEditor [ProjectName] Editor" joined multi-casting on [225.0.0.222:54997]...

Player connection [8052] Host "[IP] 192.168.101.137 [Port] 0 [Flags] 2 [Guid] 907380019 [EditorId] 907380019 [Version] 1048832 [Id] WindowsEditor(7,KHWS710) [Debug] 1 [PackageName] WindowsEditor [ProjectName] Editor" joined alternative multi-casting on [225.0.0.222:34997]...

Refreshing native plugins compatible for Editor in 165.87 ms, found 3 plugins.
Preloading 0 native plugins for Editor in 0.00 ms.
Initialize engine version: 2021.3.23f1 (213b516bf396)
[Subsystems] Discovering subsystems at path C:/Program Files/Unity/Hub/Editor/2021.3.23f1/Editor/Data/Resources/UnitySubsystems
[Subsystems] Discovering subsystems at path D:/Year13AGRacer/UnityProject/Assets
GfxDevice: creating device client; threaded=0; jobified=0
Direct3D:
    Version:  Direct3D 11.0 [level 11.1]
    Renderer: NVIDIA GeForce RTX 3070 (ID=0x2488)
    Vendor:   NVIDIA
    VRAM:     8031 MB
    Driver:   31.0.15.2698
Initialize mono
Mono path[0] = 'C:/Program Files/Unity/Hub/Editor/2021.3.23f1/Editor/Data/Managed'
Mono path[1] = 'C:/Program Files/Unity/Hub/Editor/2021.3.23f1/Editor/Data/MonoBleedingEdge/lib/mono/unityjit-win32'
Mono config path = 'C:/Program Files/Unity/Hub/Editor/2021.3.23f1/Editor/Data/MonoBleedingEdge/etc'
Using monoOptions --debugger-agent=transport=dt_socket,embedding=1,server=y,suspend=n,address=127.0.0.1:56776
Begin MonoManager ReloadAssembly
Registering precompiled unity dll's ...
Register platform support module: C:/Program Files/Unity/Hub/Editor/2021.3.23f1/Editor/Data/PlaybackEngines/WebGLSupport/UnityEditor.WebGL.Extensions.dll
Register platform support module: C:/Program Files/Unity/Hub/Editor/2021.3.23f1/Editor/Data/PlaybackEngines/WindowsStandaloneSupport/UnityEditor.WindowsStandalone.Extensions.dll
Registered in 0.116436 seconds.
Native extension for WindowsStandalone target not found
Native extension for WebGL target not found
Refreshing native plugins compatible for Editor in 88.14 ms, found 3 plugins.
Preloading 0 native plugins for Editor in 0.00 ms.
Mono: successfully reloaded assembly
- Completed reload, in  3.464 seconds
Domain Reload Profiling:
	ReloadAssembly (3465ms)
		BeginReloadAssembly (2340ms)
			ExecutionOrderSort (0ms)
			DisableScriptedObjects (0ms)
			BackupInstance (0ms)
			ReleaseScriptingObjects (0ms)
			CreateAndSetChildDomain (1ms)
		EndReloadAssembly (769ms)
			LoadAssemblies (2342ms)
			RebuildTransferFunctionScriptingTraits (0ms)
			SetupTypeCache (400ms)
			ReleaseScriptCaches (0ms)
			RebuildScriptCaches (27ms)
			SetupLoadedEditorAssemblies (287ms)
				LogAssemblyErrors (0ms)
				InitializePlatformSupportModulesInManaged (9ms)
				SetLoadedEditorAssemblies (0ms)
				RefreshPlugins (88ms)
				BeforeProcessingInitializeOnLoad (1ms)
				ProcessInitializeOnLoadAttributes (139ms)
				ProcessInitializeOnLoadMethodAttributes (49ms)
				AfterProcessingInitializeOnLoad (0ms)
				EditorAssembliesLoaded (0ms)
			ExecutionOrderSort2 (0ms)
			AwakeInstancesAfterBackupRestoration (0ms)
Platform modules already initialized, skipping
Registering precompiled user dll's ...
Registered in 0.785535 seconds.
Begin MonoManager ReloadAssembly
Symbol file LoadedFromMemory doesn't match image D:\Year13AGRacer\UnityProject\Library\PackageCache\com.unity.visualscripting@1.8.0\Editor\VisualScripting.Core\Dependencies\YamlDotNet\Unity.VisualScripting.YamlDotNet.dll
Symbol file LoadedFromMemory doesn't match image D:\Year13AGRacer\UnityProject\Library\PackageCache\com.unity.visualscripting@1.8.0\Editor\VisualScripting.Core\Dependencies\DotNetZip\Unity.VisualScripting.IonicZip.dll
Native extension for WindowsStandalone target not found
Native extension for WebGL target not found
Refreshing native plugins compatible for Editor in 0.89 ms, found 3 plugins.
Preloading 0 native plugins for Editor in 0.00 ms.
Mono: successfully reloaded assembly
- Completed reload, in  3.182 seconds
Domain Reload Profiling:
	ReloadAssembly (3182ms)
		BeginReloadAssembly (113ms)
			ExecutionOrderSort (0ms)
			DisableScriptedObjects (6ms)
			BackupInstance (0ms)
			ReleaseScriptingObjects (0ms)
			CreateAndSetChildDomain (22ms)
		EndReloadAssembly (2951ms)
			LoadAssemblies (1843ms)
			RebuildTransferFunctionScriptingTraits (0ms)
			SetupTypeCache (601ms)
			ReleaseScriptCaches (1ms)
			RebuildScriptCaches (72ms)
			SetupLoadedEditorAssemblies (387ms)
				LogAssemblyErrors (0ms)
				InitializePlatformSupportModulesInManaged (7ms)
				SetLoadedEditorAssemblies (1ms)
				RefreshPlugins (1ms)
				BeforeProcessingInitializeOnLoad (87ms)
				ProcessInitializeOnLoadAttributes (262ms)
				ProcessInitializeOnLoadMethodAttributes (23ms)
				AfterProcessingInitializeOnLoad (6ms)
				EditorAssembliesLoaded (0ms)
			ExecutionOrderSort2 (0ms)
			AwakeInstancesAfterBackupRestoration (6ms)
Platform modules already initialized, skipping
========================================================================
Worker process is ready to serve import requests
Launched and connected shader compiler UnityShaderCompiler.exe after 0.04 seconds
Refreshing native plugins compatible for Editor in 1.01 ms, found 3 plugins.
Preloading 0 native plugins for Editor in 0.00 ms.
Unloading 3210 Unused Serialized files (Serialized files now loaded: 0)
Unloading 37 unused Assets / (184.9 KB). Loaded Objects now: 3687.
Memory consumption went from 129.7 MB to 129.5 MB.
Total: 3.492300 ms (FindLiveObjects: 0.480900 ms CreateObjectMapping: 0.091600 ms MarkObjects: 2.771400 ms  DeleteObjects: 0.147100 ms)

AssetImportParameters requested are different than current active one (requested -> active):
  custom:video-decoder-ogg-theora: a1e56fd34408186e4bbccfd4996cb3dc -> 
  custom:container-muxer-webm: aa71ff27fc2769a1b78a27578f13a17b -> 
  custom:container-demuxer-webm: 4f35f7cbe854078d1ac9338744f61a02 -> 
  custom:video-encoder-webm-vp8: eb34c28f22e8b96e1ab97ce403110664 -> 
  custom:audio-encoder-webm-vorbis: bf7c407c2cedff20999df2af8eb42d56 -> 
  custom:framework-win-MediaFoundation: 216162199b28c13a410421893ffa2e32 -> 
  custom:container-demuxer-ogg: 62fdf1f143b41e24485cea50d1cbac27 -> 
  custom:video-decoder-webm-vp8: 9c59270c3fd7afecdb556c50c9e8de78 -> 
  custom:audio-decoder-ogg-vorbis: bf7c407c2cedff20999df2af8eb42d56 -> 
========================================================================
Received Import Request.
  Time since last request: 1884.444627 seconds.
  path: Assets/PolygonSciFiCity/Prefabs/Props/SM_Prop_Crate_02.prefab
  artifactKey: Guid(71cd22b8bb52e62449fd0023abb58750) Importer(815301076,1909f56bfc062723c751e8b465ee728b)
Start importing Assets/PolygonSciFiCity/Prefabs/Props/SM_Prop_Crate_02.prefab using Guid(71cd22b8bb52e62449fd0023abb58750) Importer(815301076,1909f56bfc062723c751e8b465ee728b)  -> (artifact id: '438640db856dc933a58101dd5d01c8f1') in 0.227127 seconds 
========================================================================
Received Import Request.
  Time since last request: 0.000030 seconds.
  path: Assets/PolygonSciFiCity/Prefabs/Props/SM_Prop_Barrier_line_01.prefab
  artifactKey: Guid(800458afd8edd8347948cf025aeebfa6) Importer(815301076,1909f56bfc062723c751e8b465ee728b)
Start importing Assets/PolygonSciFiCity/Prefabs/Props/SM_Prop_Barrier_line_01.prefab using Guid(800458afd8edd8347948cf025aeebfa6) Importer(815301076,1909f56bfc062723c751e8b465ee728b)  -> (artifact id: '4f6eac10f99643385aa2d5bfcdbaa323') in 0.065268 seconds 
========================================================================
Received Import Request.
  Time since last request: 0.000051 seconds.
  path: Assets/PolygonSciFiCity/Prefabs/Props/SM_Prop_DeadZub_04.prefab
  artifactKey: Guid(ee6ed23ee9722a047901ce6ae24e844f) Importer(815301076,1909f56bfc062723c751e8b465ee728b)
Start importing Assets/PolygonSciFiCity/Prefabs/Props/SM_Prop_DeadZub_04.prefab using Guid(ee6ed23ee9722a047901ce6ae24e844f) Importer(815301076,1909f56bfc062723c751e8b465ee728b)  -> (artifact id: '93dee29f3b5f4a47310e9707d980c6f3') in 0.063518 seconds 
========================================================================
Received Import Request.
  Time since last request: 0.000030 seconds.
  path: Assets/PolygonSciFiCity/Prefabs/Props/SM_Prop_Bottle_03.prefab
  artifactKey: Guid(36671c50e5b866247937253a255b19aa) Importer(815301076,1909f56bfc062723c751e8b465ee728b)
Start importing Assets/PolygonSciFiCity/Prefabs/Props/SM_Prop_Bottle_03.prefab using Guid(36671c50e5b866247937253a255b19aa) Importer(815301076,1909f56bfc062723c751e8b465ee728b)  -> (artifact id: '780dc64781f3b19b75b509dfaf5ca48c') in 0.058884 seconds 
========================================================================
Received Import Request.
  Time since last request: 0.000070 seconds.
  path: Assets/PolygonSciFiCity/Prefabs/Signs/SM_Sign_Neon_Flat_07.prefab
  artifactKey: Guid(01c33cb3ccec59046a12f2743e4d4360) Importer(815301076,1909f56bfc062723c751e8b465ee728b)
Start importing Assets/PolygonSciFiCity/Prefabs/Signs/SM_Sign_Neon_Flat_07.prefab using Guid(01c33cb3ccec59046a12f2743e4d4360) Importer(815301076,1909f56bfc062723c751e8b465ee728b)  -> (artifact id: '3a058e8acfa6b2b6417fddfacbab1d63') in 0.020948 seconds 
========================================================================
Received Import Request.
  Time since last request: 0.000034 seconds.
  path: Assets/PolygonSciFiCity/Prefabs/Props/SM_Prop_Cables_01.prefab
  artifactKey: Guid(e5ea23645ddbb58408bd3bb44e10f168) Importer(815301076,1909f56bfc062723c751e8b465ee728b)
Start importing Assets/PolygonSciFiCity/Prefabs/Props/SM_Prop_Cables_01.prefab using Guid(e5ea23645ddbb58408bd3bb44e10f168) Importer(815301076,1909f56bfc062723c751e8b465ee728b)  -> (artifact id: 'f8e8fb2ac07914278a2365b1ceb03374') in 0.059535 seconds 
========================================================================
Received Import Request.
  Time since last request: 0.000046 seconds.
  path: Assets/PolygonSciFiCity/Prefabs/Props/SM_Prop_Books_01.prefab
  artifactKey: Guid(14b1fd83cdee2be4d821633cca21d71c) Importer(815301076,1909f56bfc062723c751e8b465ee728b)
Start importing Assets/PolygonSciFiCity/Prefabs/Props/SM_Prop_Books_01.prefab using Guid(14b1fd83cdee2be4d821633cca21d71c) Importer(815301076,1909f56bfc062723c751e8b465ee728b)  -> (artifact id: '13c31e20d98b2d5dd976b3d1eec4fccc') in 0.065106 seconds 
========================================================================
Received Import Request.
  Time since last request: 0.000044 seconds.
  path: Assets/PolygonSciFiCity/Prefabs/Props/SM_Prop_ControlPanel_02.prefab
  artifactKey: Guid(e86729681aa7cfe4388db6b879a62770) Importer(815301076,1909f56bfc062723c751e8b465ee728b)
Start importing Assets/PolygonSciFiCity/Prefabs/Props/SM_Prop_ControlPanel_02.prefab using Guid(e86729681aa7cfe4388db6b879a62770) Importer(815301076,1909f56bfc062723c751e8b465ee728b)  -> (artifact id: 'f9770ed964e8d1e7395f6c805a1c7c2f') in 0.061161 seconds 
========================================================================
Received Import Request.
  Time since last request: 0.000034 seconds.
  path: Assets/PolygonSciFiCity/Prefabs/Props/SM_Prop_Couch_01.prefab
  artifactKey: Guid(d6e9eedc2c7baeb46ab65cba90d8505b) Importer(815301076,1909f56bfc062723c751e8b465ee728b)
Start importing Assets/PolygonSciFiCity/Prefabs/Props/SM_Prop_Couch_01.prefab using Guid(d6e9eedc2c7baeb46ab65cba90d8505b) Importer(815301076,1909f56bfc062723c751e8b465ee728b)  -> (artifact id: '04290cb3554f1f5c9a8448830c5f09dc') in 0.070196 seconds 
========================================================================
Received Import Request.
  Time since last request: 0.000028 seconds.
  path: Assets/PolygonSciFiCity/Prefabs/Props/SM_Prop_Barrier_Plastic_03.prefab
  artifactKey: Guid(2760986f200606b41bf8cb5d5011ac43) Importer(815301076,1909f56bfc062723c751e8b465ee728b)
Start importing Assets/PolygonSciFiCity/Prefabs/Props/SM_Prop_Barrier_Plastic_03.prefab using Guid(2760986f200606b41bf8cb5d5011ac43) Importer(815301076,1909f56bfc062723c751e8b465ee728b)  -> (artifact id: 'cad3a3129596bb844b9e3d18a591d508') in 0.059091 seconds 
========================================================================
Received Import Request.
  Time since last request: 0.000029 seconds.
  path: Assets/PolygonSciFiCity/Prefabs/Props/SM_Prop_BenchSeat_01.prefab
  artifactKey: Guid(609f07731dd2d944b8eed37e471d9c26) Importer(815301076,1909f56bfc062723c751e8b465ee728b)
Start importing Assets/PolygonSciFiCity/Prefabs/Props/SM_Prop_BenchSeat_01.prefab using Guid(609f07731dd2d944b8eed37e471d9c26) Importer(815301076,1909f56bfc062723c751e8b465ee728b)  -> (artifact id: 'f2512ee6e6dc265e42c46238003d6108') in 0.060677 seconds 
========================================================================
Received Import Request.
  Time since last request: 0.000042 seconds.
  path: Assets/PolygonSciFiCity/Prefabs/Props/SM_Prop_ChargingStation_01.prefab
  artifactKey: Guid(7e05c8c7fe0f4fd46ae180dadca97f75) Importer(815301076,1909f56bfc062723c751e8b465ee728b)
Start importing Assets/PolygonSciFiCity/Prefabs/Props/SM_Prop_ChargingStation_01.prefab using Guid(7e05c8c7fe0f4fd46ae180dadca97f75) Importer(815301076,1909f56bfc062723c751e8b465ee728b)  -> (artifact id: 'ee6eb1cbdc4aaa4f48229d39ada4b549') in 0.061425 seconds 
========================================================================
Received Import Request.
  Time since last request: 0.000039 seconds.
  path: Assets/PolygonSciFiCity/Prefabs/Props/SM_Prop_Bottles_01.prefab
  artifactKey: Guid(8c5efe8072b66414495d7036b80dac59) Importer(815301076,1909f56bfc062723c751e8b465ee728b)
Start importing Assets/PolygonSciFiCity/Prefabs/Props/SM_Prop_Bottles_01.prefab using Guid(8c5efe8072b66414495d7036b80dac59) Importer(815301076,1909f56bfc062723c751e8b465ee728b)  -> (artifact id: 'b7d91f654a73ef62e22450091e38c345') in 0.055668 seconds 
========================================================================
Received Import Request.
  Time since last request: 0.000025 seconds.
  path: Assets/PolygonSciFiCity/Prefabs/Signs/SM_Sign_Neon_Flat_01.prefab
  artifactKey: Guid(ffdd0012cef5e0a418db0aae09bae3f9) Importer(815301076,1909f56bfc062723c751e8b465ee728b)
Start importing Assets/PolygonSciFiCity/Prefabs/Signs/SM_Sign_Neon_Flat_01.prefab using Guid(ffdd0012cef5e0a418db0aae09bae3f9) Importer(815301076,1909f56bfc062723c751e8b465ee728b)  -> (artifact id: 'c5e82b2d888e30e5f2bf9f525eb79b74') in 0.020654 seconds 
========================================================================
Received Import Request.
  Time since last request: 0.000026 seconds.
  path: Assets/PolygonSciFiCity/Prefabs/Props/SM_Prop_Antenna.prefab
  artifactKey: Guid(313738dbd200760498b76b1c93a2b3f5) Importer(815301076,1909f56bfc062723c751e8b465ee728b)
Start importing Assets/PolygonSciFiCity/Prefabs/Props/SM_Prop_Antenna.prefab using Guid(313738dbd200760498b76b1c93a2b3f5) Importer(815301076,1909f56bfc062723c751e8b465ee728b)  -> (artifact id: '85927512cbb48d7410f31a8ab7ac5176') in 0.059227 seconds 
========================================================================
Received Import Request.
  Time since last request: 0.000028 seconds.
  path: Assets/PolygonSciFiCity/Prefabs/Signs/SM_Sign_Neon_Flat_04.prefab
  artifactKey: Guid(e7e8abcd3a94364479799e0f4f65f2ff) Importer(815301076,1909f56bfc062723c751e8b465ee728b)
Start importing Assets/PolygonSciFiCity/Prefabs/Signs/SM_Sign_Neon_Flat_04.prefab using Guid(e7e8abcd3a94364479799e0f4f65f2ff) Importer(815301076,1909f56bfc062723c751e8b465ee728b)  -> (artifact id: 'b0f63589d49c97288bde75f7282622fc') in 0.023997 seconds 
========================================================================
Received Import Request.
  Time since last request: 0.000043 seconds.
  path: Assets/PolygonSciFiCity/Prefabs/Props/SM_Prop_Cage_02.prefab
  artifactKey: Guid(e1c74edc720c4d74cbd5375f4ff3525f) Importer(815301076,1909f56bfc062723c751e8b465ee728b)
Start importing Assets/PolygonSciFiCity/Prefabs/Props/SM_Prop_Cage_02.prefab using Guid(e1c74edc720c4d74cbd5375f4ff3525f) Importer(815301076,1909f56bfc062723c751e8b465ee728b)  -> (artifact id: '3ef75ca355057debfd17c085b9dfbba9') in 0.057371 seconds 
Editor requested this worker to shutdown with reason: Scaling down because of idle timeout
AssetImportWorker is now disconnected from the server
Process exiting
Exiting without the bug reporter. Application will terminate with return code 0