Using pre-set license
Built from '2021.3/staging' branch; Version is '2021.3.23f1 (213b516bf396) revision 2177873'; Using compiler version '192829333'; Build Type 'Release'
OS: 'Windows 10  (10.0.19045) 64bit Education' Language: 'en' Physical Memory: 16072 MB
BatchMode: 1, IsHumanControllingUs: 0, StartBugReporterOnCrash: 0, Is64bit: 1, IsPro: 1

COMMAND LINE ARGUMENTS:
C:\Program Files\Unity\Hub\Editor\2021.3.23f1\Editor\Unity.exe
-adb2
-batchMode
-noUpm
-name
AssetImportWorker7
-projectPath
D:/Year13AGRacer/UnityProject
-logFile
Logs/AssetImportWorker7.log
-srvPort
62412
Successfully changed project path to: D:/Year13AGRacer/UnityProject
D:/Year13AGRacer/UnityProject
[UnityMemory] Configuration Parameters - Can be set up in boot.config
    "memorysetup-bucket-allocator-granularity=16"
    "memorysetup-bucket-allocator-bucket-count=8"
    "memorysetup-bucket-allocator-block-size=33554432"
    "memorysetup-bucket-allocator-block-count=8"
    "memorysetup-main-allocator-block-size=16777216"
    "memorysetup-thread-allocator-block-size=16777216"
    "memorysetup-gfx-main-allocator-block-size=16777216"
    "memorysetup-gfx-thread-allocator-block-size=16777216"
    "memorysetup-cache-allocator-block-size=4194304"
    "memorysetup-typetree-allocator-block-size=2097152"
    "memorysetup-profiler-bucket-allocator-granularity=16"
    "memorysetup-profiler-bucket-allocator-bucket-count=8"
    "memorysetup-profiler-bucket-allocator-block-size=33554432"
    "memorysetup-profiler-bucket-allocator-block-count=8"
    "memorysetup-profiler-allocator-block-size=16777216"
    "memorysetup-profiler-editor-allocator-block-size=1048576"
    "memorysetup-temp-allocator-size-main=16777216"
    "memorysetup-job-temp-allocator-block-size=2097152"
    "memorysetup-job-temp-allocator-block-size-background=1048576"
    "memorysetup-job-temp-allocator-reduction-small-platforms=262144"
    "memorysetup-temp-allocator-size-background-worker=32768"
    "memorysetup-temp-allocator-size-job-worker=262144"
    "memorysetup-temp-allocator-size-preload-manager=33554432"
    "memorysetup-temp-allocator-size-nav-mesh-worker=65536"
    "memorysetup-temp-allocator-size-audio-worker=65536"
    "memorysetup-temp-allocator-size-cloud-worker=32768"
    "memorysetup-temp-allocator-size-gi-baking-worker=262144"
    "memorysetup-temp-allocator-size-gfx=262144"
Player connection [16668] Host "[IP] 192.168.101.137 [Port] 0 [Flags] 2 [Guid] 3563613405 [EditorId] 3563613405 [Version] 1048832 [Id] WindowsEditor(7,KHWS710) [Debug] 1 [PackageName] WindowsEditor [ProjectName] Editor" joined multi-casting on [225.0.0.222:54997]...

Player connection [16668] Host "[IP] 192.168.101.137 [Port] 0 [Flags] 2 [Guid] 3563613405 [EditorId] 3563613405 [Version] 1048832 [Id] WindowsEditor(7,KHWS710) [Debug] 1 [PackageName] WindowsEditor [ProjectName] Editor" joined alternative multi-casting on [225.0.0.222:34997]...

Refreshing native plugins compatible for Editor in 86.57 ms, found 3 plugins.
Preloading 0 native plugins for Editor in 0.00 ms.
Initialize engine version: 2021.3.23f1 (213b516bf396)
[Subsystems] Discovering subsystems at path C:/Program Files/Unity/Hub/Editor/2021.3.23f1/Editor/Data/Resources/UnitySubsystems
[Subsystems] Discovering subsystems at path D:/Year13AGRacer/UnityProject/Assets
GfxDevice: creating device client; threaded=0; jobified=0
Direct3D:
    Version:  Direct3D 11.0 [level 11.1]
    Renderer: NVIDIA GeForce RTX 3070 (ID=0x2488)
    Vendor:   NVIDIA
    VRAM:     8031 MB
    Driver:   31.0.15.2698
Initialize mono
Mono path[0] = 'C:/Program Files/Unity/Hub/Editor/2021.3.23f1/Editor/Data/Managed'
Mono path[1] = 'C:/Program Files/Unity/Hub/Editor/2021.3.23f1/Editor/Data/MonoBleedingEdge/lib/mono/unityjit-win32'
Mono config path = 'C:/Program Files/Unity/Hub/Editor/2021.3.23f1/Editor/Data/MonoBleedingEdge/etc'
Using monoOptions --debugger-agent=transport=dt_socket,embedding=1,server=y,suspend=n,address=127.0.0.1:56380
Begin MonoManager ReloadAssembly
Registering precompiled unity dll's ...
Register platform support module: C:/Program Files/Unity/Hub/Editor/2021.3.23f1/Editor/Data/PlaybackEngines/WebGLSupport/UnityEditor.WebGL.Extensions.dll
Register platform support module: C:/Program Files/Unity/Hub/Editor/2021.3.23f1/Editor/Data/PlaybackEngines/WindowsStandaloneSupport/UnityEditor.WindowsStandalone.Extensions.dll
Registered in 0.007280 seconds.
Native extension for WindowsStandalone target not found
Native extension for WebGL target not found
Refreshing native plugins compatible for Editor in 87.85 ms, found 3 plugins.
Preloading 0 native plugins for Editor in 0.00 ms.
Mono: successfully reloaded assembly
- Completed reload, in  0.694 seconds
Domain Reload Profiling:
	ReloadAssembly (694ms)
		BeginReloadAssembly (91ms)
			ExecutionOrderSort (0ms)
			DisableScriptedObjects (0ms)
			BackupInstance (0ms)
			ReleaseScriptingObjects (0ms)
			CreateAndSetChildDomain (1ms)
		EndReloadAssembly (501ms)
			LoadAssemblies (89ms)
			RebuildTransferFunctionScriptingTraits (0ms)
			SetupTypeCache (110ms)
			ReleaseScriptCaches (0ms)
			RebuildScriptCaches (31ms)
			SetupLoadedEditorAssemblies (304ms)
				LogAssemblyErrors (0ms)
				InitializePlatformSupportModulesInManaged (10ms)
				SetLoadedEditorAssemblies (0ms)
				RefreshPlugins (88ms)
				BeforeProcessingInitializeOnLoad (1ms)
				ProcessInitializeOnLoadAttributes (153ms)
				ProcessInitializeOnLoadMethodAttributes (51ms)
				AfterProcessingInitializeOnLoad (0ms)
				EditorAssembliesLoaded (0ms)
			ExecutionOrderSort2 (0ms)
			AwakeInstancesAfterBackupRestoration (0ms)
Platform modules already initialized, skipping
Registering precompiled user dll's ...
Registered in 0.004148 seconds.
Begin MonoManager ReloadAssembly
Native extension for WindowsStandalone target not found
Native extension for WebGL target not found
Refreshing native plugins compatible for Editor in 0.67 ms, found 3 plugins.
Preloading 0 native plugins for Editor in 0.00 ms.
Mono: successfully reloaded assembly
- Completed reload, in  0.964 seconds
Domain Reload Profiling:
	ReloadAssembly (965ms)
		BeginReloadAssembly (106ms)
			ExecutionOrderSort (0ms)
			DisableScriptedObjects (6ms)
			BackupInstance (0ms)
			ReleaseScriptingObjects (0ms)
			CreateAndSetChildDomain (21ms)
		EndReloadAssembly (757ms)
			LoadAssemblies (72ms)
			RebuildTransferFunctionScriptingTraits (0ms)
			SetupTypeCache (240ms)
			ReleaseScriptCaches (1ms)
			RebuildScriptCaches (60ms)
			SetupLoadedEditorAssemblies (344ms)
				LogAssemblyErrors (0ms)
				InitializePlatformSupportModulesInManaged (6ms)
				SetLoadedEditorAssemblies (0ms)
				RefreshPlugins (1ms)
				BeforeProcessingInitializeOnLoad (77ms)
				ProcessInitializeOnLoadAttributes (233ms)
				ProcessInitializeOnLoadMethodAttributes (20ms)
				AfterProcessingInitializeOnLoad (7ms)
				EditorAssembliesLoaded (0ms)
			ExecutionOrderSort2 (0ms)
			AwakeInstancesAfterBackupRestoration (6ms)
Platform modules already initialized, skipping
========================================================================
Worker process is ready to serve import requests
Launched and connected shader compiler UnityShaderCompiler.exe after 0.04 seconds
Refreshing native plugins compatible for Editor in 0.47 ms, found 3 plugins.
Preloading 0 native plugins for Editor in 0.00 ms.
Unloading 3223 Unused Serialized files (Serialized files now loaded: 0)
Unloading 35 unused Assets / (130.0 KB). Loaded Objects now: 3703.
Memory consumption went from 131.6 MB to 131.5 MB.
Total: 1.771200 ms (FindLiveObjects: 0.153600 ms CreateObjectMapping: 0.042100 ms MarkObjects: 1.491400 ms  DeleteObjects: 0.083200 ms)

AssetImportParameters requested are different than current active one (requested -> active):
  custom:video-decoder-ogg-theora: a1e56fd34408186e4bbccfd4996cb3dc -> 
  custom:container-muxer-webm: aa71ff27fc2769a1b78a27578f13a17b -> 
  custom:container-demuxer-webm: 4f35f7cbe854078d1ac9338744f61a02 -> 
  custom:video-encoder-webm-vp8: eb34c28f22e8b96e1ab97ce403110664 -> 
  custom:audio-encoder-webm-vorbis: bf7c407c2cedff20999df2af8eb42d56 -> 
  custom:framework-win-MediaFoundation: 216162199b28c13a410421893ffa2e32 -> 
  custom:container-demuxer-ogg: 62fdf1f143b41e24485cea50d1cbac27 -> 
  custom:video-decoder-webm-vp8: 9c59270c3fd7afecdb556c50c9e8de78 -> 
  custom:audio-decoder-ogg-vorbis: bf7c407c2cedff20999df2af8eb42d56 -> 
========================================================================
Received Import Request.
  Time since last request: 10028.662004 seconds.
  path: Assets/TextMesh Pro/Resources/Fonts & Materials/LiberationSans SDF - Fallback.asset
  artifactKey: Guid(2e498d1c8094910479dc3e1b768306a4) Importer(815301076,1909f56bfc062723c751e8b465ee728b)
Start importing Assets/TextMesh Pro/Resources/Fonts & Materials/LiberationSans SDF - Fallback.asset using Guid(2e498d1c8094910479dc3e1b768306a4) Importer(815301076,1909f56bfc062723c751e8b465ee728b)  -> (artifact id: 'e92959a1734da9727477e5a3ab10230b') in 0.129526 seconds 
========================================================================
Received Import Request.
  Time since last request: 0.428089 seconds.
  path: Assets/PolygonSciFiCity/Models/FX_Plane_Simple.fbx
  artifactKey: Guid(2e4b92c06b7545a4a8da90f7352811b7) Importer(815301076,1909f56bfc062723c751e8b465ee728b)
Start importing Assets/PolygonSciFiCity/Models/FX_Plane_Simple.fbx using Guid(2e4b92c06b7545a4a8da90f7352811b7) Importer(815301076,1909f56bfc062723c751e8b465ee728b)  -> (artifact id: '8748a4a1a314fa200ddd650b62b6e478') in 0.056750 seconds 
========================================================================
Received Import Request.
  Time since last request: 0.000020 seconds.
  path: Assets/PolygonSciFiCity/Models/SM_Bld_Background_Lrg_01.fbx
  artifactKey: Guid(f528e4334b3ce3c468fa3edc3f04156a) Importer(815301076,1909f56bfc062723c751e8b465ee728b)
Start importing Assets/PolygonSciFiCity/Models/SM_Bld_Background_Lrg_01.fbx using Guid(f528e4334b3ce3c468fa3edc3f04156a) Importer(815301076,1909f56bfc062723c751e8b465ee728b)  -> (artifact id: '2deb20688ab23c813d4e6fa9053ca479') in 0.014638 seconds 
========================================================================
Received Import Request.
  Time since last request: 0.000018 seconds.
  path: Assets/PolygonSciFiCity/Models/SM_Bld_Chopshop_Interior_01.fbx
  artifactKey: Guid(8fe65d9e495a80b4d88592b87e05d349) Importer(815301076,1909f56bfc062723c751e8b465ee728b)
Start importing Assets/PolygonSciFiCity/Models/SM_Bld_Chopshop_Interior_01.fbx using Guid(8fe65d9e495a80b4d88592b87e05d349) Importer(815301076,1909f56bfc062723c751e8b465ee728b)  -> (artifact id: '070d2e778254824efad1268a91b4fd24') in 0.019138 seconds 
========================================================================
Received Import Request.
  Time since last request: 0.000021 seconds.
  path: Assets/PolygonSciFiCity/Models/SM_Bld_Bank_01.fbx
  artifactKey: Guid(b868092dcc1d8c54daf867db4c9e5065) Importer(815301076,1909f56bfc062723c751e8b465ee728b)
Start importing Assets/PolygonSciFiCity/Models/SM_Bld_Bank_01.fbx using Guid(b868092dcc1d8c54daf867db4c9e5065) Importer(815301076,1909f56bfc062723c751e8b465ee728b)  -> (artifact id: '4e7953c199e64357b8eed69f2cef9b87') in 0.039156 seconds 
========================================================================
Received Import Request.
  Time since last request: 0.000021 seconds.
  path: Assets/PolygonSciFiCity/Models/SM_Bld_LandingPad_01.fbx
  artifactKey: Guid(81952299d90432a48889398dd6954dc5) Importer(815301076,1909f56bfc062723c751e8b465ee728b)
Start importing Assets/PolygonSciFiCity/Models/SM_Bld_LandingPad_01.fbx using Guid(81952299d90432a48889398dd6954dc5) Importer(815301076,1909f56bfc062723c751e8b465ee728b)  -> (artifact id: '7d8484b0f20e168d01fd1483185c0d25') in 0.014089 seconds 
========================================================================
Received Import Request.
  Time since last request: 0.000020 seconds.
  path: Assets/PolygonSciFiCity/Models/SM_Bld_Background_Lrg_03.fbx
  artifactKey: Guid(c991f5eb02e3c8c4793c1f118c363e74) Importer(815301076,1909f56bfc062723c751e8b465ee728b)
Start importing Assets/PolygonSciFiCity/Models/SM_Bld_Background_Lrg_03.fbx using Guid(c991f5eb02e3c8c4793c1f118c363e74) Importer(815301076,1909f56bfc062723c751e8b465ee728b)  -> (artifact id: 'd2425836cfa3e0f0b4aaf13534b32711') in 0.014344 seconds 
========================================================================
Received Import Request.
  Time since last request: 0.000019 seconds.
  path: Assets/PolygonSciFiCity/Models/SM_Bld_Section_Corner_01.fbx
  artifactKey: Guid(4bab9623700f26d42b1cff6f6aa0b74e) Importer(815301076,1909f56bfc062723c751e8b465ee728b)
Start importing Assets/PolygonSciFiCity/Models/SM_Bld_Section_Corner_01.fbx using Guid(4bab9623700f26d42b1cff6f6aa0b74e) Importer(815301076,1909f56bfc062723c751e8b465ee728b)  -> (artifact id: '3d4953431f045ab0145b8795675505b4') in 0.022376 seconds 
========================================================================
Received Import Request.
  Time since last request: 0.000035 seconds.
  path: Assets/PolygonSciFiCity/Models/SM_Bld_Background_Med_06.fbx
  artifactKey: Guid(7b68cd54141c78340a9bad375e2c9556) Importer(815301076,1909f56bfc062723c751e8b465ee728b)
Start importing Assets/PolygonSciFiCity/Models/SM_Bld_Background_Med_06.fbx using Guid(7b68cd54141c78340a9bad375e2c9556) Importer(815301076,1909f56bfc062723c751e8b465ee728b)  -> (artifact id: '05c3d2df2a64414a2eb135c363babf32') in 0.015280 seconds 
========================================================================
Received Import Request.
  Time since last request: 0.000020 seconds.
  path: Assets/PolygonSciFiCity/Models/SM_Bld_FoodHole_01.fbx
  artifactKey: Guid(8cdb1009c1e155341a7168c24195ff6a) Importer(815301076,1909f56bfc062723c751e8b465ee728b)
Start importing Assets/PolygonSciFiCity/Models/SM_Bld_FoodHole_01.fbx using Guid(8cdb1009c1e155341a7168c24195ff6a) Importer(815301076,1909f56bfc062723c751e8b465ee728b)  -> (artifact id: 'e9f42609d97f69508190b261f9e98a90') in 0.013839 seconds 
========================================================================
Received Import Request.
  Time since last request: 0.000018 seconds.
  path: Assets/PolygonSciFiCity/Models/SM_Bld_Large_03.fbx
  artifactKey: Guid(963e86a8d41cbdd46b8001e4a3084cb7) Importer(815301076,1909f56bfc062723c751e8b465ee728b)
Start importing Assets/PolygonSciFiCity/Models/SM_Bld_Large_03.fbx using Guid(963e86a8d41cbdd46b8001e4a3084cb7) Importer(815301076,1909f56bfc062723c751e8b465ee728b)  -> (artifact id: '2d29f469f6ae22be145c834d43d7268e') in 0.014449 seconds 
========================================================================
Received Import Request.
  Time since last request: 0.000021 seconds.
  path: Assets/PolygonSciFiCity/Models/Collision/SM_Bld_Bank_01_Collision.fbx
  artifactKey: Guid(dfa9ec944f01b4143b30de3b01007d2f) Importer(815301076,1909f56bfc062723c751e8b465ee728b)
Start importing Assets/PolygonSciFiCity/Models/Collision/SM_Bld_Bank_01_Collision.fbx using Guid(dfa9ec944f01b4143b30de3b01007d2f) Importer(815301076,1909f56bfc062723c751e8b465ee728b)  -> (artifact id: '6c79e4519cd425701cb7604590a747b2') in 0.013909 seconds 
========================================================================
Received Import Request.
  Time since last request: 0.000023 seconds.
  path: Assets/PolygonSciFiCity/Models/SM_Bld_Large_Part_08.fbx
  artifactKey: Guid(15ecd67545ff5f645bd31ccaee1d533c) Importer(815301076,1909f56bfc062723c751e8b465ee728b)
Start importing Assets/PolygonSciFiCity/Models/SM_Bld_Large_Part_08.fbx using Guid(15ecd67545ff5f645bd31ccaee1d533c) Importer(815301076,1909f56bfc062723c751e8b465ee728b)  -> (artifact id: 'a17eac2f57a0682f21b78bbaa8c6c461') in 0.015908 seconds 
========================================================================
Received Import Request.
  Time since last request: 0.000021 seconds.
  path: Assets/PolygonSciFiCity/Models/SM_Bld_Raised_02.fbx
  artifactKey: Guid(4a61bb63a59b2654a8b66ac47d3d8558) Importer(815301076,1909f56bfc062723c751e8b465ee728b)
Start importing Assets/PolygonSciFiCity/Models/SM_Bld_Raised_02.fbx using Guid(4a61bb63a59b2654a8b66ac47d3d8558) Importer(815301076,1909f56bfc062723c751e8b465ee728b)  -> (artifact id: '15e1a624fd7d7b58b4cfef8e861528c5') in 0.014200 seconds 
========================================================================
Received Import Request.
  Time since last request: 0.000023 seconds.
  path: Assets/PolygonSciFiCity/Models/SM_Bld_Industrial_02.fbx
  artifactKey: Guid(f497c5c69623e84468341fe3328adaa7) Importer(815301076,1909f56bfc062723c751e8b465ee728b)
Start importing Assets/PolygonSciFiCity/Models/SM_Bld_Industrial_02.fbx using Guid(f497c5c69623e84468341fe3328adaa7) Importer(815301076,1909f56bfc062723c751e8b465ee728b)  -> (artifact id: '9f1e1e4001ea3a98501cb41a6728b75d') in 0.015316 seconds 
========================================================================
Received Import Request.
  Time since last request: 0.000023 seconds.
  path: Assets/PolygonSciFiCity/Models/SM_Bld_Background_Med_03.fbx
  artifactKey: Guid(0d86c8dfab05b024797acf90ee51f5a2) Importer(815301076,1909f56bfc062723c751e8b465ee728b)
Start importing Assets/PolygonSciFiCity/Models/SM_Bld_Background_Med_03.fbx using Guid(0d86c8dfab05b024797acf90ee51f5a2) Importer(815301076,1909f56bfc062723c751e8b465ee728b)  -> (artifact id: '79d7e8160ceb186db1f427ff28ddfaf2') in 0.015949 seconds 
========================================================================
Received Import Request.
  Time since last request: 0.000024 seconds.
  path: Assets/PolygonSciFiCity/Models/SM_Bld_Advanced_02.fbx
  artifactKey: Guid(2131246c19222cc4e8c02a103ead23b6) Importer(815301076,1909f56bfc062723c751e8b465ee728b)
Start importing Assets/PolygonSciFiCity/Models/SM_Bld_Advanced_02.fbx using Guid(2131246c19222cc4e8c02a103ead23b6) Importer(815301076,1909f56bfc062723c751e8b465ee728b)  -> (artifact id: '27bab22635349bb31f0e1f7c96e03057') in 0.014195 seconds 
========================================================================
Received Import Request.
  Time since last request: 1.075214 seconds.
  path: Assets/PolygonSciFiCity/Prefabs/Characters/Character_Android_Female_01.prefab
  artifactKey: Guid(c071869dabd01174ba88c8f43a9cc9be) Importer(815301076,1909f56bfc062723c751e8b465ee728b)
Start importing Assets/PolygonSciFiCity/Prefabs/Characters/Character_Android_Female_01.prefab using Guid(c071869dabd01174ba88c8f43a9cc9be) Importer(815301076,1909f56bfc062723c751e8b465ee728b)  -> (artifact id: 'fb2d595615de0c26d38c3707a9a80e40') in 0.102198 seconds 
========================================================================
Received Import Request.
  Time since last request: 0.000029 seconds.
  path: Assets/PolygonSciFiCity/Prefabs/Characters/Character_Cop_01.prefab
  artifactKey: Guid(0ad0eab167bb2974ab38b6df07f8d458) Importer(815301076,1909f56bfc062723c751e8b465ee728b)
Start importing Assets/PolygonSciFiCity/Prefabs/Characters/Character_Cop_01.prefab using Guid(0ad0eab167bb2974ab38b6df07f8d458) Importer(815301076,1909f56bfc062723c751e8b465ee728b)  -> (artifact id: 'e527dec8ee46876b0ffef4dbb0825b1b') in 0.067289 seconds 
========================================================================
Received Import Request.
  Time since last request: 0.000026 seconds.
  path: Assets/PolygonSciFiCity/Prefabs/Characters/FixedScaleCharacters/Character_Hologram_Female_01.prefab
  artifactKey: Guid(da563cdca29e92d4ab32c3331d2db540) Importer(815301076,1909f56bfc062723c751e8b465ee728b)
Start importing Assets/PolygonSciFiCity/Prefabs/Characters/FixedScaleCharacters/Character_Hologram_Female_01.prefab using Guid(da563cdca29e92d4ab32c3331d2db540) Importer(815301076,1909f56bfc062723c751e8b465ee728b)  -> (artifact id: '35e0d02876ccc59c23dc45f8eec1e229') in 0.065127 seconds 
========================================================================
Received Import Request.
  Time since last request: 0.000052 seconds.
  path: Assets/PolygonSciFiCity/Prefabs/FX/FX_RingLight.prefab
  artifactKey: Guid(152aaf0661d249942b17cc2758dfc03d) Importer(815301076,1909f56bfc062723c751e8b465ee728b)
Start importing Assets/PolygonSciFiCity/Prefabs/FX/FX_RingLight.prefab using Guid(152aaf0661d249942b17cc2758dfc03d) Importer(815301076,1909f56bfc062723c751e8b465ee728b)  -> (artifact id: 'e41dab459b862e4273a05a4dfdaccd7e') in 0.031303 seconds 
========================================================================
Received Import Request.
  Time since last request: 0.000024 seconds.
  path: Assets/PolygonSciFiCity/Prefabs/Buildings/SM_Bld_Background_Med_04.prefab
  artifactKey: Guid(2b4f4c6dd9003ab49ac2cb68ebc4a3b4) Importer(815301076,1909f56bfc062723c751e8b465ee728b)
Start importing Assets/PolygonSciFiCity/Prefabs/Buildings/SM_Bld_Background_Med_04.prefab using Guid(2b4f4c6dd9003ab49ac2cb68ebc4a3b4) Importer(815301076,1909f56bfc062723c751e8b465ee728b)  -> (artifact id: '97f2d688f8c4490aeaa398a41032773f') in 0.011895 seconds 
========================================================================
Received Import Request.
  Time since last request: 0.000021 seconds.
  path: Assets/PolygonSciFiCity/Prefabs/FX/FX_Electricity.prefab
  artifactKey: Guid(2974555caa7a6704eb8f549d99367f35) Importer(815301076,1909f56bfc062723c751e8b465ee728b)
Start importing Assets/PolygonSciFiCity/Prefabs/FX/FX_Electricity.prefab using Guid(2974555caa7a6704eb8f549d99367f35) Importer(815301076,1909f56bfc062723c751e8b465ee728b)  -> (artifact id: 'fee0c2f25ffedc09300ea3c1111a4c12') in 0.014761 seconds 
========================================================================
Received Import Request.
  Time since last request: 0.000033 seconds.
  path: Assets/PolygonSciFiCity/Prefabs/Buildings/SM_Bld_Background_Med_05.prefab
  artifactKey: Guid(5916a3b9673d1984085cdfe02a594bd3) Importer(815301076,1909f56bfc062723c751e8b465ee728b)
Start importing Assets/PolygonSciFiCity/Prefabs/Buildings/SM_Bld_Background_Med_05.prefab using Guid(5916a3b9673d1984085cdfe02a594bd3) Importer(815301076,1909f56bfc062723c751e8b465ee728b)  -> (artifact id: '90ff24eec0b385358cf820f1fe718154') in 0.013385 seconds 
========================================================================
Received Import Request.
  Time since last request: 0.000026 seconds.
  path: Assets/PolygonSciFiCity/Prefabs/Characters/Character_Robot_01.prefab
  artifactKey: Guid(6909982d91f86a04e831a86fff27cd80) Importer(815301076,1909f56bfc062723c751e8b465ee728b)
Start importing Assets/PolygonSciFiCity/Prefabs/Characters/Character_Robot_01.prefab using Guid(6909982d91f86a04e831a86fff27cd80) Importer(815301076,1909f56bfc062723c751e8b465ee728b)  -> (artifact id: '409a82fd9df2a938c2ef4b3e290649ab') in 0.086165 seconds 
========================================================================
Received Import Request.
  Time since last request: 0.000034 seconds.
  path: Assets/PolygonSciFiCity/Prefabs/Environments/SkyDome.prefab
  artifactKey: Guid(1d7dd8ea7cd8cc64bab1f6bee8ef01d5) Importer(815301076,1909f56bfc062723c751e8b465ee728b)
Start importing Assets/PolygonSciFiCity/Prefabs/Environments/SkyDome.prefab using Guid(1d7dd8ea7cd8cc64bab1f6bee8ef01d5) Importer(815301076,1909f56bfc062723c751e8b465ee728b)  -> (artifact id: '77181cfe51385868b2f7bb27cd095cbf') in 0.013431 seconds 
========================================================================
Received Import Request.
  Time since last request: 0.000027 seconds.
  path: Assets/PolygonSciFiCity/Prefabs/FX/FX_Laser_Bullet.prefab
  artifactKey: Guid(b5b28bfa5c3fef44caaac12b6aca9ec4) Importer(815301076,1909f56bfc062723c751e8b465ee728b)
Start importing Assets/PolygonSciFiCity/Prefabs/FX/FX_Laser_Bullet.prefab using Guid(b5b28bfa5c3fef44caaac12b6aca9ec4) Importer(815301076,1909f56bfc062723c751e8b465ee728b)  -> (artifact id: 'f9d37a325f29f785c36d3cb8e91d11c3') in 0.013879 seconds 
========================================================================
Received Import Request.
  Time since last request: 0.000041 seconds.
  path: Assets/PolygonSciFiCity/Prefabs/Buildings/SM_Bld_Background_Med_01.prefab
  artifactKey: Guid(3c37ed3fc4c8659488e2a193810bb213) Importer(815301076,1909f56bfc062723c751e8b465ee728b)
Start importing Assets/PolygonSciFiCity/Prefabs/Buildings/SM_Bld_Background_Med_01.prefab using Guid(3c37ed3fc4c8659488e2a193810bb213) Importer(815301076,1909f56bfc062723c751e8b465ee728b)  -> (artifact id: 'd4a759f78d4579cf3da3de8649e4a49b') in 0.014830 seconds 
========================================================================
Received Import Request.
  Time since last request: 0.000055 seconds.
  path: Assets/PolygonSciFiCity/Prefabs/FX/FX_LightRayCube.prefab
  artifactKey: Guid(07bee576df5b5e049a39f20f65b6ddb1) Importer(815301076,1909f56bfc062723c751e8b465ee728b)
Start importing Assets/PolygonSciFiCity/Prefabs/FX/FX_LightRayCube.prefab using Guid(07bee576df5b5e049a39f20f65b6ddb1) Importer(815301076,1909f56bfc062723c751e8b465ee728b)  -> (artifact id: '8ddc5c8c8cd2178ec9765bc5564844ca') in 0.025078 seconds 
========================================================================
Received Import Request.
  Time since last request: 0.000024 seconds.
  path: Assets/PolygonSciFiCity/Prefabs/Characters/Character_Augmented_Male_01.prefab
  artifactKey: Guid(6f94caaacaf56ed44b13c6e0737ed662) Importer(815301076,1909f56bfc062723c751e8b465ee728b)
Start importing Assets/PolygonSciFiCity/Prefabs/Characters/Character_Augmented_Male_01.prefab using Guid(6f94caaacaf56ed44b13c6e0737ed662) Importer(815301076,1909f56bfc062723c751e8b465ee728b)  -> (artifact id: '16843804407151399a6592ff7538277d') in 0.066141 seconds 
========================================================================
Received Import Request.
  Time since last request: 0.000026 seconds.
  path: Assets/PolygonSciFiCity/Prefabs/Characters/Character_Rich_Female_01.prefab
  artifactKey: Guid(b3479484e41603e448c1ea6db3d429fb) Importer(815301076,1909f56bfc062723c751e8b465ee728b)
Start importing Assets/PolygonSciFiCity/Prefabs/Characters/Character_Rich_Female_01.prefab using Guid(b3479484e41603e448c1ea6db3d429fb) Importer(815301076,1909f56bfc062723c751e8b465ee728b)  -> (artifact id: 'f609a3112a2f4716d2c4f1d11f10d13d') in 0.057488 seconds 
========================================================================
Received Import Request.
  Time since last request: 0.000048 seconds.
  path: Assets/PolygonSciFiCity/Prefabs/Buildings/SM_Bld_Background_Med_02.prefab
  artifactKey: Guid(1cfc671741fa1cc47824540b62db0c87) Importer(815301076,1909f56bfc062723c751e8b465ee728b)
Start importing Assets/PolygonSciFiCity/Prefabs/Buildings/SM_Bld_Background_Med_02.prefab using Guid(1cfc671741fa1cc47824540b62db0c87) Importer(815301076,1909f56bfc062723c751e8b465ee728b)  -> (artifact id: '53a7295e0268adafcee2fd91a735f16a') in 0.016384 seconds 
========================================================================
Received Import Request.
  Time since last request: 0.000029 seconds.
  path: Assets/PolygonSciFiCity/Prefabs/Characters/FixedScaleCharacters/Character_Cyber_Male_01.prefab
  artifactKey: Guid(0f9ccd71741ee50488626ad04bd719f9) Importer(815301076,1909f56bfc062723c751e8b465ee728b)
Start importing Assets/PolygonSciFiCity/Prefabs/Characters/FixedScaleCharacters/Character_Cyber_Male_01.prefab using Guid(0f9ccd71741ee50488626ad04bd719f9) Importer(815301076,1909f56bfc062723c751e8b465ee728b)  -> (artifact id: '1e6ac84bd8419be131c114f17f44391b') in 0.060093 seconds 
========================================================================
Received Import Request.
  Time since last request: 8.891497 seconds.
  path: Assets/PolygonSciFiCity/Prefabs/Vehicles/SM_Veh_Armored_Truck_Cannon_01.prefab
  artifactKey: Guid(8ffa3758fd293464485a005e39e3eba3) Importer(815301076,1909f56bfc062723c751e8b465ee728b)
Start importing Assets/PolygonSciFiCity/Prefabs/Vehicles/SM_Veh_Armored_Truck_Cannon_01.prefab using Guid(8ffa3758fd293464485a005e39e3eba3) Importer(815301076,1909f56bfc062723c751e8b465ee728b)  -> (artifact id: 'd17625ef33179dab2e7f38c6536eff3e') in 0.051660 seconds 
========================================================================
Received Import Request.
  Time since last request: 0.000026 seconds.
  path: Assets/PolygonSciFiCity/Prefabs/Vehicles/SM_Veh_Sweepo_01.prefab
  artifactKey: Guid(eb822c0479f72e64ab2bd00f697c795b) Importer(815301076,1909f56bfc062723c751e8b465ee728b)
Start importing Assets/PolygonSciFiCity/Prefabs/Vehicles/SM_Veh_Sweepo_01.prefab using Guid(eb822c0479f72e64ab2bd00f697c795b) Importer(815301076,1909f56bfc062723c751e8b465ee728b)  -> (artifact id: 'ceda9ddaa256f591c29b04cc52048a7b') in 0.055514 seconds 
========================================================================
Received Import Request.
  Time since last request: 0.000027 seconds.
  path: Assets/PolygonSciFiCity/Prefabs/Vehicles/SM_Veh_Future_Cop_01.prefab
  artifactKey: Guid(6d2e3ff93a24cdc4692bd749280c96c5) Importer(815301076,1909f56bfc062723c751e8b465ee728b)
Start importing Assets/PolygonSciFiCity/Prefabs/Vehicles/SM_Veh_Future_Cop_01.prefab using Guid(6d2e3ff93a24cdc4692bd749280c96c5) Importer(815301076,1909f56bfc062723c751e8b465ee728b)  -> (artifact id: '333267a156b876a0c6b570b45580eee0') in 0.053491 seconds 
========================================================================
Received Import Request.
  Time since last request: 0.000030 seconds.
  path: Assets/PolygonSciFiCity/Prefabs/Vehicles/SM_Veh_Garbage_01.prefab
  artifactKey: Guid(f923d13d00af49f4c888dd5f62f0835e) Importer(815301076,1909f56bfc062723c751e8b465ee728b)
Start importing Assets/PolygonSciFiCity/Prefabs/Vehicles/SM_Veh_Garbage_01.prefab using Guid(f923d13d00af49f4c888dd5f62f0835e) Importer(815301076,1909f56bfc062723c751e8b465ee728b)  -> (artifact id: 'b1a94d7c0cdd9a1f1c0cb84382573e6f') in 0.047025 seconds 
========================================================================
Received Prepare
Registering precompiled user dll's ...
Registered in 0.003713 seconds.
Begin MonoManager ReloadAssembly
Native extension for WindowsStandalone target not found
Native extension for WebGL target not found
Refreshing native plugins compatible for Editor in 0.84 ms, found 3 plugins.
Preloading 0 native plugins for Editor in 0.00 ms.
Mono: successfully reloaded assembly
- Completed reload, in  0.979 seconds
Domain Reload Profiling:
	ReloadAssembly (980ms)
		BeginReloadAssembly (149ms)
			ExecutionOrderSort (0ms)
			DisableScriptedObjects (4ms)
			BackupInstance (0ms)
			ReleaseScriptingObjects (0ms)
			CreateAndSetChildDomain (45ms)
		EndReloadAssembly (742ms)
			LoadAssemblies (91ms)
			RebuildTransferFunctionScriptingTraits (0ms)
			SetupTypeCache (236ms)
			ReleaseScriptCaches (1ms)
			RebuildScriptCaches (40ms)
			SetupLoadedEditorAssemblies (346ms)
				LogAssemblyErrors (0ms)
				InitializePlatformSupportModulesInManaged (8ms)
				SetLoadedEditorAssemblies (1ms)
				RefreshPlugins (1ms)
				BeforeProcessingInitializeOnLoad (65ms)
				ProcessInitializeOnLoadAttributes (240ms)
				ProcessInitializeOnLoadMethodAttributes (22ms)
				AfterProcessingInitializeOnLoad (10ms)
				EditorAssembliesLoaded (0ms)
			ExecutionOrderSort2 (0ms)
			AwakeInstancesAfterBackupRestoration (7ms)
Platform modules already initialized, skipping
Refreshing native plugins compatible for Editor in 2.66 ms, found 3 plugins.
Preloading 0 native plugins for Editor in 0.00 ms.
Unloading 3201 Unused Serialized files (Serialized files now loaded: 0)
Unloading 18 unused Assets / (96.4 KB). Loaded Objects now: 3770.
Memory consumption went from 147.1 MB to 147.0 MB.
Total: 3.221700 ms (FindLiveObjects: 0.333300 ms CreateObjectMapping: 0.106100 ms MarkObjects: 2.681900 ms  DeleteObjects: 0.099200 ms)

AssetImportParameters requested are different than current active one (requested -> active):
  custom:video-decoder-ogg-theora: a1e56fd34408186e4bbccfd4996cb3dc -> 
  custom:container-muxer-webm: aa71ff27fc2769a1b78a27578f13a17b -> 
  custom:container-demuxer-webm: 4f35f7cbe854078d1ac9338744f61a02 -> 
  custom:video-encoder-webm-vp8: eb34c28f22e8b96e1ab97ce403110664 -> 
  custom:audio-encoder-webm-vorbis: bf7c407c2cedff20999df2af8eb42d56 -> 
  custom:framework-win-MediaFoundation: 216162199b28c13a410421893ffa2e32 -> 
  custom:container-demuxer-ogg: 62fdf1f143b41e24485cea50d1cbac27 -> 
  custom:video-decoder-webm-vp8: 9c59270c3fd7afecdb556c50c9e8de78 -> 
  custom:audio-decoder-ogg-vorbis: bf7c407c2cedff20999df2af8eb42d56 -> 
Editor requested this worker to shutdown with reason: Scaling down because of idle timeout
AssetImportWorker is now disconnected from the server
Process exiting
Exiting without the bug reporter. Application will terminate with return code 0