Using pre-set license
Built from '2021.3/staging' branch; Version is '2021.3.23f1 (213b516bf396) revision 2177873'; Using compiler version '192829333'; Build Type 'Release'
OS: 'Windows 10  (10.0.19045) 64bit Education' Language: 'en' Physical Memory: 16072 MB
BatchMode: 1, IsHumanControllingUs: 0, StartBugReporterOnCrash: 0, Is64bit: 1, IsPro: 1

COMMAND LINE ARGUMENTS:
C:\Program Files\Unity\Hub\Editor\2021.3.23f1\Editor\Unity.exe
-adb2
-batchMode
-noUpm
-name
AssetImportWorker7
-projectPath
D:/Year13AGRacer/UnityProject
-logFile
Logs/AssetImportWorker7.log
-srvPort
63761
Successfully changed project path to: D:/Year13AGRacer/UnityProject
D:/Year13AGRacer/UnityProject
[UnityMemory] Configuration Parameters - Can be set up in boot.config
    "memorysetup-bucket-allocator-granularity=16"
    "memorysetup-bucket-allocator-bucket-count=8"
    "memorysetup-bucket-allocator-block-size=33554432"
    "memorysetup-bucket-allocator-block-count=8"
    "memorysetup-main-allocator-block-size=16777216"
    "memorysetup-thread-allocator-block-size=16777216"
    "memorysetup-gfx-main-allocator-block-size=16777216"
    "memorysetup-gfx-thread-allocator-block-size=16777216"
    "memorysetup-cache-allocator-block-size=4194304"
    "memorysetup-typetree-allocator-block-size=2097152"
    "memorysetup-profiler-bucket-allocator-granularity=16"
    "memorysetup-profiler-bucket-allocator-bucket-count=8"
    "memorysetup-profiler-bucket-allocator-block-size=33554432"
    "memorysetup-profiler-bucket-allocator-block-count=8"
    "memorysetup-profiler-allocator-block-size=16777216"
    "memorysetup-profiler-editor-allocator-block-size=1048576"
    "memorysetup-temp-allocator-size-main=16777216"
    "memorysetup-job-temp-allocator-block-size=2097152"
    "memorysetup-job-temp-allocator-block-size-background=1048576"
    "memorysetup-job-temp-allocator-reduction-small-platforms=262144"
    "memorysetup-temp-allocator-size-background-worker=32768"
    "memorysetup-temp-allocator-size-job-worker=262144"
    "memorysetup-temp-allocator-size-preload-manager=33554432"
    "memorysetup-temp-allocator-size-nav-mesh-worker=65536"
    "memorysetup-temp-allocator-size-audio-worker=65536"
    "memorysetup-temp-allocator-size-cloud-worker=32768"
    "memorysetup-temp-allocator-size-gi-baking-worker=262144"
    "memorysetup-temp-allocator-size-gfx=262144"
Player connection [5008] Host "[IP] 192.168.101.137 [Port] 0 [Flags] 2 [Guid] 3962440538 [EditorId] 3962440538 [Version] 1048832 [Id] WindowsEditor(7,KHWS710) [Debug] 1 [PackageName] WindowsEditor [ProjectName] Editor" joined multi-casting on [225.0.0.222:54997]...

Player connection [5008] Host "[IP] 192.168.101.137 [Port] 0 [Flags] 2 [Guid] 3962440538 [EditorId] 3962440538 [Version] 1048832 [Id] WindowsEditor(7,KHWS710) [Debug] 1 [PackageName] WindowsEditor [ProjectName] Editor" joined alternative multi-casting on [225.0.0.222:34997]...

Refreshing native plugins compatible for Editor in 92.21 ms, found 3 plugins.
Preloading 0 native plugins for Editor in 0.00 ms.
Initialize engine version: 2021.3.23f1 (213b516bf396)
[Subsystems] Discovering subsystems at path C:/Program Files/Unity/Hub/Editor/2021.3.23f1/Editor/Data/Resources/UnitySubsystems
[Subsystems] Discovering subsystems at path D:/Year13AGRacer/UnityProject/Assets
GfxDevice: creating device client; threaded=0; jobified=0
Direct3D:
    Version:  Direct3D 11.0 [level 11.1]
    Renderer: NVIDIA GeForce RTX 3070 (ID=0x2488)
    Vendor:   NVIDIA
    VRAM:     8031 MB
    Driver:   31.0.15.2698
Initialize mono
Mono path[0] = 'C:/Program Files/Unity/Hub/Editor/2021.3.23f1/Editor/Data/Managed'
Mono path[1] = 'C:/Program Files/Unity/Hub/Editor/2021.3.23f1/Editor/Data/MonoBleedingEdge/lib/mono/unityjit-win32'
Mono config path = 'C:/Program Files/Unity/Hub/Editor/2021.3.23f1/Editor/Data/MonoBleedingEdge/etc'
Using monoOptions --debugger-agent=transport=dt_socket,embedding=1,server=y,suspend=n,address=127.0.0.1:56480
Begin MonoManager ReloadAssembly
Registering precompiled unity dll's ...
Register platform support module: C:/Program Files/Unity/Hub/Editor/2021.3.23f1/Editor/Data/PlaybackEngines/WebGLSupport/UnityEditor.WebGL.Extensions.dll
Register platform support module: C:/Program Files/Unity/Hub/Editor/2021.3.23f1/Editor/Data/PlaybackEngines/WindowsStandaloneSupport/UnityEditor.WindowsStandalone.Extensions.dll
Registered in 0.005573 seconds.
Native extension for WindowsStandalone target not found
Native extension for WebGL target not found
Refreshing native plugins compatible for Editor in 87.83 ms, found 3 plugins.
Preloading 0 native plugins for Editor in 0.00 ms.
Mono: successfully reloaded assembly
- Completed reload, in  0.610 seconds
Domain Reload Profiling:
	ReloadAssembly (610ms)
		BeginReloadAssembly (80ms)
			ExecutionOrderSort (0ms)
			DisableScriptedObjects (0ms)
			BackupInstance (0ms)
			ReleaseScriptingObjects (0ms)
			CreateAndSetChildDomain (1ms)
		EndReloadAssembly (440ms)
			LoadAssemblies (78ms)
			RebuildTransferFunctionScriptingTraits (0ms)
			SetupTypeCache (91ms)
			ReleaseScriptCaches (0ms)
			RebuildScriptCaches (25ms)
			SetupLoadedEditorAssemblies (275ms)
				LogAssemblyErrors (0ms)
				InitializePlatformSupportModulesInManaged (8ms)
				SetLoadedEditorAssemblies (0ms)
				RefreshPlugins (88ms)
				BeforeProcessingInitializeOnLoad (1ms)
				ProcessInitializeOnLoadAttributes (134ms)
				ProcessInitializeOnLoadMethodAttributes (44ms)
				AfterProcessingInitializeOnLoad (0ms)
				EditorAssembliesLoaded (0ms)
			ExecutionOrderSort2 (0ms)
			AwakeInstancesAfterBackupRestoration (0ms)
Platform modules already initialized, skipping
Registering precompiled user dll's ...
Registered in 0.003764 seconds.
Begin MonoManager ReloadAssembly
Symbol file LoadedFromMemory doesn't match image D:\Year13AGRacer\UnityProject\Library\PackageCache\com.unity.visualscripting@1.8.0\Editor\VisualScripting.Core\Dependencies\YamlDotNet\Unity.VisualScripting.YamlDotNet.dll
Symbol file LoadedFromMemory doesn't match image D:\Year13AGRacer\UnityProject\Library\PackageCache\com.unity.visualscripting@1.8.0\Editor\VisualScripting.Core\Dependencies\DotNetZip\Unity.VisualScripting.IonicZip.dll
Native extension for WindowsStandalone target not found
Native extension for WebGL target not found
Refreshing native plugins compatible for Editor in 0.76 ms, found 3 plugins.
Preloading 0 native plugins for Editor in 0.00 ms.
Mono: successfully reloaded assembly
- Completed reload, in  0.967 seconds
Domain Reload Profiling:
	ReloadAssembly (967ms)
		BeginReloadAssembly (114ms)
			ExecutionOrderSort (0ms)
			DisableScriptedObjects (6ms)
			BackupInstance (0ms)
			ReleaseScriptingObjects (0ms)
			CreateAndSetChildDomain (21ms)
		EndReloadAssembly (757ms)
			LoadAssemblies (78ms)
			RebuildTransferFunctionScriptingTraits (0ms)
			SetupTypeCache (238ms)
			ReleaseScriptCaches (1ms)
			RebuildScriptCaches (61ms)
			SetupLoadedEditorAssemblies (346ms)
				LogAssemblyErrors (0ms)
				InitializePlatformSupportModulesInManaged (6ms)
				SetLoadedEditorAssemblies (0ms)
				RefreshPlugins (1ms)
				BeforeProcessingInitializeOnLoad (82ms)
				ProcessInitializeOnLoadAttributes (232ms)
				ProcessInitializeOnLoadMethodAttributes (20ms)
				AfterProcessingInitializeOnLoad (6ms)
				EditorAssembliesLoaded (0ms)
			ExecutionOrderSort2 (0ms)
			AwakeInstancesAfterBackupRestoration (6ms)
Platform modules already initialized, skipping
========================================================================
Worker process is ready to serve import requests
Launched and connected shader compiler UnityShaderCompiler.exe after 0.04 seconds
Refreshing native plugins compatible for Editor in 0.73 ms, found 3 plugins.
Preloading 0 native plugins for Editor in 0.00 ms.
Unloading 3210 Unused Serialized files (Serialized files now loaded: 0)
Unloading 37 unused Assets / (184.9 KB). Loaded Objects now: 3687.
Memory consumption went from 129.4 MB to 129.2 MB.
Total: 2.796000 ms (FindLiveObjects: 0.282100 ms CreateObjectMapping: 0.086400 ms MarkObjects: 2.297800 ms  DeleteObjects: 0.129000 ms)

AssetImportParameters requested are different than current active one (requested -> active):
  custom:video-decoder-ogg-theora: a1e56fd34408186e4bbccfd4996cb3dc -> 
  custom:container-muxer-webm: aa71ff27fc2769a1b78a27578f13a17b -> 
  custom:container-demuxer-webm: 4f35f7cbe854078d1ac9338744f61a02 -> 
  custom:video-encoder-webm-vp8: eb34c28f22e8b96e1ab97ce403110664 -> 
  custom:audio-encoder-webm-vorbis: bf7c407c2cedff20999df2af8eb42d56 -> 
  custom:framework-win-MediaFoundation: 216162199b28c13a410421893ffa2e32 -> 
  custom:container-demuxer-ogg: 62fdf1f143b41e24485cea50d1cbac27 -> 
  custom:video-decoder-webm-vp8: 9c59270c3fd7afecdb556c50c9e8de78 -> 
  custom:audio-decoder-ogg-vorbis: bf7c407c2cedff20999df2af8eb42d56 -> 
========================================================================
Received Import Request.
  Time since last request: 2196.178861 seconds.
  path: Assets/PolygonSciFiCity/Prefabs/Props/SM_Prop_Door_05.prefab
  artifactKey: Guid(eb2cbf3d027e36349836843fcefb51bb) Importer(815301076,1909f56bfc062723c751e8b465ee728b)
Start importing Assets/PolygonSciFiCity/Prefabs/Props/SM_Prop_Door_05.prefab using Guid(eb2cbf3d027e36349836843fcefb51bb) Importer(815301076,1909f56bfc062723c751e8b465ee728b)  -> (artifact id: 'ddf994ea2325f1a030502e4e41728176') in 0.260724 seconds 
========================================================================
Received Import Request.
  Time since last request: 0.000043 seconds.
  path: Assets/PolygonSciFiCity/Prefabs/Props/SM_Prop_Drone_Quad_01.prefab
  artifactKey: Guid(5d40c48a597edbe4b9db9adac55501ae) Importer(815301076,1909f56bfc062723c751e8b465ee728b)
Start importing Assets/PolygonSciFiCity/Prefabs/Props/SM_Prop_Drone_Quad_01.prefab using Guid(5d40c48a597edbe4b9db9adac55501ae) Importer(815301076,1909f56bfc062723c751e8b465ee728b)  -> (artifact id: '5293211a5d4f2d52b5fab95692ff068a') in 0.045405 seconds 
========================================================================
Received Import Request.
  Time since last request: 0.000081 seconds.
  path: Assets/PolygonSciFiCity/Prefabs/Props/SM_Prop_Hologram_Bottle_01.prefab
  artifactKey: Guid(cc093311e25cc0a409f3c3c318e02845) Importer(815301076,1909f56bfc062723c751e8b465ee728b)
Start importing Assets/PolygonSciFiCity/Prefabs/Props/SM_Prop_Hologram_Bottle_01.prefab using Guid(cc093311e25cc0a409f3c3c318e02845) Importer(815301076,1909f56bfc062723c751e8b465ee728b)  -> (artifact id: '41242dc35c22d417693e3001c0672ad6') in 0.062222 seconds 
========================================================================
Received Import Request.
  Time since last request: 0.000023 seconds.
  path: Assets/PolygonSciFiCity/Prefabs/Props/SM_Prop_FoodTray_04.prefab
  artifactKey: Guid(636fb01b6b0e031418f4a433d89e6992) Importer(815301076,1909f56bfc062723c751e8b465ee728b)
Start importing Assets/PolygonSciFiCity/Prefabs/Props/SM_Prop_FoodTray_04.prefab using Guid(636fb01b6b0e031418f4a433d89e6992) Importer(815301076,1909f56bfc062723c751e8b465ee728b)  -> (artifact id: '45c21af51eed83c0c3efca8aa7655db8') in 0.042461 seconds 
========================================================================
Received Import Request.
  Time since last request: 0.000021 seconds.
  path: Assets/PolygonSciFiCity/Prefabs/Props/SM_Prop_Drone_02.prefab
  artifactKey: Guid(21e93e3c4dcc475448060e7fecbebe83) Importer(815301076,1909f56bfc062723c751e8b465ee728b)
Start importing Assets/PolygonSciFiCity/Prefabs/Props/SM_Prop_Drone_02.prefab using Guid(21e93e3c4dcc475448060e7fecbebe83) Importer(815301076,1909f56bfc062723c751e8b465ee728b)  -> (artifact id: '86e76f95906bc8944fd2c8af184bea4a') in 0.049494 seconds 
========================================================================
Received Import Request.
  Time since last request: 0.000024 seconds.
  path: Assets/PolygonSciFiCity/Prefabs/Props/SM_Prop_MarketLights_01.prefab
  artifactKey: Guid(2938a9aff0e95ec4193072353b47b203) Importer(815301076,1909f56bfc062723c751e8b465ee728b)
Start importing Assets/PolygonSciFiCity/Prefabs/Props/SM_Prop_MarketLights_01.prefab using Guid(2938a9aff0e95ec4193072353b47b203) Importer(815301076,1909f56bfc062723c751e8b465ee728b)  -> (artifact id: 'f10fdb8f10c8104335eb7729a91c6bd3') in 0.042566 seconds 
========================================================================
Received Import Request.
  Time since last request: 0.000026 seconds.
  path: Assets/PolygonSciFiCity/Prefabs/Props/SM_Prop_Jar_03.prefab
  artifactKey: Guid(39e72f04f616c8145828375374be74e0) Importer(815301076,1909f56bfc062723c751e8b465ee728b)
Start importing Assets/PolygonSciFiCity/Prefabs/Props/SM_Prop_Jar_03.prefab using Guid(39e72f04f616c8145828375374be74e0) Importer(815301076,1909f56bfc062723c751e8b465ee728b)  -> (artifact id: '17d67aafb6f520f4a4a48a4f4fc42bea') in 0.050801 seconds 
========================================================================
Received Import Request.
  Time since last request: 0.000046 seconds.
  path: Assets/PolygonSciFiCity/Prefabs/Props/SM_Prop_MarketTable_02.prefab
  artifactKey: Guid(d791db173db22b54e9e8ba224d900292) Importer(815301076,1909f56bfc062723c751e8b465ee728b)
Start importing Assets/PolygonSciFiCity/Prefabs/Props/SM_Prop_MarketTable_02.prefab using Guid(d791db173db22b54e9e8ba224d900292) Importer(815301076,1909f56bfc062723c751e8b465ee728b)  -> (artifact id: '82721837f434f022e3edd4cb6c7c1d94') in 0.042038 seconds 
========================================================================
Received Import Request.
  Time since last request: 0.000033 seconds.
  path: Assets/PolygonSciFiCity/Prefabs/Props/SM_Prop_Hologram_Pizza_01.prefab
  artifactKey: Guid(2c73cdfb2428d34439778c7b24037932) Importer(815301076,1909f56bfc062723c751e8b465ee728b)
Start importing Assets/PolygonSciFiCity/Prefabs/Props/SM_Prop_Hologram_Pizza_01.prefab using Guid(2c73cdfb2428d34439778c7b24037932) Importer(815301076,1909f56bfc062723c751e8b465ee728b)  -> (artifact id: '4ead98456bc516aa2037d5d613b00104') in 0.044051 seconds 
========================================================================
Received Import Request.
  Time since last request: 0.000020 seconds.
  path: Assets/PolygonSciFiCity/Prefabs/Props/SM_Prop_Jar_04.prefab
  artifactKey: Guid(94d723a273497e2438530879951c7c55) Importer(815301076,1909f56bfc062723c751e8b465ee728b)
Start importing Assets/PolygonSciFiCity/Prefabs/Props/SM_Prop_Jar_04.prefab using Guid(94d723a273497e2438530879951c7c55) Importer(815301076,1909f56bfc062723c751e8b465ee728b)  -> (artifact id: '7eac9df755be9da2fbaafb2848a825eb') in 0.041589 seconds 
========================================================================
Received Import Request.
  Time since last request: 0.000029 seconds.
  path: Assets/PolygonSciFiCity/Prefabs/Props/SM_Prop_FoodTray_01.prefab
  artifactKey: Guid(d557e3e8ceade7e4c99f21e6c68039f3) Importer(815301076,1909f56bfc062723c751e8b465ee728b)
Start importing Assets/PolygonSciFiCity/Prefabs/Props/SM_Prop_FoodTray_01.prefab using Guid(d557e3e8ceade7e4c99f21e6c68039f3) Importer(815301076,1909f56bfc062723c751e8b465ee728b)  -> (artifact id: 'ae037d9e3ccfd4c448c343f7f605d47b') in 0.041526 seconds 
========================================================================
Received Import Request.
  Time since last request: 0.000030 seconds.
  path: Assets/PolygonSciFiCity/Prefabs/Props/SM_Prop_MarketCover_04.prefab
  artifactKey: Guid(2116cbffcdc93b54da3cf623bfa07ffd) Importer(815301076,1909f56bfc062723c751e8b465ee728b)
Start importing Assets/PolygonSciFiCity/Prefabs/Props/SM_Prop_MarketCover_04.prefab using Guid(2116cbffcdc93b54da3cf623bfa07ffd) Importer(815301076,1909f56bfc062723c751e8b465ee728b)  -> (artifact id: '898716f3f810cf3c92ce5a56f494cff1') in 0.039204 seconds 
========================================================================
Received Import Request.
  Time since last request: 0.000022 seconds.
  path: Assets/PolygonSciFiCity/Prefabs/Props/SM_Prop_MarketCovcer_02.prefab
  artifactKey: Guid(b50b10b32b48fc147b8da7bf818cc53b) Importer(815301076,1909f56bfc062723c751e8b465ee728b)
Start importing Assets/PolygonSciFiCity/Prefabs/Props/SM_Prop_MarketCovcer_02.prefab using Guid(b50b10b32b48fc147b8da7bf818cc53b) Importer(815301076,1909f56bfc062723c751e8b465ee728b)  -> (artifact id: '7fcfe899c310464f434f21fd2d338a7b') in 0.038403 seconds 
========================================================================
Received Import Request.
  Time since last request: 0.000033 seconds.
  path: Assets/PolygonSciFiCity/Prefabs/Props/SM_Prop_MarketCover_01.prefab
  artifactKey: Guid(244ba0d968ab9624f8fbeed4105ed29e) Importer(815301076,1909f56bfc062723c751e8b465ee728b)
Start importing Assets/PolygonSciFiCity/Prefabs/Props/SM_Prop_MarketCover_01.prefab using Guid(244ba0d968ab9624f8fbeed4105ed29e) Importer(815301076,1909f56bfc062723c751e8b465ee728b)  -> (artifact id: '83fa5db9f7b32df4ef68fbd165064561') in 0.040078 seconds 
========================================================================
Received Import Request.
  Time since last request: 0.000020 seconds.
  path: Assets/PolygonSciFiCity/Prefabs/Props/SM_Prop_Hologram_Noodles_01.prefab
  artifactKey: Guid(99e09e7755daf7346a907df1e8ca4d33) Importer(815301076,1909f56bfc062723c751e8b465ee728b)
Start importing Assets/PolygonSciFiCity/Prefabs/Props/SM_Prop_Hologram_Noodles_01.prefab using Guid(99e09e7755daf7346a907df1e8ca4d33) Importer(815301076,1909f56bfc062723c751e8b465ee728b)  -> (artifact id: 'd3b3b001b37b3b667dfd7cac83f6e489') in 0.038401 seconds 
========================================================================
Received Import Request.
  Time since last request: 0.000030 seconds.
  path: Assets/PolygonSciFiCity/Prefabs/Props/SM_Prop_JarFull_01.prefab
  artifactKey: Guid(a75c2bc785b116240bedc72e0d023963) Importer(815301076,1909f56bfc062723c751e8b465ee728b)
Start importing Assets/PolygonSciFiCity/Prefabs/Props/SM_Prop_JarFull_01.prefab using Guid(a75c2bc785b116240bedc72e0d023963) Importer(815301076,1909f56bfc062723c751e8b465ee728b)  -> (artifact id: '703de12e77069ad5749ba042f54c229d') in 0.043865 seconds 
========================================================================
Received Import Request.
  Time since last request: 0.000019 seconds.
  path: Assets/PolygonSciFiCity/Prefabs/Props/SM_Prop_Medical_Machine_01.prefab
  artifactKey: Guid(4372653aad9cdbc4f9c20bb3fabfde54) Importer(815301076,1909f56bfc062723c751e8b465ee728b)
Start importing Assets/PolygonSciFiCity/Prefabs/Props/SM_Prop_Medical_Machine_01.prefab using Guid(4372653aad9cdbc4f9c20bb3fabfde54) Importer(815301076,1909f56bfc062723c751e8b465ee728b)  -> (artifact id: 'f584908f7a9a08a854abd8b56ec78f61') in 0.048541 seconds 
========================================================================
Received Import Request.
  Time since last request: 0.000046 seconds.
  path: Assets/PolygonSciFiCity/Prefabs/Props/SM_Prop_Paper_Lantern_02.prefab
  artifactKey: Guid(49dfa7d19c855b84faf678bed61ccb73) Importer(815301076,1909f56bfc062723c751e8b465ee728b)
Start importing Assets/PolygonSciFiCity/Prefabs/Props/SM_Prop_Paper_Lantern_02.prefab using Guid(49dfa7d19c855b84faf678bed61ccb73) Importer(815301076,1909f56bfc062723c751e8b465ee728b)  -> (artifact id: 'b4891ee9c9ad2ba8bfdbf84bd3d05dfe') in 0.038265 seconds 
========================================================================
Received Import Request.
  Time since last request: 0.000023 seconds.
  path: Assets/PolygonSciFiCity/Prefabs/Props/SM_Prop_Robotic_Part_05.prefab
  artifactKey: Guid(821c4ad47d7ac4a4db054aca94114457) Importer(815301076,1909f56bfc062723c751e8b465ee728b)
Start importing Assets/PolygonSciFiCity/Prefabs/Props/SM_Prop_Robotic_Part_05.prefab using Guid(821c4ad47d7ac4a4db054aca94114457) Importer(815301076,1909f56bfc062723c751e8b465ee728b)  -> (artifact id: '0afd230de30b3a4fa9c821815ebb8d84') in 0.039228 seconds 
========================================================================
Received Import Request.
  Time since last request: 0.000029 seconds.
  path: Assets/PolygonSciFiCity/Prefabs/Props/SM_Prop_RubbishPile_03.prefab
  artifactKey: Guid(a018652472678ac4da0156a81a55a871) Importer(815301076,1909f56bfc062723c751e8b465ee728b)
Start importing Assets/PolygonSciFiCity/Prefabs/Props/SM_Prop_RubbishPile_03.prefab using Guid(a018652472678ac4da0156a81a55a871) Importer(815301076,1909f56bfc062723c751e8b465ee728b)  -> (artifact id: 'f408a696c6cc0d9cac0adfcf65f2e7ba') in 0.042367 seconds 
========================================================================
Received Import Request.
  Time since last request: 0.000020 seconds.
  path: Assets/PolygonSciFiCity/Prefabs/Props/SM_Prop_RubbishPile_02.prefab
  artifactKey: Guid(eebb3423a961cfc4ba871f3508cf9083) Importer(815301076,1909f56bfc062723c751e8b465ee728b)
Start importing Assets/PolygonSciFiCity/Prefabs/Props/SM_Prop_RubbishPile_02.prefab using Guid(eebb3423a961cfc4ba871f3508cf9083) Importer(815301076,1909f56bfc062723c751e8b465ee728b)  -> (artifact id: '42f880e353f17b83730258a6d18fc1db') in 0.042240 seconds 
========================================================================
Received Import Request.
  Time since last request: 0.000024 seconds.
  path: Assets/PolygonSciFiCity/Prefabs/Props/SM_Prop_Meat_01.prefab
  artifactKey: Guid(90d280cf6012eb64484448f1ae076fe2) Importer(815301076,1909f56bfc062723c751e8b465ee728b)
Start importing Assets/PolygonSciFiCity/Prefabs/Props/SM_Prop_Meat_01.prefab using Guid(90d280cf6012eb64484448f1ae076fe2) Importer(815301076,1909f56bfc062723c751e8b465ee728b)  -> (artifact id: '67752ee17acedf1110f3190a52d3a331') in 0.041861 seconds 
========================================================================
Received Import Request.
  Time since last request: 0.000020 seconds.
  path: Assets/PolygonSciFiCity/Prefabs/Props/SM_Prop_Posters_01.prefab
  artifactKey: Guid(6f8a5731d498a7941ae27c87225b97f7) Importer(815301076,1909f56bfc062723c751e8b465ee728b)
Start importing Assets/PolygonSciFiCity/Prefabs/Props/SM_Prop_Posters_01.prefab using Guid(6f8a5731d498a7941ae27c87225b97f7) Importer(815301076,1909f56bfc062723c751e8b465ee728b)  -> (artifact id: '50ad4d129d8c9ea1e3220820cb207a1a') in 0.018132 seconds 
========================================================================
Received Import Request.
  Time since last request: 0.000022 seconds.
  path: Assets/PolygonSciFiCity/Prefabs/Props/SM_Prop_Robotic_Part_07.prefab
  artifactKey: Guid(408bdce30c57df44086ab2f5f68581e3) Importer(815301076,1909f56bfc062723c751e8b465ee728b)
Start importing Assets/PolygonSciFiCity/Prefabs/Props/SM_Prop_Robotic_Part_07.prefab using Guid(408bdce30c57df44086ab2f5f68581e3) Importer(815301076,1909f56bfc062723c751e8b465ee728b)  -> (artifact id: '98091abffe04bcb23e493394652cd278') in 0.040782 seconds 
========================================================================
Received Import Request.
  Time since last request: 0.000025 seconds.
  path: Assets/PolygonSciFiCity/Prefabs/Props/SM_Prop_Pipes_03.prefab
  artifactKey: Guid(af8e7b9e234ccc445989f26edf6513ef) Importer(815301076,1909f56bfc062723c751e8b465ee728b)
Start importing Assets/PolygonSciFiCity/Prefabs/Props/SM_Prop_Pipes_03.prefab using Guid(af8e7b9e234ccc445989f26edf6513ef) Importer(815301076,1909f56bfc062723c751e8b465ee728b)  -> (artifact id: 'aa30be49474fe35490e720606d566a01') in 0.038015 seconds 
========================================================================
Received Import Request.
  Time since last request: 0.000044 seconds.
  path: Assets/PolygonSciFiCity/Prefabs/Props/SM_Prop_Posters_02.prefab
  artifactKey: Guid(841772c057afff444a19598c79562f6c) Importer(815301076,1909f56bfc062723c751e8b465ee728b)
Start importing Assets/PolygonSciFiCity/Prefabs/Props/SM_Prop_Posters_02.prefab using Guid(841772c057afff444a19598c79562f6c) Importer(815301076,1909f56bfc062723c751e8b465ee728b)  -> (artifact id: '6c7f3b06c7f91917e19c1537c071a920') in 0.012504 seconds 
========================================================================
Received Import Request.
  Time since last request: 0.000019 seconds.
  path: Assets/PolygonSciFiCity/Prefabs/Props/SM_Prop_Plant_Vase_01.prefab
  artifactKey: Guid(7de50d5a3b0d1c74bb541e18a0d30f0a) Importer(815301076,1909f56bfc062723c751e8b465ee728b)
Start importing Assets/PolygonSciFiCity/Prefabs/Props/SM_Prop_Plant_Vase_01.prefab using Guid(7de50d5a3b0d1c74bb541e18a0d30f0a) Importer(815301076,1909f56bfc062723c751e8b465ee728b)  -> (artifact id: 'ec64fd0365f5eb4efe0e813fbedc738e') in 0.039380 seconds 
========================================================================
Received Import Request.
  Time since last request: 0.000025 seconds.
  path: Assets/PolygonSciFiCity/Prefabs/Props/SM_Prop_RubbishPile_01.prefab
  artifactKey: Guid(9c7e8190761130140ad6d4d31e4fe3e2) Importer(815301076,1909f56bfc062723c751e8b465ee728b)
Start importing Assets/PolygonSciFiCity/Prefabs/Props/SM_Prop_RubbishPile_01.prefab using Guid(9c7e8190761130140ad6d4d31e4fe3e2) Importer(815301076,1909f56bfc062723c751e8b465ee728b)  -> (artifact id: '705da8f0753ef445e3f1d95433911d41') in 0.039379 seconds 
========================================================================
Received Import Request.
  Time since last request: 0.000025 seconds.
  path: Assets/PolygonSciFiCity/Prefabs/Props/SM_Prop_Rubbish_Paper_02.prefab
  artifactKey: Guid(48d192eb8a23949438252bf695765d4d) Importer(815301076,1909f56bfc062723c751e8b465ee728b)
Start importing Assets/PolygonSciFiCity/Prefabs/Props/SM_Prop_Rubbish_Paper_02.prefab using Guid(48d192eb8a23949438252bf695765d4d) Importer(815301076,1909f56bfc062723c751e8b465ee728b)  -> (artifact id: 'dedc1b4f2a8836b6e288ac890378371f') in 0.037271 seconds 
========================================================================
Received Import Request.
  Time since last request: 0.000021 seconds.
  path: Assets/PolygonSciFiCity/Prefabs/Props/SM_Prop_Pillar_03.prefab
  artifactKey: Guid(4677398eb0ca00544824b9c6c9e8c3aa) Importer(815301076,1909f56bfc062723c751e8b465ee728b)
Start importing Assets/PolygonSciFiCity/Prefabs/Props/SM_Prop_Pillar_03.prefab using Guid(4677398eb0ca00544824b9c6c9e8c3aa) Importer(815301076,1909f56bfc062723c751e8b465ee728b)  -> (artifact id: '6dabceb63a205d4083d3eaa0018ff0bf') in 0.044877 seconds 
========================================================================
Received Import Request.
  Time since last request: 0.000023 seconds.
  path: Assets/PolygonSciFiCity/Prefabs/Props/SM_Prop_Pipes_01.prefab
  artifactKey: Guid(ae8a07d8f8f6c28428b661a2a622cc7c) Importer(815301076,1909f56bfc062723c751e8b465ee728b)
Start importing Assets/PolygonSciFiCity/Prefabs/Props/SM_Prop_Pipes_01.prefab using Guid(ae8a07d8f8f6c28428b661a2a622cc7c) Importer(815301076,1909f56bfc062723c751e8b465ee728b)  -> (artifact id: 'c4416aa55a30ec8a65afc303f925a75d') in 0.039076 seconds 
========================================================================
Received Import Request.
  Time since last request: 0.000027 seconds.
  path: Assets/PolygonSciFiCity/Prefabs/Props/SM_Prop_Plant_Vase_02.prefab
  artifactKey: Guid(92cda5d9d5371c6458ab649792ba5e60) Importer(815301076,1909f56bfc062723c751e8b465ee728b)
Start importing Assets/PolygonSciFiCity/Prefabs/Props/SM_Prop_Plant_Vase_02.prefab using Guid(92cda5d9d5371c6458ab649792ba5e60) Importer(815301076,1909f56bfc062723c751e8b465ee728b)  -> (artifact id: '4c1903d3bbb3deb4111a3deacc722877') in 0.042169 seconds 
========================================================================
Received Import Request.
  Time since last request: 0.000026 seconds.
  path: Assets/PolygonSciFiCity/Prefabs/Props/SM_Prop_Robotic_Part_04.prefab
  artifactKey: Guid(61b8f3ab787fda74291bbde164182f3f) Importer(815301076,1909f56bfc062723c751e8b465ee728b)
Start importing Assets/PolygonSciFiCity/Prefabs/Props/SM_Prop_Robotic_Part_04.prefab using Guid(61b8f3ab787fda74291bbde164182f3f) Importer(815301076,1909f56bfc062723c751e8b465ee728b)  -> (artifact id: '48a0f94993e24f0845cda7cd71a06ee0') in 0.041239 seconds 
========================================================================
Received Import Request.
  Time since last request: 0.000018 seconds.
  path: Assets/PolygonSciFiCity/Prefabs/Props/SM_Prop_Pillar_04.prefab
  artifactKey: Guid(e809e6db323b5c14c80b047ecfc18795) Importer(815301076,1909f56bfc062723c751e8b465ee728b)
Start importing Assets/PolygonSciFiCity/Prefabs/Props/SM_Prop_Pillar_04.prefab using Guid(e809e6db323b5c14c80b047ecfc18795) Importer(815301076,1909f56bfc062723c751e8b465ee728b)  -> (artifact id: '9803b011d0818acfa9b2db48f9bf03b6') in 0.041993 seconds 
========================================================================
Received Import Request.
  Time since last request: 0.000017 seconds.
  path: Assets/PolygonSciFiCity/Prefabs/Props/SM_Prop_MarketTable_04.prefab
  artifactKey: Guid(7783a0eeaba15044ab28535f0510b5f3) Importer(815301076,1909f56bfc062723c751e8b465ee728b)
Start importing Assets/PolygonSciFiCity/Prefabs/Props/SM_Prop_MarketTable_04.prefab using Guid(7783a0eeaba15044ab28535f0510b5f3) Importer(815301076,1909f56bfc062723c751e8b465ee728b)  -> (artifact id: '4c66d9b371919d8922576ea142b8b496') in 0.041298 seconds 
========================================================================
Received Import Request.
  Time since last request: 0.000025 seconds.
  path: Assets/PolygonSciFiCity/Prefabs/Props/SM_Prop_Paper_Banner_01.prefab
  artifactKey: Guid(b8991e610cafd4244aa5ee1a42b52097) Importer(815301076,1909f56bfc062723c751e8b465ee728b)
Start importing Assets/PolygonSciFiCity/Prefabs/Props/SM_Prop_Paper_Banner_01.prefab using Guid(b8991e610cafd4244aa5ee1a42b52097) Importer(815301076,1909f56bfc062723c751e8b465ee728b)  -> (artifact id: '703fd8c94cb333a6958ef406224d106c') in 0.040800 seconds 
========================================================================
Received Import Request.
  Time since last request: 0.000029 seconds.
  path: Assets/PolygonSciFiCity/Prefabs/Props/SM_Prop_SciFi_Pad_01.prefab
  artifactKey: Guid(d7a17a433ce072c4f9a1e52299cf0569) Importer(815301076,1909f56bfc062723c751e8b465ee728b)
Start importing Assets/PolygonSciFiCity/Prefabs/Props/SM_Prop_SciFi_Pad_01.prefab using Guid(d7a17a433ce072c4f9a1e52299cf0569) Importer(815301076,1909f56bfc062723c751e8b465ee728b)  -> (artifact id: 'b79beb20d176ae23706e008efb615b5b') in 0.054709 seconds 
========================================================================
Received Import Request.
  Time since last request: 0.000024 seconds.
  path: Assets/PolygonSciFiCity/Prefabs/Props/SM_Prop_Shelf_Wall_Preset_02.prefab
  artifactKey: Guid(4dbf767b22d06b049853e982adea7162) Importer(815301076,1909f56bfc062723c751e8b465ee728b)
Start importing Assets/PolygonSciFiCity/Prefabs/Props/SM_Prop_Shelf_Wall_Preset_02.prefab using Guid(4dbf767b22d06b049853e982adea7162) Importer(815301076,1909f56bfc062723c751e8b465ee728b)  -> (artifact id: '54c0b4fc0699785ac61bd6993962edc1') in 0.042160 seconds 
========================================================================
Received Import Request.
  Time since last request: 0.000036 seconds.
  path: Assets/PolygonSciFiCity/Prefabs/Props/SM_Prop_Sidewalk_Panel_03.prefab
  artifactKey: Guid(2f98ba775e8c8cc4aaf1e3c44721dfcb) Importer(815301076,1909f56bfc062723c751e8b465ee728b)
Start importing Assets/PolygonSciFiCity/Prefabs/Props/SM_Prop_Sidewalk_Panel_03.prefab using Guid(2f98ba775e8c8cc4aaf1e3c44721dfcb) Importer(815301076,1909f56bfc062723c751e8b465ee728b)  -> (artifact id: '88f4abafbfad594d6d2e1adeca40cd34') in 0.045533 seconds 
========================================================================
Received Import Request.
  Time since last request: 0.000021 seconds.
  path: Assets/PolygonSciFiCity/Prefabs/Props/SM_Prop_TrashBag_03.prefab
  artifactKey: Guid(5de9807b57f4b6b458c52fa853b6e16b) Importer(815301076,1909f56bfc062723c751e8b465ee728b)
Start importing Assets/PolygonSciFiCity/Prefabs/Props/SM_Prop_TrashBag_03.prefab using Guid(5de9807b57f4b6b458c52fa853b6e16b) Importer(815301076,1909f56bfc062723c751e8b465ee728b)  -> (artifact id: '434c8fd27557aee08be3421ba7cacca0') in 0.041878 seconds 
========================================================================
Received Import Request.
  Time since last request: 0.000023 seconds.
  path: Assets/PolygonSciFiCity/Prefabs/Props/SM_Prop_StripClub_Stage_02.prefab
  artifactKey: Guid(92c9289d19c6e074d9c51ea15293c0b2) Importer(815301076,1909f56bfc062723c751e8b465ee728b)
Start importing Assets/PolygonSciFiCity/Prefabs/Props/SM_Prop_StripClub_Stage_02.prefab using Guid(92c9289d19c6e074d9c51ea15293c0b2) Importer(815301076,1909f56bfc062723c751e8b465ee728b)  -> (artifact id: 'b1c18f41f3e12d5334b38f03e5ae87ab') in 0.043106 seconds 
========================================================================
Received Import Request.
  Time since last request: 0.000028 seconds.
  path: Assets/PolygonSciFiCity/Prefabs/Props/SM_Prop_WallAttach_Electronics_01.prefab
  artifactKey: Guid(4466056d67f142c4e8369fcf3d717579) Importer(815301076,1909f56bfc062723c751e8b465ee728b)
Start importing Assets/PolygonSciFiCity/Prefabs/Props/SM_Prop_WallAttach_Electronics_01.prefab using Guid(4466056d67f142c4e8369fcf3d717579) Importer(815301076,1909f56bfc062723c751e8b465ee728b)  -> (artifact id: 'd868338312787b16993bbde8b6ca499f') in 0.043249 seconds 
========================================================================
Received Import Request.
  Time since last request: 0.000025 seconds.
  path: Assets/PolygonSciFiCity/Prefabs/Props/SM_Prop_Shelf_Wall_01.prefab
  artifactKey: Guid(b212ce2e754d67840bd1d7cbdc25a47a) Importer(815301076,1909f56bfc062723c751e8b465ee728b)
Start importing Assets/PolygonSciFiCity/Prefabs/Props/SM_Prop_Shelf_Wall_01.prefab using Guid(b212ce2e754d67840bd1d7cbdc25a47a) Importer(815301076,1909f56bfc062723c751e8b465ee728b)  -> (artifact id: '5a8d9f7a2e97682a1cdb1262afb71e8f') in 0.043208 seconds 
========================================================================
Received Import Request.
  Time since last request: 0.000028 seconds.
  path: Assets/PolygonSciFiCity/Prefabs/Props/SM_Prop_Sidewalk_Panel_05.prefab
  artifactKey: Guid(1616b4b5aee7ec94fb1ecd0da1f195c6) Importer(815301076,1909f56bfc062723c751e8b465ee728b)
Start importing Assets/PolygonSciFiCity/Prefabs/Props/SM_Prop_Sidewalk_Panel_05.prefab using Guid(1616b4b5aee7ec94fb1ecd0da1f195c6) Importer(815301076,1909f56bfc062723c751e8b465ee728b)  -> (artifact id: '60d5cb60f34002b6e48fdfb258417c7a') in 0.053172 seconds 
========================================================================
Received Import Request.
  Time since last request: 0.000067 seconds.
  path: Assets/PolygonSciFiCity/Prefabs/Props/SM_Prop_StripClub_Chair_01.prefab
  artifactKey: Guid(81b5f406b403acb4a900c1525507b489) Importer(815301076,1909f56bfc062723c751e8b465ee728b)
Start importing Assets/PolygonSciFiCity/Prefabs/Props/SM_Prop_StripClub_Chair_01.prefab using Guid(81b5f406b403acb4a900c1525507b489) Importer(815301076,1909f56bfc062723c751e8b465ee728b)  -> (artifact id: 'e7e926ca9972a3d9f73b2949bb0e2b3f') in 0.040709 seconds 
========================================================================
Received Import Request.
  Time since last request: 0.000025 seconds.
  path: Assets/PolygonSciFiCity/Prefabs/Props/SM_Prop_StripClub_Sofa_01.prefab
  artifactKey: Guid(fbcc69c45b0211241a8f8020bb63f721) Importer(815301076,1909f56bfc062723c751e8b465ee728b)
Start importing Assets/PolygonSciFiCity/Prefabs/Props/SM_Prop_StripClub_Sofa_01.prefab using Guid(fbcc69c45b0211241a8f8020bb63f721) Importer(815301076,1909f56bfc062723c751e8b465ee728b)  -> (artifact id: '8ad6c17a74406e0eaf3d0143ee6f570e') in 0.041320 seconds 
========================================================================
Received Import Request.
  Time since last request: 0.000022 seconds.
  path: Assets/PolygonSciFiCity/Prefabs/Props/SM_Prop_Sidewalk_Panel_04.prefab
  artifactKey: Guid(4489d306ac415cb4ab5f611d78af9591) Importer(815301076,1909f56bfc062723c751e8b465ee728b)
Start importing Assets/PolygonSciFiCity/Prefabs/Props/SM_Prop_Sidewalk_Panel_04.prefab using Guid(4489d306ac415cb4ab5f611d78af9591) Importer(815301076,1909f56bfc062723c751e8b465ee728b)  -> (artifact id: '199f458004361aa95022ea4c6e06c17b') in 0.048357 seconds 
========================================================================
Received Import Request.
  Time since last request: 0.000018 seconds.
  path: Assets/PolygonSciFiCity/Prefabs/Props/SM_Prop_Window_Bolts_01.prefab
  artifactKey: Guid(efb9dd86d720b6b4fbf1214d65eb4962) Importer(815301076,1909f56bfc062723c751e8b465ee728b)
Start importing Assets/PolygonSciFiCity/Prefabs/Props/SM_Prop_Window_Bolts_01.prefab using Guid(efb9dd86d720b6b4fbf1214d65eb4962) Importer(815301076,1909f56bfc062723c751e8b465ee728b)  -> (artifact id: '5c8691b42569cdeb1f2981cdd5dba0ef') in 0.041648 seconds 
========================================================================
Received Import Request.
  Time since last request: 0.000019 seconds.
  path: Assets/PolygonSciFiCity/Prefabs/Props/SM_Prop_StripClub_Table_01.prefab
  artifactKey: Guid(11f4485fae28000449156b9af4b3af06) Importer(815301076,1909f56bfc062723c751e8b465ee728b)
Start importing Assets/PolygonSciFiCity/Prefabs/Props/SM_Prop_StripClub_Table_01.prefab using Guid(11f4485fae28000449156b9af4b3af06) Importer(815301076,1909f56bfc062723c751e8b465ee728b)  -> (artifact id: '77e026dceec00a8accec692e7035b532') in 0.041225 seconds 
========================================================================
Received Import Request.
  Time since last request: 0.000025 seconds.
  path: Assets/PolygonSciFiCity/Prefabs/Props/SM_Prop_Shelf_Wall_Preset_03.prefab
  artifactKey: Guid(2e3f89d7e5e86e940a3b315db7f449bf) Importer(815301076,1909f56bfc062723c751e8b465ee728b)
Start importing Assets/PolygonSciFiCity/Prefabs/Props/SM_Prop_Shelf_Wall_Preset_03.prefab using Guid(2e3f89d7e5e86e940a3b315db7f449bf) Importer(815301076,1909f56bfc062723c751e8b465ee728b)  -> (artifact id: 'a019cb6b43901b6050b4c99f181cf8dc') in 0.039488 seconds 
========================================================================
Received Import Request.
  Time since last request: 0.000028 seconds.
  path: Assets/PolygonSciFiCity/Prefabs/Props/SM_Prop_VendingMachine_01.prefab
  artifactKey: Guid(8ba9f6f578fbcc14bab044d1234ab1a1) Importer(815301076,1909f56bfc062723c751e8b465ee728b)
Start importing Assets/PolygonSciFiCity/Prefabs/Props/SM_Prop_VendingMachine_01.prefab using Guid(8ba9f6f578fbcc14bab044d1234ab1a1) Importer(815301076,1909f56bfc062723c751e8b465ee728b)  -> (artifact id: 'df6130e14ae4718e9098dbff82931497') in 0.039221 seconds 
========================================================================
Received Import Request.
  Time since last request: 0.000019 seconds.
  path: Assets/PolygonSciFiCity/Prefabs/Props/SM_Prop_Security_Monitor_01.prefab
  artifactKey: Guid(d2e502aca5c81b24aa4e0ef05944eb0b) Importer(815301076,1909f56bfc062723c751e8b465ee728b)
Start importing Assets/PolygonSciFiCity/Prefabs/Props/SM_Prop_Security_Monitor_01.prefab using Guid(d2e502aca5c81b24aa4e0ef05944eb0b) Importer(815301076,1909f56bfc062723c751e8b465ee728b)  -> (artifact id: '0dd12397f5cc7eaa3afd74da2d1c113a') in 0.038532 seconds 
========================================================================
Received Import Request.
  Time since last request: 0.000022 seconds.
  path: Assets/PolygonSciFiCity/Prefabs/Props/SM_Prop_StripClub_Curtain_01.prefab
  artifactKey: Guid(ce309f119085e61408c79a5c1004fef6) Importer(815301076,1909f56bfc062723c751e8b465ee728b)
Start importing Assets/PolygonSciFiCity/Prefabs/Props/SM_Prop_StripClub_Curtain_01.prefab using Guid(ce309f119085e61408c79a5c1004fef6) Importer(815301076,1909f56bfc062723c751e8b465ee728b)  -> (artifact id: '4e3c8621f09ce200c4171666ad3e5f51') in 0.040783 seconds 
========================================================================
Received Import Request.
  Time since last request: 0.000023 seconds.
  path: Assets/PolygonSciFiCity/Prefabs/Props/SM_Prop_Wall_Table_01.prefab
  artifactKey: Guid(1e232ff12ecd5ca43a581516f3db5334) Importer(815301076,1909f56bfc062723c751e8b465ee728b)
Start importing Assets/PolygonSciFiCity/Prefabs/Props/SM_Prop_Wall_Table_01.prefab using Guid(1e232ff12ecd5ca43a581516f3db5334) Importer(815301076,1909f56bfc062723c751e8b465ee728b)  -> (artifact id: '6614b9eb1907d3f17bb48ed40c7e2970') in 0.041647 seconds 
========================================================================
Received Import Request.
  Time since last request: 0.000032 seconds.
  path: Assets/PolygonSciFiCity/Prefabs/Props/SM_Prop_StripClub_Stage_01.prefab
  artifactKey: Guid(be44309cef5882442b00c2e42cb13f73) Importer(815301076,1909f56bfc062723c751e8b465ee728b)
Start importing Assets/PolygonSciFiCity/Prefabs/Props/SM_Prop_StripClub_Stage_01.prefab using Guid(be44309cef5882442b00c2e42cb13f73) Importer(815301076,1909f56bfc062723c751e8b465ee728b)  -> (artifact id: 'a2f2ceb743e57a7a0d71b131530569d1') in 0.041480 seconds 
========================================================================
Received Import Request.
  Time since last request: 0.000023 seconds.
  path: Assets/PolygonSciFiCity/Prefabs/Props/SM_Prop_SatDish_Base_01.prefab
  artifactKey: Guid(4f3e768c235f75a45ad6ba9206ccf11c) Importer(815301076,1909f56bfc062723c751e8b465ee728b)
Start importing Assets/PolygonSciFiCity/Prefabs/Props/SM_Prop_SatDish_Base_01.prefab using Guid(4f3e768c235f75a45ad6ba9206ccf11c) Importer(815301076,1909f56bfc062723c751e8b465ee728b)  -> (artifact id: '8ca562044793ff61ee02b992d3b40712') in 0.040935 seconds 
========================================================================
Received Import Request.
  Time since last request: 0.000034 seconds.
  path: Assets/PolygonSciFiCity/Prefabs/Props/SM_Prop_Meat_02.prefab
  artifactKey: Guid(0de710059ca0be3429bc6272fedc3e39) Importer(815301076,1909f56bfc062723c751e8b465ee728b)
Start importing Assets/PolygonSciFiCity/Prefabs/Props/SM_Prop_Meat_02.prefab using Guid(0de710059ca0be3429bc6272fedc3e39) Importer(815301076,1909f56bfc062723c751e8b465ee728b)  -> (artifact id: '78171f35a9b3141480bbc543b48ef6c7') in 0.043082 seconds 
========================================================================
Received Import Request.
  Time since last request: 0.000021 seconds.
  path: Assets/PolygonSciFiCity/Prefabs/Props/SM_Prop_Rubbish_Paper_03.prefab
  artifactKey: Guid(f4e7aafddc507f340b682560df2b00f6) Importer(815301076,1909f56bfc062723c751e8b465ee728b)
Start importing Assets/PolygonSciFiCity/Prefabs/Props/SM_Prop_Rubbish_Paper_03.prefab using Guid(f4e7aafddc507f340b682560df2b00f6) Importer(815301076,1909f56bfc062723c751e8b465ee728b)  -> (artifact id: '9756047582c8ddbd374a75c19ddad38a') in 0.040850 seconds 
========================================================================
Received Import Request.
  Time since last request: 0.000025 seconds.
  path: Assets/PolygonSciFiCity/Prefabs/Props/SM_Prop_Wall_Prop_01.prefab
  artifactKey: Guid(44bcc73259db3f74aab6907bbcdc2884) Importer(815301076,1909f56bfc062723c751e8b465ee728b)
Start importing Assets/PolygonSciFiCity/Prefabs/Props/SM_Prop_Wall_Prop_01.prefab using Guid(44bcc73259db3f74aab6907bbcdc2884) Importer(815301076,1909f56bfc062723c751e8b465ee728b)  -> (artifact id: '755272427ee95c911dc0023593be9ea4') in 0.041659 seconds 
========================================================================
Received Import Request.
  Time since last request: 0.000033 seconds.
  path: Assets/PolygonSciFiCity/Prefabs/Props/SM_Prop_WallAttach_Electronics_05.prefab
  artifactKey: Guid(f953c33f678a9fc4cadce6c7241519aa) Importer(815301076,1909f56bfc062723c751e8b465ee728b)
Start importing Assets/PolygonSciFiCity/Prefabs/Props/SM_Prop_WallAttach_Electronics_05.prefab using Guid(f953c33f678a9fc4cadce6c7241519aa) Importer(815301076,1909f56bfc062723c751e8b465ee728b)  -> (artifact id: '0dd62850915a8c20662f35723996f534') in 0.046911 seconds 
========================================================================
Received Import Request.
  Time since last request: 0.000019 seconds.
  path: Assets/PolygonSciFiCity/Prefabs/Props/SM_Prop_Office_Chair_01.prefab
  artifactKey: Guid(e4f7e14bc7c7b084da102cf695d3a557) Importer(815301076,1909f56bfc062723c751e8b465ee728b)
Start importing Assets/PolygonSciFiCity/Prefabs/Props/SM_Prop_Office_Chair_01.prefab using Guid(e4f7e14bc7c7b084da102cf695d3a557) Importer(815301076,1909f56bfc062723c751e8b465ee728b)  -> (artifact id: '9faa9d14f53811ab04e93913cc5cfedd') in 0.039211 seconds 
========================================================================
Received Import Request.
  Time since last request: 0.000022 seconds.
  path: Assets/PolygonSciFiCity/Prefabs/Props/SM_Prop_Overhang_02.prefab
  artifactKey: Guid(cbec88d910318dd4486719acc336405c) Importer(815301076,1909f56bfc062723c751e8b465ee728b)
Start importing Assets/PolygonSciFiCity/Prefabs/Props/SM_Prop_Overhang_02.prefab using Guid(cbec88d910318dd4486719acc336405c) Importer(815301076,1909f56bfc062723c751e8b465ee728b)  -> (artifact id: '822cba03185bc1489bb33a631eabbe12') in 0.040875 seconds 
========================================================================
Received Import Request.
  Time since last request: 0.000032 seconds.
  path: Assets/PolygonSciFiCity/Prefabs/Props/SM_Prop_Security_Camera_02.prefab
  artifactKey: Guid(9126448fb9094a74eb4ea5249361cdbd) Importer(815301076,1909f56bfc062723c751e8b465ee728b)
Start importing Assets/PolygonSciFiCity/Prefabs/Props/SM_Prop_Security_Camera_02.prefab using Guid(9126448fb9094a74eb4ea5249361cdbd) Importer(815301076,1909f56bfc062723c751e8b465ee728b)  -> (artifact id: '886d4c36968fb6211b90f565d2505113') in 0.040170 seconds 
========================================================================
Received Import Request.
  Time since last request: 0.000021 seconds.
  path: Assets/PolygonSciFiCity/Prefabs/Props/SM_Prop_Sidewalk_Panel_01.prefab
  artifactKey: Guid(9797a32a9292ad9419299827ae26b84f) Importer(815301076,1909f56bfc062723c751e8b465ee728b)
Start importing Assets/PolygonSciFiCity/Prefabs/Props/SM_Prop_Sidewalk_Panel_01.prefab using Guid(9797a32a9292ad9419299827ae26b84f) Importer(815301076,1909f56bfc062723c751e8b465ee728b)  -> (artifact id: 'ece26fbddbf560854b1d6138f6e9bfe3') in 0.041479 seconds 
========================================================================
Received Import Request.
  Time since last request: 0.000023 seconds.
  path: Assets/PolygonSciFiCity/Prefabs/Props/SM_Prop_Window_Shutter_01.prefab
  artifactKey: Guid(49e9786a41b5aaf4f837591a70762e30) Importer(815301076,1909f56bfc062723c751e8b465ee728b)
Start importing Assets/PolygonSciFiCity/Prefabs/Props/SM_Prop_Window_Shutter_01.prefab using Guid(49e9786a41b5aaf4f837591a70762e30) Importer(815301076,1909f56bfc062723c751e8b465ee728b)  -> (artifact id: 'd2aa5652e9003cf49735ed99b2d3d709') in 0.060518 seconds 
========================================================================
Received Import Request.
  Time since last request: 0.000025 seconds.
  path: Assets/PolygonSciFiCity/Prefabs/Props/SM_Prop_Watercooler_01.prefab
  artifactKey: Guid(fa6b8ca1a9514294a90e679dcf57b29e) Importer(815301076,1909f56bfc062723c751e8b465ee728b)
Start importing Assets/PolygonSciFiCity/Prefabs/Props/SM_Prop_Watercooler_01.prefab using Guid(fa6b8ca1a9514294a90e679dcf57b29e) Importer(815301076,1909f56bfc062723c751e8b465ee728b)  -> (artifact id: '602e9a0190a4a2eed1ffb9b51ff5bd0a') in 0.047470 seconds 
========================================================================
Received Import Request.
  Time since last request: 0.000035 seconds.
  path: Assets/PolygonSciFiCity/Prefabs/Props/SM_Prop_Sidewalk_Rubble_01.prefab
  artifactKey: Guid(a9089a8996de8574c8a12b63cba7a0b5) Importer(815301076,1909f56bfc062723c751e8b465ee728b)
Start importing Assets/PolygonSciFiCity/Prefabs/Props/SM_Prop_Sidewalk_Rubble_01.prefab using Guid(a9089a8996de8574c8a12b63cba7a0b5) Importer(815301076,1909f56bfc062723c751e8b465ee728b)  -> (artifact id: '143999b8739a069ab5a305eee58308c2') in 0.055836 seconds 
========================================================================
Received Import Request.
  Time since last request: 0.000050 seconds.
  path: Assets/PolygonSciFiCity/Prefabs/Props/SM_Prop_WallAttach_Electronics_04.prefab
  artifactKey: Guid(82155322b0937bd409b9d45d4142e450) Importer(815301076,1909f56bfc062723c751e8b465ee728b)
Start importing Assets/PolygonSciFiCity/Prefabs/Props/SM_Prop_WallAttach_Electronics_04.prefab using Guid(82155322b0937bd409b9d45d4142e450) Importer(815301076,1909f56bfc062723c751e8b465ee728b)  -> (artifact id: '3df0b5e33017dceaa6da5d7ed8b4f8ba') in 0.050124 seconds 
========================================================================
Received Import Request.
  Time since last request: 0.000022 seconds.
  path: Assets/PolygonSciFiCity/Prefabs/Props/SM_Prop_TrashBag_01.prefab
  artifactKey: Guid(6327f3b529212ab4692c4ce3714ab082) Importer(815301076,1909f56bfc062723c751e8b465ee728b)
Start importing Assets/PolygonSciFiCity/Prefabs/Props/SM_Prop_TrashBag_01.prefab using Guid(6327f3b529212ab4692c4ce3714ab082) Importer(815301076,1909f56bfc062723c751e8b465ee728b)  -> (artifact id: '7771ea78ef61ad75a1d96ff3646bc1d2') in 0.066827 seconds 
========================================================================
Received Import Request.
  Time since last request: 0.000023 seconds.
  path: Assets/PolygonSciFiCity/Prefabs/Props/SM_Prop_Robotic_Part_02.prefab
  artifactKey: Guid(d706e3bea7d32ea4b91e08975d63320f) Importer(815301076,1909f56bfc062723c751e8b465ee728b)
Start importing Assets/PolygonSciFiCity/Prefabs/Props/SM_Prop_Robotic_Part_02.prefab using Guid(d706e3bea7d32ea4b91e08975d63320f) Importer(815301076,1909f56bfc062723c751e8b465ee728b)  -> (artifact id: 'c2d30e9407c7ec23ff6ac87403b81fcf') in 0.058206 seconds 
========================================================================
Received Import Request.
  Time since last request: 0.000031 seconds.
  path: Assets/PolygonSciFiCity/Prefabs/Props/SM_Prop_Robotic_Part_06.prefab
  artifactKey: Guid(df27cace1f3244a4ea0f233712d8740e) Importer(815301076,1909f56bfc062723c751e8b465ee728b)
Start importing Assets/PolygonSciFiCity/Prefabs/Props/SM_Prop_Robotic_Part_06.prefab using Guid(df27cace1f3244a4ea0f233712d8740e) Importer(815301076,1909f56bfc062723c751e8b465ee728b)  -> (artifact id: '63b0db6fd397e88efcaff7d5a0173614') in 0.053085 seconds 
========================================================================
Received Import Request.
  Time since last request: 0.000038 seconds.
  path: Assets/PolygonSciFiCity/Prefabs/Props/SM_Prop_Posters_03.prefab
  artifactKey: Guid(0a257c3bc10a86c4abdc82e3baec91e1) Importer(815301076,1909f56bfc062723c751e8b465ee728b)
Start importing Assets/PolygonSciFiCity/Prefabs/Props/SM_Prop_Posters_03.prefab using Guid(0a257c3bc10a86c4abdc82e3baec91e1) Importer(815301076,1909f56bfc062723c751e8b465ee728b)  -> (artifact id: '826b39feae7c3bbd4a3bd4326bec19de') in 0.018156 seconds 
========================================================================
Received Import Request.
  Time since last request: 0.000060 seconds.
  path: Assets/PolygonSciFiCity/Prefabs/Props/SM_Prop_Rubbish_Bin_01.prefab
  artifactKey: Guid(c827c24f41bb1224aa742a2a9b9f2aa4) Importer(815301076,1909f56bfc062723c751e8b465ee728b)
Start importing Assets/PolygonSciFiCity/Prefabs/Props/SM_Prop_Rubbish_Bin_01.prefab using Guid(c827c24f41bb1224aa742a2a9b9f2aa4) Importer(815301076,1909f56bfc062723c751e8b465ee728b)  -> (artifact id: 'a827c31d17312903f730ec060a3a839b') in 0.061955 seconds 
========================================================================
Received Import Request.
  Time since last request: 0.000043 seconds.
  path: Assets/PolygonSciFiCity/Prefabs/Props/SM_Prop_Pillar_01.prefab
  artifactKey: Guid(0b1d025fb128aef49a9892bd63865ced) Importer(815301076,1909f56bfc062723c751e8b465ee728b)
Start importing Assets/PolygonSciFiCity/Prefabs/Props/SM_Prop_Pillar_01.prefab using Guid(0b1d025fb128aef49a9892bd63865ced) Importer(815301076,1909f56bfc062723c751e8b465ee728b)  -> (artifact id: 'b2b3dd70a9a3cef5b64584223f891f6b') in 0.061893 seconds 
========================================================================
Received Import Request.
  Time since last request: 0.000036 seconds.
  path: Assets/PolygonSciFiCity/Prefabs/Props/SM_Prop_Meat_03.prefab
  artifactKey: Guid(6eee665d2628dde4eb0b8556904233fa) Importer(815301076,1909f56bfc062723c751e8b465ee728b)
Start importing Assets/PolygonSciFiCity/Prefabs/Props/SM_Prop_Meat_03.prefab using Guid(6eee665d2628dde4eb0b8556904233fa) Importer(815301076,1909f56bfc062723c751e8b465ee728b)  -> (artifact id: 'f6e21725e8a31cf00b30801577c0f132') in 0.061534 seconds 
========================================================================
Received Import Request.
  Time since last request: 0.000036 seconds.
  path: Assets/PolygonSciFiCity/Prefabs/Props/SM_Prop_Noodles_01.prefab
  artifactKey: Guid(a43086555232f7c41bc875b5e5ccd081) Importer(815301076,1909f56bfc062723c751e8b465ee728b)
Start importing Assets/PolygonSciFiCity/Prefabs/Props/SM_Prop_Noodles_01.prefab using Guid(a43086555232f7c41bc875b5e5ccd081) Importer(815301076,1909f56bfc062723c751e8b465ee728b)  -> (artifact id: '981a734d9129d68d7411b583f2da08da') in 0.043333 seconds 
========================================================================
Received Import Request.
  Time since last request: 0.591259 seconds.
  path: Assets/PolygonSciFiCity/Prefabs/Environments/SM_Env_Graffiti_Ground_05.prefab
  artifactKey: Guid(225be330fbd18c64ca86a8d1d52f2002) Importer(815301076,1909f56bfc062723c751e8b465ee728b)
Start importing Assets/PolygonSciFiCity/Prefabs/Environments/SM_Env_Graffiti_Ground_05.prefab using Guid(225be330fbd18c64ca86a8d1d52f2002) Importer(815301076,1909f56bfc062723c751e8b465ee728b)  -> (artifact id: '04564d780f34d0b6896ce9010ec5edb7') in 0.016107 seconds 
========================================================================
Received Import Request.
  Time since last request: 0.000023 seconds.
  path: Assets/PolygonSciFiCity/Prefabs/Environments/SM_Env_Graffiti_Wall_03.prefab
  artifactKey: Guid(30b74090ba79abb4a921ed08cf6365c6) Importer(815301076,1909f56bfc062723c751e8b465ee728b)
Start importing Assets/PolygonSciFiCity/Prefabs/Environments/SM_Env_Graffiti_Wall_03.prefab using Guid(30b74090ba79abb4a921ed08cf6365c6) Importer(815301076,1909f56bfc062723c751e8b465ee728b)  -> (artifact id: 'bcbd9a3634214ad421f7285cc744e5bc') in 0.014958 seconds 
Editor requested this worker to shutdown with reason: Scaling down because of idle timeout
AssetImportWorker is now disconnected from the server
Process exiting
Exiting without the bug reporter. Application will terminate with return code 0