Using pre-set license
Built from '2021.3/staging' branch; Version is '2021.3.23f1 (213b516bf396) revision 2177873'; Using compiler version '192829333'; Build Type 'Release'
OS: 'Windows 10  (10.0.19045) 64bit Education' Language: 'en' Physical Memory: 16072 MB
BatchMode: 1, IsHumanControllingUs: 0, StartBugReporterOnCrash: 0, Is64bit: 1, IsPro: 1

COMMAND LINE ARGUMENTS:
C:\Program Files\Unity\Hub\Editor\2021.3.23f1\Editor\Unity.exe
-adb2
-batchMode
-noUpm
-name
AssetImportWorker3
-projectPath
D:/Year13AGRacer/UnityProject
-logFile
Logs/AssetImportWorker3.log
-srvPort
63761
Successfully changed project path to: D:/Year13AGRacer/UnityProject
D:/Year13AGRacer/UnityProject
[UnityMemory] Configuration Parameters - Can be set up in boot.config
    "memorysetup-bucket-allocator-granularity=16"
    "memorysetup-bucket-allocator-bucket-count=8"
    "memorysetup-bucket-allocator-block-size=33554432"
    "memorysetup-bucket-allocator-block-count=8"
    "memorysetup-main-allocator-block-size=16777216"
    "memorysetup-thread-allocator-block-size=16777216"
    "memorysetup-gfx-main-allocator-block-size=16777216"
    "memorysetup-gfx-thread-allocator-block-size=16777216"
    "memorysetup-cache-allocator-block-size=4194304"
    "memorysetup-typetree-allocator-block-size=2097152"
    "memorysetup-profiler-bucket-allocator-granularity=16"
    "memorysetup-profiler-bucket-allocator-bucket-count=8"
    "memorysetup-profiler-bucket-allocator-block-size=33554432"
    "memorysetup-profiler-bucket-allocator-block-count=8"
    "memorysetup-profiler-allocator-block-size=16777216"
    "memorysetup-profiler-editor-allocator-block-size=1048576"
    "memorysetup-temp-allocator-size-main=16777216"
    "memorysetup-job-temp-allocator-block-size=2097152"
    "memorysetup-job-temp-allocator-block-size-background=1048576"
    "memorysetup-job-temp-allocator-reduction-small-platforms=262144"
    "memorysetup-temp-allocator-size-background-worker=32768"
    "memorysetup-temp-allocator-size-job-worker=262144"
    "memorysetup-temp-allocator-size-preload-manager=33554432"
    "memorysetup-temp-allocator-size-nav-mesh-worker=65536"
    "memorysetup-temp-allocator-size-audio-worker=65536"
    "memorysetup-temp-allocator-size-cloud-worker=32768"
    "memorysetup-temp-allocator-size-gi-baking-worker=262144"
    "memorysetup-temp-allocator-size-gfx=262144"
Player connection [2648] Host "[IP] 192.168.101.137 [Port] 0 [Flags] 2 [Guid] 406319739 [EditorId] 406319739 [Version] 1048832 [Id] WindowsEditor(7,KHWS710) [Debug] 1 [PackageName] WindowsEditor [ProjectName] Editor" joined multi-casting on [225.0.0.222:54997]...

Player connection [2648] Host "[IP] 192.168.101.137 [Port] 0 [Flags] 2 [Guid] 406319739 [EditorId] 406319739 [Version] 1048832 [Id] WindowsEditor(7,KHWS710) [Debug] 1 [PackageName] WindowsEditor [ProjectName] Editor" joined alternative multi-casting on [225.0.0.222:34997]...

Refreshing native plugins compatible for Editor in 165.87 ms, found 3 plugins.
Preloading 0 native plugins for Editor in 0.00 ms.
Initialize engine version: 2021.3.23f1 (213b516bf396)
[Subsystems] Discovering subsystems at path C:/Program Files/Unity/Hub/Editor/2021.3.23f1/Editor/Data/Resources/UnitySubsystems
[Subsystems] Discovering subsystems at path D:/Year13AGRacer/UnityProject/Assets
GfxDevice: creating device client; threaded=0; jobified=0
Direct3D:
    Version:  Direct3D 11.0 [level 11.1]
    Renderer: NVIDIA GeForce RTX 3070 (ID=0x2488)
    Vendor:   NVIDIA
    VRAM:     8031 MB
    Driver:   31.0.15.2698
Initialize mono
Mono path[0] = 'C:/Program Files/Unity/Hub/Editor/2021.3.23f1/Editor/Data/Managed'
Mono path[1] = 'C:/Program Files/Unity/Hub/Editor/2021.3.23f1/Editor/Data/MonoBleedingEdge/lib/mono/unityjit-win32'
Mono config path = 'C:/Program Files/Unity/Hub/Editor/2021.3.23f1/Editor/Data/MonoBleedingEdge/etc'
Using monoOptions --debugger-agent=transport=dt_socket,embedding=1,server=y,suspend=n,address=127.0.0.1:56212
Begin MonoManager ReloadAssembly
Registering precompiled unity dll's ...
Register platform support module: C:/Program Files/Unity/Hub/Editor/2021.3.23f1/Editor/Data/PlaybackEngines/WebGLSupport/UnityEditor.WebGL.Extensions.dll
Register platform support module: C:/Program Files/Unity/Hub/Editor/2021.3.23f1/Editor/Data/PlaybackEngines/WindowsStandaloneSupport/UnityEditor.WindowsStandalone.Extensions.dll
Registered in 0.116464 seconds.
Native extension for WindowsStandalone target not found
Native extension for WebGL target not found
Refreshing native plugins compatible for Editor in 88.17 ms, found 3 plugins.
Preloading 0 native plugins for Editor in 0.00 ms.
Mono: successfully reloaded assembly
- Completed reload, in  3.501 seconds
Domain Reload Profiling:
	ReloadAssembly (3501ms)
		BeginReloadAssembly (2376ms)
			ExecutionOrderSort (0ms)
			DisableScriptedObjects (0ms)
			BackupInstance (0ms)
			ReleaseScriptingObjects (0ms)
			CreateAndSetChildDomain (1ms)
		EndReloadAssembly (769ms)
			LoadAssemblies (2377ms)
			RebuildTransferFunctionScriptingTraits (0ms)
			SetupTypeCache (401ms)
			ReleaseScriptCaches (0ms)
			RebuildScriptCaches (27ms)
			SetupLoadedEditorAssemblies (288ms)
				LogAssemblyErrors (0ms)
				InitializePlatformSupportModulesInManaged (9ms)
				SetLoadedEditorAssemblies (0ms)
				RefreshPlugins (88ms)
				BeforeProcessingInitializeOnLoad (1ms)
				ProcessInitializeOnLoadAttributes (139ms)
				ProcessInitializeOnLoadMethodAttributes (50ms)
				AfterProcessingInitializeOnLoad (0ms)
				EditorAssembliesLoaded (0ms)
			ExecutionOrderSort2 (0ms)
			AwakeInstancesAfterBackupRestoration (0ms)
Platform modules already initialized, skipping
Registering precompiled user dll's ...
Registered in 0.785139 seconds.
Begin MonoManager ReloadAssembly
Symbol file LoadedFromMemory doesn't match image D:\Year13AGRacer\UnityProject\Library\PackageCache\com.unity.visualscripting@1.8.0\Editor\VisualScripting.Core\Dependencies\YamlDotNet\Unity.VisualScripting.YamlDotNet.dll
Symbol file LoadedFromMemory doesn't match image D:\Year13AGRacer\UnityProject\Library\PackageCache\com.unity.visualscripting@1.8.0\Editor\VisualScripting.Core\Dependencies\DotNetZip\Unity.VisualScripting.IonicZip.dll
Native extension for WindowsStandalone target not found
Native extension for WebGL target not found
Refreshing native plugins compatible for Editor in 0.87 ms, found 3 plugins.
Preloading 0 native plugins for Editor in 0.00 ms.
Mono: successfully reloaded assembly
- Completed reload, in  3.168 seconds
Domain Reload Profiling:
	ReloadAssembly (3169ms)
		BeginReloadAssembly (115ms)
			ExecutionOrderSort (0ms)
			DisableScriptedObjects (6ms)
			BackupInstance (0ms)
			ReleaseScriptingObjects (0ms)
			CreateAndSetChildDomain (23ms)
		EndReloadAssembly (2931ms)
			LoadAssemblies (1847ms)
			RebuildTransferFunctionScriptingTraits (0ms)
			SetupTypeCache (599ms)
			ReleaseScriptCaches (1ms)
			RebuildScriptCaches (61ms)
			SetupLoadedEditorAssemblies (387ms)
				LogAssemblyErrors (0ms)
				InitializePlatformSupportModulesInManaged (7ms)
				SetLoadedEditorAssemblies (0ms)
				RefreshPlugins (1ms)
				BeforeProcessingInitializeOnLoad (88ms)
				ProcessInitializeOnLoadAttributes (262ms)
				ProcessInitializeOnLoadMethodAttributes (23ms)
				AfterProcessingInitializeOnLoad (7ms)
				EditorAssembliesLoaded (0ms)
			ExecutionOrderSort2 (0ms)
			AwakeInstancesAfterBackupRestoration (6ms)
Platform modules already initialized, skipping
========================================================================
Worker process is ready to serve import requests
Launched and connected shader compiler UnityShaderCompiler.exe after 0.04 seconds
Refreshing native plugins compatible for Editor in 1.01 ms, found 3 plugins.
Preloading 0 native plugins for Editor in 0.00 ms.
Unloading 3210 Unused Serialized files (Serialized files now loaded: 0)
Unloading 37 unused Assets / (184.9 KB). Loaded Objects now: 3687.
Memory consumption went from 129.7 MB to 129.6 MB.
Total: 3.582600 ms (FindLiveObjects: 0.426700 ms CreateObjectMapping: 0.088700 ms MarkObjects: 2.888100 ms  DeleteObjects: 0.178400 ms)

AssetImportParameters requested are different than current active one (requested -> active):
  custom:video-decoder-ogg-theora: a1e56fd34408186e4bbccfd4996cb3dc -> 
  custom:container-muxer-webm: aa71ff27fc2769a1b78a27578f13a17b -> 
  custom:container-demuxer-webm: 4f35f7cbe854078d1ac9338744f61a02 -> 
  custom:video-encoder-webm-vp8: eb34c28f22e8b96e1ab97ce403110664 -> 
  custom:audio-encoder-webm-vorbis: bf7c407c2cedff20999df2af8eb42d56 -> 
  custom:framework-win-MediaFoundation: 216162199b28c13a410421893ffa2e32 -> 
  custom:container-demuxer-ogg: 62fdf1f143b41e24485cea50d1cbac27 -> 
  custom:video-decoder-webm-vp8: 9c59270c3fd7afecdb556c50c9e8de78 -> 
  custom:audio-decoder-ogg-vorbis: bf7c407c2cedff20999df2af8eb42d56 -> 
========================================================================
Received Import Request.
  Time since last request: 1884.444650 seconds.
  path: Assets/PolygonSciFiCity/Prefabs/Signs/SM_Sign_Neon_Flat_03.prefab
  artifactKey: Guid(9d79f36288d1ae945bfe291c26aab304) Importer(815301076,1909f56bfc062723c751e8b465ee728b)
Start importing Assets/PolygonSciFiCity/Prefabs/Signs/SM_Sign_Neon_Flat_03.prefab using Guid(9d79f36288d1ae945bfe291c26aab304) Importer(815301076,1909f56bfc062723c751e8b465ee728b)  -> (artifact id: '51517b34d956a9f5f9654ad67de8fffa') in 0.154648 seconds 
========================================================================
Received Import Request.
  Time since last request: 0.000035 seconds.
  path: Assets/PolygonSciFiCity/Prefabs/Props/SM_Prop_Crate_Military_03.prefab
  artifactKey: Guid(a0f6f4dbff1ec264ba2063a62fd5f986) Importer(815301076,1909f56bfc062723c751e8b465ee728b)
Start importing Assets/PolygonSciFiCity/Prefabs/Props/SM_Prop_Crate_Military_03.prefab using Guid(a0f6f4dbff1ec264ba2063a62fd5f986) Importer(815301076,1909f56bfc062723c751e8b465ee728b)  -> (artifact id: 'b71e156a3928b54633646179684f4ab0') in 0.083374 seconds 
========================================================================
Received Import Request.
  Time since last request: 0.000044 seconds.
  path: Assets/PolygonSciFiCity/Prefabs/Props/SM_Prop_Box_Supplies_01.prefab
  artifactKey: Guid(8c52c17108ac4d14b93017d91e804006) Importer(815301076,1909f56bfc062723c751e8b465ee728b)
Start importing Assets/PolygonSciFiCity/Prefabs/Props/SM_Prop_Box_Supplies_01.prefab using Guid(8c52c17108ac4d14b93017d91e804006) Importer(815301076,1909f56bfc062723c751e8b465ee728b)  -> (artifact id: '5e9b1b1b9e8ba2681c571ee41757b179') in 0.067369 seconds 
========================================================================
Received Import Request.
  Time since last request: 0.000079 seconds.
  path: Assets/PolygonSciFiCity/Prefabs/Props/SM_Prop_Chain_01.prefab
  artifactKey: Guid(f43787b8e783e9c42a8aebf2bc0b9568) Importer(815301076,1909f56bfc062723c751e8b465ee728b)
Start importing Assets/PolygonSciFiCity/Prefabs/Props/SM_Prop_Chain_01.prefab using Guid(f43787b8e783e9c42a8aebf2bc0b9568) Importer(815301076,1909f56bfc062723c751e8b465ee728b)  -> (artifact id: '65746b14c7b3c6db7427b2d48705d3e0') in 0.064811 seconds 
========================================================================
Received Import Request.
  Time since last request: 0.000049 seconds.
  path: Assets/PolygonSciFiCity/Prefabs/Props/SM_Prop_Crate_Military_01.prefab
  artifactKey: Guid(31dd6d847d998664db4d2466ae3ac2b4) Importer(815301076,1909f56bfc062723c751e8b465ee728b)
Start importing Assets/PolygonSciFiCity/Prefabs/Props/SM_Prop_Crate_Military_01.prefab using Guid(31dd6d847d998664db4d2466ae3ac2b4) Importer(815301076,1909f56bfc062723c751e8b465ee728b)  -> (artifact id: '4ba541c398772c8864171d64500a7cfc') in 0.064297 seconds 
========================================================================
Received Import Request.
  Time since last request: 0.000035 seconds.
  path: Assets/PolygonSciFiCity/Prefabs/Signs/SM_Sign_Neon_Flat_02.prefab
  artifactKey: Guid(46c5b755a31a58842ad7bdb20e773b23) Importer(815301076,1909f56bfc062723c751e8b465ee728b)
Start importing Assets/PolygonSciFiCity/Prefabs/Signs/SM_Sign_Neon_Flat_02.prefab using Guid(46c5b755a31a58842ad7bdb20e773b23) Importer(815301076,1909f56bfc062723c751e8b465ee728b)  -> (artifact id: '51abde7ededf18a8426841c4a6c292e2') in 0.022333 seconds 
========================================================================
Received Import Request.
  Time since last request: 0.000041 seconds.
  path: Assets/PolygonSciFiCity/Prefabs/Props/SM_Prop_Crate_Large_01.prefab
  artifactKey: Guid(36ca5a606dea1eb4093d9afc773ea943) Importer(815301076,1909f56bfc062723c751e8b465ee728b)
Start importing Assets/PolygonSciFiCity/Prefabs/Props/SM_Prop_Crate_Large_01.prefab using Guid(36ca5a606dea1eb4093d9afc773ea943) Importer(815301076,1909f56bfc062723c751e8b465ee728b)  -> (artifact id: '9c6828c3afb4e93b1231830ad6b6fbdc') in 0.060624 seconds 
========================================================================
Received Import Request.
  Time since last request: 0.000086 seconds.
  path: Assets/PolygonSciFiCity/Prefabs/Props/SM_Prop_Door_02.prefab
  artifactKey: Guid(dbe584c23a4a0804da19beb55b3e2433) Importer(815301076,1909f56bfc062723c751e8b465ee728b)
Start importing Assets/PolygonSciFiCity/Prefabs/Props/SM_Prop_Door_02.prefab using Guid(dbe584c23a4a0804da19beb55b3e2433) Importer(815301076,1909f56bfc062723c751e8b465ee728b)  -> (artifact id: 'e28897829d09fa2c2dbdacd0caba2132') in 0.058119 seconds 
========================================================================
Received Import Request.
  Time since last request: 0.000089 seconds.
  path: Assets/PolygonSciFiCity/Prefabs/Props/SM_Prop_Box_RobotParts_01.prefab
  artifactKey: Guid(1ee01e3914857ae4fa119ebdb8148880) Importer(815301076,1909f56bfc062723c751e8b465ee728b)
Start importing Assets/PolygonSciFiCity/Prefabs/Props/SM_Prop_Box_RobotParts_01.prefab using Guid(1ee01e3914857ae4fa119ebdb8148880) Importer(815301076,1909f56bfc062723c751e8b465ee728b)  -> (artifact id: '2cff6971bb5430c535e38430c6d8bea5') in 0.060055 seconds 
========================================================================
Received Import Request.
  Time since last request: 0.000046 seconds.
  path: Assets/PolygonSciFiCity/Prefabs/Props/SM_Prop_Cylinder_02.prefab
  artifactKey: Guid(deaa1ad20dc81704da4397729a67fd47) Importer(815301076,1909f56bfc062723c751e8b465ee728b)
Start importing Assets/PolygonSciFiCity/Prefabs/Props/SM_Prop_Cylinder_02.prefab using Guid(deaa1ad20dc81704da4397729a67fd47) Importer(815301076,1909f56bfc062723c751e8b465ee728b)  -> (artifact id: '1efe31af77bb0ffda6abe899d6179bf1') in 0.059295 seconds 
========================================================================
Received Import Request.
  Time since last request: 0.000045 seconds.
  path: Assets/PolygonSciFiCity/Prefabs/Props/SM_Prop_Chain_02.prefab
  artifactKey: Guid(7f5f7a4addf86564e93881dbc3b25e12) Importer(815301076,1909f56bfc062723c751e8b465ee728b)
Start importing Assets/PolygonSciFiCity/Prefabs/Props/SM_Prop_Chain_02.prefab using Guid(7f5f7a4addf86564e93881dbc3b25e12) Importer(815301076,1909f56bfc062723c751e8b465ee728b)  -> (artifact id: 'fee7d138844fd8426426aaa47949dc1b') in 0.059567 seconds 
========================================================================
Received Import Request.
  Time since last request: 0.000028 seconds.
  path: Assets/PolygonSciFiCity/Prefabs/Props/SM_Prop_Door_03.prefab
  artifactKey: Guid(69ecde87dde10024bbddde222adba714) Importer(815301076,1909f56bfc062723c751e8b465ee728b)
Start importing Assets/PolygonSciFiCity/Prefabs/Props/SM_Prop_Door_03.prefab using Guid(69ecde87dde10024bbddde222adba714) Importer(815301076,1909f56bfc062723c751e8b465ee728b)  -> (artifact id: 'b15f78e1a28582bde540d51629b82f39') in 0.096462 seconds 
========================================================================
Received Import Request.
  Time since last request: 0.000058 seconds.
  path: Assets/PolygonSciFiCity/Prefabs/Props/SM_Prop_DeadZub_03.prefab
  artifactKey: Guid(f93a6c8698aaa1c4482442c6885cb1bd) Importer(815301076,1909f56bfc062723c751e8b465ee728b)
Start importing Assets/PolygonSciFiCity/Prefabs/Props/SM_Prop_DeadZub_03.prefab using Guid(f93a6c8698aaa1c4482442c6885cb1bd) Importer(815301076,1909f56bfc062723c751e8b465ee728b)  -> (artifact id: '6be51a6a9b935fbea9b9972099ee2595') in 0.056022 seconds 
========================================================================
Received Import Request.
  Time since last request: 0.000062 seconds.
  path: Assets/PolygonSciFiCity/Prefabs/Signs/SM_Sign_Neon_Flat_06.prefab
  artifactKey: Guid(482271192daa32042ad461499b98410a) Importer(815301076,1909f56bfc062723c751e8b465ee728b)
Start importing Assets/PolygonSciFiCity/Prefabs/Signs/SM_Sign_Neon_Flat_06.prefab using Guid(482271192daa32042ad461499b98410a) Importer(815301076,1909f56bfc062723c751e8b465ee728b)  -> (artifact id: '8a7f3afb84684cd739dd307dcf2e2e69') in 0.020895 seconds 
========================================================================
Received Import Request.
  Time since last request: 0.000023 seconds.
  path: Assets/PolygonSciFiCity/Prefabs/Props/SM_Prop_Bridge_01.prefab
  artifactKey: Guid(8ae9acfff905d5e4ca5a16a83cdb346a) Importer(815301076,1909f56bfc062723c751e8b465ee728b)
Start importing Assets/PolygonSciFiCity/Prefabs/Props/SM_Prop_Bridge_01.prefab using Guid(8ae9acfff905d5e4ca5a16a83cdb346a) Importer(815301076,1909f56bfc062723c751e8b465ee728b)  -> (artifact id: '5ddcb7a200ef546f0bd6e7bd167ea85b') in 0.058161 seconds 
========================================================================
Received Import Request.
  Time since last request: 0.000020 seconds.
  path: Assets/PolygonSciFiCity/Prefabs/Props/SM_Prop_Cable_Crossing_Pillar_01.prefab
  artifactKey: Guid(264ccdf2cfd286448a19cf25c2f48687) Importer(815301076,1909f56bfc062723c751e8b465ee728b)
Start importing Assets/PolygonSciFiCity/Prefabs/Props/SM_Prop_Cable_Crossing_Pillar_01.prefab using Guid(264ccdf2cfd286448a19cf25c2f48687) Importer(815301076,1909f56bfc062723c751e8b465ee728b)  -> (artifact id: 'ea5352bbf716a869b62d4adb0f9125e7') in 0.061141 seconds 
========================================================================
Received Import Request.
  Time since last request: 0.000027 seconds.
  path: Assets/PolygonSciFiCity/Prefabs/Signs/SM_Sign_Neon_Flat_09.prefab
  artifactKey: Guid(f09eed83b16369e4686b2b421ad674ad) Importer(815301076,1909f56bfc062723c751e8b465ee728b)
Start importing Assets/PolygonSciFiCity/Prefabs/Signs/SM_Sign_Neon_Flat_09.prefab using Guid(f09eed83b16369e4686b2b421ad674ad) Importer(815301076,1909f56bfc062723c751e8b465ee728b)  -> (artifact id: 'c210cdbdbb77bc51bf215b60f4db38d4') in 0.025050 seconds 
Editor requested this worker to shutdown with reason: Scaling down because of idle timeout
AssetImportWorkerClient::OnTransportError - code=2 error=End of file
AssetImportWorker is now disconnected from the server
Process exiting
Exiting without the bug reporter. Application will terminate with return code 0