Using pre-set license
Built from '2021.3/staging' branch; Version is '2021.3.23f1 (213b516bf396) revision 2177873'; Using compiler version '192829333'; Build Type 'Release'
OS: 'Windows 10  (10.0.19045) 64bit Education' Language: 'en' Physical Memory: 16072 MB
BatchMode: 1, IsHumanControllingUs: 0, StartBugReporterOnCrash: 0, Is64bit: 1, IsPro: 1

COMMAND LINE ARGUMENTS:
C:\Program Files\Unity\Hub\Editor\2021.3.23f1\Editor\Unity.exe
-adb2
-batchMode
-noUpm
-name
AssetImportWorker1
-projectPath
D:/Year13AGRacer/UnityProject
-logFile
Logs/AssetImportWorker1.log
-srvPort
62412
Successfully changed project path to: D:/Year13AGRacer/UnityProject
D:/Year13AGRacer/UnityProject
[UnityMemory] Configuration Parameters - Can be set up in boot.config
    "memorysetup-bucket-allocator-granularity=16"
    "memorysetup-bucket-allocator-bucket-count=8"
    "memorysetup-bucket-allocator-block-size=33554432"
    "memorysetup-bucket-allocator-block-count=8"
    "memorysetup-main-allocator-block-size=16777216"
    "memorysetup-thread-allocator-block-size=16777216"
    "memorysetup-gfx-main-allocator-block-size=16777216"
    "memorysetup-gfx-thread-allocator-block-size=16777216"
    "memorysetup-cache-allocator-block-size=4194304"
    "memorysetup-typetree-allocator-block-size=2097152"
    "memorysetup-profiler-bucket-allocator-granularity=16"
    "memorysetup-profiler-bucket-allocator-bucket-count=8"
    "memorysetup-profiler-bucket-allocator-block-size=33554432"
    "memorysetup-profiler-bucket-allocator-block-count=8"
    "memorysetup-profiler-allocator-block-size=16777216"
    "memorysetup-profiler-editor-allocator-block-size=1048576"
    "memorysetup-temp-allocator-size-main=16777216"
    "memorysetup-job-temp-allocator-block-size=2097152"
    "memorysetup-job-temp-allocator-block-size-background=1048576"
    "memorysetup-job-temp-allocator-reduction-small-platforms=262144"
    "memorysetup-temp-allocator-size-background-worker=32768"
    "memorysetup-temp-allocator-size-job-worker=262144"
    "memorysetup-temp-allocator-size-preload-manager=33554432"
    "memorysetup-temp-allocator-size-nav-mesh-worker=65536"
    "memorysetup-temp-allocator-size-audio-worker=65536"
    "memorysetup-temp-allocator-size-cloud-worker=32768"
    "memorysetup-temp-allocator-size-gi-baking-worker=262144"
    "memorysetup-temp-allocator-size-gfx=262144"
Player connection [14880] Host "[IP] 192.168.101.137 [Port] 0 [Flags] 2 [Guid] 97926110 [EditorId] 97926110 [Version] 1048832 [Id] WindowsEditor(7,KHWS710) [Debug] 1 [PackageName] WindowsEditor [ProjectName] Editor" joined multi-casting on [225.0.0.222:54997]...

Player connection [14880] Host "[IP] 192.168.101.137 [Port] 0 [Flags] 2 [Guid] 97926110 [EditorId] 97926110 [Version] 1048832 [Id] WindowsEditor(7,KHWS710) [Debug] 1 [PackageName] WindowsEditor [ProjectName] Editor" joined alternative multi-casting on [225.0.0.222:34997]...

Refreshing native plugins compatible for Editor in 83.58 ms, found 3 plugins.
Preloading 0 native plugins for Editor in 0.00 ms.
Initialize engine version: 2021.3.23f1 (213b516bf396)
[Subsystems] Discovering subsystems at path C:/Program Files/Unity/Hub/Editor/2021.3.23f1/Editor/Data/Resources/UnitySubsystems
[Subsystems] Discovering subsystems at path D:/Year13AGRacer/UnityProject/Assets
GfxDevice: creating device client; threaded=0; jobified=0
Direct3D:
    Version:  Direct3D 11.0 [level 11.1]
    Renderer: NVIDIA GeForce RTX 3070 (ID=0x2488)
    Vendor:   NVIDIA
    VRAM:     8031 MB
    Driver:   31.0.15.2698
Initialize mono
Mono path[0] = 'C:/Program Files/Unity/Hub/Editor/2021.3.23f1/Editor/Data/Managed'
Mono path[1] = 'C:/Program Files/Unity/Hub/Editor/2021.3.23f1/Editor/Data/MonoBleedingEdge/lib/mono/unityjit-win32'
Mono config path = 'C:/Program Files/Unity/Hub/Editor/2021.3.23f1/Editor/Data/MonoBleedingEdge/etc'
Using monoOptions --debugger-agent=transport=dt_socket,embedding=1,server=y,suspend=n,address=127.0.0.1:56876
Begin MonoManager ReloadAssembly
Registering precompiled unity dll's ...
Register platform support module: C:/Program Files/Unity/Hub/Editor/2021.3.23f1/Editor/Data/PlaybackEngines/WebGLSupport/UnityEditor.WebGL.Extensions.dll
Register platform support module: C:/Program Files/Unity/Hub/Editor/2021.3.23f1/Editor/Data/PlaybackEngines/WindowsStandaloneSupport/UnityEditor.WindowsStandalone.Extensions.dll
Registered in 0.006640 seconds.
Native extension for WindowsStandalone target not found
Native extension for WebGL target not found
Refreshing native plugins compatible for Editor in 81.40 ms, found 3 plugins.
Preloading 0 native plugins for Editor in 0.00 ms.
Mono: successfully reloaded assembly
- Completed reload, in  0.613 seconds
Domain Reload Profiling:
	ReloadAssembly (613ms)
		BeginReloadAssembly (80ms)
			ExecutionOrderSort (0ms)
			DisableScriptedObjects (0ms)
			BackupInstance (0ms)
			ReleaseScriptingObjects (0ms)
			CreateAndSetChildDomain (0ms)
		EndReloadAssembly (439ms)
			LoadAssemblies (79ms)
			RebuildTransferFunctionScriptingTraits (0ms)
			SetupTypeCache (94ms)
			ReleaseScriptCaches (0ms)
			RebuildScriptCaches (25ms)
			SetupLoadedEditorAssemblies (272ms)
				LogAssemblyErrors (0ms)
				InitializePlatformSupportModulesInManaged (9ms)
				SetLoadedEditorAssemblies (0ms)
				RefreshPlugins (81ms)
				BeforeProcessingInitializeOnLoad (1ms)
				ProcessInitializeOnLoadAttributes (137ms)
				ProcessInitializeOnLoadMethodAttributes (44ms)
				AfterProcessingInitializeOnLoad (0ms)
				EditorAssembliesLoaded (0ms)
			ExecutionOrderSort2 (0ms)
			AwakeInstancesAfterBackupRestoration (0ms)
Platform modules already initialized, skipping
Registering precompiled user dll's ...
Registered in 0.003515 seconds.
Begin MonoManager ReloadAssembly
Native extension for WindowsStandalone target not found
Native extension for WebGL target not found
Refreshing native plugins compatible for Editor in 0.76 ms, found 3 plugins.
Preloading 0 native plugins for Editor in 0.00 ms.
Mono: successfully reloaded assembly
- Completed reload, in  0.970 seconds
Domain Reload Profiling:
	ReloadAssembly (971ms)
		BeginReloadAssembly (96ms)
			ExecutionOrderSort (0ms)
			DisableScriptedObjects (6ms)
			BackupInstance (0ms)
			ReleaseScriptingObjects (0ms)
			CreateAndSetChildDomain (19ms)
		EndReloadAssembly (773ms)
			LoadAssemblies (64ms)
			RebuildTransferFunctionScriptingTraits (0ms)
			SetupTypeCache (247ms)
			ReleaseScriptCaches (0ms)
			RebuildScriptCaches (61ms)
			SetupLoadedEditorAssemblies (348ms)
				LogAssemblyErrors (0ms)
				InitializePlatformSupportModulesInManaged (7ms)
				SetLoadedEditorAssemblies (0ms)
				RefreshPlugins (1ms)
				BeforeProcessingInitializeOnLoad (77ms)
				ProcessInitializeOnLoadAttributes (235ms)
				ProcessInitializeOnLoadMethodAttributes (20ms)
				AfterProcessingInitializeOnLoad (7ms)
				EditorAssembliesLoaded (0ms)
			ExecutionOrderSort2 (0ms)
			AwakeInstancesAfterBackupRestoration (6ms)
Platform modules already initialized, skipping
========================================================================
Worker process is ready to serve import requests
Launched and connected shader compiler UnityShaderCompiler.exe after 0.04 seconds
Refreshing native plugins compatible for Editor in 0.50 ms, found 3 plugins.
Preloading 0 native plugins for Editor in 0.00 ms.
Unloading 3210 Unused Serialized files (Serialized files now loaded: 0)
Unloading 35 unused Assets / (129.7 KB). Loaded Objects now: 3690.
Memory consumption went from 129.4 MB to 129.2 MB.
Total: 1.737200 ms (FindLiveObjects: 0.157100 ms CreateObjectMapping: 0.042300 ms MarkObjects: 1.468100 ms  DeleteObjects: 0.068700 ms)

AssetImportParameters requested are different than current active one (requested -> active):
  custom:video-decoder-ogg-theora: a1e56fd34408186e4bbccfd4996cb3dc -> 
  custom:container-muxer-webm: aa71ff27fc2769a1b78a27578f13a17b -> 
  custom:container-demuxer-webm: 4f35f7cbe854078d1ac9338744f61a02 -> 
  custom:video-encoder-webm-vp8: eb34c28f22e8b96e1ab97ce403110664 -> 
  custom:audio-encoder-webm-vorbis: bf7c407c2cedff20999df2af8eb42d56 -> 
  custom:framework-win-MediaFoundation: 216162199b28c13a410421893ffa2e32 -> 
  custom:container-demuxer-ogg: 62fdf1f143b41e24485cea50d1cbac27 -> 
  custom:video-decoder-webm-vp8: 9c59270c3fd7afecdb556c50c9e8de78 -> 
  custom:audio-decoder-ogg-vorbis: bf7c407c2cedff20999df2af8eb42d56 -> 
========================================================================
Received Import Request.
  Time since last request: 9587.985308 seconds.
  path: Assets/RoadCollider.fbx
  artifactKey: Guid(e15dc33ae9b25d840add0cf82d59c125) Importer(815301076,1909f56bfc062723c751e8b465ee728b)
Start importing Assets/RoadCollider.fbx using Guid(e15dc33ae9b25d840add0cf82d59c125) Importer(815301076,1909f56bfc062723c751e8b465ee728b)  -> (artifact id: '6f41775dd6516375847d844f63bbc82f') in 0.127976 seconds 
========================================================================
Received Import Request.
  Time since last request: 6.778180 seconds.
  path: Assets/PolygonSciFiCity/Materials/Alternates/PolygonScifi_01_C.mat
  artifactKey: Guid(55c0cd122e2ec5d4eb6df00a2966824b) Importer(815301076,1909f56bfc062723c751e8b465ee728b)
Start importing Assets/PolygonSciFiCity/Materials/Alternates/PolygonScifi_01_C.mat using Guid(55c0cd122e2ec5d4eb6df00a2966824b) Importer(815301076,1909f56bfc062723c751e8b465ee728b)  -> (artifact id: '065aea5e8839d7853ba3ae50530668fc') in 0.081330 seconds 
========================================================================
Received Import Request.
  Time since last request: 0.430201 seconds.
  path: Assets/PolygonSciFiCity/Materials/PolygonScifi_02_A.mat
  artifactKey: Guid(5846f1c3c4e5f1e42b95451831844600) Importer(815301076,1909f56bfc062723c751e8b465ee728b)
Start importing Assets/PolygonSciFiCity/Materials/PolygonScifi_02_A.mat using Guid(5846f1c3c4e5f1e42b95451831844600) Importer(815301076,1909f56bfc062723c751e8b465ee728b)  -> (artifact id: 'af7d50aed17717f4759edf13dabdb4af') in 0.053879 seconds 
========================================================================
Received Import Request.
  Time since last request: 0.268820 seconds.
  path: Assets/PolygonSciFiCity/Materials/Alternates/PolygonScifi_02_E.mat
  artifactKey: Guid(7c930a77c2c60a749af7a8afd9f8163e) Importer(815301076,1909f56bfc062723c751e8b465ee728b)
Start importing Assets/PolygonSciFiCity/Materials/Alternates/PolygonScifi_02_E.mat using Guid(7c930a77c2c60a749af7a8afd9f8163e) Importer(815301076,1909f56bfc062723c751e8b465ee728b)  -> (artifact id: '3842172e13256a14b89621157e40fb44') in 0.042784 seconds 
========================================================================
Received Import Request.
  Time since last request: 0.309937 seconds.
  path: Assets/PolygonSciFiCity/Materials/Alternates/PolygonScifi_03_E.mat
  artifactKey: Guid(1b701687f546d7a48924043a4de4f2bf) Importer(815301076,1909f56bfc062723c751e8b465ee728b)
Start importing Assets/PolygonSciFiCity/Materials/Alternates/PolygonScifi_03_E.mat using Guid(1b701687f546d7a48924043a4de4f2bf) Importer(815301076,1909f56bfc062723c751e8b465ee728b)  -> (artifact id: 'bb1e2a1f7b875e119973aa3ddcc75750') in 0.043705 seconds 
========================================================================
Received Import Request.
  Time since last request: 0.244186 seconds.
  path: Assets/PolygonSciFiCity/Materials/Alternates/PolygonScifi_04_E.mat
  artifactKey: Guid(f48d74d319b42e046888964c0831d020) Importer(815301076,1909f56bfc062723c751e8b465ee728b)
Start importing Assets/PolygonSciFiCity/Materials/Alternates/PolygonScifi_04_E.mat using Guid(f48d74d319b42e046888964c0831d020) Importer(815301076,1909f56bfc062723c751e8b465ee728b)  -> (artifact id: 'ba8bc9b836cf2b2c4ef26883a5a8b149') in 0.042412 seconds 
========================================================================
Received Import Request.
  Time since last request: 0.000028 seconds.
  path: Assets/PolygonSciFiCity/Materials/Misc/PolygonSciFi_Buildings_Background.mat
  artifactKey: Guid(ae6a742b683c7f74692dee45d6c17ff9) Importer(815301076,1909f56bfc062723c751e8b465ee728b)
Start importing Assets/PolygonSciFiCity/Materials/Misc/PolygonSciFi_Buildings_Background.mat using Guid(ae6a742b683c7f74692dee45d6c17ff9) Importer(815301076,1909f56bfc062723c751e8b465ee728b)  -> (artifact id: '7c7f103615ecfd202e96a3e8658cee95') in 0.013373 seconds 
========================================================================
Received Import Request.
  Time since last request: 0.341856 seconds.
  path: Assets/PolygonSciFiCity/Materials/Misc/PolygonScifi_NeonSigns.mat
  artifactKey: Guid(a7ac39c706d8eae4db78e4eda89d5ab3) Importer(815301076,1909f56bfc062723c751e8b465ee728b)
Start importing Assets/PolygonSciFiCity/Materials/Misc/PolygonScifi_NeonSigns.mat using Guid(a7ac39c706d8eae4db78e4eda89d5ab3) Importer(815301076,1909f56bfc062723c751e8b465ee728b)  -> (artifact id: '78b6b4b97be3ded2200ca2c21230c701') in 0.020761 seconds 
========================================================================
Received Import Request.
  Time since last request: 0.701101 seconds.
  path: Assets/Road.fbx
  artifactKey: Guid(390a7b3eb9db8b6458f0d8968d48d192) Importer(815301076,1909f56bfc062723c751e8b465ee728b)
Start importing Assets/Road.fbx using Guid(390a7b3eb9db8b6458f0d8968d48d192) Importer(815301076,1909f56bfc062723c751e8b465ee728b)  -> (artifact id: 'f260da19397598840ef6a0fe4911aae2') in 0.022012 seconds 
========================================================================
Received Import Request.
  Time since last request: 0.000023 seconds.
  path: Assets/PolygonSciFiCity/Materials/Sign.mat
  artifactKey: Guid(e2f0168603ace24468a4624111e25c50) Importer(815301076,1909f56bfc062723c751e8b465ee728b)
Start importing Assets/PolygonSciFiCity/Materials/Sign.mat using Guid(e2f0168603ace24468a4624111e25c50) Importer(815301076,1909f56bfc062723c751e8b465ee728b)  -> (artifact id: 'a580883bf3783e607f12c3a6dc9bf16e') in 0.012089 seconds 
========================================================================
Received Import Request.
  Time since last request: 64.143932 seconds.
  path: Assets/PolygonSciFiCity/Prefabs/Signs/SM_Sign_Ad_07.prefab
  artifactKey: Guid(2e791cf836bfbb948bf4868ff0b115d0) Importer(815301076,1909f56bfc062723c751e8b465ee728b)
Start importing Assets/PolygonSciFiCity/Prefabs/Signs/SM_Sign_Ad_07.prefab using Guid(2e791cf836bfbb948bf4868ff0b115d0) Importer(815301076,1909f56bfc062723c751e8b465ee728b)  -> (artifact id: '490061f6c3ed16b4add6c7a709da0956') in 0.101869 seconds 
========================================================================
Received Import Request.
  Time since last request: 0.000019 seconds.
  path: Assets/PolygonSciFiCity/Prefabs/Signs/SM_Sign_Ad_24.prefab
  artifactKey: Guid(84e9b0b794141004d9a9dcd9d1254f3e) Importer(815301076,1909f56bfc062723c751e8b465ee728b)
Start importing Assets/PolygonSciFiCity/Prefabs/Signs/SM_Sign_Ad_24.prefab using Guid(84e9b0b794141004d9a9dcd9d1254f3e) Importer(815301076,1909f56bfc062723c751e8b465ee728b)  -> (artifact id: 'b1bbe44d1e8d7ee4a8eced644203b2a2') in 0.143559 seconds 
========================================================================
Received Import Request.
  Time since last request: 0.000045 seconds.
  path: Assets/PolygonSciFiCity/Prefabs/Signs/SM_Sign_Neon_Flat_05.prefab
  artifactKey: Guid(e8909a2c87d5869408c119fdeebe38da) Importer(815301076,1909f56bfc062723c751e8b465ee728b)
Start importing Assets/PolygonSciFiCity/Prefabs/Signs/SM_Sign_Neon_Flat_05.prefab using Guid(e8909a2c87d5869408c119fdeebe38da) Importer(815301076,1909f56bfc062723c751e8b465ee728b)  -> (artifact id: '7356c86c5b66991411cb8d45788e3c0a') in 0.086024 seconds 
========================================================================
Received Import Request.
  Time since last request: 0.000016 seconds.
  path: Assets/PolygonSciFiCity/Prefabs/Signs/SM_Sign_Neon_Flat_03.prefab
  artifactKey: Guid(9d79f36288d1ae945bfe291c26aab304) Importer(815301076,1909f56bfc062723c751e8b465ee728b)
Start importing Assets/PolygonSciFiCity/Prefabs/Signs/SM_Sign_Neon_Flat_03.prefab using Guid(9d79f36288d1ae945bfe291c26aab304) Importer(815301076,1909f56bfc062723c751e8b465ee728b)  -> (artifact id: '51517b34d956a9f5f9654ad67de8fffa') in 0.068684 seconds 
========================================================================
Received Import Request.
  Time since last request: 0.000019 seconds.
  path: Assets/PolygonSciFiCity/Prefabs/Signs/SM_Sign_Ad_17.prefab
  artifactKey: Guid(abc1d68c30e972b408b466e71d763104) Importer(815301076,1909f56bfc062723c751e8b465ee728b)
Start importing Assets/PolygonSciFiCity/Prefabs/Signs/SM_Sign_Ad_17.prefab using Guid(abc1d68c30e972b408b466e71d763104) Importer(815301076,1909f56bfc062723c751e8b465ee728b)  -> (artifact id: '7c6f0e15e178dc4fc059bcab6b972646') in 0.014030 seconds 
========================================================================
Received Import Request.
  Time since last request: 0.000022 seconds.
  path: Assets/PolygonSciFiCity/Prefabs/Signs/SM_Sign_Ad_16.prefab
  artifactKey: Guid(d07be5ef27d4db840bfa6ee710424ca8) Importer(815301076,1909f56bfc062723c751e8b465ee728b)
Start importing Assets/PolygonSciFiCity/Prefabs/Signs/SM_Sign_Ad_16.prefab using Guid(d07be5ef27d4db840bfa6ee710424ca8) Importer(815301076,1909f56bfc062723c751e8b465ee728b)  -> (artifact id: '46b4f8742d022418e7f55a1226b7566a') in 0.014947 seconds 
========================================================================
Received Import Request.
  Time since last request: 0.000024 seconds.
  path: Assets/PolygonSciFiCity/Prefabs/Signs/SM_Sign_Neon_05.prefab
  artifactKey: Guid(d23db7e446ac23a49baaacb664ee1851) Importer(815301076,1909f56bfc062723c751e8b465ee728b)
Start importing Assets/PolygonSciFiCity/Prefabs/Signs/SM_Sign_Neon_05.prefab using Guid(d23db7e446ac23a49baaacb664ee1851) Importer(815301076,1909f56bfc062723c751e8b465ee728b)  -> (artifact id: 'de981f68c0ca58e183089fc8f639e050') in 0.016975 seconds 
========================================================================
Received Import Request.
  Time since last request: 0.000021 seconds.
  path: Assets/PolygonSciFiCity/Prefabs/Signs/SM_Sign_Billboard_Border_04.prefab
  artifactKey: Guid(319ab15a81df9bd45874594a551a1e5e) Importer(815301076,1909f56bfc062723c751e8b465ee728b)
Start importing Assets/PolygonSciFiCity/Prefabs/Signs/SM_Sign_Billboard_Border_04.prefab using Guid(319ab15a81df9bd45874594a551a1e5e) Importer(815301076,1909f56bfc062723c751e8b465ee728b)  -> (artifact id: 'b38b966e58ea5f83c50f297a148fc812') in 0.039093 seconds 
========================================================================
Received Import Request.
  Time since last request: 0.000031 seconds.
  path: Assets/PolygonSciFiCity/Prefabs/Signs/SM_Sign_Neon_01.prefab
  artifactKey: Guid(247529b36066dff46b91d5c7fcf05451) Importer(815301076,1909f56bfc062723c751e8b465ee728b)
Start importing Assets/PolygonSciFiCity/Prefabs/Signs/SM_Sign_Neon_01.prefab using Guid(247529b36066dff46b91d5c7fcf05451) Importer(815301076,1909f56bfc062723c751e8b465ee728b)  -> (artifact id: '59d7883e05fff230ac4b3839885aa784') in 0.014838 seconds 
========================================================================
Received Import Request.
  Time since last request: 0.000018 seconds.
  path: Assets/PolygonSciFiCity/Prefabs/Signs/SM_Sign_Ad_29.prefab
  artifactKey: Guid(0a906f5ecd6c85a4a9e88c5cfb9b3342) Importer(815301076,1909f56bfc062723c751e8b465ee728b)
Start importing Assets/PolygonSciFiCity/Prefabs/Signs/SM_Sign_Ad_29.prefab using Guid(0a906f5ecd6c85a4a9e88c5cfb9b3342) Importer(815301076,1909f56bfc062723c751e8b465ee728b)  -> (artifact id: '3bf830365ef583281a952453eaf3ffab') in 0.015280 seconds 
========================================================================
Received Import Request.
  Time since last request: 0.000036 seconds.
  path: Assets/PolygonSciFiCity/Prefabs/Signs/SM_Sign_Ad_19.prefab
  artifactKey: Guid(3acfb70a95b23e7479df8fc81248a5c0) Importer(815301076,1909f56bfc062723c751e8b465ee728b)
Start importing Assets/PolygonSciFiCity/Prefabs/Signs/SM_Sign_Ad_19.prefab using Guid(3acfb70a95b23e7479df8fc81248a5c0) Importer(815301076,1909f56bfc062723c751e8b465ee728b)  -> (artifact id: '92df7b448dc955f3eb29106a01fb3cfc') in 0.014234 seconds 
========================================================================
Received Import Request.
  Time since last request: 0.000018 seconds.
  path: Assets/PolygonSciFiCity/Prefabs/Signs/SM_Sign_Neon_Flat_07.prefab
  artifactKey: Guid(01c33cb3ccec59046a12f2743e4d4360) Importer(815301076,1909f56bfc062723c751e8b465ee728b)
Start importing Assets/PolygonSciFiCity/Prefabs/Signs/SM_Sign_Neon_Flat_07.prefab using Guid(01c33cb3ccec59046a12f2743e4d4360) Importer(815301076,1909f56bfc062723c751e8b465ee728b)  -> (artifact id: '3a058e8acfa6b2b6417fddfacbab1d63') in 0.013808 seconds 
========================================================================
Received Import Request.
  Time since last request: 0.000029 seconds.
  path: Assets/PolygonSciFiCity/Prefabs/Signs/SM_Sign_Ad_27.prefab
  artifactKey: Guid(9625e12155939f542adbf194f38b1ad3) Importer(815301076,1909f56bfc062723c751e8b465ee728b)
Start importing Assets/PolygonSciFiCity/Prefabs/Signs/SM_Sign_Ad_27.prefab using Guid(9625e12155939f542adbf194f38b1ad3) Importer(815301076,1909f56bfc062723c751e8b465ee728b)  -> (artifact id: 'cb1f37aa4550a425f9e38c2603c714ec') in 0.012424 seconds 
========================================================================
Received Import Request.
  Time since last request: 0.000023 seconds.
  path: Assets/PolygonSciFiCity/Prefabs/Signs/SM_Sign_Neon_Bulb_05.prefab
  artifactKey: Guid(e1293466e7fd2374d85ac1232388498b) Importer(815301076,1909f56bfc062723c751e8b465ee728b)
Start importing Assets/PolygonSciFiCity/Prefabs/Signs/SM_Sign_Neon_Bulb_05.prefab using Guid(e1293466e7fd2374d85ac1232388498b) Importer(815301076,1909f56bfc062723c751e8b465ee728b)  -> (artifact id: 'd8f1680c6ab6c052d30b96da28bd0182') in 0.034146 seconds 
========================================================================
Received Import Request.
  Time since last request: 0.000017 seconds.
  path: Assets/PolygonSciFiCity/Prefabs/Signs/SM_Sign_Billboard_Large_02.prefab
  artifactKey: Guid(822f275bdc859ca4e9aded058796e259) Importer(815301076,1909f56bfc062723c751e8b465ee728b)
Start importing Assets/PolygonSciFiCity/Prefabs/Signs/SM_Sign_Billboard_Large_02.prefab using Guid(822f275bdc859ca4e9aded058796e259) Importer(815301076,1909f56bfc062723c751e8b465ee728b)  -> (artifact id: 'fd18a02cd8bd2ddfebe20680f1cdec59') in 0.013347 seconds 
========================================================================
Received Import Request.
  Time since last request: 0.000020 seconds.
  path: Assets/PolygonSciFiCity/Prefabs/Signs/SM_Sign_Neon_02.prefab
  artifactKey: Guid(009815310d9b5e24780e2d552cea2b29) Importer(815301076,1909f56bfc062723c751e8b465ee728b)
Start importing Assets/PolygonSciFiCity/Prefabs/Signs/SM_Sign_Neon_02.prefab using Guid(009815310d9b5e24780e2d552cea2b29) Importer(815301076,1909f56bfc062723c751e8b465ee728b)  -> (artifact id: '49ae06bff8f58f30509b7ce041d26144') in 0.014680 seconds 
========================================================================
Received Import Request.
  Time since last request: 0.000019 seconds.
  path: Assets/PolygonSciFiCity/Prefabs/Signs/SM_Sign_Neon_Flat_08.prefab
  artifactKey: Guid(3457e6c4d5d38a34d9f14ca915000ca2) Importer(815301076,1909f56bfc062723c751e8b465ee728b)
Start importing Assets/PolygonSciFiCity/Prefabs/Signs/SM_Sign_Neon_Flat_08.prefab using Guid(3457e6c4d5d38a34d9f14ca915000ca2) Importer(815301076,1909f56bfc062723c751e8b465ee728b)  -> (artifact id: '175e91b1af24e720f3dcee5241e77f35') in 0.015030 seconds 
========================================================================
Received Import Request.
  Time since last request: 0.000032 seconds.
  path: Assets/PolygonSciFiCity/Prefabs/Signs/SM_Sign_Ad_26.prefab
  artifactKey: Guid(c48da3a77d7c6c541bc71d58d2a925d5) Importer(815301076,1909f56bfc062723c751e8b465ee728b)
Start importing Assets/PolygonSciFiCity/Prefabs/Signs/SM_Sign_Ad_26.prefab using Guid(c48da3a77d7c6c541bc71d58d2a925d5) Importer(815301076,1909f56bfc062723c751e8b465ee728b)  -> (artifact id: '255ca7a61545c59bf7127f11393a1b87') in 0.012453 seconds 
========================================================================
Received Import Request.
  Time since last request: 0.000021 seconds.
  path: Assets/PolygonSciFiCity/Prefabs/Signs/SM_Sign_Ad_09.prefab
  artifactKey: Guid(bb72f121baa0d034b999c22c6ded136e) Importer(815301076,1909f56bfc062723c751e8b465ee728b)
Start importing Assets/PolygonSciFiCity/Prefabs/Signs/SM_Sign_Ad_09.prefab using Guid(bb72f121baa0d034b999c22c6ded136e) Importer(815301076,1909f56bfc062723c751e8b465ee728b)  -> (artifact id: 'ced015dfdf1e6852303e8f8f9afe28c0') in 0.011374 seconds 
========================================================================
Received Import Request.
  Time since last request: 0.000029 seconds.
  path: Assets/PolygonSciFiCity/Prefabs/Signs/SM_Sign_Ad_21.prefab
  artifactKey: Guid(ea2ed96ebca2d404c8902adb0f3392d8) Importer(815301076,1909f56bfc062723c751e8b465ee728b)
Start importing Assets/PolygonSciFiCity/Prefabs/Signs/SM_Sign_Ad_21.prefab using Guid(ea2ed96ebca2d404c8902adb0f3392d8) Importer(815301076,1909f56bfc062723c751e8b465ee728b)  -> (artifact id: '107cb95a611b1601d92544e68d5002c7') in 0.014032 seconds 
========================================================================
Received Import Request.
  Time since last request: 0.000026 seconds.
  path: Assets/PolygonSciFiCity/Prefabs/Signs/SM_Sign_Billboard_Border_Tall_04.prefab
  artifactKey: Guid(daae79edade7cba4085f136c226319c2) Importer(815301076,1909f56bfc062723c751e8b465ee728b)
Start importing Assets/PolygonSciFiCity/Prefabs/Signs/SM_Sign_Billboard_Border_Tall_04.prefab using Guid(daae79edade7cba4085f136c226319c2) Importer(815301076,1909f56bfc062723c751e8b465ee728b)  -> (artifact id: '098d27675fbc5a9d1b9c2e0052d871c2') in 0.036994 seconds 
========================================================================
Received Import Request.
  Time since last request: 0.000023 seconds.
  path: Assets/PolygonSciFiCity/Prefabs/Signs/SM_Sign_Neon_Flat_01.prefab
  artifactKey: Guid(ffdd0012cef5e0a418db0aae09bae3f9) Importer(815301076,1909f56bfc062723c751e8b465ee728b)
Start importing Assets/PolygonSciFiCity/Prefabs/Signs/SM_Sign_Neon_Flat_01.prefab using Guid(ffdd0012cef5e0a418db0aae09bae3f9) Importer(815301076,1909f56bfc062723c751e8b465ee728b)  -> (artifact id: 'c5e82b2d888e30e5f2bf9f525eb79b74') in 0.014914 seconds 
========================================================================
Received Import Request.
  Time since last request: 0.000018 seconds.
  path: Assets/PolygonSciFiCity/Prefabs/Signs/SM_Sign_Neon_Flat_06.prefab
  artifactKey: Guid(482271192daa32042ad461499b98410a) Importer(815301076,1909f56bfc062723c751e8b465ee728b)
Start importing Assets/PolygonSciFiCity/Prefabs/Signs/SM_Sign_Neon_Flat_06.prefab using Guid(482271192daa32042ad461499b98410a) Importer(815301076,1909f56bfc062723c751e8b465ee728b)  -> (artifact id: '8a7f3afb84684cd739dd307dcf2e2e69') in 0.013189 seconds 
========================================================================
Received Import Request.
  Time since last request: 0.000020 seconds.
  path: Assets/PolygonSciFiCity/Prefabs/Signs/SM_Sign_Billboard_Attachmentl_01.prefab
  artifactKey: Guid(67baa394647fed247a81a54b8efb236a) Importer(815301076,1909f56bfc062723c751e8b465ee728b)
Start importing Assets/PolygonSciFiCity/Prefabs/Signs/SM_Sign_Billboard_Attachmentl_01.prefab using Guid(67baa394647fed247a81a54b8efb236a) Importer(815301076,1909f56bfc062723c751e8b465ee728b)  -> (artifact id: 'f640d839312b4f2b8bf579704d942f75') in 0.036357 seconds 
========================================================================
Received Import Request.
  Time since last request: 0.000024 seconds.
  path: Assets/PolygonSciFiCity/Prefabs/Signs/SM_Sign_Neon_Flat_04.prefab
  artifactKey: Guid(e7e8abcd3a94364479799e0f4f65f2ff) Importer(815301076,1909f56bfc062723c751e8b465ee728b)
Start importing Assets/PolygonSciFiCity/Prefabs/Signs/SM_Sign_Neon_Flat_04.prefab using Guid(e7e8abcd3a94364479799e0f4f65f2ff) Importer(815301076,1909f56bfc062723c751e8b465ee728b)  -> (artifact id: 'b0f63589d49c97288bde75f7282622fc') in 0.014841 seconds 
========================================================================
Received Import Request.
  Time since last request: 0.000022 seconds.
  path: Assets/PolygonSciFiCity/Prefabs/Signs/SM_Sign_Billboard_Border_Tall_03.prefab
  artifactKey: Guid(ecbcf8dad4b713c4eb2ec872e1ba95d2) Importer(815301076,1909f56bfc062723c751e8b465ee728b)
Start importing Assets/PolygonSciFiCity/Prefabs/Signs/SM_Sign_Billboard_Border_Tall_03.prefab using Guid(ecbcf8dad4b713c4eb2ec872e1ba95d2) Importer(815301076,1909f56bfc062723c751e8b465ee728b)  -> (artifact id: '941bd281e2de825f00cb99c284844b7f') in 0.038007 seconds 
========================================================================
Received Import Request.
  Time since last request: 0.000026 seconds.
  path: Assets/PolygonSciFiCity/Prefabs/Signs/SM_Sign_Neon_06.prefab
  artifactKey: Guid(7f8efcf422f96a748b5ee22817a235d0) Importer(815301076,1909f56bfc062723c751e8b465ee728b)
Start importing Assets/PolygonSciFiCity/Prefabs/Signs/SM_Sign_Neon_06.prefab using Guid(7f8efcf422f96a748b5ee22817a235d0) Importer(815301076,1909f56bfc062723c751e8b465ee728b)  -> (artifact id: '6314699300dbd9c60df08cf29452ce7f') in 0.012356 seconds 
Editor requested this worker to shutdown with reason: Scaling down because of idle timeout
AssetImportWorker is now disconnected from the server
Process exiting
Exiting without the bug reporter. Application will terminate with return code 0