Using pre-set license
Built from '2021.3/staging' branch; Version is '2021.3.23f1 (213b516bf396) revision 2177873'; Using compiler version '192829333'; Build Type 'Release'
OS: 'Windows 10  (10.0.19045) 64bit Education' Language: 'en' Physical Memory: 16072 MB
BatchMode: 1, IsHumanControllingUs: 0, StartBugReporterOnCrash: 0, Is64bit: 1, IsPro: 1

COMMAND LINE ARGUMENTS:
C:\Program Files\Unity\Hub\Editor\2021.3.23f1\Editor\Unity.exe
-adb2
-batchMode
-noUpm
-name
AssetImportWorker2
-projectPath
D:/Year13AGRacer/UnityProject
-logFile
Logs/AssetImportWorker2.log
-srvPort
62412
Successfully changed project path to: D:/Year13AGRacer/UnityProject
D:/Year13AGRacer/UnityProject
[UnityMemory] Configuration Parameters - Can be set up in boot.config
    "memorysetup-bucket-allocator-granularity=16"
    "memorysetup-bucket-allocator-bucket-count=8"
    "memorysetup-bucket-allocator-block-size=33554432"
    "memorysetup-bucket-allocator-block-count=8"
    "memorysetup-main-allocator-block-size=16777216"
    "memorysetup-thread-allocator-block-size=16777216"
    "memorysetup-gfx-main-allocator-block-size=16777216"
    "memorysetup-gfx-thread-allocator-block-size=16777216"
    "memorysetup-cache-allocator-block-size=4194304"
    "memorysetup-typetree-allocator-block-size=2097152"
    "memorysetup-profiler-bucket-allocator-granularity=16"
    "memorysetup-profiler-bucket-allocator-bucket-count=8"
    "memorysetup-profiler-bucket-allocator-block-size=33554432"
    "memorysetup-profiler-bucket-allocator-block-count=8"
    "memorysetup-profiler-allocator-block-size=16777216"
    "memorysetup-profiler-editor-allocator-block-size=1048576"
    "memorysetup-temp-allocator-size-main=16777216"
    "memorysetup-job-temp-allocator-block-size=2097152"
    "memorysetup-job-temp-allocator-block-size-background=1048576"
    "memorysetup-job-temp-allocator-reduction-small-platforms=262144"
    "memorysetup-temp-allocator-size-background-worker=32768"
    "memorysetup-temp-allocator-size-job-worker=262144"
    "memorysetup-temp-allocator-size-preload-manager=33554432"
    "memorysetup-temp-allocator-size-nav-mesh-worker=65536"
    "memorysetup-temp-allocator-size-audio-worker=65536"
    "memorysetup-temp-allocator-size-cloud-worker=32768"
    "memorysetup-temp-allocator-size-gi-baking-worker=262144"
    "memorysetup-temp-allocator-size-gfx=262144"
Player connection [14920] Host "[IP] 192.168.101.137 [Port] 0 [Flags] 2 [Guid] 2561569285 [EditorId] 2561569285 [Version] 1048832 [Id] WindowsEditor(7,KHWS710) [Debug] 1 [PackageName] WindowsEditor [ProjectName] Editor" joined multi-casting on [225.0.0.222:54997]...

Player connection [14920] Host "[IP] 192.168.101.137 [Port] 0 [Flags] 2 [Guid] 2561569285 [EditorId] 2561569285 [Version] 1048832 [Id] WindowsEditor(7,KHWS710) [Debug] 1 [PackageName] WindowsEditor [ProjectName] Editor" joined alternative multi-casting on [225.0.0.222:34997]...

Refreshing native plugins compatible for Editor in 81.84 ms, found 3 plugins.
Preloading 0 native plugins for Editor in 0.00 ms.
Initialize engine version: 2021.3.23f1 (213b516bf396)
[Subsystems] Discovering subsystems at path C:/Program Files/Unity/Hub/Editor/2021.3.23f1/Editor/Data/Resources/UnitySubsystems
[Subsystems] Discovering subsystems at path D:/Year13AGRacer/UnityProject/Assets
GfxDevice: creating device client; threaded=0; jobified=0
Direct3D:
    Version:  Direct3D 11.0 [level 11.1]
    Renderer: NVIDIA GeForce RTX 3070 (ID=0x2488)
    Vendor:   NVIDIA
    VRAM:     8031 MB
    Driver:   31.0.15.2698
Initialize mono
Mono path[0] = 'C:/Program Files/Unity/Hub/Editor/2021.3.23f1/Editor/Data/Managed'
Mono path[1] = 'C:/Program Files/Unity/Hub/Editor/2021.3.23f1/Editor/Data/MonoBleedingEdge/lib/mono/unityjit-win32'
Mono config path = 'C:/Program Files/Unity/Hub/Editor/2021.3.23f1/Editor/Data/MonoBleedingEdge/etc'
Using monoOptions --debugger-agent=transport=dt_socket,embedding=1,server=y,suspend=n,address=127.0.0.1:56916
Begin MonoManager ReloadAssembly
Registering precompiled unity dll's ...
Register platform support module: C:/Program Files/Unity/Hub/Editor/2021.3.23f1/Editor/Data/PlaybackEngines/WebGLSupport/UnityEditor.WebGL.Extensions.dll
Register platform support module: C:/Program Files/Unity/Hub/Editor/2021.3.23f1/Editor/Data/PlaybackEngines/WindowsStandaloneSupport/UnityEditor.WindowsStandalone.Extensions.dll
Registered in 0.007650 seconds.
Native extension for WindowsStandalone target not found
Native extension for WebGL target not found
Refreshing native plugins compatible for Editor in 80.09 ms, found 3 plugins.
Preloading 0 native plugins for Editor in 0.00 ms.
Mono: successfully reloaded assembly
- Completed reload, in  0.622 seconds
Domain Reload Profiling:
	ReloadAssembly (622ms)
		BeginReloadAssembly (84ms)
			ExecutionOrderSort (0ms)
			DisableScriptedObjects (0ms)
			BackupInstance (0ms)
			ReleaseScriptingObjects (0ms)
			CreateAndSetChildDomain (1ms)
		EndReloadAssembly (441ms)
			LoadAssemblies (82ms)
			RebuildTransferFunctionScriptingTraits (0ms)
			SetupTypeCache (94ms)
			ReleaseScriptCaches (0ms)
			RebuildScriptCaches (25ms)
			SetupLoadedEditorAssemblies (271ms)
				LogAssemblyErrors (0ms)
				InitializePlatformSupportModulesInManaged (9ms)
				SetLoadedEditorAssemblies (0ms)
				RefreshPlugins (80ms)
				BeforeProcessingInitializeOnLoad (1ms)
				ProcessInitializeOnLoadAttributes (136ms)
				ProcessInitializeOnLoadMethodAttributes (45ms)
				AfterProcessingInitializeOnLoad (0ms)
				EditorAssembliesLoaded (0ms)
			ExecutionOrderSort2 (0ms)
			AwakeInstancesAfterBackupRestoration (0ms)
Platform modules already initialized, skipping
Registering precompiled user dll's ...
Registered in 0.003312 seconds.
Begin MonoManager ReloadAssembly
Native extension for WindowsStandalone target not found
Native extension for WebGL target not found
Refreshing native plugins compatible for Editor in 0.75 ms, found 3 plugins.
Preloading 0 native plugins for Editor in 0.00 ms.
Mono: successfully reloaded assembly
- Completed reload, in  0.988 seconds
Domain Reload Profiling:
	ReloadAssembly (989ms)
		BeginReloadAssembly (109ms)
			ExecutionOrderSort (0ms)
			DisableScriptedObjects (6ms)
			BackupInstance (0ms)
			ReleaseScriptingObjects (0ms)
			CreateAndSetChildDomain (21ms)
		EndReloadAssembly (777ms)
			LoadAssemblies (74ms)
			RebuildTransferFunctionScriptingTraits (0ms)
			SetupTypeCache (251ms)
			ReleaseScriptCaches (1ms)
			RebuildScriptCaches (61ms)
			SetupLoadedEditorAssemblies (349ms)
				LogAssemblyErrors (0ms)
				InitializePlatformSupportModulesInManaged (7ms)
				SetLoadedEditorAssemblies (0ms)
				RefreshPlugins (1ms)
				BeforeProcessingInitializeOnLoad (78ms)
				ProcessInitializeOnLoadAttributes (236ms)
				ProcessInitializeOnLoadMethodAttributes (20ms)
				AfterProcessingInitializeOnLoad (7ms)
				EditorAssembliesLoaded (0ms)
			ExecutionOrderSort2 (0ms)
			AwakeInstancesAfterBackupRestoration (6ms)
Platform modules already initialized, skipping
========================================================================
Worker process is ready to serve import requests
Launched and connected shader compiler UnityShaderCompiler.exe after 0.04 seconds
Refreshing native plugins compatible for Editor in 0.66 ms, found 3 plugins.
Preloading 0 native plugins for Editor in 0.00 ms.
Unloading 3210 Unused Serialized files (Serialized files now loaded: 0)
Unloading 35 unused Assets / (129.7 KB). Loaded Objects now: 3690.
Memory consumption went from 129.4 MB to 129.2 MB.
Total: 1.755300 ms (FindLiveObjects: 0.164300 ms CreateObjectMapping: 0.045000 ms MarkObjects: 1.467400 ms  DeleteObjects: 0.077500 ms)

AssetImportParameters requested are different than current active one (requested -> active):
  custom:video-decoder-ogg-theora: a1e56fd34408186e4bbccfd4996cb3dc -> 
  custom:container-muxer-webm: aa71ff27fc2769a1b78a27578f13a17b -> 
  custom:container-demuxer-webm: 4f35f7cbe854078d1ac9338744f61a02 -> 
  custom:video-encoder-webm-vp8: eb34c28f22e8b96e1ab97ce403110664 -> 
  custom:audio-encoder-webm-vorbis: bf7c407c2cedff20999df2af8eb42d56 -> 
  custom:framework-win-MediaFoundation: 216162199b28c13a410421893ffa2e32 -> 
  custom:container-demuxer-ogg: 62fdf1f143b41e24485cea50d1cbac27 -> 
  custom:video-decoder-webm-vp8: 9c59270c3fd7afecdb556c50c9e8de78 -> 
  custom:audio-decoder-ogg-vorbis: bf7c407c2cedff20999df2af8eb42d56 -> 
========================================================================
Received Import Request.
  Time since last request: 9587.960047 seconds.
  path: Assets/Import/materials/Body_0.mat
  artifactKey: Guid(3ed909e7851dcd44bbe87cbc669dfbdd) Importer(815301076,1909f56bfc062723c751e8b465ee728b)
Start importing Assets/Import/materials/Body_0.mat using Guid(3ed909e7851dcd44bbe87cbc669dfbdd) Importer(815301076,1909f56bfc062723c751e8b465ee728b)  -> (artifact id: '79ba608b728e64185ead27de21d4579a') in 0.116900 seconds 
========================================================================
Received Import Request.
  Time since last request: 1.198186 seconds.
  path: Assets/PolygonSciFiCity/Materials/Misc/FX_Bullets_Laser.mat
  artifactKey: Guid(918cab7a2574d6c4ba7ae6171240559e) Importer(815301076,1909f56bfc062723c751e8b465ee728b)
Start importing Assets/PolygonSciFiCity/Materials/Misc/FX_Bullets_Laser.mat using Guid(918cab7a2574d6c4ba7ae6171240559e) Importer(815301076,1909f56bfc062723c751e8b465ee728b)  -> (artifact id: 'f17786981e5377592cfff9ac8f0d23ec') in 0.024591 seconds 
========================================================================
Received Import Request.
  Time since last request: 0.090271 seconds.
  path: Assets/PolygonSciFiCity/Materials/Misc/FX_Lighting.mat
  artifactKey: Guid(125544cbb97615848a5d285350b798fd) Importer(815301076,1909f56bfc062723c751e8b465ee728b)
Start importing Assets/PolygonSciFiCity/Materials/Misc/FX_Lighting.mat using Guid(125544cbb97615848a5d285350b798fd) Importer(815301076,1909f56bfc062723c751e8b465ee728b)  -> (artifact id: 'f99edbd327edf18ab89d75c1f370bc77') in 0.012051 seconds 
========================================================================
Received Import Request.
  Time since last request: 0.592053 seconds.
  path: Assets/PolygonSciFiCity/Materials/Misc/FX_Mat_Blank.mat
  artifactKey: Guid(28a61d89cc047e04095d124cb957aabb) Importer(815301076,1909f56bfc062723c751e8b465ee728b)
Start importing Assets/PolygonSciFiCity/Materials/Misc/FX_Mat_Blank.mat using Guid(28a61d89cc047e04095d124cb957aabb) Importer(815301076,1909f56bfc062723c751e8b465ee728b)  -> (artifact id: '9d047fab2c36b96384aaa6ba0b7f01c3') in 0.014277 seconds 
========================================================================
Received Import Request.
  Time since last request: 0.060976 seconds.
  path: Assets/PolygonSciFiCity/Materials/Misc/FX_Sphere.mat
  artifactKey: Guid(41e9749fbfcb2214f8ce3b9b2bdca971) Importer(815301076,1909f56bfc062723c751e8b465ee728b)
Start importing Assets/PolygonSciFiCity/Materials/Misc/FX_Sphere.mat using Guid(41e9749fbfcb2214f8ce3b9b2bdca971) Importer(815301076,1909f56bfc062723c751e8b465ee728b)  -> (artifact id: 'b1afe0d92bee251016fab2f4de18793b') in 0.020001 seconds 
========================================================================
Received Import Request.
  Time since last request: 0.022789 seconds.
  path: Assets/PolygonSciFiCity/Materials/Misc/Glass_01_A.mat
  artifactKey: Guid(65f3d62b6cede8e4ea3394211569fc6d) Importer(815301076,1909f56bfc062723c751e8b465ee728b)
Start importing Assets/PolygonSciFiCity/Materials/Misc/Glass_01_A.mat using Guid(65f3d62b6cede8e4ea3394211569fc6d) Importer(815301076,1909f56bfc062723c751e8b465ee728b)  -> (artifact id: '366a1ce4f37132af79c6d28a0c1464ff') in 0.059752 seconds 
========================================================================
Received Import Request.
  Time since last request: 0.576546 seconds.
  path: Assets/Import/materials/Glass_3.mat
  artifactKey: Guid(a0d12f2e2ca5a98439345022001e086c) Importer(815301076,1909f56bfc062723c751e8b465ee728b)
Start importing Assets/Import/materials/Glass_3.mat using Guid(a0d12f2e2ca5a98439345022001e086c) Importer(815301076,1909f56bfc062723c751e8b465ee728b)  -> (artifact id: '0a54b3a2ab0cd3040a310ab3903050e6') in 0.013585 seconds 
========================================================================
Received Import Request.
  Time since last request: 0.020112 seconds.
  path: Assets/Import/materials/Glow_1.mat
  artifactKey: Guid(e13d61466b3064849919e99c330ff41e) Importer(815301076,1909f56bfc062723c751e8b465ee728b)
Start importing Assets/Import/materials/Glow_1.mat using Guid(e13d61466b3064849919e99c330ff41e) Importer(815301076,1909f56bfc062723c751e8b465ee728b)  -> (artifact id: '6e1c049b61fe3319b7aa0cfa1bc318a3') in 0.010355 seconds 
========================================================================
Received Import Request.
  Time since last request: 0.450399 seconds.
  path: Assets/PolygonSciFiCity/Models/Collision/Materials/lambert1243.mat
  artifactKey: Guid(f8a617d51f96313448f41868da7b48fc) Importer(815301076,1909f56bfc062723c751e8b465ee728b)
Start importing Assets/PolygonSciFiCity/Models/Collision/Materials/lambert1243.mat using Guid(f8a617d51f96313448f41868da7b48fc) Importer(815301076,1909f56bfc062723c751e8b465ee728b)  -> (artifact id: '6861aff84cc9208a3c1357044a648eb4') in 0.011846 seconds 
========================================================================
Received Import Request.
  Time since last request: 0.016789 seconds.
  path: Assets/PolygonSciFiCity/Materials/Misc/Planet_Material_01.mat
  artifactKey: Guid(14321f2505b1d9d4ca2585c0ea713358) Importer(815301076,1909f56bfc062723c751e8b465ee728b)
Start importing Assets/PolygonSciFiCity/Materials/Misc/Planet_Material_01.mat using Guid(14321f2505b1d9d4ca2585c0ea713358) Importer(815301076,1909f56bfc062723c751e8b465ee728b)  -> (artifact id: '94790948ad978ae21fdfdd5475de8221') in 0.038101 seconds 
========================================================================
Received Import Request.
  Time since last request: 3.196217 seconds.
  path: Assets/PolygonSciFiCity/Materials/Misc/Polygon_Scifi_FX.mat
  artifactKey: Guid(fa9e67520e3a0c04996a1f31dd165bb9) Importer(815301076,1909f56bfc062723c751e8b465ee728b)
Start importing Assets/PolygonSciFiCity/Materials/Misc/Polygon_Scifi_FX.mat using Guid(fa9e67520e3a0c04996a1f31dd165bb9) Importer(815301076,1909f56bfc062723c751e8b465ee728b)  -> (artifact id: '0ed7b6e3231bc79ec76a62c277359227') in 0.010099 seconds 
========================================================================
Received Import Request.
  Time since last request: 0.025919 seconds.
  path: Assets/PolygonSciFiCity/Materials/Misc/Polygon_Scifi_Smoke_Particle.mat
  artifactKey: Guid(694e8e05d25f4bc4ca6620f58c7861b8) Importer(815301076,1909f56bfc062723c751e8b465ee728b)
Start importing Assets/PolygonSciFiCity/Materials/Misc/Polygon_Scifi_Smoke_Particle.mat using Guid(694e8e05d25f4bc4ca6620f58c7861b8) Importer(815301076,1909f56bfc062723c751e8b465ee728b)  -> (artifact id: '2e064215be70d7e2359591b725054734') in 0.039643 seconds 
========================================================================
Received Import Request.
  Time since last request: 0.234434 seconds.
  path: Assets/PolygonSciFiCity/Materials/PolygonScifi_01_A_TriPlanar.mat
  artifactKey: Guid(bdfd86bb68e6e72419cbf417c2a6362d) Importer(815301076,1909f56bfc062723c751e8b465ee728b)
Start importing Assets/PolygonSciFiCity/Materials/PolygonScifi_01_A_TriPlanar.mat using Guid(bdfd86bb68e6e72419cbf417c2a6362d) Importer(815301076,1909f56bfc062723c751e8b465ee728b)  -> (artifact id: '430be0757a5ec5f8efbbb56b6474edbf') in 0.061834 seconds 
========================================================================
Received Import Request.
  Time since last request: 0.444753 seconds.
  path: Assets/PolygonSciFiCity/Materials/Alternates/PolygonScifi_01_E.mat
  artifactKey: Guid(4334c1afd5d33194b851aae4a7c4f9e3) Importer(815301076,1909f56bfc062723c751e8b465ee728b)
Start importing Assets/PolygonSciFiCity/Materials/Alternates/PolygonScifi_01_E.mat using Guid(4334c1afd5d33194b851aae4a7c4f9e3) Importer(815301076,1909f56bfc062723c751e8b465ee728b)  -> (artifact id: '4c4d3c006ce511eef48c17a90fd5b4da') in 0.051955 seconds 
========================================================================
Received Import Request.
  Time since last request: 0.285442 seconds.
  path: Assets/PolygonSciFiCity/Materials/Alternates/PolygonScifi_02_C.mat
  artifactKey: Guid(316dc25e2b60cf84e84e83a0a0995b59) Importer(815301076,1909f56bfc062723c751e8b465ee728b)
Start importing Assets/PolygonSciFiCity/Materials/Alternates/PolygonScifi_02_C.mat using Guid(316dc25e2b60cf84e84e83a0a0995b59) Importer(815301076,1909f56bfc062723c751e8b465ee728b)  -> (artifact id: '4665b6807151ddb54b00cc4246a30507') in 0.038868 seconds 
========================================================================
Received Import Request.
  Time since last request: 0.000048 seconds.
  path: Assets/PolygonSciFiCity/Materials/PolygonScifi_03_A.mat
  artifactKey: Guid(d29677146096e2e44a5d0dc42b09e592) Importer(815301076,1909f56bfc062723c751e8b465ee728b)
Start importing Assets/PolygonSciFiCity/Materials/PolygonScifi_03_A.mat using Guid(d29677146096e2e44a5d0dc42b09e592) Importer(815301076,1909f56bfc062723c751e8b465ee728b)  -> (artifact id: '71113e89e8645802b759ee4974dcd0da') in 0.037282 seconds 
========================================================================
Received Import Request.
  Time since last request: 0.269371 seconds.
  path: Assets/PolygonSciFiCity/Materials/Alternates/PolygonScifi_03_C.mat
  artifactKey: Guid(3f74aff155264e942b8bd6ebc1f78268) Importer(815301076,1909f56bfc062723c751e8b465ee728b)
Start importing Assets/PolygonSciFiCity/Materials/Alternates/PolygonScifi_03_C.mat using Guid(3f74aff155264e942b8bd6ebc1f78268) Importer(815301076,1909f56bfc062723c751e8b465ee728b)  -> (artifact id: '1a38f1e0df817a5143ef6754acc177ed') in 0.038764 seconds 
========================================================================
Received Import Request.
  Time since last request: 0.000028 seconds.
  path: Assets/PolygonSciFiCity/Materials/Alternates/PolygonScifi_04_B.mat
  artifactKey: Guid(51cf3e7710a033d46b4a1f0514895eec) Importer(815301076,1909f56bfc062723c751e8b465ee728b)
Start importing Assets/PolygonSciFiCity/Materials/Alternates/PolygonScifi_04_B.mat using Guid(51cf3e7710a033d46b4a1f0514895eec) Importer(815301076,1909f56bfc062723c751e8b465ee728b)  -> (artifact id: 'df72abd25abea20bae5b5a4cf315ccd8') in 0.039822 seconds 
========================================================================
Received Import Request.
  Time since last request: 0.211115 seconds.
  path: Assets/PolygonSciFiCity/Materials/Alternates/PolygonScifi_04_C.mat
  artifactKey: Guid(1b3f510c14fcc24419370fa386429eac) Importer(815301076,1909f56bfc062723c751e8b465ee728b)
Start importing Assets/PolygonSciFiCity/Materials/Alternates/PolygonScifi_04_C.mat using Guid(1b3f510c14fcc24419370fa386429eac) Importer(815301076,1909f56bfc062723c751e8b465ee728b)  -> (artifact id: 'c7838ad71368ab229c15dc94c4222e70') in 0.042926 seconds 
========================================================================
Received Import Request.
  Time since last request: 0.000022 seconds.
  path: Assets/PolygonSciFiCity/Materials/PolygonSciFi_Billboards 1.mat
  artifactKey: Guid(0ce531def5f4c8e40986eb7714d4072c) Importer(815301076,1909f56bfc062723c751e8b465ee728b)
Start importing Assets/PolygonSciFiCity/Materials/PolygonSciFi_Billboards 1.mat using Guid(0ce531def5f4c8e40986eb7714d4072c) Importer(815301076,1909f56bfc062723c751e8b465ee728b)  -> (artifact id: '1982b5a91878a56796074e10c171fc3b') in 0.037372 seconds 
========================================================================
Received Import Request.
  Time since last request: 0.293450 seconds.
  path: Assets/PolygonSciFiCity/Materials/Misc/PolygonSciFi_Buildings_Background 1.mat
  artifactKey: Guid(32fa68add7ffe9441b6b6c1b4b9522b6) Importer(815301076,1909f56bfc062723c751e8b465ee728b)
Start importing Assets/PolygonSciFiCity/Materials/Misc/PolygonSciFi_Buildings_Background 1.mat using Guid(32fa68add7ffe9441b6b6c1b4b9522b6) Importer(815301076,1909f56bfc062723c751e8b465ee728b)  -> (artifact id: '2b6802ea972e343965cff0ba6d538ffd') in 0.014043 seconds 
========================================================================
Received Import Request.
  Time since last request: 0.000018 seconds.
  path: Assets/PolygonSciFiCity/Materials/Misc/PolygonSciFi_Halo_D 1.mat
  artifactKey: Guid(ccabe2f6d0ff0b34ea4c6ad84a5748de) Importer(815301076,1909f56bfc062723c751e8b465ee728b)
Start importing Assets/PolygonSciFiCity/Materials/Misc/PolygonSciFi_Halo_D 1.mat using Guid(ccabe2f6d0ff0b34ea4c6ad84a5748de) Importer(815301076,1909f56bfc062723c751e8b465ee728b)  -> (artifact id: 'caf066c6848fe7f49230f0650432f530') in 0.011866 seconds 
========================================================================
Received Import Request.
  Time since last request: 0.000020 seconds.
  path: Assets/PolygonSciFiCity/Materials/Misc/PolygonScifi_Hologram_Outline.mat
  artifactKey: Guid(c5df55dd57f63984ab83f8e00224a285) Importer(815301076,1909f56bfc062723c751e8b465ee728b)
Start importing Assets/PolygonSciFiCity/Materials/Misc/PolygonScifi_Hologram_Outline.mat using Guid(c5df55dd57f63984ab83f8e00224a285) Importer(815301076,1909f56bfc062723c751e8b465ee728b)  -> (artifact id: '02ff26cad3c8b827c626a73352ef9c8e') in 0.029052 seconds 
========================================================================
Received Import Request.
  Time since last request: 0.683600 seconds.
  path: Assets/PolygonSciFiCity/Models/FixedScaleCharacters/Materials/PolygonSciFiCity_Texture_01_A.mat
  artifactKey: Guid(f6c93d6fc3d85064fba14d0746922f8f) Importer(815301076,1909f56bfc062723c751e8b465ee728b)
Start importing Assets/PolygonSciFiCity/Models/FixedScaleCharacters/Materials/PolygonSciFiCity_Texture_01_A.mat using Guid(f6c93d6fc3d85064fba14d0746922f8f) Importer(815301076,1909f56bfc062723c751e8b465ee728b)  -> (artifact id: '7166547b3a2ee40783b3ee340cddb945') in 0.013003 seconds 
========================================================================
Received Import Request.
  Time since last request: 0.012957 seconds.
  path: Assets/PolygonSciFiCity/Materials/Misc/Shield_Bubble.mat
  artifactKey: Guid(b2ce98f3fac40fe4ba6320203ed6fae4) Importer(815301076,1909f56bfc062723c751e8b465ee728b)
Start importing Assets/PolygonSciFiCity/Materials/Misc/Shield_Bubble.mat using Guid(b2ce98f3fac40fe4ba6320203ed6fae4) Importer(815301076,1909f56bfc062723c751e8b465ee728b)  -> (artifact id: '47ac30b5c9553715842bb54f29b95e76') in 0.034566 seconds 
========================================================================
Received Import Request.
  Time since last request: 64.124742 seconds.
  path: Assets/PolygonSciFiCity/Prefabs/Signs/SM_Sign_Ad_05.prefab
  artifactKey: Guid(00ac70221b65ac845b5fe74dac83db9a) Importer(815301076,1909f56bfc062723c751e8b465ee728b)
Start importing Assets/PolygonSciFiCity/Prefabs/Signs/SM_Sign_Ad_05.prefab using Guid(00ac70221b65ac845b5fe74dac83db9a) Importer(815301076,1909f56bfc062723c751e8b465ee728b)  -> (artifact id: 'a6abd7aaa303087d42b0a9225e6c19e1') in 0.205797 seconds 
========================================================================
Received Import Request.
  Time since last request: 0.000019 seconds.
  path: Assets/PolygonSciFiCity/Prefabs/Signs/SM_Sign_Neon_Bulb_06.prefab
  artifactKey: Guid(a3a54a9e772a04c4b9519be02a886403) Importer(815301076,1909f56bfc062723c751e8b465ee728b)
Start importing Assets/PolygonSciFiCity/Prefabs/Signs/SM_Sign_Neon_Bulb_06.prefab using Guid(a3a54a9e772a04c4b9519be02a886403) Importer(815301076,1909f56bfc062723c751e8b465ee728b)  -> (artifact id: '4fd75c1f40fa6ab905ba94fcf896b3b8') in 0.220262 seconds 
========================================================================
Received Import Request.
  Time since last request: 0.000048 seconds.
  path: Assets/PolygonSciFiCity/Prefabs/Signs/SM_Sign_Ad_28.prefab
  artifactKey: Guid(d67bc3a5f8dc8644982553da77f34d09) Importer(815301076,1909f56bfc062723c751e8b465ee728b)
Start importing Assets/PolygonSciFiCity/Prefabs/Signs/SM_Sign_Ad_28.prefab using Guid(d67bc3a5f8dc8644982553da77f34d09) Importer(815301076,1909f56bfc062723c751e8b465ee728b)  -> (artifact id: 'c8efe96612bb57bf99bbd292150a886f') in 0.013144 seconds 
========================================================================
Received Import Request.
  Time since last request: 0.000017 seconds.
  path: Assets/PolygonSciFiCity/Prefabs/Signs/SM_Sign_Neon_04.prefab
  artifactKey: Guid(12db591aaf893aa458c5192d0e13f670) Importer(815301076,1909f56bfc062723c751e8b465ee728b)
Start importing Assets/PolygonSciFiCity/Prefabs/Signs/SM_Sign_Neon_04.prefab using Guid(12db591aaf893aa458c5192d0e13f670) Importer(815301076,1909f56bfc062723c751e8b465ee728b)  -> (artifact id: '819b94770681f1bcb0f3274ee010c3b0') in 0.146127 seconds 
========================================================================
Received Import Request.
  Time since last request: 0.000016 seconds.
  path: Assets/PolygonSciFiCity/Prefabs/Signs/SM_Sign_Billboard_Large_04.prefab
  artifactKey: Guid(ca5448f7c73d3a349856be1bf2fe18d8) Importer(815301076,1909f56bfc062723c751e8b465ee728b)
Start importing Assets/PolygonSciFiCity/Prefabs/Signs/SM_Sign_Billboard_Large_04.prefab using Guid(ca5448f7c73d3a349856be1bf2fe18d8) Importer(815301076,1909f56bfc062723c751e8b465ee728b)  -> (artifact id: '3a300bbd0465ff97e0215115bc7f71d9') in 0.013517 seconds 
========================================================================
Received Import Request.
  Time since last request: 0.000015 seconds.
  path: Assets/PolygonSciFiCity/Prefabs/Signs/SM_Sign_Ad_32.prefab
  artifactKey: Guid(723e499b127f6b546968673b244a7caa) Importer(815301076,1909f56bfc062723c751e8b465ee728b)
Start importing Assets/PolygonSciFiCity/Prefabs/Signs/SM_Sign_Ad_32.prefab using Guid(723e499b127f6b546968673b244a7caa) Importer(815301076,1909f56bfc062723c751e8b465ee728b)  -> (artifact id: '58c13a6f7382feea2230c9922efeec3e') in 0.011097 seconds 
========================================================================
Received Import Request.
  Time since last request: 0.000023 seconds.
  path: Assets/PolygonSciFiCity/Prefabs/Signs/SM_Sign_Ad_18.prefab
  artifactKey: Guid(ebd4e06f75747594ab530fcb847920bb) Importer(815301076,1909f56bfc062723c751e8b465ee728b)
Start importing Assets/PolygonSciFiCity/Prefabs/Signs/SM_Sign_Ad_18.prefab using Guid(ebd4e06f75747594ab530fcb847920bb) Importer(815301076,1909f56bfc062723c751e8b465ee728b)  -> (artifact id: 'ec98021182d70c72dbabfb5113df6994') in 0.010590 seconds 
========================================================================
Received Import Request.
  Time since last request: 0.000019 seconds.
  path: Assets/PolygonSciFiCity/Prefabs/Signs/SM_Sign_Ad_13.prefab
  artifactKey: Guid(ace9aade42ef57f4d99670bf0bcb54bc) Importer(815301076,1909f56bfc062723c751e8b465ee728b)
Start importing Assets/PolygonSciFiCity/Prefabs/Signs/SM_Sign_Ad_13.prefab using Guid(ace9aade42ef57f4d99670bf0bcb54bc) Importer(815301076,1909f56bfc062723c751e8b465ee728b)  -> (artifact id: '0c8d87872d2fb902f925a5362efb525c') in 0.009342 seconds 
========================================================================
Received Import Request.
  Time since last request: 0.000032 seconds.
  path: Assets/PolygonSciFiCity/Prefabs/Signs/SM_Sign_Neon_Bulb_07.prefab
  artifactKey: Guid(77ee7bb0fd1e3e744904a868dcb2ea5a) Importer(815301076,1909f56bfc062723c751e8b465ee728b)
Start importing Assets/PolygonSciFiCity/Prefabs/Signs/SM_Sign_Neon_Bulb_07.prefab using Guid(77ee7bb0fd1e3e744904a868dcb2ea5a) Importer(815301076,1909f56bfc062723c751e8b465ee728b)  -> (artifact id: '202b91a8dcf4ef459993b1d1003d03aa') in 0.037066 seconds 
========================================================================
Received Import Request.
  Time since last request: 0.000029 seconds.
  path: Assets/PolygonSciFiCity/Prefabs/Signs/SM_Sign_Ad_08.prefab
  artifactKey: Guid(d10ca6800364b3b4eaa06bd0d84f74d3) Importer(815301076,1909f56bfc062723c751e8b465ee728b)
Start importing Assets/PolygonSciFiCity/Prefabs/Signs/SM_Sign_Ad_08.prefab using Guid(d10ca6800364b3b4eaa06bd0d84f74d3) Importer(815301076,1909f56bfc062723c751e8b465ee728b)  -> (artifact id: '750cb1169c006f40ac060818e801c5d5') in 0.013957 seconds 
========================================================================
Received Import Request.
  Time since last request: 0.000025 seconds.
  path: Assets/PolygonSciFiCity/Prefabs/Signs/SM_Sign_Billboard_Border_01.prefab
  artifactKey: Guid(a2edcae9cbf22f84da8cd2d950c7175e) Importer(815301076,1909f56bfc062723c751e8b465ee728b)
Start importing Assets/PolygonSciFiCity/Prefabs/Signs/SM_Sign_Billboard_Border_01.prefab using Guid(a2edcae9cbf22f84da8cd2d950c7175e) Importer(815301076,1909f56bfc062723c751e8b465ee728b)  -> (artifact id: 'e87e6f5efc19c4ac90ba67577d5b8f28') in 0.037483 seconds 
========================================================================
Received Import Request.
  Time since last request: 0.000024 seconds.
  path: Assets/PolygonSciFiCity/Prefabs/Signs/SM_Sign_Neon_09.prefab
  artifactKey: Guid(59a5653262854594e875c0d1614e19ad) Importer(815301076,1909f56bfc062723c751e8b465ee728b)
Start importing Assets/PolygonSciFiCity/Prefabs/Signs/SM_Sign_Neon_09.prefab using Guid(59a5653262854594e875c0d1614e19ad) Importer(815301076,1909f56bfc062723c751e8b465ee728b)  -> (artifact id: 'a0a1e320477ed0bcd4f0face55a270aa') in 0.017687 seconds 
========================================================================
Received Import Request.
  Time since last request: 0.000036 seconds.
  path: Assets/PolygonSciFiCity/Prefabs/Signs/SM_Sign_Billboard_Large_01.prefab
  artifactKey: Guid(3180d24cf316a724aba849078ed6e992) Importer(815301076,1909f56bfc062723c751e8b465ee728b)
Start importing Assets/PolygonSciFiCity/Prefabs/Signs/SM_Sign_Billboard_Large_01.prefab using Guid(3180d24cf316a724aba849078ed6e992) Importer(815301076,1909f56bfc062723c751e8b465ee728b)  -> (artifact id: '7d94b63b1ecfb50cbec3029374589bab') in 0.011405 seconds 
========================================================================
Received Import Request.
  Time since last request: 0.000020 seconds.
  path: Assets/PolygonSciFiCity/Prefabs/Signs/SM_Sign_Neon_08.prefab
  artifactKey: Guid(4d95eed2946e3c244840107ae887de04) Importer(815301076,1909f56bfc062723c751e8b465ee728b)
Start importing Assets/PolygonSciFiCity/Prefabs/Signs/SM_Sign_Neon_08.prefab using Guid(4d95eed2946e3c244840107ae887de04) Importer(815301076,1909f56bfc062723c751e8b465ee728b)  -> (artifact id: '7fb1923fb719ecdb19db8468ae8f1c93') in 0.014715 seconds 
========================================================================
Received Import Request.
  Time since last request: 0.000019 seconds.
  path: Assets/PolygonSciFiCity/Prefabs/Signs/SM_Sign_Neon_Bulb_04.prefab
  artifactKey: Guid(97ad57e82270cbd499c9f3dc2f0925f4) Importer(815301076,1909f56bfc062723c751e8b465ee728b)
Start importing Assets/PolygonSciFiCity/Prefabs/Signs/SM_Sign_Neon_Bulb_04.prefab using Guid(97ad57e82270cbd499c9f3dc2f0925f4) Importer(815301076,1909f56bfc062723c751e8b465ee728b)  -> (artifact id: 'a2f96b455097746bb3dd33b787f518c3') in 0.038492 seconds 
========================================================================
Received Import Request.
  Time since last request: 0.000025 seconds.
  path: Assets/PolygonSciFiCity/Prefabs/Signs/SM_Sign_Ad_22.prefab
  artifactKey: Guid(8fcac59344a77004eaa7a2f81afa3dd9) Importer(815301076,1909f56bfc062723c751e8b465ee728b)
Start importing Assets/PolygonSciFiCity/Prefabs/Signs/SM_Sign_Ad_22.prefab using Guid(8fcac59344a77004eaa7a2f81afa3dd9) Importer(815301076,1909f56bfc062723c751e8b465ee728b)  -> (artifact id: '16da174f788ed86e9817a9449fd1e50a') in 0.011889 seconds 
========================================================================
Received Import Request.
  Time since last request: 0.000028 seconds.
  path: Assets/PolygonSciFiCity/Prefabs/Signs/SM_Sign_Neon_Flat_09.prefab
  artifactKey: Guid(f09eed83b16369e4686b2b421ad674ad) Importer(815301076,1909f56bfc062723c751e8b465ee728b)
Start importing Assets/PolygonSciFiCity/Prefabs/Signs/SM_Sign_Neon_Flat_09.prefab using Guid(f09eed83b16369e4686b2b421ad674ad) Importer(815301076,1909f56bfc062723c751e8b465ee728b)  -> (artifact id: 'c210cdbdbb77bc51bf215b60f4db38d4') in 0.013955 seconds 
========================================================================
Received Import Request.
  Time since last request: 0.000018 seconds.
  path: Assets/PolygonSciFiCity/Prefabs/Signs/SM_Sign_Billboard_Large_03.prefab
  artifactKey: Guid(ed06cce14d340b54b961bc8bc12ecf96) Importer(815301076,1909f56bfc062723c751e8b465ee728b)
Start importing Assets/PolygonSciFiCity/Prefabs/Signs/SM_Sign_Billboard_Large_03.prefab using Guid(ed06cce14d340b54b961bc8bc12ecf96) Importer(815301076,1909f56bfc062723c751e8b465ee728b)  -> (artifact id: 'd8c69b59b802b5f63853a84ca1009100') in 0.011487 seconds 
========================================================================
Received Import Request.
  Time since last request: 0.000025 seconds.
  path: Assets/PolygonSciFiCity/Prefabs/Signs/SM_Sign_Ad_20.prefab
  artifactKey: Guid(1495c81c19a2e654584e02b52d89cce9) Importer(815301076,1909f56bfc062723c751e8b465ee728b)
Start importing Assets/PolygonSciFiCity/Prefabs/Signs/SM_Sign_Ad_20.prefab using Guid(1495c81c19a2e654584e02b52d89cce9) Importer(815301076,1909f56bfc062723c751e8b465ee728b)  -> (artifact id: '89bd3c9fa741f4822579845ed0d9e21a') in 0.013710 seconds 
========================================================================
Received Import Request.
  Time since last request: 0.000026 seconds.
  path: Assets/PolygonSciFiCity/Prefabs/Signs/SM_Sign_Neon_03.prefab
  artifactKey: Guid(021c6cdb9e53353489b9fa5d6917d6da) Importer(815301076,1909f56bfc062723c751e8b465ee728b)
Start importing Assets/PolygonSciFiCity/Prefabs/Signs/SM_Sign_Neon_03.prefab using Guid(021c6cdb9e53353489b9fa5d6917d6da) Importer(815301076,1909f56bfc062723c751e8b465ee728b)  -> (artifact id: 'e37fdd0402aca1fc068ee7663340e36f') in 0.013982 seconds 
========================================================================
Received Import Request.
  Time since last request: 0.000027 seconds.
  path: Assets/PolygonSciFiCity/Prefabs/Signs/SM_Sign_Neon_07.prefab
  artifactKey: Guid(f74a85b2d013fb14b8261bc593134c13) Importer(815301076,1909f56bfc062723c751e8b465ee728b)
Start importing Assets/PolygonSciFiCity/Prefabs/Signs/SM_Sign_Neon_07.prefab using Guid(f74a85b2d013fb14b8261bc593134c13) Importer(815301076,1909f56bfc062723c751e8b465ee728b)  -> (artifact id: 'c83e70021e0d76abf1e2173dcb834d50') in 0.011775 seconds 
========================================================================
Received Import Request.
  Time since last request: 1.425887 seconds.
  path: Assets/PolygonSciFiCity/Prefabs/Signs/SM_Sign_Billboard_Large_04.prefab
  artifactKey: Guid(ca5448f7c73d3a349856be1bf2fe18d8) Importer(815301076,1909f56bfc062723c751e8b465ee728b)
Start importing Assets/PolygonSciFiCity/Prefabs/Signs/SM_Sign_Billboard_Large_04.prefab using Guid(ca5448f7c73d3a349856be1bf2fe18d8) Importer(815301076,1909f56bfc062723c751e8b465ee728b)  -> (artifact id: 'acb3713ae6e6c3d18ba3d5e450c98dbd') in 0.007947 seconds 
Editor requested this worker to shutdown with reason: Scaling down because of idle timeout
AssetImportWorker is now disconnected from the server
Process exiting
Exiting without the bug reporter. Application will terminate with return code 0