Using pre-set license
Built from '2021.3/staging' branch; Version is '2021.3.23f1 (213b516bf396) revision 2177873'; Using compiler version '192829333'; Build Type 'Release'
OS: 'Windows 10  (10.0.19045) 64bit Education' Language: 'en' Physical Memory: 16072 MB
BatchMode: 1, IsHumanControllingUs: 0, StartBugReporterOnCrash: 0, Is64bit: 1, IsPro: 1

COMMAND LINE ARGUMENTS:
C:\Program Files\Unity\Hub\Editor\2021.3.23f1\Editor\Unity.exe
-adb2
-batchMode
-noUpm
-name
AssetImportWorker2
-projectPath
D:/Year13AGRacer/UnityProject
-logFile
Logs/AssetImportWorker2.log
-srvPort
63761
Successfully changed project path to: D:/Year13AGRacer/UnityProject
D:/Year13AGRacer/UnityProject
[UnityMemory] Configuration Parameters - Can be set up in boot.config
    "memorysetup-bucket-allocator-granularity=16"
    "memorysetup-bucket-allocator-bucket-count=8"
    "memorysetup-bucket-allocator-block-size=33554432"
    "memorysetup-bucket-allocator-block-count=8"
    "memorysetup-main-allocator-block-size=16777216"
    "memorysetup-thread-allocator-block-size=16777216"
    "memorysetup-gfx-main-allocator-block-size=16777216"
    "memorysetup-gfx-thread-allocator-block-size=16777216"
    "memorysetup-cache-allocator-block-size=4194304"
    "memorysetup-typetree-allocator-block-size=2097152"
    "memorysetup-profiler-bucket-allocator-granularity=16"
    "memorysetup-profiler-bucket-allocator-bucket-count=8"
    "memorysetup-profiler-bucket-allocator-block-size=33554432"
    "memorysetup-profiler-bucket-allocator-block-count=8"
    "memorysetup-profiler-allocator-block-size=16777216"
    "memorysetup-profiler-editor-allocator-block-size=1048576"
    "memorysetup-temp-allocator-size-main=16777216"
    "memorysetup-job-temp-allocator-block-size=2097152"
    "memorysetup-job-temp-allocator-block-size-background=1048576"
    "memorysetup-job-temp-allocator-reduction-small-platforms=262144"
    "memorysetup-temp-allocator-size-background-worker=32768"
    "memorysetup-temp-allocator-size-job-worker=262144"
    "memorysetup-temp-allocator-size-preload-manager=33554432"
    "memorysetup-temp-allocator-size-nav-mesh-worker=65536"
    "memorysetup-temp-allocator-size-audio-worker=65536"
    "memorysetup-temp-allocator-size-cloud-worker=32768"
    "memorysetup-temp-allocator-size-gi-baking-worker=262144"
    "memorysetup-temp-allocator-size-gfx=262144"
Player connection [16096] Host "[IP] 192.168.101.137 [Port] 0 [Flags] 2 [Guid] 3485983397 [EditorId] 3485983397 [Version] 1048832 [Id] WindowsEditor(7,KHWS710) [Debug] 1 [PackageName] WindowsEditor [ProjectName] Editor" joined multi-casting on [225.0.0.222:54997]...

Player connection [16096] Host "[IP] 192.168.101.137 [Port] 0 [Flags] 2 [Guid] 3485983397 [EditorId] 3485983397 [Version] 1048832 [Id] WindowsEditor(7,KHWS710) [Debug] 1 [PackageName] WindowsEditor [ProjectName] Editor" joined alternative multi-casting on [225.0.0.222:34997]...

Refreshing native plugins compatible for Editor in 165.96 ms, found 3 plugins.
Preloading 0 native plugins for Editor in 0.00 ms.
Initialize engine version: 2021.3.23f1 (213b516bf396)
[Subsystems] Discovering subsystems at path C:/Program Files/Unity/Hub/Editor/2021.3.23f1/Editor/Data/Resources/UnitySubsystems
[Subsystems] Discovering subsystems at path D:/Year13AGRacer/UnityProject/Assets
GfxDevice: creating device client; threaded=0; jobified=0
Direct3D:
    Version:  Direct3D 11.0 [level 11.1]
    Renderer: NVIDIA GeForce RTX 3070 (ID=0x2488)
    Vendor:   NVIDIA
    VRAM:     8031 MB
    Driver:   31.0.15.2698
Initialize mono
Mono path[0] = 'C:/Program Files/Unity/Hub/Editor/2021.3.23f1/Editor/Data/Managed'
Mono path[1] = 'C:/Program Files/Unity/Hub/Editor/2021.3.23f1/Editor/Data/MonoBleedingEdge/lib/mono/unityjit-win32'
Mono config path = 'C:/Program Files/Unity/Hub/Editor/2021.3.23f1/Editor/Data/MonoBleedingEdge/etc'
Using monoOptions --debugger-agent=transport=dt_socket,embedding=1,server=y,suspend=n,address=127.0.0.1:56676
Begin MonoManager ReloadAssembly
Registering precompiled unity dll's ...
Register platform support module: C:/Program Files/Unity/Hub/Editor/2021.3.23f1/Editor/Data/PlaybackEngines/WebGLSupport/UnityEditor.WebGL.Extensions.dll
Register platform support module: C:/Program Files/Unity/Hub/Editor/2021.3.23f1/Editor/Data/PlaybackEngines/WindowsStandaloneSupport/UnityEditor.WindowsStandalone.Extensions.dll
Registered in 0.116756 seconds.
Native extension for WindowsStandalone target not found
Native extension for WebGL target not found
Refreshing native plugins compatible for Editor in 88.19 ms, found 3 plugins.
Preloading 0 native plugins for Editor in 0.00 ms.
Mono: successfully reloaded assembly
- Completed reload, in  3.490 seconds
Domain Reload Profiling:
	ReloadAssembly (3490ms)
		BeginReloadAssembly (2366ms)
			ExecutionOrderSort (0ms)
			DisableScriptedObjects (0ms)
			BackupInstance (0ms)
			ReleaseScriptingObjects (0ms)
			CreateAndSetChildDomain (0ms)
		EndReloadAssembly (769ms)
			LoadAssemblies (2368ms)
			RebuildTransferFunctionScriptingTraits (0ms)
			SetupTypeCache (401ms)
			ReleaseScriptCaches (0ms)
			RebuildScriptCaches (28ms)
			SetupLoadedEditorAssemblies (287ms)
				LogAssemblyErrors (0ms)
				InitializePlatformSupportModulesInManaged (9ms)
				SetLoadedEditorAssemblies (0ms)
				RefreshPlugins (88ms)
				BeforeProcessingInitializeOnLoad (1ms)
				ProcessInitializeOnLoadAttributes (139ms)
				ProcessInitializeOnLoadMethodAttributes (49ms)
				AfterProcessingInitializeOnLoad (0ms)
				EditorAssembliesLoaded (0ms)
			ExecutionOrderSort2 (0ms)
			AwakeInstancesAfterBackupRestoration (0ms)
Platform modules already initialized, skipping
Registering precompiled user dll's ...
Registered in 0.785602 seconds.
Begin MonoManager ReloadAssembly
Symbol file LoadedFromMemory doesn't match image D:\Year13AGRacer\UnityProject\Library\PackageCache\com.unity.visualscripting@1.8.0\Editor\VisualScripting.Core\Dependencies\YamlDotNet\Unity.VisualScripting.YamlDotNet.dll
Symbol file LoadedFromMemory doesn't match image D:\Year13AGRacer\UnityProject\Library\PackageCache\com.unity.visualscripting@1.8.0\Editor\VisualScripting.Core\Dependencies\DotNetZip\Unity.VisualScripting.IonicZip.dll
Native extension for WindowsStandalone target not found
Native extension for WebGL target not found
Refreshing native plugins compatible for Editor in 0.99 ms, found 3 plugins.
Preloading 0 native plugins for Editor in 0.00 ms.
Mono: successfully reloaded assembly
- Completed reload, in  3.174 seconds
Domain Reload Profiling:
	ReloadAssembly (3175ms)
		BeginReloadAssembly (121ms)
			ExecutionOrderSort (0ms)
			DisableScriptedObjects (6ms)
			BackupInstance (0ms)
			ReleaseScriptingObjects (0ms)
			CreateAndSetChildDomain (22ms)
		EndReloadAssembly (2936ms)
			LoadAssemblies (1851ms)
			RebuildTransferFunctionScriptingTraits (0ms)
			SetupTypeCache (597ms)
			ReleaseScriptCaches (1ms)
			RebuildScriptCaches (62ms)
			SetupLoadedEditorAssemblies (392ms)
				LogAssemblyErrors (0ms)
				InitializePlatformSupportModulesInManaged (6ms)
				SetLoadedEditorAssemblies (0ms)
				RefreshPlugins (1ms)
				BeforeProcessingInitializeOnLoad (88ms)
				ProcessInitializeOnLoadAttributes (267ms)
				ProcessInitializeOnLoadMethodAttributes (23ms)
				AfterProcessingInitializeOnLoad (7ms)
				EditorAssembliesLoaded (0ms)
			ExecutionOrderSort2 (0ms)
			AwakeInstancesAfterBackupRestoration (6ms)
Platform modules already initialized, skipping
========================================================================
Worker process is ready to serve import requests
Launched and connected shader compiler UnityShaderCompiler.exe after 0.04 seconds
Refreshing native plugins compatible for Editor in 1.02 ms, found 3 plugins.
Preloading 0 native plugins for Editor in 0.00 ms.
Unloading 3210 Unused Serialized files (Serialized files now loaded: 0)
Unloading 37 unused Assets / (184.9 KB). Loaded Objects now: 3687.
Memory consumption went from 129.7 MB to 129.5 MB.
Total: 3.339200 ms (FindLiveObjects: 0.414700 ms CreateObjectMapping: 0.090600 ms MarkObjects: 2.684500 ms  DeleteObjects: 0.148800 ms)

AssetImportParameters requested are different than current active one (requested -> active):
  custom:video-decoder-ogg-theora: a1e56fd34408186e4bbccfd4996cb3dc -> 
  custom:container-muxer-webm: aa71ff27fc2769a1b78a27578f13a17b -> 
  custom:container-demuxer-webm: 4f35f7cbe854078d1ac9338744f61a02 -> 
  custom:video-encoder-webm-vp8: eb34c28f22e8b96e1ab97ce403110664 -> 
  custom:audio-encoder-webm-vorbis: bf7c407c2cedff20999df2af8eb42d56 -> 
  custom:framework-win-MediaFoundation: 216162199b28c13a410421893ffa2e32 -> 
  custom:container-demuxer-ogg: 62fdf1f143b41e24485cea50d1cbac27 -> 
  custom:video-decoder-webm-vp8: 9c59270c3fd7afecdb556c50c9e8de78 -> 
  custom:audio-decoder-ogg-vorbis: bf7c407c2cedff20999df2af8eb42d56 -> 
========================================================================
Received Import Request.
  Time since last request: 1884.444640 seconds.
  path: Assets/PolygonSciFiCity/Prefabs/Signs/SM_Sign_Neon_Flat_05.prefab
  artifactKey: Guid(e8909a2c87d5869408c119fdeebe38da) Importer(815301076,1909f56bfc062723c751e8b465ee728b)
Start importing Assets/PolygonSciFiCity/Prefabs/Signs/SM_Sign_Neon_Flat_05.prefab using Guid(e8909a2c87d5869408c119fdeebe38da) Importer(815301076,1909f56bfc062723c751e8b465ee728b)  -> (artifact id: '7356c86c5b66991411cb8d45788e3c0a') in 0.155491 seconds 
========================================================================
Received Import Request.
  Time since last request: 0.000035 seconds.
  path: Assets/PolygonSciFiCity/Prefabs/Props/SM_Prop_Beams_01.prefab
  artifactKey: Guid(beeb4c311e48ba14cb1d92a034a553be) Importer(815301076,1909f56bfc062723c751e8b465ee728b)
Start importing Assets/PolygonSciFiCity/Prefabs/Props/SM_Prop_Beams_01.prefab using Guid(beeb4c311e48ba14cb1d92a034a553be) Importer(815301076,1909f56bfc062723c751e8b465ee728b)  -> (artifact id: 'a3a84755bde16613d7bf371315785336') in 0.087806 seconds 
========================================================================
Received Import Request.
  Time since last request: 0.000043 seconds.
  path: Assets/PolygonSciFiCity/Prefabs/Props/SM_Prop_Barrier_Plastic_01.prefab
  artifactKey: Guid(2ef431f56f242194fb0aac1efde07107) Importer(815301076,1909f56bfc062723c751e8b465ee728b)
Start importing Assets/PolygonSciFiCity/Prefabs/Props/SM_Prop_Barrier_Plastic_01.prefab using Guid(2ef431f56f242194fb0aac1efde07107) Importer(815301076,1909f56bfc062723c751e8b465ee728b)  -> (artifact id: '45bfa1837e635eaf1afef30094fa03d9') in 0.061864 seconds 
========================================================================
Received Import Request.
  Time since last request: 0.000055 seconds.
  path: Assets/PolygonSciFiCity/Prefabs/Props/SM_Prop_Cage_03.prefab
  artifactKey: Guid(eb84224342a883d49a76493e407fce4c) Importer(815301076,1909f56bfc062723c751e8b465ee728b)
Start importing Assets/PolygonSciFiCity/Prefabs/Props/SM_Prop_Cage_03.prefab using Guid(eb84224342a883d49a76493e407fce4c) Importer(815301076,1909f56bfc062723c751e8b465ee728b)  -> (artifact id: '096506e5feeb93bab06ec8ca3635c1cb') in 0.065271 seconds 
========================================================================
Received Import Request.
  Time since last request: 0.000021 seconds.
  path: Assets/PolygonSciFiCity/Prefabs/Props/SM_Prop_Cog_01.prefab
  artifactKey: Guid(db23fa03d8d74e349bbc089974917029) Importer(815301076,1909f56bfc062723c751e8b465ee728b)
Start importing Assets/PolygonSciFiCity/Prefabs/Props/SM_Prop_Cog_01.prefab using Guid(db23fa03d8d74e349bbc089974917029) Importer(815301076,1909f56bfc062723c751e8b465ee728b)  -> (artifact id: '331906da020ca17dbf6f7543932acd87') in 0.064356 seconds 
========================================================================
Received Import Request.
  Time since last request: 0.000046 seconds.
  path: Assets/PolygonSciFiCity/Prefabs/Props/SM_Prop_Barrier_03.prefab
  artifactKey: Guid(181f6d5bc4a81994d84a0d68b7a2205d) Importer(815301076,1909f56bfc062723c751e8b465ee728b)
Start importing Assets/PolygonSciFiCity/Prefabs/Props/SM_Prop_Barrier_03.prefab using Guid(181f6d5bc4a81994d84a0d68b7a2205d) Importer(815301076,1909f56bfc062723c751e8b465ee728b)  -> (artifact id: '0fe5489ea325a0080fcda3ce93a1eb4e') in 0.062251 seconds 
========================================================================
Received Import Request.
  Time since last request: 0.000043 seconds.
  path: Assets/PolygonSciFiCity/Prefabs/Props/SM_Prop_Barrier_Pole_01.prefab
  artifactKey: Guid(3d60a71ddd12565498b1cb9e63e36f92) Importer(815301076,1909f56bfc062723c751e8b465ee728b)
Start importing Assets/PolygonSciFiCity/Prefabs/Props/SM_Prop_Barrier_Pole_01.prefab using Guid(3d60a71ddd12565498b1cb9e63e36f92) Importer(815301076,1909f56bfc062723c751e8b465ee728b)  -> (artifact id: '475e3f8149e0add872825975fdd5e3df') in 0.064697 seconds 
========================================================================
Received Import Request.
  Time since last request: 0.000036 seconds.
  path: Assets/PolygonSciFiCity/Prefabs/Props/SM_Prop_Cables_02.prefab
  artifactKey: Guid(41bd131f003d8da439dd229aa2c850f4) Importer(815301076,1909f56bfc062723c751e8b465ee728b)
Start importing Assets/PolygonSciFiCity/Prefabs/Props/SM_Prop_Cables_02.prefab using Guid(41bd131f003d8da439dd229aa2c850f4) Importer(815301076,1909f56bfc062723c751e8b465ee728b)  -> (artifact id: '7ac8380c2db93233da56f3b1bebe7ce0') in 0.055505 seconds 
========================================================================
Received Import Request.
  Time since last request: 0.000027 seconds.
  path: Assets/PolygonSciFiCity/Prefabs/Props/SM_Prop_AirConditioningUnit_02.prefab
  artifactKey: Guid(c4de1579d85603245ab9ad2a03114629) Importer(815301076,1909f56bfc062723c751e8b465ee728b)
Start importing Assets/PolygonSciFiCity/Prefabs/Props/SM_Prop_AirConditioningUnit_02.prefab using Guid(c4de1579d85603245ab9ad2a03114629) Importer(815301076,1909f56bfc062723c751e8b465ee728b)  -> (artifact id: 'c7c5fd36f76ee77adc92661316e4028a') in 0.064868 seconds 
========================================================================
Received Import Request.
  Time since last request: 0.000031 seconds.
  path: Assets/PolygonSciFiCity/Prefabs/Props/SM_Prop_Cage_01.prefab
  artifactKey: Guid(7a60a7260d0b10845afc2b060d422f25) Importer(815301076,1909f56bfc062723c751e8b465ee728b)
Start importing Assets/PolygonSciFiCity/Prefabs/Props/SM_Prop_Cage_01.prefab using Guid(7a60a7260d0b10845afc2b060d422f25) Importer(815301076,1909f56bfc062723c751e8b465ee728b)  -> (artifact id: '2bdb5894a37a3dc29b10f7f3165a08a6') in 0.059408 seconds 
========================================================================
Received Import Request.
  Time since last request: 0.000036 seconds.
  path: Assets/PolygonSciFiCity/Prefabs/Props/SM_Prop_Atm_01.prefab
  artifactKey: Guid(a56da3c44063ebe4e8fdac7b93bf1969) Importer(815301076,1909f56bfc062723c751e8b465ee728b)
Start importing Assets/PolygonSciFiCity/Prefabs/Props/SM_Prop_Atm_01.prefab using Guid(a56da3c44063ebe4e8fdac7b93bf1969) Importer(815301076,1909f56bfc062723c751e8b465ee728b)  -> (artifact id: '2873002ee6364738d574a02dc0b54df2') in 0.057108 seconds 
========================================================================
Received Import Request.
  Time since last request: 0.000047 seconds.
  path: Assets/PolygonSciFiCity/Prefabs/Props/SM_Prop_Bench_01.prefab
  artifactKey: Guid(8883d0f3b814f294ab1cd0cd94cf1a1d) Importer(815301076,1909f56bfc062723c751e8b465ee728b)
Start importing Assets/PolygonSciFiCity/Prefabs/Props/SM_Prop_Bench_01.prefab using Guid(8883d0f3b814f294ab1cd0cd94cf1a1d) Importer(815301076,1909f56bfc062723c751e8b465ee728b)  -> (artifact id: '45d9ca12c27ab2e1e2b045f7476a8348') in 0.059917 seconds 
========================================================================
Received Import Request.
  Time since last request: 0.000033 seconds.
  path: Assets/PolygonSciFiCity/Prefabs/Props/SM_Prop_Disc_01.prefab
  artifactKey: Guid(8bc8742899e21924a89184460406342f) Importer(815301076,1909f56bfc062723c751e8b465ee728b)
Start importing Assets/PolygonSciFiCity/Prefabs/Props/SM_Prop_Disc_01.prefab using Guid(8bc8742899e21924a89184460406342f) Importer(815301076,1909f56bfc062723c751e8b465ee728b)  -> (artifact id: 'd2918efc98337733d29fa13f7cc47742') in 0.058996 seconds 
========================================================================
Received Import Request.
  Time since last request: 0.000033 seconds.
  path: Assets/PolygonSciFiCity/Prefabs/Props/SM_Prop_Cog_02.prefab
  artifactKey: Guid(0ce30e0f6a3b2b947abfcccbf06f2cdf) Importer(815301076,1909f56bfc062723c751e8b465ee728b)
Start importing Assets/PolygonSciFiCity/Prefabs/Props/SM_Prop_Cog_02.prefab using Guid(0ce30e0f6a3b2b947abfcccbf06f2cdf) Importer(815301076,1909f56bfc062723c751e8b465ee728b)  -> (artifact id: '67a713232eb578105142d373f89da8b3') in 0.058329 seconds 
========================================================================
Received Import Request.
  Time since last request: 0.000034 seconds.
  path: Assets/PolygonSciFiCity/Prefabs/Props/SM_Prop_AirConditioningUnit_01.prefab
  artifactKey: Guid(481f055a844be084eae4eefebdd9a49f) Importer(815301076,1909f56bfc062723c751e8b465ee728b)
Start importing Assets/PolygonSciFiCity/Prefabs/Props/SM_Prop_AirConditioningUnit_01.prefab using Guid(481f055a844be084eae4eefebdd9a49f) Importer(815301076,1909f56bfc062723c751e8b465ee728b)  -> (artifact id: '5b6dd537d0ee4dbb84d8f82d8683cd61') in 0.059942 seconds 
========================================================================
Received Import Request.
  Time since last request: 0.000045 seconds.
  path: Assets/PolygonSciFiCity/Prefabs/Props/SM_Prop_Carpet_Mat_01.prefab
  artifactKey: Guid(8db0bcef339c006459e7b8e78fa23d78) Importer(815301076,1909f56bfc062723c751e8b465ee728b)
Start importing Assets/PolygonSciFiCity/Prefabs/Props/SM_Prop_Carpet_Mat_01.prefab using Guid(8db0bcef339c006459e7b8e78fa23d78) Importer(815301076,1909f56bfc062723c751e8b465ee728b)  -> (artifact id: 'e4486707305be869624fd239446e86e7') in 0.055720 seconds 
========================================================================
Received Import Request.
  Time since last request: 141.668325 seconds.
  path: Assets/PolygonSciFiCity/Prefabs/Signs/SM_Sign_Billboard_Large_01.prefab
  artifactKey: Guid(3180d24cf316a724aba849078ed6e992) Importer(815301076,1909f56bfc062723c751e8b465ee728b)
Start importing Assets/PolygonSciFiCity/Prefabs/Signs/SM_Sign_Billboard_Large_01.prefab using Guid(3180d24cf316a724aba849078ed6e992) Importer(815301076,1909f56bfc062723c751e8b465ee728b)  -> (artifact id: '205b809019b172a5eb1879c003afa291') in 0.054674 seconds 
========================================================================
Received Import Request.
  Time since last request: 0.000019 seconds.
  path: Assets/PolygonSciFiCity/Prefabs/Signs/SM_Sign_Billboard_Large_03.prefab
  artifactKey: Guid(ed06cce14d340b54b961bc8bc12ecf96) Importer(815301076,1909f56bfc062723c751e8b465ee728b)
Start importing Assets/PolygonSciFiCity/Prefabs/Signs/SM_Sign_Billboard_Large_03.prefab using Guid(ed06cce14d340b54b961bc8bc12ecf96) Importer(815301076,1909f56bfc062723c751e8b465ee728b)  -> (artifact id: 'a2b37445874da6c40e41c6e5797ee42f') in 0.015492 seconds 
========================================================================
Received Import Request.
  Time since last request: 55.319054 seconds.
  path: Assets/PolygonSciFiCity/Textures/Alternates
  artifactKey: Guid(9eff4e00a3fcdcb46981b2063577ae38) Importer(815301076,1909f56bfc062723c751e8b465ee728b)
Start importing Assets/PolygonSciFiCity/Textures/Alternates using Guid(9eff4e00a3fcdcb46981b2063577ae38) Importer(815301076,1909f56bfc062723c751e8b465ee728b)  -> (artifact id: '2f7a2974206055d39593f36f184bbd5c') in 0.006202 seconds 
========================================================================
Received Import Request.
  Time since last request: 0.087165 seconds.
  path: Assets/PolygonSciFiCity/Textures/Alternates/PolygonScifi_01_B.png
  artifactKey: Guid(d742a2401f2a9e049ae1dc254b5b1e44) Importer(815301076,1909f56bfc062723c751e8b465ee728b)
Start importing Assets/PolygonSciFiCity/Textures/Alternates/PolygonScifi_01_B.png using Guid(d742a2401f2a9e049ae1dc254b5b1e44) Importer(815301076,1909f56bfc062723c751e8b465ee728b)  -> (artifact id: 'ddf5b638f71383919c3977ba20a2585d') in 0.032979 seconds 
========================================================================
Received Import Request.
  Time since last request: 0.000025 seconds.
  path: Assets/PolygonSciFiCity/Textures/Alternates/PolygonScifi_04_D.png
  artifactKey: Guid(f3e9d87da10aa57418d43d0b9c85f881) Importer(815301076,1909f56bfc062723c751e8b465ee728b)
Start importing Assets/PolygonSciFiCity/Textures/Alternates/PolygonScifi_04_D.png using Guid(f3e9d87da10aa57418d43d0b9c85f881) Importer(815301076,1909f56bfc062723c751e8b465ee728b)  -> (artifact id: 'c766b62d348951965fff2f5ab90db2a5') in 0.016203 seconds 
========================================================================
Received Import Request.
  Time since last request: 0.000022 seconds.
  path: Assets/PolygonSciFiCity/Textures/Alternates/PolygonScifi_01_D.png
  artifactKey: Guid(acedbfe095bfb1f40aed35809dc98c80) Importer(815301076,1909f56bfc062723c751e8b465ee728b)
Start importing Assets/PolygonSciFiCity/Textures/Alternates/PolygonScifi_01_D.png using Guid(acedbfe095bfb1f40aed35809dc98c80) Importer(815301076,1909f56bfc062723c751e8b465ee728b)  -> (artifact id: '014a01c0582456bfedd33a035e1b04de') in 0.013064 seconds 
========================================================================
Received Import Request.
  Time since last request: 0.000029 seconds.
  path: Assets/PolygonSciFiCity/Textures/Alternates/PolygonScifi_04_B.png
  artifactKey: Guid(b744fe2b2a20a164d964a898de0c4a9f) Importer(815301076,1909f56bfc062723c751e8b465ee728b)
Start importing Assets/PolygonSciFiCity/Textures/Alternates/PolygonScifi_04_B.png using Guid(b744fe2b2a20a164d964a898de0c4a9f) Importer(815301076,1909f56bfc062723c751e8b465ee728b)  -> (artifact id: 'c8f99107e1626654ce7db623053c4f64') in 0.015240 seconds 
========================================================================
Received Import Request.
  Time since last request: 0.000027 seconds.
  path: Assets/PolygonSciFiCity/Textures/Alternates/PolygonScifi_04_C.png
  artifactKey: Guid(59772e47594c5f542bbb3e5219051726) Importer(815301076,1909f56bfc062723c751e8b465ee728b)
Start importing Assets/PolygonSciFiCity/Textures/Alternates/PolygonScifi_04_C.png using Guid(59772e47594c5f542bbb3e5219051726) Importer(815301076,1909f56bfc062723c751e8b465ee728b)  -> (artifact id: '95610abde84d3ada92a447b4e7b6c971') in 0.013111 seconds 
========================================================================
Received Import Request.
  Time since last request: 0.000017 seconds.
  path: Assets/PolygonSciFiCity/Textures/Alternates/PolygonScifi_03_B.png
  artifactKey: Guid(4715f5d666576a94994d2d4d6944dcf7) Importer(815301076,1909f56bfc062723c751e8b465ee728b)
Start importing Assets/PolygonSciFiCity/Textures/Alternates/PolygonScifi_03_B.png using Guid(4715f5d666576a94994d2d4d6944dcf7) Importer(815301076,1909f56bfc062723c751e8b465ee728b)  -> (artifact id: 'c707c12b4358416d0b200233321d3008') in 0.014355 seconds 
========================================================================
Received Import Request.
  Time since last request: 0.000020 seconds.
  path: Assets/PolygonSciFiCity/Textures/Alternates/PolygonScifi_02_D.png
  artifactKey: Guid(0fc42d36094e3dd44b38c15cbd5b103d) Importer(815301076,1909f56bfc062723c751e8b465ee728b)
Start importing Assets/PolygonSciFiCity/Textures/Alternates/PolygonScifi_02_D.png using Guid(0fc42d36094e3dd44b38c15cbd5b103d) Importer(815301076,1909f56bfc062723c751e8b465ee728b)  -> (artifact id: 'fd1eca0940ca83779bf9eb46b0755583') in 0.013725 seconds 
========================================================================
Received Import Request.
  Time since last request: 0.000030 seconds.
  path: Assets/PolygonSciFiCity/Textures/Alternates/PolygonScifi_02_E.png
  artifactKey: Guid(31124aa5f22e02c44a233e2cceb3a54f) Importer(815301076,1909f56bfc062723c751e8b465ee728b)
Start importing Assets/PolygonSciFiCity/Textures/Alternates/PolygonScifi_02_E.png using Guid(31124aa5f22e02c44a233e2cceb3a54f) Importer(815301076,1909f56bfc062723c751e8b465ee728b)  -> (artifact id: 'fcd997142e8ce8fd7fab6f89ecb01bfd') in 0.014137 seconds 
========================================================================
Received Import Request.
  Time since last request: 0.000028 seconds.
  path: Assets/PolygonSciFiCity/Textures/Alternates/PolygonScifi_04_F.png
  artifactKey: Guid(cc7a3b4f72afe68498ab30aa07f77ef0) Importer(815301076,1909f56bfc062723c751e8b465ee728b)
Start importing Assets/PolygonSciFiCity/Textures/Alternates/PolygonScifi_04_F.png using Guid(cc7a3b4f72afe68498ab30aa07f77ef0) Importer(815301076,1909f56bfc062723c751e8b465ee728b)  -> (artifact id: 'ca48b9867c904ffff8d4c42b4b5c9e7b') in 0.014909 seconds 
========================================================================
Received Import Request.
  Time since last request: 0.000015 seconds.
  path: Assets/PolygonSciFiCity/Textures/Alternates/PolygonScifi_04_E.png
  artifactKey: Guid(f54f82d273b85b14ba398cde01e1266d) Importer(815301076,1909f56bfc062723c751e8b465ee728b)
Start importing Assets/PolygonSciFiCity/Textures/Alternates/PolygonScifi_04_E.png using Guid(f54f82d273b85b14ba398cde01e1266d) Importer(815301076,1909f56bfc062723c751e8b465ee728b)  -> (artifact id: '56d4b75409bd85afe027f742c3a7fb59') in 0.013249 seconds 
========================================================================
Received Import Request.
  Time since last request: 26.452322 seconds.
  path: Assets/PolygonSciFiCity/Materials/PolygonSciFi_Billboards 1.mat
  artifactKey: Guid(0ce531def5f4c8e40986eb7714d4072c) Importer(815301076,1909f56bfc062723c751e8b465ee728b)
Start importing Assets/PolygonSciFiCity/Materials/PolygonSciFi_Billboards 1.mat using Guid(0ce531def5f4c8e40986eb7714d4072c) Importer(815301076,1909f56bfc062723c751e8b465ee728b)  -> (artifact id: '1982b5a91878a56796074e10c171fc3b') in 0.233746 seconds 
========================================================================
Received Import Request.
  Time since last request: 3.728652 seconds.
  path: Assets/PolygonSciFiCity/Materials/Misc
  artifactKey: Guid(87bdbf261aa94694ab535c015080bbe4) Importer(815301076,1909f56bfc062723c751e8b465ee728b)
Start importing Assets/PolygonSciFiCity/Materials/Misc using Guid(87bdbf261aa94694ab535c015080bbe4) Importer(815301076,1909f56bfc062723c751e8b465ee728b)  -> (artifact id: '5ef1cc2d2473692863f6c4ed6b36e530') in 0.007408 seconds 
========================================================================
Received Import Request.
  Time since last request: 32.482486 seconds.
  path: Assets/PolygonSciFiCity/Materials/Alternates
  artifactKey: Guid(6b7f176ed485e0e4b97e391f8e876c6e) Importer(815301076,1909f56bfc062723c751e8b465ee728b)
Start importing Assets/PolygonSciFiCity/Materials/Alternates using Guid(6b7f176ed485e0e4b97e391f8e876c6e) Importer(815301076,1909f56bfc062723c751e8b465ee728b)  -> (artifact id: '252f15b6acc590f50fab1ccd5e034234') in 0.001643 seconds 
========================================================================
Received Import Request.
  Time since last request: 50.222665 seconds.
  path: Assets/PolygonSciFiCity/Prefabs/Props/SM_Prop_Door_04.prefab
  artifactKey: Guid(b532cb4afb82ac04c91e8cf9b388266f) Importer(815301076,1909f56bfc062723c751e8b465ee728b)
Start importing Assets/PolygonSciFiCity/Prefabs/Props/SM_Prop_Door_04.prefab using Guid(b532cb4afb82ac04c91e8cf9b388266f) Importer(815301076,1909f56bfc062723c751e8b465ee728b)  -> (artifact id: 'd25a65e9f64e7e67f5cab9f3564b8c17') in 0.105941 seconds 
========================================================================
Received Import Request.
  Time since last request: 0.000025 seconds.
  path: Assets/PolygonSciFiCity/Prefabs/Props/SM_Prop_Glass_01.prefab
  artifactKey: Guid(ecbd9f2c941a7504b9b67d7b47a790db) Importer(815301076,1909f56bfc062723c751e8b465ee728b)
Start importing Assets/PolygonSciFiCity/Prefabs/Props/SM_Prop_Glass_01.prefab using Guid(ecbd9f2c941a7504b9b67d7b47a790db) Importer(815301076,1909f56bfc062723c751e8b465ee728b)  -> (artifact id: '00d94ba9c5468a0ca60f346f1ca597dc') in 0.129357 seconds 
========================================================================
Received Import Request.
  Time since last request: 0.000045 seconds.
  path: Assets/PolygonSciFiCity/Prefabs/Props/SM_Prop_MarketCover_02.prefab
  artifactKey: Guid(d1c50647ac4408a498acb44fc4ee423c) Importer(815301076,1909f56bfc062723c751e8b465ee728b)
Start importing Assets/PolygonSciFiCity/Prefabs/Props/SM_Prop_MarketCover_02.prefab using Guid(d1c50647ac4408a498acb44fc4ee423c) Importer(815301076,1909f56bfc062723c751e8b465ee728b)  -> (artifact id: '8d583e5eddac1fac633f478416ce37c5') in 0.039315 seconds 
========================================================================
Received Import Request.
  Time since last request: 0.000027 seconds.
  path: Assets/PolygonSciFiCity/Prefabs/Props/SM_Prop_MarketTable_03.prefab
  artifactKey: Guid(446c052c2a2907d4884e4ec9293d3dae) Importer(815301076,1909f56bfc062723c751e8b465ee728b)
Start importing Assets/PolygonSciFiCity/Prefabs/Props/SM_Prop_MarketTable_03.prefab using Guid(446c052c2a2907d4884e4ec9293d3dae) Importer(815301076,1909f56bfc062723c751e8b465ee728b)  -> (artifact id: '3f39717dab68f5423491061032e70da2') in 0.045334 seconds 
========================================================================
Received Import Request.
  Time since last request: 0.000021 seconds.
  path: Assets/PolygonSciFiCity/Prefabs/Props/SM_Prop_Drone_Insect_01.prefab
  artifactKey: Guid(0b87aededde5f3345bc2ac6b21c0b5ac) Importer(815301076,1909f56bfc062723c751e8b465ee728b)
Start importing Assets/PolygonSciFiCity/Prefabs/Props/SM_Prop_Drone_Insect_01.prefab using Guid(0b87aededde5f3345bc2ac6b21c0b5ac) Importer(815301076,1909f56bfc062723c751e8b465ee728b)  -> (artifact id: 'b9a9e466725d8ac4ca70587fe19d8b61') in 0.038082 seconds 
========================================================================
Received Import Request.
  Time since last request: 0.000026 seconds.
  path: Assets/PolygonSciFiCity/Prefabs/Props/SM_Prop_Jar_Hanging_01.prefab
  artifactKey: Guid(5e48e04605c133a42bd31976852c2095) Importer(815301076,1909f56bfc062723c751e8b465ee728b)
Start importing Assets/PolygonSciFiCity/Prefabs/Props/SM_Prop_Jar_Hanging_01.prefab using Guid(5e48e04605c133a42bd31976852c2095) Importer(815301076,1909f56bfc062723c751e8b465ee728b)  -> (artifact id: '45fed57d760a3b334eaa73634f321359') in 0.044787 seconds 
========================================================================
Received Import Request.
  Time since last request: 0.000026 seconds.
  path: Assets/PolygonSciFiCity/Prefabs/Props/SM_Prop_Flags_01.prefab
  artifactKey: Guid(01ece1de39236dc42930221384647aec) Importer(815301076,1909f56bfc062723c751e8b465ee728b)
Start importing Assets/PolygonSciFiCity/Prefabs/Props/SM_Prop_Flags_01.prefab using Guid(01ece1de39236dc42930221384647aec) Importer(815301076,1909f56bfc062723c751e8b465ee728b)  -> (artifact id: 'fa35882348e9dba7d4e4cb4989321031') in 0.046734 seconds 
========================================================================
Received Import Request.
  Time since last request: 0.000043 seconds.
  path: Assets/PolygonSciFiCity/Prefabs/Props/SM_Prop_Glass_02.prefab
  artifactKey: Guid(71e12bf9f7fd2e6449c9b8804e2f9b49) Importer(815301076,1909f56bfc062723c751e8b465ee728b)
Start importing Assets/PolygonSciFiCity/Prefabs/Props/SM_Prop_Glass_02.prefab using Guid(71e12bf9f7fd2e6449c9b8804e2f9b49) Importer(815301076,1909f56bfc062723c751e8b465ee728b)  -> (artifact id: '9079380c5ab5ca3c245993f93ab31662') in 0.042242 seconds 
========================================================================
Received Import Request.
  Time since last request: 0.000042 seconds.
  path: Assets/PolygonSciFiCity/Prefabs/Props/SM_Prop_FoodTray_03.prefab
  artifactKey: Guid(65d941e3e5f97694a8565bc553c899db) Importer(815301076,1909f56bfc062723c751e8b465ee728b)
Start importing Assets/PolygonSciFiCity/Prefabs/Props/SM_Prop_FoodTray_03.prefab using Guid(65d941e3e5f97694a8565bc553c899db) Importer(815301076,1909f56bfc062723c751e8b465ee728b)  -> (artifact id: '59d865fc7aaa7c08027455af40e38b4a') in 0.047287 seconds 
========================================================================
Received Import Request.
  Time since last request: 0.000023 seconds.
  path: Assets/PolygonSciFiCity/Prefabs/Props/SM_Prop_Door_Chopshop_01.prefab
  artifactKey: Guid(038aa72c1e688f8418a8cd09f031697d) Importer(815301076,1909f56bfc062723c751e8b465ee728b)
Start importing Assets/PolygonSciFiCity/Prefabs/Props/SM_Prop_Door_Chopshop_01.prefab using Guid(038aa72c1e688f8418a8cd09f031697d) Importer(815301076,1909f56bfc062723c751e8b465ee728b)  -> (artifact id: 'eb3c614775bd5a179755f9b3d96ed111') in 0.042849 seconds 
========================================================================
Received Import Request.
  Time since last request: 0.000026 seconds.
  path: Assets/PolygonSciFiCity/Prefabs/Props/SM_Prop_Dumpster_01.prefab
  artifactKey: Guid(7212648f69551c847a203228e2c30f7f) Importer(815301076,1909f56bfc062723c751e8b465ee728b)
Start importing Assets/PolygonSciFiCity/Prefabs/Props/SM_Prop_Dumpster_01.prefab using Guid(7212648f69551c847a203228e2c30f7f) Importer(815301076,1909f56bfc062723c751e8b465ee728b)  -> (artifact id: '8f8faafd551e7c9073f39481f9f7ca3f') in 0.046844 seconds 
========================================================================
Received Import Request.
  Time since last request: 0.000024 seconds.
  path: Assets/PolygonSciFiCity/Prefabs/Props/SM_Prop_Jar_01.prefab
  artifactKey: Guid(97ed1aafe96f84846bc4cb0c56032037) Importer(815301076,1909f56bfc062723c751e8b465ee728b)
Start importing Assets/PolygonSciFiCity/Prefabs/Props/SM_Prop_Jar_01.prefab using Guid(97ed1aafe96f84846bc4cb0c56032037) Importer(815301076,1909f56bfc062723c751e8b465ee728b)  -> (artifact id: 'a7aa8bdcb7956f5fc476a3936dcd62f0') in 0.036477 seconds 
========================================================================
Received Import Request.
  Time since last request: 0.000028 seconds.
  path: Assets/PolygonSciFiCity/Prefabs/Props/SM_Prop_Drone_Ball_01.prefab
  artifactKey: Guid(5d594cd7305e4cc49bcb17f30167185a) Importer(815301076,1909f56bfc062723c751e8b465ee728b)
Start importing Assets/PolygonSciFiCity/Prefabs/Props/SM_Prop_Drone_Ball_01.prefab using Guid(5d594cd7305e4cc49bcb17f30167185a) Importer(815301076,1909f56bfc062723c751e8b465ee728b)  -> (artifact id: '367e1d568ad7751c1cd24c138ff84ca3') in 0.039292 seconds 
========================================================================
Received Import Request.
  Time since last request: 0.000029 seconds.
  path: Assets/PolygonSciFiCity/Prefabs/Props/SM_Prop_Hologram_Burger_03.prefab
  artifactKey: Guid(c1141c296070e564bbdd3c2eb6bc0c30) Importer(815301076,1909f56bfc062723c751e8b465ee728b)
Start importing Assets/PolygonSciFiCity/Prefabs/Props/SM_Prop_Hologram_Burger_03.prefab using Guid(c1141c296070e564bbdd3c2eb6bc0c30) Importer(815301076,1909f56bfc062723c751e8b465ee728b)  -> (artifact id: '00065cf473fe72beed6be1d51c9fc4c1') in 0.050596 seconds 
========================================================================
Received Import Request.
  Time since last request: 0.000030 seconds.
  path: Assets/PolygonSciFiCity/Prefabs/Props/SM_Prop_Hologram_Bottle_03.prefab
  artifactKey: Guid(379eabae3615bb140990344ce8a9a9f9) Importer(815301076,1909f56bfc062723c751e8b465ee728b)
Start importing Assets/PolygonSciFiCity/Prefabs/Props/SM_Prop_Hologram_Bottle_03.prefab using Guid(379eabae3615bb140990344ce8a9a9f9) Importer(815301076,1909f56bfc062723c751e8b465ee728b)  -> (artifact id: '1ca98b6703b5a63594d83c6927755fe2') in 0.040794 seconds 
========================================================================
Received Import Request.
  Time since last request: 0.000019 seconds.
  path: Assets/PolygonSciFiCity/Prefabs/Props/SM_Prop_MarketLights_02.prefab
  artifactKey: Guid(fa726b14e6d967248833d7e6860ab2de) Importer(815301076,1909f56bfc062723c751e8b465ee728b)
Start importing Assets/PolygonSciFiCity/Prefabs/Props/SM_Prop_MarketLights_02.prefab using Guid(fa726b14e6d967248833d7e6860ab2de) Importer(815301076,1909f56bfc062723c751e8b465ee728b)  -> (artifact id: '3bd1079642a6817247c1aefac201e055') in 0.039800 seconds 
========================================================================
Received Import Request.
  Time since last request: 0.000019 seconds.
  path: Assets/PolygonSciFiCity/Prefabs/Props/SM_Prop_MarketCover_05.prefab
  artifactKey: Guid(bc74d1af733c9dd42b24fa0018d92a18) Importer(815301076,1909f56bfc062723c751e8b465ee728b)
Start importing Assets/PolygonSciFiCity/Prefabs/Props/SM_Prop_MarketCover_05.prefab using Guid(bc74d1af733c9dd42b24fa0018d92a18) Importer(815301076,1909f56bfc062723c751e8b465ee728b)  -> (artifact id: '9759364a65b46a01c186fca389f9ed96') in 0.038350 seconds 
========================================================================
Received Import Request.
  Time since last request: 0.000018 seconds.
  path: Assets/PolygonSciFiCity/Prefabs/Props/SM_Prop_Fence_01.prefab
  artifactKey: Guid(6776058e536873842836a466637e2a97) Importer(815301076,1909f56bfc062723c751e8b465ee728b)
Start importing Assets/PolygonSciFiCity/Prefabs/Props/SM_Prop_Fence_01.prefab using Guid(6776058e536873842836a466637e2a97) Importer(815301076,1909f56bfc062723c751e8b465ee728b)  -> (artifact id: 'a3ea516c7bf15e6692375edff535d486') in 0.041054 seconds 
========================================================================
Received Import Request.
  Time since last request: 0.000019 seconds.
  path: Assets/PolygonSciFiCity/Prefabs/Props/SM_Prop_MarketTable_05.prefab
  artifactKey: Guid(8105bb799c54ba640b347de3be074822) Importer(815301076,1909f56bfc062723c751e8b465ee728b)
Start importing Assets/PolygonSciFiCity/Prefabs/Props/SM_Prop_MarketTable_05.prefab using Guid(8105bb799c54ba640b347de3be074822) Importer(815301076,1909f56bfc062723c751e8b465ee728b)  -> (artifact id: '832404a6499678e82c8f00830a062ba3') in 0.045629 seconds 
========================================================================
Received Import Request.
  Time since last request: 0.000040 seconds.
  path: Assets/PolygonSciFiCity/Prefabs/Props/SM_Prop_Monitor_01.prefab
  artifactKey: Guid(90c2fdbf27d1e444cb1a29884a436e43) Importer(815301076,1909f56bfc062723c751e8b465ee728b)
Start importing Assets/PolygonSciFiCity/Prefabs/Props/SM_Prop_Monitor_01.prefab using Guid(90c2fdbf27d1e444cb1a29884a436e43) Importer(815301076,1909f56bfc062723c751e8b465ee728b)  -> (artifact id: '292e708d67195f3a9437da105e60cba9') in 0.040631 seconds 
========================================================================
Received Import Request.
  Time since last request: 0.000037 seconds.
  path: Assets/PolygonSciFiCity/Prefabs/Props/SM_Prop_Pipes_02.prefab
  artifactKey: Guid(4a04ac585c75e09439142d5def79782b) Importer(815301076,1909f56bfc062723c751e8b465ee728b)
Start importing Assets/PolygonSciFiCity/Prefabs/Props/SM_Prop_Pipes_02.prefab using Guid(4a04ac585c75e09439142d5def79782b) Importer(815301076,1909f56bfc062723c751e8b465ee728b)  -> (artifact id: 'd397711125c2cad39b76fc751581ed99') in 0.040929 seconds 
========================================================================
Received Import Request.
  Time since last request: 0.000022 seconds.
  path: Assets/PolygonSciFiCity/Prefabs/Props/SM_Prop_Rubbish_Paper_04.prefab
  artifactKey: Guid(e3fae3baab587ff4f92eebeebe23cb58) Importer(815301076,1909f56bfc062723c751e8b465ee728b)
Start importing Assets/PolygonSciFiCity/Prefabs/Props/SM_Prop_Rubbish_Paper_04.prefab using Guid(e3fae3baab587ff4f92eebeebe23cb58) Importer(815301076,1909f56bfc062723c751e8b465ee728b)  -> (artifact id: '8b52a9ff11fb037cabcc0778bf802b96') in 0.037205 seconds 
========================================================================
Received Import Request.
  Time since last request: 0.000021 seconds.
  path: Assets/PolygonSciFiCity/Prefabs/Props/SM_Prop_Monitor_02.prefab
  artifactKey: Guid(943628e3220013346b1b593556274672) Importer(815301076,1909f56bfc062723c751e8b465ee728b)
Start importing Assets/PolygonSciFiCity/Prefabs/Props/SM_Prop_Monitor_02.prefab using Guid(943628e3220013346b1b593556274672) Importer(815301076,1909f56bfc062723c751e8b465ee728b)  -> (artifact id: '2728290e6e64a4da32bce65514665c41') in 0.040880 seconds 
========================================================================
Received Import Request.
  Time since last request: 0.000029 seconds.
  path: Assets/PolygonSciFiCity/Prefabs/Props/SM_Prop_Overhang_01.prefab
  artifactKey: Guid(799bc30141649c94b83c28803d619b42) Importer(815301076,1909f56bfc062723c751e8b465ee728b)
Start importing Assets/PolygonSciFiCity/Prefabs/Props/SM_Prop_Overhang_01.prefab using Guid(799bc30141649c94b83c28803d619b42) Importer(815301076,1909f56bfc062723c751e8b465ee728b)  -> (artifact id: '1fc44c674c5e15462ac1a7ac9f639329') in 0.042371 seconds 
========================================================================
Received Import Request.
  Time since last request: 0.000020 seconds.
  path: Assets/PolygonSciFiCity/Prefabs/Props/SM_Prop_Paper_Lantern_01.prefab
  artifactKey: Guid(d71ef14e65958ca4cb303cb74b7c1f3d) Importer(815301076,1909f56bfc062723c751e8b465ee728b)
Start importing Assets/PolygonSciFiCity/Prefabs/Props/SM_Prop_Paper_Lantern_01.prefab using Guid(d71ef14e65958ca4cb303cb74b7c1f3d) Importer(815301076,1909f56bfc062723c751e8b465ee728b)  -> (artifact id: '45650099057d772394346c5256e2b159') in 0.038268 seconds 
========================================================================
Received Import Request.
  Time since last request: 0.000026 seconds.
  path: Assets/PolygonSciFiCity/Prefabs/Props/SM_Prop_Medical_Stool_01.prefab
  artifactKey: Guid(b31ea70a60982164cbe3a3bd51de4c72) Importer(815301076,1909f56bfc062723c751e8b465ee728b)
Start importing Assets/PolygonSciFiCity/Prefabs/Props/SM_Prop_Medical_Stool_01.prefab using Guid(b31ea70a60982164cbe3a3bd51de4c72) Importer(815301076,1909f56bfc062723c751e8b465ee728b)  -> (artifact id: '262d769de844734bd842c2b93408b3f4') in 0.041257 seconds 
========================================================================
Received Import Request.
  Time since last request: 0.000040 seconds.
  path: Assets/PolygonSciFiCity/Prefabs/Props/SM_Prop_Robotic_Part_08.prefab
  artifactKey: Guid(27eb572e088b5a1419c89e16aeee7a18) Importer(815301076,1909f56bfc062723c751e8b465ee728b)
Start importing Assets/PolygonSciFiCity/Prefabs/Props/SM_Prop_Robotic_Part_08.prefab using Guid(27eb572e088b5a1419c89e16aeee7a18) Importer(815301076,1909f56bfc062723c751e8b465ee728b)  -> (artifact id: 'bc0ec7b2dd2247b9003f377a52ecff04') in 0.040301 seconds 
========================================================================
Received Import Request.
  Time since last request: 0.000018 seconds.
  path: Assets/PolygonSciFiCity/Prefabs/Props/SM_Prop_Robotic_Part_01.prefab
  artifactKey: Guid(13f4bb37d63f0d84e8205ded3e900963) Importer(815301076,1909f56bfc062723c751e8b465ee728b)
Start importing Assets/PolygonSciFiCity/Prefabs/Props/SM_Prop_Robotic_Part_01.prefab using Guid(13f4bb37d63f0d84e8205ded3e900963) Importer(815301076,1909f56bfc062723c751e8b465ee728b)  -> (artifact id: '8664845493a0dd89607f31515bc17211') in 0.040155 seconds 
========================================================================
Received Import Request.
  Time since last request: 0.000021 seconds.
  path: Assets/PolygonSciFiCity/Prefabs/Props/SM_Prop_Robotic_Part_010.prefab
  artifactKey: Guid(46bde88ee36d9844f97324ba5eb305f7) Importer(815301076,1909f56bfc062723c751e8b465ee728b)
Start importing Assets/PolygonSciFiCity/Prefabs/Props/SM_Prop_Robotic_Part_010.prefab using Guid(46bde88ee36d9844f97324ba5eb305f7) Importer(815301076,1909f56bfc062723c751e8b465ee728b)  -> (artifact id: 'a03046a413786077f1a583641d44c989') in 0.038729 seconds 
========================================================================
Received Import Request.
  Time since last request: 0.000021 seconds.
  path: Assets/PolygonSciFiCity/Prefabs/Props/SM_Prop_Pad_01.prefab
  artifactKey: Guid(9edd647ec22f2b94db2477d12e5cb44c) Importer(815301076,1909f56bfc062723c751e8b465ee728b)
Start importing Assets/PolygonSciFiCity/Prefabs/Props/SM_Prop_Pad_01.prefab using Guid(9edd647ec22f2b94db2477d12e5cb44c) Importer(815301076,1909f56bfc062723c751e8b465ee728b)  -> (artifact id: '11e0ee81f59ef16fcc80d59fd784789f') in 0.040616 seconds 
========================================================================
Received Import Request.
  Time since last request: 0.000020 seconds.
  path: Assets/PolygonSciFiCity/Prefabs/Props/SM_Prop_Rubbish_Paper_01.prefab
  artifactKey: Guid(712c5d98f7d5ef947ba35471213eefd1) Importer(815301076,1909f56bfc062723c751e8b465ee728b)
Start importing Assets/PolygonSciFiCity/Prefabs/Props/SM_Prop_Rubbish_Paper_01.prefab using Guid(712c5d98f7d5ef947ba35471213eefd1) Importer(815301076,1909f56bfc062723c751e8b465ee728b)  -> (artifact id: '16812a294cfe632ae19fee21e862240d') in 0.040016 seconds 
========================================================================
Received Import Request.
  Time since last request: 0.000021 seconds.
  path: Assets/PolygonSciFiCity/Prefabs/Props/SM_Prop_Powerpoll_02.prefab
  artifactKey: Guid(f8ec2d8240c24ec4abeccbc47f63fde9) Importer(815301076,1909f56bfc062723c751e8b465ee728b)
Start importing Assets/PolygonSciFiCity/Prefabs/Props/SM_Prop_Powerpoll_02.prefab using Guid(f8ec2d8240c24ec4abeccbc47f63fde9) Importer(815301076,1909f56bfc062723c751e8b465ee728b)  -> (artifact id: 'd01ad91c421e1d3a2b169fcfa38f22c8') in 0.040999 seconds 
========================================================================
Received Import Request.
  Time since last request: 0.000031 seconds.
  path: Assets/PolygonSciFiCity/Prefabs/Props/SM_Prop_Meter_01.prefab
  artifactKey: Guid(ddece26d5bd591d4a9101773229e67aa) Importer(815301076,1909f56bfc062723c751e8b465ee728b)
Start importing Assets/PolygonSciFiCity/Prefabs/Props/SM_Prop_Meter_01.prefab using Guid(ddece26d5bd591d4a9101773229e67aa) Importer(815301076,1909f56bfc062723c751e8b465ee728b)  -> (artifact id: '03a155f0c0f595762f771f27544902c9') in 0.041325 seconds 
========================================================================
Received Import Request.
  Time since last request: 0.000021 seconds.
  path: Assets/PolygonSciFiCity/Prefabs/Props/SM_Prop_Robotic_Part_03.prefab
  artifactKey: Guid(a62263789022a4144a2c8197c988d42e) Importer(815301076,1909f56bfc062723c751e8b465ee728b)
Start importing Assets/PolygonSciFiCity/Prefabs/Props/SM_Prop_Robotic_Part_03.prefab using Guid(a62263789022a4144a2c8197c988d42e) Importer(815301076,1909f56bfc062723c751e8b465ee728b)  -> (artifact id: 'f7f349e7e69cae584cad76cec380d4e3') in 0.042059 seconds 
========================================================================
Received Import Request.
  Time since last request: 0.000018 seconds.
  path: Assets/PolygonSciFiCity/Prefabs/Props/SM_Prop_Pillar_02.prefab
  artifactKey: Guid(a6ef39decdd8823418a28d63543c77ea) Importer(815301076,1909f56bfc062723c751e8b465ee728b)
Start importing Assets/PolygonSciFiCity/Prefabs/Props/SM_Prop_Pillar_02.prefab using Guid(a6ef39decdd8823418a28d63543c77ea) Importer(815301076,1909f56bfc062723c751e8b465ee728b)  -> (artifact id: '7611eb2dad0cb188bfd89b6b64407f62') in 0.041403 seconds 
========================================================================
Received Import Request.
  Time since last request: 0.000021 seconds.
  path: Assets/PolygonSciFiCity/Prefabs/Props/SM_Prop_SatDish_02.prefab
  artifactKey: Guid(af207c30346b15644914a3d5715006e1) Importer(815301076,1909f56bfc062723c751e8b465ee728b)
Start importing Assets/PolygonSciFiCity/Prefabs/Props/SM_Prop_SatDish_02.prefab using Guid(af207c30346b15644914a3d5715006e1) Importer(815301076,1909f56bfc062723c751e8b465ee728b)  -> (artifact id: '46b444f8f92c58b19ff9d5c1aad2be52') in 0.041972 seconds 
========================================================================
Received Import Request.
  Time since last request: 0.000019 seconds.
  path: Assets/PolygonSciFiCity/Prefabs/Props/SM_Prop_Monitor_03.prefab
  artifactKey: Guid(3852a06567739f34ca0363c3a2a1852d) Importer(815301076,1909f56bfc062723c751e8b465ee728b)
Start importing Assets/PolygonSciFiCity/Prefabs/Props/SM_Prop_Monitor_03.prefab using Guid(3852a06567739f34ca0363c3a2a1852d) Importer(815301076,1909f56bfc062723c751e8b465ee728b)  -> (artifact id: 'd3d8733bfae1b44d99484417fd0da98b') in 0.040886 seconds 
========================================================================
Received Import Request.
  Time since last request: 0.000029 seconds.
  path: Assets/PolygonSciFiCity/Prefabs/Props/SM_Prop_Scanner_01.prefab
  artifactKey: Guid(d4b0d3b273b187c4696240caebff3f7a) Importer(815301076,1909f56bfc062723c751e8b465ee728b)
Start importing Assets/PolygonSciFiCity/Prefabs/Props/SM_Prop_Scanner_01.prefab using Guid(d4b0d3b273b187c4696240caebff3f7a) Importer(815301076,1909f56bfc062723c751e8b465ee728b)  -> (artifact id: 'e52bea79b3fe314616faab06a56a0c0c') in 0.054399 seconds 
========================================================================
Received Import Request.
  Time since last request: 0.000028 seconds.
  path: Assets/PolygonSciFiCity/Prefabs/Props/SM_Prop_Security_Scanner_01.prefab
  artifactKey: Guid(535a9a71db4d0294b9bb9b868e7a6124) Importer(815301076,1909f56bfc062723c751e8b465ee728b)
Start importing Assets/PolygonSciFiCity/Prefabs/Props/SM_Prop_Security_Scanner_01.prefab using Guid(535a9a71db4d0294b9bb9b868e7a6124) Importer(815301076,1909f56bfc062723c751e8b465ee728b)  -> (artifact id: 'c6c30d9e4fadb26f137c302d4b768bed') in 0.041839 seconds 
========================================================================
Received Import Request.
  Time since last request: 0.000018 seconds.
  path: Assets/PolygonSciFiCity/Prefabs/Props/SM_Prop_Spanner_01.prefab
  artifactKey: Guid(6644c437a3f186546ae877e4a06d6d28) Importer(815301076,1909f56bfc062723c751e8b465ee728b)
Start importing Assets/PolygonSciFiCity/Prefabs/Props/SM_Prop_Spanner_01.prefab using Guid(6644c437a3f186546ae877e4a06d6d28) Importer(815301076,1909f56bfc062723c751e8b465ee728b)  -> (artifact id: '0057a66e9b0112f54e0429613c4114e8') in 0.046129 seconds 
========================================================================
Received Import Request.
  Time since last request: 0.000019 seconds.
  path: Assets/PolygonSciFiCity/Prefabs/Props/SM_Prop_TrashBag_02.prefab
  artifactKey: Guid(debe807fa5b29714089d99f8db9c2c48) Importer(815301076,1909f56bfc062723c751e8b465ee728b)
Start importing Assets/PolygonSciFiCity/Prefabs/Props/SM_Prop_TrashBag_02.prefab using Guid(debe807fa5b29714089d99f8db9c2c48) Importer(815301076,1909f56bfc062723c751e8b465ee728b)  -> (artifact id: '47d5edca3582c1f3d1b06f42022b6d88') in 0.041045 seconds 
========================================================================
Received Import Request.
  Time since last request: 0.000025 seconds.
  path: Assets/PolygonSciFiCity/Prefabs/Props/SM_Prop_Vent_03.prefab
  artifactKey: Guid(0ba81889122d96648a967ae1b9972575) Importer(815301076,1909f56bfc062723c751e8b465ee728b)
Start importing Assets/PolygonSciFiCity/Prefabs/Props/SM_Prop_Vent_03.prefab using Guid(0ba81889122d96648a967ae1b9972575) Importer(815301076,1909f56bfc062723c751e8b465ee728b)  -> (artifact id: '9d2af7c84eccd30fe15af02eaabb860b') in 0.043080 seconds 
========================================================================
Received Import Request.
  Time since last request: 0.000022 seconds.
  path: Assets/PolygonSciFiCity/Prefabs/Props/SM_Prop_Shelves_01.prefab
  artifactKey: Guid(47ac941a4e24e844699f6e20831e861d) Importer(815301076,1909f56bfc062723c751e8b465ee728b)
Start importing Assets/PolygonSciFiCity/Prefabs/Props/SM_Prop_Shelves_01.prefab using Guid(47ac941a4e24e844699f6e20831e861d) Importer(815301076,1909f56bfc062723c751e8b465ee728b)  -> (artifact id: 'd3d677ace67896b918ffa6440f9c778a') in 0.043073 seconds 
========================================================================
Received Import Request.
  Time since last request: 0.000036 seconds.
  path: Assets/PolygonSciFiCity/Prefabs/Props/SM_Prop_StripClub_Pole_01.prefab
  artifactKey: Guid(1041094a5bf1dc34f98c00692bc921bb) Importer(815301076,1909f56bfc062723c751e8b465ee728b)
Start importing Assets/PolygonSciFiCity/Prefabs/Props/SM_Prop_StripClub_Pole_01.prefab using Guid(1041094a5bf1dc34f98c00692bc921bb) Importer(815301076,1909f56bfc062723c751e8b465ee728b)  -> (artifact id: 'ee852dc779ff226854177b14fe8d32bb') in 0.042808 seconds 
========================================================================
Received Import Request.
  Time since last request: 0.000029 seconds.
  path: Assets/PolygonSciFiCity/Prefabs/Props/SM_Prop_Shelf_Preset_01.prefab
  artifactKey: Guid(5aa078dab98d6094ea860f754ce108d8) Importer(815301076,1909f56bfc062723c751e8b465ee728b)
Start importing Assets/PolygonSciFiCity/Prefabs/Props/SM_Prop_Shelf_Preset_01.prefab using Guid(5aa078dab98d6094ea860f754ce108d8) Importer(815301076,1909f56bfc062723c751e8b465ee728b)  -> (artifact id: 'a802757212ce208067045e027933a789') in 0.052803 seconds 
========================================================================
Received Import Request.
  Time since last request: 0.000048 seconds.
  path: Assets/PolygonSciFiCity/Prefabs/Props/SM_Prop_StripClub_Steps_01.prefab
  artifactKey: Guid(77052a38eca9316419b8128b0c9dae19) Importer(815301076,1909f56bfc062723c751e8b465ee728b)
Start importing Assets/PolygonSciFiCity/Prefabs/Props/SM_Prop_StripClub_Steps_01.prefab using Guid(77052a38eca9316419b8128b0c9dae19) Importer(815301076,1909f56bfc062723c751e8b465ee728b)  -> (artifact id: 'fcd4e52d4d0836db373d2d67bcf59ed3') in 0.041155 seconds 
========================================================================
Received Import Request.
  Time since last request: 0.000020 seconds.
  path: Assets/PolygonSciFiCity/Prefabs/Props/SM_Prop_Sidewalk_Panel_02.prefab
  artifactKey: Guid(1d90cc10843d4ca4fa13bb8a31860f89) Importer(815301076,1909f56bfc062723c751e8b465ee728b)
Start importing Assets/PolygonSciFiCity/Prefabs/Props/SM_Prop_Sidewalk_Panel_02.prefab using Guid(1d90cc10843d4ca4fa13bb8a31860f89) Importer(815301076,1909f56bfc062723c751e8b465ee728b)  -> (artifact id: '3ea79c720dd33a155678eb57dafdb7b0') in 0.040997 seconds 
========================================================================
Received Import Request.
  Time since last request: 0.000018 seconds.
  path: Assets/PolygonSciFiCity/Prefabs/Props/SM_Prop_Shelf_01.prefab
  artifactKey: Guid(0dd2230605e7ead498df7ef8a2de3871) Importer(815301076,1909f56bfc062723c751e8b465ee728b)
Start importing Assets/PolygonSciFiCity/Prefabs/Props/SM_Prop_Shelf_01.prefab using Guid(0dd2230605e7ead498df7ef8a2de3871) Importer(815301076,1909f56bfc062723c751e8b465ee728b)  -> (artifact id: '0d46264cb4b9457db0868343045513aa') in 0.047551 seconds 
========================================================================
Received Import Request.
  Time since last request: 0.000024 seconds.
  path: Assets/PolygonSciFiCity/Prefabs/Props/SM_Prop_WallAttach_Vent_01.prefab
  artifactKey: Guid(1b5bfd5139bb9a34499e2bd19f82b59c) Importer(815301076,1909f56bfc062723c751e8b465ee728b)
Start importing Assets/PolygonSciFiCity/Prefabs/Props/SM_Prop_WallAttach_Vent_01.prefab using Guid(1b5bfd5139bb9a34499e2bd19f82b59c) Importer(815301076,1909f56bfc062723c751e8b465ee728b)  -> (artifact id: '9818d693f74acf0afd06e3abd44ac292') in 0.041702 seconds 
========================================================================
Received Import Request.
  Time since last request: 0.000034 seconds.
  path: Assets/PolygonSciFiCity/Prefabs/Props/SM_Prop_Vent_02.prefab
  artifactKey: Guid(9a8b5936370ace844990b9c4815bdc8c) Importer(815301076,1909f56bfc062723c751e8b465ee728b)
Start importing Assets/PolygonSciFiCity/Prefabs/Props/SM_Prop_Vent_02.prefab using Guid(9a8b5936370ace844990b9c4815bdc8c) Importer(815301076,1909f56bfc062723c751e8b465ee728b)  -> (artifact id: '6d19784f30ab6a45d4051365779976b2') in 0.041194 seconds 
========================================================================
Received Import Request.
  Time since last request: 0.000021 seconds.
  path: Assets/PolygonSciFiCity/Prefabs/Props/SM_Prop_WallAttach_Electronics_02.prefab
  artifactKey: Guid(dbc8ff25f28f33c4bb982b04e5dbdefb) Importer(815301076,1909f56bfc062723c751e8b465ee728b)
Start importing Assets/PolygonSciFiCity/Prefabs/Props/SM_Prop_WallAttach_Electronics_02.prefab using Guid(dbc8ff25f28f33c4bb982b04e5dbdefb) Importer(815301076,1909f56bfc062723c751e8b465ee728b)  -> (artifact id: '11018ca29249ac72bff225ca80283247') in 0.039151 seconds 
========================================================================
Received Import Request.
  Time since last request: 0.000022 seconds.
  path: Assets/PolygonSciFiCity/Prefabs/Props/SM_Prop_Security_Camera_01.prefab
  artifactKey: Guid(e8be6a656aa13f94e9c475b6f6f2e2a3) Importer(815301076,1909f56bfc062723c751e8b465ee728b)
Start importing Assets/PolygonSciFiCity/Prefabs/Props/SM_Prop_Security_Camera_01.prefab using Guid(e8be6a656aa13f94e9c475b6f6f2e2a3) Importer(815301076,1909f56bfc062723c751e8b465ee728b)  -> (artifact id: 'dad41ee6dff6e18b109361557e92df0c') in 0.038397 seconds 
========================================================================
Received Import Request.
  Time since last request: 0.000022 seconds.
  path: Assets/PolygonSciFiCity/Prefabs/Props/SM_Prop_VendingMachine_Soda_01.prefab
  artifactKey: Guid(b9aa404ea67c0ae41b1fc669a5b71369) Importer(815301076,1909f56bfc062723c751e8b465ee728b)
Start importing Assets/PolygonSciFiCity/Prefabs/Props/SM_Prop_VendingMachine_Soda_01.prefab using Guid(b9aa404ea67c0ae41b1fc669a5b71369) Importer(815301076,1909f56bfc062723c751e8b465ee728b)  -> (artifact id: '7faee2c485c0899658e3230fba461aea') in 0.039055 seconds 
========================================================================
Received Import Request.
  Time since last request: 0.000017 seconds.
  path: Assets/PolygonSciFiCity/Prefabs/Props/SM_Prop_WallAttach_Vent_03.prefab
  artifactKey: Guid(783878b110bd79f45a87416fe9e4e329) Importer(815301076,1909f56bfc062723c751e8b465ee728b)
Start importing Assets/PolygonSciFiCity/Prefabs/Props/SM_Prop_WallAttach_Vent_03.prefab using Guid(783878b110bd79f45a87416fe9e4e329) Importer(815301076,1909f56bfc062723c751e8b465ee728b)  -> (artifact id: '35c02e2d7985938bc8b0a3c3fb5c6c02') in 0.040266 seconds 
========================================================================
Received Import Request.
  Time since last request: 0.000038 seconds.
  path: Assets/PolygonSciFiCity/Prefabs/Props/SM_Prop_Vent_04.prefab
  artifactKey: Guid(43a23ba7d46ab234abe49791c0812130) Importer(815301076,1909f56bfc062723c751e8b465ee728b)
Start importing Assets/PolygonSciFiCity/Prefabs/Props/SM_Prop_Vent_04.prefab using Guid(43a23ba7d46ab234abe49791c0812130) Importer(815301076,1909f56bfc062723c751e8b465ee728b)  -> (artifact id: 'c51cbc0a50dfaf89ac5b0728a634d5de') in 0.040957 seconds 
========================================================================
Received Import Request.
  Time since last request: 0.000030 seconds.
  path: Assets/PolygonSciFiCity/Prefabs/Props/SM_Prop_Robotic_Part_09.prefab
  artifactKey: Guid(44651a1ac81d76e4099136b57cfdd83b) Importer(815301076,1909f56bfc062723c751e8b465ee728b)
Start importing Assets/PolygonSciFiCity/Prefabs/Props/SM_Prop_Robotic_Part_09.prefab using Guid(44651a1ac81d76e4099136b57cfdd83b) Importer(815301076,1909f56bfc062723c751e8b465ee728b)  -> (artifact id: '94f1bcfdec5155eaa3457173fd1ef7ae') in 0.042233 seconds 
========================================================================
Received Import Request.
  Time since last request: 0.000022 seconds.
  path: Assets/PolygonSciFiCity/Prefabs/Props/SM_Prop_VRHeadset_01.prefab
  artifactKey: Guid(262e8615470221541bb78807333ad149) Importer(815301076,1909f56bfc062723c751e8b465ee728b)
Start importing Assets/PolygonSciFiCity/Prefabs/Props/SM_Prop_VRHeadset_01.prefab using Guid(262e8615470221541bb78807333ad149) Importer(815301076,1909f56bfc062723c751e8b465ee728b)  -> (artifact id: '4e229c675b2e1b63502759d19c3cd6dd') in 0.041540 seconds 
========================================================================
Received Import Request.
  Time since last request: 0.000020 seconds.
  path: Assets/PolygonSciFiCity/Prefabs/Props/SM_Prop_Medical_Table_01.prefab
  artifactKey: Guid(3c3e56cbd647a6849a98b32d7c000f9c) Importer(815301076,1909f56bfc062723c751e8b465ee728b)
Start importing Assets/PolygonSciFiCity/Prefabs/Props/SM_Prop_Medical_Table_01.prefab using Guid(3c3e56cbd647a6849a98b32d7c000f9c) Importer(815301076,1909f56bfc062723c751e8b465ee728b)  -> (artifact id: 'c77b6f2f906922f69c76facc0f801da4') in 0.041362 seconds 
========================================================================
Received Import Request.
  Time since last request: 0.000027 seconds.
  path: Assets/PolygonSciFiCity/Prefabs/Props/SM_Prop_Shelf_Wall_Preset_01.prefab
  artifactKey: Guid(37b6ad62cb2640b41bedf7a18eaf66ae) Importer(815301076,1909f56bfc062723c751e8b465ee728b)
Start importing Assets/PolygonSciFiCity/Prefabs/Props/SM_Prop_Shelf_Wall_Preset_01.prefab using Guid(37b6ad62cb2640b41bedf7a18eaf66ae) Importer(815301076,1909f56bfc062723c751e8b465ee728b)  -> (artifact id: 'e7d29d34588e11b4f68bdaab3c4d1f73') in 0.041998 seconds 
========================================================================
Received Import Request.
  Time since last request: 0.000018 seconds.
  path: Assets/PolygonSciFiCity/Prefabs/Props/SM_Prop_Window_01.prefab
  artifactKey: Guid(285bab2f8ffd9f3478a1e2eda34ee33e) Importer(815301076,1909f56bfc062723c751e8b465ee728b)
Start importing Assets/PolygonSciFiCity/Prefabs/Props/SM_Prop_Window_01.prefab using Guid(285bab2f8ffd9f3478a1e2eda34ee33e) Importer(815301076,1909f56bfc062723c751e8b465ee728b)  -> (artifact id: '152f0a483ade86e520e2106c1557f5b4') in 0.041992 seconds 
========================================================================
Received Import Request.
  Time since last request: 0.000033 seconds.
  path: Assets/PolygonSciFiCity/Prefabs/Props/SM_Prop_Supplies_01.prefab
  artifactKey: Guid(01d2a653d97a0a943a86a3e04664da85) Importer(815301076,1909f56bfc062723c751e8b465ee728b)
Start importing Assets/PolygonSciFiCity/Prefabs/Props/SM_Prop_Supplies_01.prefab using Guid(01d2a653d97a0a943a86a3e04664da85) Importer(815301076,1909f56bfc062723c751e8b465ee728b)  -> (artifact id: '6751a34a911d8a6f98502a1aef6cd0c5') in 0.045813 seconds 
========================================================================
Received Import Request.
  Time since last request: 0.000031 seconds.
  path: Assets/PolygonSciFiCity/Prefabs/Props/SM_Prop_MarketCover_03.prefab
  artifactKey: Guid(a44d1f79f0cbe4a479e0963e91b6d55c) Importer(815301076,1909f56bfc062723c751e8b465ee728b)
Start importing Assets/PolygonSciFiCity/Prefabs/Props/SM_Prop_MarketCover_03.prefab using Guid(a44d1f79f0cbe4a479e0963e91b6d55c) Importer(815301076,1909f56bfc062723c751e8b465ee728b)  -> (artifact id: '0f15750f02a7664d90737d6791a831c2') in 0.039345 seconds 
========================================================================
Received Import Request.
  Time since last request: 0.000020 seconds.
  path: Assets/PolygonSciFiCity/Prefabs/Props/SM_Prop_Food_01.prefab
  artifactKey: Guid(83320064da93aae48a240f62dbb1b4f7) Importer(815301076,1909f56bfc062723c751e8b465ee728b)
Start importing Assets/PolygonSciFiCity/Prefabs/Props/SM_Prop_Food_01.prefab using Guid(83320064da93aae48a240f62dbb1b4f7) Importer(815301076,1909f56bfc062723c751e8b465ee728b)  -> (artifact id: '5e64cbbfe7cc87bb8d13441f56ebbd1c') in 0.040783 seconds 
========================================================================
Received Import Request.
  Time since last request: 0.000025 seconds.
  path: Assets/PolygonSciFiCity/Prefabs/Props/SM_Prop_Window_03.prefab
  artifactKey: Guid(ad75cc67b4fcb83428eb34ae411bb3c4) Importer(815301076,1909f56bfc062723c751e8b465ee728b)
Start importing Assets/PolygonSciFiCity/Prefabs/Props/SM_Prop_Window_03.prefab using Guid(ad75cc67b4fcb83428eb34ae411bb3c4) Importer(815301076,1909f56bfc062723c751e8b465ee728b)  -> (artifact id: 'afb2cc42204d15cb9a074f7828b6f1af') in 0.040235 seconds 
========================================================================
Received Import Request.
  Time since last request: 0.000022 seconds.
  path: Assets/PolygonSciFiCity/Prefabs/Props/SM_Prop_Drone_01.prefab
  artifactKey: Guid(dbf6bcdd65b2193449fd6ca552a72b95) Importer(815301076,1909f56bfc062723c751e8b465ee728b)
Start importing Assets/PolygonSciFiCity/Prefabs/Props/SM_Prop_Drone_01.prefab using Guid(dbf6bcdd65b2193449fd6ca552a72b95) Importer(815301076,1909f56bfc062723c751e8b465ee728b)  -> (artifact id: 'ffad84831c3fa4518265d170d6c318c1') in 0.037010 seconds 
========================================================================
Received Import Request.
  Time since last request: 0.000023 seconds.
  path: Assets/PolygonSciFiCity/Prefabs/Props/SM_Prop_WoodenPath_01.prefab
  artifactKey: Guid(284c9b45742e87d4fa48a08a2ba995be) Importer(815301076,1909f56bfc062723c751e8b465ee728b)
Start importing Assets/PolygonSciFiCity/Prefabs/Props/SM_Prop_WoodenPath_01.prefab using Guid(284c9b45742e87d4fa48a08a2ba995be) Importer(815301076,1909f56bfc062723c751e8b465ee728b)  -> (artifact id: '180af117eb76f7b7fb6f6be03a408ecb') in 0.058764 seconds 
========================================================================
Received Import Request.
  Time since last request: 0.000031 seconds.
  path: Assets/PolygonSciFiCity/Prefabs/Props/SM_Prop_Window_02.prefab
  artifactKey: Guid(20afb168f6eb0ef4c9b10af2deea2282) Importer(815301076,1909f56bfc062723c751e8b465ee728b)
Start importing Assets/PolygonSciFiCity/Prefabs/Props/SM_Prop_Window_02.prefab using Guid(20afb168f6eb0ef4c9b10af2deea2282) Importer(815301076,1909f56bfc062723c751e8b465ee728b)  -> (artifact id: 'e5a04807780c5870fa3a5c223d5379ac') in 0.047232 seconds 
========================================================================
Received Import Request.
  Time since last request: 0.000080 seconds.
  path: Assets/PolygonSciFiCity/Prefabs/Props/SM_Prop_Vent_01.prefab
  artifactKey: Guid(5c1f86aeb0747f6449927587c59d8e9e) Importer(815301076,1909f56bfc062723c751e8b465ee728b)
Start importing Assets/PolygonSciFiCity/Prefabs/Props/SM_Prop_Vent_01.prefab using Guid(5c1f86aeb0747f6449927587c59d8e9e) Importer(815301076,1909f56bfc062723c751e8b465ee728b)  -> (artifact id: '79908cd2d329105d43f48a8694fd956e') in 0.050784 seconds 
========================================================================
Received Import Request.
  Time since last request: 0.000022 seconds.
  path: Assets/PolygonSciFiCity/Prefabs/Props/SM_Prop_VRBooth_01.prefab
  artifactKey: Guid(b282c4fd850a09140a26df0c2e17439e) Importer(815301076,1909f56bfc062723c751e8b465ee728b)
Start importing Assets/PolygonSciFiCity/Prefabs/Props/SM_Prop_VRBooth_01.prefab using Guid(b282c4fd850a09140a26df0c2e17439e) Importer(815301076,1909f56bfc062723c751e8b465ee728b)  -> (artifact id: '1950846233fdf4d9f419041e6e592060') in 0.054369 seconds 
========================================================================
Received Import Request.
  Time since last request: 0.000024 seconds.
  path: Assets/PolygonSciFiCity/Prefabs/Props/SM_Prop_Streetlight_01.prefab
  artifactKey: Guid(72743bd38a7349d4fa26ac056b454810) Importer(815301076,1909f56bfc062723c751e8b465ee728b)
Start importing Assets/PolygonSciFiCity/Prefabs/Props/SM_Prop_Streetlight_01.prefab using Guid(72743bd38a7349d4fa26ac056b454810) Importer(815301076,1909f56bfc062723c751e8b465ee728b)  -> (artifact id: '21239ce8a402e592caf1cfbd61ac8ae7') in 0.055788 seconds 
========================================================================
Received Import Request.
  Time since last request: 0.000019 seconds.
  path: Assets/PolygonSciFiCity/Prefabs/Props/SM_Prop_table_01.prefab
  artifactKey: Guid(fb85b3c23b991e249a29afe99d47b0eb) Importer(815301076,1909f56bfc062723c751e8b465ee728b)
Start importing Assets/PolygonSciFiCity/Prefabs/Props/SM_Prop_table_01.prefab using Guid(fb85b3c23b991e249a29afe99d47b0eb) Importer(815301076,1909f56bfc062723c751e8b465ee728b)  -> (artifact id: '60b3719acc60cda97279a1ca4aeed958') in 0.084697 seconds 
========================================================================
Received Import Request.
  Time since last request: 0.000043 seconds.
  path: Assets/PolygonSciFiCity/Prefabs/Props/SM_Prop_Shield_Bubble_01.prefab
  artifactKey: Guid(599739502569ce24a92a65199a378698) Importer(815301076,1909f56bfc062723c751e8b465ee728b)
Start importing Assets/PolygonSciFiCity/Prefabs/Props/SM_Prop_Shield_Bubble_01.prefab using Guid(599739502569ce24a92a65199a378698) Importer(815301076,1909f56bfc062723c751e8b465ee728b)  -> (artifact id: '79936d83f74927b7de9d18f19b769397') in 0.051250 seconds 
========================================================================
Received Import Request.
  Time since last request: 0.000060 seconds.
  path: Assets/PolygonSciFiCity/Prefabs/Props/SM_Prop_Table_Small_01.prefab
  artifactKey: Guid(530f2b006b035de45bcd4d17f288924f) Importer(815301076,1909f56bfc062723c751e8b465ee728b)
Start importing Assets/PolygonSciFiCity/Prefabs/Props/SM_Prop_Table_Small_01.prefab using Guid(530f2b006b035de45bcd4d17f288924f) Importer(815301076,1909f56bfc062723c751e8b465ee728b)  -> (artifact id: '97ea6e6564280da5b39dd6877a6f9350') in 0.060395 seconds 
========================================================================
Received Import Request.
  Time since last request: 0.000039 seconds.
  path: Assets/PolygonSciFiCity/Prefabs/Props/SM_Prop_MarketTable_01.prefab
  artifactKey: Guid(7cecc1acfc0597a419339c5e35fd0b18) Importer(815301076,1909f56bfc062723c751e8b465ee728b)
Start importing Assets/PolygonSciFiCity/Prefabs/Props/SM_Prop_MarketTable_01.prefab using Guid(7cecc1acfc0597a419339c5e35fd0b18) Importer(815301076,1909f56bfc062723c751e8b465ee728b)  -> (artifact id: 'b67487e64b262b5ed1bbf904b390a369') in 0.050956 seconds 
========================================================================
Received Import Request.
  Time since last request: 0.000038 seconds.
  path: Assets/PolygonSciFiCity/Prefabs/Props/SM_Prop_Stool_01.prefab
  artifactKey: Guid(72b8417bc9445da4190d0eb6d4543d32) Importer(815301076,1909f56bfc062723c751e8b465ee728b)
Start importing Assets/PolygonSciFiCity/Prefabs/Props/SM_Prop_Stool_01.prefab using Guid(72b8417bc9445da4190d0eb6d4543d32) Importer(815301076,1909f56bfc062723c751e8b465ee728b)  -> (artifact id: 'eb1e48c5423ca52930b75bde533843d5') in 0.045272 seconds 
========================================================================
Received Import Request.
  Time since last request: 0.000024 seconds.
  path: Assets/PolygonSciFiCity/Prefabs/Props/SM_Prop_SatDish_01.prefab
  artifactKey: Guid(784a5c4eb3c45c04fa8878f5823ab905) Importer(815301076,1909f56bfc062723c751e8b465ee728b)
Start importing Assets/PolygonSciFiCity/Prefabs/Props/SM_Prop_SatDish_01.prefab using Guid(784a5c4eb3c45c04fa8878f5823ab905) Importer(815301076,1909f56bfc062723c751e8b465ee728b)  -> (artifact id: 'fc41f2e2d7281fedef012424e51b447f') in 0.058578 seconds 
========================================================================
Received Import Request.
  Time since last request: 0.610295 seconds.
  path: Assets/PolygonSciFiCity/Prefabs/Environments/SM_Env_Graffiti_Ground_01.prefab
  artifactKey: Guid(6112f7245b49efb418df4cff8a1829d4) Importer(815301076,1909f56bfc062723c751e8b465ee728b)
Start importing Assets/PolygonSciFiCity/Prefabs/Environments/SM_Env_Graffiti_Ground_01.prefab using Guid(6112f7245b49efb418df4cff8a1829d4) Importer(815301076,1909f56bfc062723c751e8b465ee728b)  -> (artifact id: '2cf1f1be05ccc6e45f7c81806301116f') in 0.013881 seconds 
========================================================================
Received Import Request.
  Time since last request: 0.000037 seconds.
  path: Assets/PolygonSciFiCity/Prefabs/Environments/SM_Env_Graffiti_Wall_01.prefab
  artifactKey: Guid(9e28e564ee5f50c4da3ca867f7d88553) Importer(815301076,1909f56bfc062723c751e8b465ee728b)
Start importing Assets/PolygonSciFiCity/Prefabs/Environments/SM_Env_Graffiti_Wall_01.prefab using Guid(9e28e564ee5f50c4da3ca867f7d88553) Importer(815301076,1909f56bfc062723c751e8b465ee728b)  -> (artifact id: '3d39a09cc3978305a038799424bf4d3f') in 0.015602 seconds 
Editor requested this worker to shutdown with reason: Scaling down because of idle timeout
AssetImportWorker is now disconnected from the server
Process exiting
Exiting without the bug reporter. Application will terminate with return code 0