Using pre-set license
Built from '2021.3/staging' branch; Version is '2021.3.23f1 (213b516bf396) revision 2177873'; Using compiler version '192829333'; Build Type 'Release'
OS: 'Windows 10  (10.0.19045) 64bit Education' Language: 'en' Physical Memory: 16072 MB
BatchMode: 1, IsHumanControllingUs: 0, StartBugReporterOnCrash: 0, Is64bit: 1, IsPro: 1

COMMAND LINE ARGUMENTS:
C:\Program Files\Unity\Hub\Editor\2021.3.23f1\Editor\Unity.exe
-adb2
-batchMode
-noUpm
-name
AssetImportWorker3
-projectPath
D:/Year13AGRacer/UnityProject
-logFile
Logs/AssetImportWorker3.log
-srvPort
60006
Successfully changed project path to: D:/Year13AGRacer/UnityProject
D:/Year13AGRacer/UnityProject
[UnityMemory] Configuration Parameters - Can be set up in boot.config
    "memorysetup-bucket-allocator-granularity=16"
    "memorysetup-bucket-allocator-bucket-count=8"
    "memorysetup-bucket-allocator-block-size=33554432"
    "memorysetup-bucket-allocator-block-count=8"
    "memorysetup-main-allocator-block-size=16777216"
    "memorysetup-thread-allocator-block-size=16777216"
    "memorysetup-gfx-main-allocator-block-size=16777216"
    "memorysetup-gfx-thread-allocator-block-size=16777216"
    "memorysetup-cache-allocator-block-size=4194304"
    "memorysetup-typetree-allocator-block-size=2097152"
    "memorysetup-profiler-bucket-allocator-granularity=16"
    "memorysetup-profiler-bucket-allocator-bucket-count=8"
    "memorysetup-profiler-bucket-allocator-block-size=33554432"
    "memorysetup-profiler-bucket-allocator-block-count=8"
    "memorysetup-profiler-allocator-block-size=16777216"
    "memorysetup-profiler-editor-allocator-block-size=1048576"
    "memorysetup-temp-allocator-size-main=16777216"
    "memorysetup-job-temp-allocator-block-size=2097152"
    "memorysetup-job-temp-allocator-block-size-background=1048576"
    "memorysetup-job-temp-allocator-reduction-small-platforms=262144"
    "memorysetup-temp-allocator-size-background-worker=32768"
    "memorysetup-temp-allocator-size-job-worker=262144"
    "memorysetup-temp-allocator-size-preload-manager=33554432"
    "memorysetup-temp-allocator-size-nav-mesh-worker=65536"
    "memorysetup-temp-allocator-size-audio-worker=65536"
    "memorysetup-temp-allocator-size-cloud-worker=32768"
    "memorysetup-temp-allocator-size-gi-baking-worker=262144"
    "memorysetup-temp-allocator-size-gfx=262144"
Player connection [19324] Host "[IP] 192.168.101.137 [Port] 0 [Flags] 2 [Guid] 2045342640 [EditorId] 2045342640 [Version] 1048832 [Id] WindowsEditor(7,KHWS710) [Debug] 1 [PackageName] WindowsEditor [ProjectName] Editor" joined multi-casting on [225.0.0.222:54997]...

Player connection [19324] Host "[IP] 192.168.101.137 [Port] 0 [Flags] 2 [Guid] 2045342640 [EditorId] 2045342640 [Version] 1048832 [Id] WindowsEditor(7,KHWS710) [Debug] 1 [PackageName] WindowsEditor [ProjectName] Editor" joined alternative multi-casting on [225.0.0.222:34997]...

Refreshing native plugins compatible for Editor in 94.40 ms, found 3 plugins.
Preloading 0 native plugins for Editor in 0.00 ms.
Initialize engine version: 2021.3.23f1 (213b516bf396)
[Subsystems] Discovering subsystems at path C:/Program Files/Unity/Hub/Editor/2021.3.23f1/Editor/Data/Resources/UnitySubsystems
[Subsystems] Discovering subsystems at path D:/Year13AGRacer/UnityProject/Assets
GfxDevice: creating device client; threaded=0; jobified=0
Direct3D:
    Version:  Direct3D 11.0 [level 11.1]
    Renderer: NVIDIA GeForce RTX 3070 (ID=0x2488)
    Vendor:   NVIDIA
    VRAM:     8031 MB
    Driver:   31.0.15.2698
Initialize mono
Mono path[0] = 'C:/Program Files/Unity/Hub/Editor/2021.3.23f1/Editor/Data/Managed'
Mono path[1] = 'C:/Program Files/Unity/Hub/Editor/2021.3.23f1/Editor/Data/MonoBleedingEdge/lib/mono/unityjit-win32'
Mono config path = 'C:/Program Files/Unity/Hub/Editor/2021.3.23f1/Editor/Data/MonoBleedingEdge/etc'
Using monoOptions --debugger-agent=transport=dt_socket,embedding=1,server=y,suspend=n,address=127.0.0.1:56316
Begin MonoManager ReloadAssembly
Registering precompiled unity dll's ...
Register platform support module: C:/Program Files/Unity/Hub/Editor/2021.3.23f1/Editor/Data/PlaybackEngines/WebGLSupport/UnityEditor.WebGL.Extensions.dll
Register platform support module: C:/Program Files/Unity/Hub/Editor/2021.3.23f1/Editor/Data/PlaybackEngines/WindowsStandaloneSupport/UnityEditor.WindowsStandalone.Extensions.dll
Registered in 0.007501 seconds.
Native extension for WindowsStandalone target not found
Native extension for WebGL target not found
Refreshing native plugins compatible for Editor in 86.21 ms, found 3 plugins.
Preloading 0 native plugins for Editor in 0.00 ms.
Mono: successfully reloaded assembly
- Completed reload, in  0.626 seconds
Domain Reload Profiling:
	ReloadAssembly (627ms)
		BeginReloadAssembly (88ms)
			ExecutionOrderSort (0ms)
			DisableScriptedObjects (0ms)
			BackupInstance (0ms)
			ReleaseScriptingObjects (0ms)
			CreateAndSetChildDomain (1ms)
		EndReloadAssembly (439ms)
			LoadAssemblies (85ms)
			RebuildTransferFunctionScriptingTraits (0ms)
			SetupTypeCache (91ms)
			ReleaseScriptCaches (0ms)
			RebuildScriptCaches (25ms)
			SetupLoadedEditorAssemblies (274ms)
				LogAssemblyErrors (0ms)
				InitializePlatformSupportModulesInManaged (9ms)
				SetLoadedEditorAssemblies (0ms)
				RefreshPlugins (86ms)
				BeforeProcessingInitializeOnLoad (1ms)
				ProcessInitializeOnLoadAttributes (134ms)
				ProcessInitializeOnLoadMethodAttributes (43ms)
				AfterProcessingInitializeOnLoad (0ms)
				EditorAssembliesLoaded (0ms)
			ExecutionOrderSort2 (0ms)
			AwakeInstancesAfterBackupRestoration (0ms)
Platform modules already initialized, skipping
Registering precompiled user dll's ...
Registered in 0.004525 seconds.
Begin MonoManager ReloadAssembly
Symbol file LoadedFromMemory doesn't match image D:\Year13AGRacer\UnityProject\Library\PackageCache\com.unity.visualscripting@1.8.0\Editor\VisualScripting.Core\Dependencies\YamlDotNet\Unity.VisualScripting.YamlDotNet.dll
Symbol file LoadedFromMemory doesn't match image D:\Year13AGRacer\UnityProject\Library\PackageCache\com.unity.visualscripting@1.8.0\Editor\VisualScripting.Core\Dependencies\DotNetZip\Unity.VisualScripting.IonicZip.dll
Native extension for WindowsStandalone target not found
Native extension for WebGL target not found
Refreshing native plugins compatible for Editor in 0.81 ms, found 3 plugins.
Preloading 0 native plugins for Editor in 0.00 ms.
Mono: successfully reloaded assembly
- Completed reload, in  0.895 seconds
Domain Reload Profiling:
	ReloadAssembly (896ms)
		BeginReloadAssembly (98ms)
			ExecutionOrderSort (0ms)
			DisableScriptedObjects (6ms)
			BackupInstance (0ms)
			ReleaseScriptingObjects (0ms)
			CreateAndSetChildDomain (19ms)
		EndReloadAssembly (701ms)
			LoadAssemblies (65ms)
			RebuildTransferFunctionScriptingTraits (0ms)
			SetupTypeCache (228ms)
			ReleaseScriptCaches (1ms)
			RebuildScriptCaches (47ms)
			SetupLoadedEditorAssemblies (321ms)
				LogAssemblyErrors (0ms)
				InitializePlatformSupportModulesInManaged (6ms)
				SetLoadedEditorAssemblies (0ms)
				RefreshPlugins (1ms)
				BeforeProcessingInitializeOnLoad (82ms)
				ProcessInitializeOnLoadAttributes (207ms)
				ProcessInitializeOnLoadMethodAttributes (18ms)
				AfterProcessingInitializeOnLoad (7ms)
				EditorAssembliesLoaded (0ms)
			ExecutionOrderSort2 (0ms)
			AwakeInstancesAfterBackupRestoration (6ms)
Platform modules already initialized, skipping
========================================================================
Worker process is ready to serve import requests
Launched and connected shader compiler UnityShaderCompiler.exe after 0.04 seconds
Refreshing native plugins compatible for Editor in 0.52 ms, found 3 plugins.
Preloading 0 native plugins for Editor in 0.00 ms.
Unloading 3048 Unused Serialized files (Serialized files now loaded: 0)
Unloading 24 unused Assets / (114.6 KB). Loaded Objects now: 3513.
Memory consumption went from 111.7 MB to 111.5 MB.
Total: 1.779000 ms (FindLiveObjects: 0.149800 ms CreateObjectMapping: 0.041200 ms MarkObjects: 1.513000 ms  DeleteObjects: 0.074000 ms)

AssetImportParameters requested are different than current active one (requested -> active):
  custom:video-decoder-ogg-theora: a1e56fd34408186e4bbccfd4996cb3dc -> 
  custom:container-muxer-webm: aa71ff27fc2769a1b78a27578f13a17b -> 
  custom:container-demuxer-webm: 4f35f7cbe854078d1ac9338744f61a02 -> 
  custom:video-encoder-webm-vp8: eb34c28f22e8b96e1ab97ce403110664 -> 
  custom:audio-encoder-webm-vorbis: bf7c407c2cedff20999df2af8eb42d56 -> 
  custom:framework-win-MediaFoundation: 216162199b28c13a410421893ffa2e32 -> 
  custom:container-demuxer-ogg: 62fdf1f143b41e24485cea50d1cbac27 -> 
  custom:video-decoder-webm-vp8: 9c59270c3fd7afecdb556c50c9e8de78 -> 
  custom:audio-decoder-ogg-vorbis: bf7c407c2cedff20999df2af8eb42d56 -> 
========================================================================
Received Import Request.
  Time since last request: 21973.428467 seconds.
  path: Assets/PolygonSciFiCity/Models/FX_Plane_Simple.fbx
  artifactKey: Guid(2e4b92c06b7545a4a8da90f7352811b7) Importer(815301076,1909f56bfc062723c751e8b465ee728b)
Start importing Assets/PolygonSciFiCity/Models/FX_Plane_Simple.fbx using Guid(2e4b92c06b7545a4a8da90f7352811b7) Importer(815301076,1909f56bfc062723c751e8b465ee728b)  -> (artifact id: '8748a4a1a314fa200ddd650b62b6e478') in 0.311879 seconds 
========================================================================
Received Import Request.
  Time since last request: 0.000030 seconds.
  path: Assets/PolygonSciFiCity/Models/SM_Bld_Industrial_02_Convex 1.asset
  artifactKey: Guid(2fe5f591f9cc9e74b8e299a97a88e71f) Importer(815301076,1909f56bfc062723c751e8b465ee728b)
Start importing Assets/PolygonSciFiCity/Models/SM_Bld_Industrial_02_Convex 1.asset using Guid(2fe5f591f9cc9e74b8e299a97a88e71f) Importer(815301076,1909f56bfc062723c751e8b465ee728b)  -> (artifact id: '228e0b44f62ae154dab8395175bb111f') in 0.026035 seconds 
========================================================================
Received Import Request.
  Time since last request: 0.000033 seconds.
  path: Assets/PolygonSciFiCity/Models/SM_Bld_Background_Med_08_Convex.asset
  artifactKey: Guid(c5c2fd2e9e7842842b34e1dfe573f970) Importer(815301076,1909f56bfc062723c751e8b465ee728b)
Start importing Assets/PolygonSciFiCity/Models/SM_Bld_Background_Med_08_Convex.asset using Guid(c5c2fd2e9e7842842b34e1dfe573f970) Importer(815301076,1909f56bfc062723c751e8b465ee728b)  -> (artifact id: '50b58b3c807a0c37db8450a061c372e5') in 0.012920 seconds 
========================================================================
Received Import Request.
  Time since last request: 0.000017 seconds.
  path: Assets/PolygonSciFiCity/Models/SM_Bld_Background_Med_07.fbx
  artifactKey: Guid(b4d4f509ed2eb0b4ca970429c5601dca) Importer(815301076,1909f56bfc062723c751e8b465ee728b)
Start importing Assets/PolygonSciFiCity/Models/SM_Bld_Background_Med_07.fbx using Guid(b4d4f509ed2eb0b4ca970429c5601dca) Importer(815301076,1909f56bfc062723c751e8b465ee728b)  -> (artifact id: '31239f5c7e05b98df107209de8a8b31a') in 0.012923 seconds 
========================================================================
Received Import Request.
  Time since last request: 0.000019 seconds.
  path: Assets/PolygonSciFiCity/Models/SM_Bld_Background_Med_04_Convex.asset
  artifactKey: Guid(54b99be861fcf9240a745de5749b6ab6) Importer(815301076,1909f56bfc062723c751e8b465ee728b)
Start importing Assets/PolygonSciFiCity/Models/SM_Bld_Background_Med_04_Convex.asset using Guid(54b99be861fcf9240a745de5749b6ab6) Importer(815301076,1909f56bfc062723c751e8b465ee728b)  -> (artifact id: '7011ab6f80e53efe1a401658a3b7287b') in 0.010095 seconds 
========================================================================
Received Import Request.
  Time since last request: 0.000017 seconds.
  path: Assets/PolygonSciFiCity/Models/SM_Bld_City_Wall_01_Convex 1.asset
  artifactKey: Guid(dc258237d6fcb7247830833cd2e1c73d) Importer(815301076,1909f56bfc062723c751e8b465ee728b)
Start importing Assets/PolygonSciFiCity/Models/SM_Bld_City_Wall_01_Convex 1.asset using Guid(dc258237d6fcb7247830833cd2e1c73d) Importer(815301076,1909f56bfc062723c751e8b465ee728b)  -> (artifact id: 'aff81ef85df0b3abfa2f1437b284018a') in 0.009852 seconds 
========================================================================
Received Import Request.
  Time since last request: 0.000017 seconds.
  path: Assets/PolygonSciFiCity/Models/SM_Bld_Background_Med_09_Convex.asset
  artifactKey: Guid(89142363431ad8d44a82b835b400402e) Importer(815301076,1909f56bfc062723c751e8b465ee728b)
Start importing Assets/PolygonSciFiCity/Models/SM_Bld_Background_Med_09_Convex.asset using Guid(89142363431ad8d44a82b835b400402e) Importer(815301076,1909f56bfc062723c751e8b465ee728b)  -> (artifact id: 'd1726a3f007f8664afa5f33afd2d074a') in 0.009250 seconds 
========================================================================
Received Import Request.
  Time since last request: 0.000028 seconds.
  path: Assets/PolygonSciFiCity/Models/SM_Bld_City_Wall_01_Convex.asset
  artifactKey: Guid(4ca391b7e8413904aa22e157d4a1d989) Importer(815301076,1909f56bfc062723c751e8b465ee728b)
Start importing Assets/PolygonSciFiCity/Models/SM_Bld_City_Wall_01_Convex.asset using Guid(4ca391b7e8413904aa22e157d4a1d989) Importer(815301076,1909f56bfc062723c751e8b465ee728b)  -> (artifact id: '0096aa9a6d1bf7aa14af86713ea3839a') in 0.008572 seconds 
========================================================================
Received Import Request.
  Time since last request: 0.000019 seconds.
  path: Assets/PolygonSciFiCity/Models/SM_Bld_City_Wall_01.fbx
  artifactKey: Guid(b8258342a3df5b14cac241f34dfe4c2b) Importer(815301076,1909f56bfc062723c751e8b465ee728b)
Start importing Assets/PolygonSciFiCity/Models/SM_Bld_City_Wall_01.fbx using Guid(b8258342a3df5b14cac241f34dfe4c2b) Importer(815301076,1909f56bfc062723c751e8b465ee728b)  -> (artifact id: 'f5db44edf8185a062f5805251b285095') in 0.012298 seconds 
========================================================================
Received Import Request.
  Time since last request: 0.000022 seconds.
  path: Assets/PolygonSciFiCity/Models/SM_Bld_Background_Small_02_Convex.asset
  artifactKey: Guid(6320b8d801b8265438fcad214edeae6b) Importer(815301076,1909f56bfc062723c751e8b465ee728b)
Start importing Assets/PolygonSciFiCity/Models/SM_Bld_Background_Small_02_Convex.asset using Guid(6320b8d801b8265438fcad214edeae6b) Importer(815301076,1909f56bfc062723c751e8b465ee728b)  -> (artifact id: '58507942b23b53b14bbec02f14fd25e3') in 0.009810 seconds 
========================================================================
Received Import Request.
  Time since last request: 0.000026 seconds.
  path: Assets/PolygonSciFiCity/Models/SM_Bld_Background_Med_03_Convex.asset
  artifactKey: Guid(7d4ac04d2632be34ab93cc43c2f87486) Importer(815301076,1909f56bfc062723c751e8b465ee728b)
Start importing Assets/PolygonSciFiCity/Models/SM_Bld_Background_Med_03_Convex.asset using Guid(7d4ac04d2632be34ab93cc43c2f87486) Importer(815301076,1909f56bfc062723c751e8b465ee728b)  -> (artifact id: 'ff1e805d367f60942d01f7bb32f7f945') in 0.010963 seconds 
========================================================================
Received Import Request.
  Time since last request: 0.000021 seconds.
  path: Assets/PolygonSciFiCity/Models/SM_Bld_Chopshop_Interior_01_Convex.asset
  artifactKey: Guid(6bc81bba7e06bce4a8adda4135d05627) Importer(815301076,1909f56bfc062723c751e8b465ee728b)
Start importing Assets/PolygonSciFiCity/Models/SM_Bld_Chopshop_Interior_01_Convex.asset using Guid(6bc81bba7e06bce4a8adda4135d05627) Importer(815301076,1909f56bfc062723c751e8b465ee728b)  -> (artifact id: '6e34ee9e14e2f394554a27559cca94fa') in 0.010228 seconds 
========================================================================
Received Import Request.
  Time since last request: 0.000033 seconds.
  path: Assets/PolygonSciFiCity/Models/SM_Bld_Advanced_02_Convex.asset
  artifactKey: Guid(c877be700ea2b214ab0c22a553678238) Importer(815301076,1909f56bfc062723c751e8b465ee728b)
Start importing Assets/PolygonSciFiCity/Models/SM_Bld_Advanced_02_Convex.asset using Guid(c877be700ea2b214ab0c22a553678238) Importer(815301076,1909f56bfc062723c751e8b465ee728b)  -> (artifact id: '13736ca131e5353fd14ad725f247b6f7') in 0.010607 seconds 
========================================================================
Received Import Request.
  Time since last request: 0.000021 seconds.
  path: Assets/PolygonSciFiCity/Models/SM_Bld_Background_Lrg_02_Convex.asset
  artifactKey: Guid(ba6933718b333814a945d3adf06ebfb8) Importer(815301076,1909f56bfc062723c751e8b465ee728b)
Start importing Assets/PolygonSciFiCity/Models/SM_Bld_Background_Lrg_02_Convex.asset using Guid(ba6933718b333814a945d3adf06ebfb8) Importer(815301076,1909f56bfc062723c751e8b465ee728b)  -> (artifact id: '0a48cfa4adccb608a3bfeeac0b0793e4') in 0.010013 seconds 
========================================================================
Received Import Request.
  Time since last request: 0.000018 seconds.
  path: Assets/PolygonSciFiCity/Models/SM_Bld_Background_Lrg_03_Convex.asset
  artifactKey: Guid(437acc390d3ba5b4093a0b35407c5a61) Importer(815301076,1909f56bfc062723c751e8b465ee728b)
Start importing Assets/PolygonSciFiCity/Models/SM_Bld_Background_Lrg_03_Convex.asset using Guid(437acc390d3ba5b4093a0b35407c5a61) Importer(815301076,1909f56bfc062723c751e8b465ee728b)  -> (artifact id: '7bbb6531fd7910c5dd62dfb7d477944d') in 0.009161 seconds 
========================================================================
Received Import Request.
  Time since last request: 0.000019 seconds.
  path: Assets/PolygonSciFiCity/Models/SM_Bld_City_Wall_Tower_01.fbx
  artifactKey: Guid(de04fe5f5ea058c4196ccbcbac489ac3) Importer(815301076,1909f56bfc062723c751e8b465ee728b)
Start importing Assets/PolygonSciFiCity/Models/SM_Bld_City_Wall_Tower_01.fbx using Guid(de04fe5f5ea058c4196ccbcbac489ac3) Importer(815301076,1909f56bfc062723c751e8b465ee728b)  -> (artifact id: '282555c5a1f1bcb90f5a44f295295e9e') in 0.013265 seconds 
========================================================================
Received Import Request.
  Time since last request: 0.000019 seconds.
  path: Assets/PolygonSciFiCity/Models/SM_Bld_Bank_01_Convex.asset
  artifactKey: Guid(d7d01ebea7a9f5f469e6a44928c7c50b) Importer(815301076,1909f56bfc062723c751e8b465ee728b)
Start importing Assets/PolygonSciFiCity/Models/SM_Bld_Bank_01_Convex.asset using Guid(d7d01ebea7a9f5f469e6a44928c7c50b) Importer(815301076,1909f56bfc062723c751e8b465ee728b)  -> (artifact id: 'd877b68c7e2f9c439e70341ffeb79aa6') in 0.008904 seconds 
========================================================================
Received Import Request.
  Time since last request: 0.000019 seconds.
  path: Assets/PolygonSciFiCity/Models/SM_Bld_Large_01.fbx
  artifactKey: Guid(c855e12241a49d045b86c9c5230c4f03) Importer(815301076,1909f56bfc062723c751e8b465ee728b)
Start importing Assets/PolygonSciFiCity/Models/SM_Bld_Large_01.fbx using Guid(c855e12241a49d045b86c9c5230c4f03) Importer(815301076,1909f56bfc062723c751e8b465ee728b)  -> (artifact id: 'b2d30c048e2133f55147a20cb14aa9fb') in 0.012396 seconds 
========================================================================
Received Import Request.
  Time since last request: 2.843675 seconds.
  path: Assets/PolygonSciFiCity/Textures/Gradient.png
  artifactKey: Guid(c9274606b3eb5de48993cb0031cfcce6) Importer(815301076,1909f56bfc062723c751e8b465ee728b)
Start importing Assets/PolygonSciFiCity/Textures/Gradient.png using Guid(c9274606b3eb5de48993cb0031cfcce6) Importer(815301076,1909f56bfc062723c751e8b465ee728b)  -> (artifact id: '102fd09ac451cfc7b3b72f0e905ad55c') in 0.020010 seconds 
========================================================================
Received Import Request.
  Time since last request: 0.000019 seconds.
  path: Assets/PolygonSciFiCity/Textures/SphereGlow.png
  artifactKey: Guid(516a2a21b5e345f408e5be91be36ebb7) Importer(815301076,1909f56bfc062723c751e8b465ee728b)
Start importing Assets/PolygonSciFiCity/Textures/SphereGlow.png using Guid(516a2a21b5e345f408e5be91be36ebb7) Importer(815301076,1909f56bfc062723c751e8b465ee728b)  -> (artifact id: 'a5afa412dfc52717db953f08accc139d') in 0.009879 seconds 
========================================================================
Received Import Request.
  Time since last request: 0.000032 seconds.
  path: Assets/PolygonSciFiCity/Textures/NeonSigns.png
  artifactKey: Guid(3e787443af8f48b4b8ff188761e532d8) Importer(815301076,1909f56bfc062723c751e8b465ee728b)
Start importing Assets/PolygonSciFiCity/Textures/NeonSigns.png using Guid(3e787443af8f48b4b8ff188761e532d8) Importer(815301076,1909f56bfc062723c751e8b465ee728b)  -> (artifact id: 'd7bcbfc4789e7f0b6de4ade8ff11f4ed') in 0.010723 seconds 
========================================================================
Received Import Request.
  Time since last request: 0.000022 seconds.
  path: Assets/PolygonSciFiCity/Textures/Tansparent_Line_Full.png
  artifactKey: Guid(32cbeb9527524264d95c3560939d58c4) Importer(815301076,1909f56bfc062723c751e8b465ee728b)
Start importing Assets/PolygonSciFiCity/Textures/Tansparent_Line_Full.png using Guid(32cbeb9527524264d95c3560939d58c4) Importer(815301076,1909f56bfc062723c751e8b465ee728b)  -> (artifact id: 'fbea7ccf2fc39391a432cbd8e77057b8') in 0.009851 seconds 
========================================================================
Received Import Request.
  Time since last request: 0.000026 seconds.
  path: Assets/PolygonSciFiCity/Textures/SimpleSky.png
  artifactKey: Guid(6506ebfbf33dbd04e82b283f8c1925f6) Importer(815301076,1909f56bfc062723c751e8b465ee728b)
Start importing Assets/PolygonSciFiCity/Textures/SimpleSky.png using Guid(6506ebfbf33dbd04e82b283f8c1925f6) Importer(815301076,1909f56bfc062723c751e8b465ee728b)  -> (artifact id: '164d9b0938443cbac1068754b03c9fe9') in 0.010089 seconds 
========================================================================
Received Import Request.
  Time since last request: 0.000021 seconds.
  path: Assets/PolygonSciFiCity/Textures/PolygonScifi_04_A.png
  artifactKey: Guid(123012bf96cc36d4aacf4e012e84b8b9) Importer(815301076,1909f56bfc062723c751e8b465ee728b)
Start importing Assets/PolygonSciFiCity/Textures/PolygonScifi_04_A.png using Guid(123012bf96cc36d4aacf4e012e84b8b9) Importer(815301076,1909f56bfc062723c751e8b465ee728b)  -> (artifact id: 'a349012af338f19c82ceb0eaf6d880e8') in 0.015386 seconds 
========================================================================
Received Import Request.
  Time since last request: 0.000029 seconds.
  path: Assets/PolygonSciFiCity/Textures/PolygonScifi_Emissive_01.png
  artifactKey: Guid(f31e15c1060870d4196e7875363cbb5d) Importer(815301076,1909f56bfc062723c751e8b465ee728b)
Start importing Assets/PolygonSciFiCity/Textures/PolygonScifi_Emissive_01.png using Guid(f31e15c1060870d4196e7875363cbb5d) Importer(815301076,1909f56bfc062723c751e8b465ee728b)  -> (artifact id: '9ecbc0771e9c20b410af72ec692a11c2') in 0.011237 seconds 
========================================================================
Received Import Request.
  Time since last request: 4.371131 seconds.
  path: Assets/PolygonSciFiCity/Prefabs/Environments/SM_Env_Cloud_03.prefab
  artifactKey: Guid(54363d676f1022e4b820c2e6344b5a32) Importer(815301076,1909f56bfc062723c751e8b465ee728b)
Start importing Assets/PolygonSciFiCity/Prefabs/Environments/SM_Env_Cloud_03.prefab using Guid(54363d676f1022e4b820c2e6344b5a32) Importer(815301076,1909f56bfc062723c751e8b465ee728b)  -> (artifact id: '22b325ccd9f4417cfa67245af464c402') in 0.093622 seconds 
========================================================================
Received Import Request.
  Time since last request: 0.000030 seconds.
  path: Assets/PolygonSciFiCity/Prefabs/Environments/SM_Env_Hedge_03.prefab
  artifactKey: Guid(9a7a39a8f6110a74485a76340c890517) Importer(815301076,1909f56bfc062723c751e8b465ee728b)
Start importing Assets/PolygonSciFiCity/Prefabs/Environments/SM_Env_Hedge_03.prefab using Guid(9a7a39a8f6110a74485a76340c890517) Importer(815301076,1909f56bfc062723c751e8b465ee728b)  -> (artifact id: '34a3bbd2b7b10cc063a3b269c9e1749b') in 0.045452 seconds 
========================================================================
Received Import Request.
  Time since last request: 0.000029 seconds.
  path: Assets/PolygonSciFiCity/Prefabs/Environments/SM_Env_Road_Crossing_01_SF.prefab
  artifactKey: Guid(1706df18b40e3b54398964cb03a14f7f) Importer(815301076,1909f56bfc062723c751e8b465ee728b)
Start importing Assets/PolygonSciFiCity/Prefabs/Environments/SM_Env_Road_Crossing_01_SF.prefab using Guid(1706df18b40e3b54398964cb03a14f7f) Importer(815301076,1909f56bfc062723c751e8b465ee728b)  -> (artifact id: '9e7c20f359b6e47eb6fefd1cfb3fce93') in 0.023252 seconds 
========================================================================
Received Import Request.
  Time since last request: 0.000026 seconds.
  path: Assets/PolygonSciFiCity/Prefabs/Environments/SM_Env_Road_YellowLines_02_SF.prefab
  artifactKey: Guid(7a4bd320239b74e4b80eabf57b61349b) Importer(815301076,1909f56bfc062723c751e8b465ee728b)
Start importing Assets/PolygonSciFiCity/Prefabs/Environments/SM_Env_Road_YellowLines_02_SF.prefab using Guid(7a4bd320239b74e4b80eabf57b61349b) Importer(815301076,1909f56bfc062723c751e8b465ee728b)  -> (artifact id: '9601a4212ebe7ef65e7c2a441b7f6be8') in 0.013868 seconds 
========================================================================
Received Import Request.
  Time since last request: 0.000016 seconds.
  path: Assets/PolygonSciFiCity/Prefabs/Environments/SM_Env_Ground_Tile_05.prefab
  artifactKey: Guid(aa73babdcdc429a42b670bcd4bd3b69d) Importer(815301076,1909f56bfc062723c751e8b465ee728b)
Start importing Assets/PolygonSciFiCity/Prefabs/Environments/SM_Env_Ground_Tile_05.prefab using Guid(aa73babdcdc429a42b670bcd4bd3b69d) Importer(815301076,1909f56bfc062723c751e8b465ee728b)  -> (artifact id: '81763aa18ec0265a730416d1d949d864') in 0.039398 seconds 
========================================================================
Received Import Request.
  Time since last request: 0.000026 seconds.
  path: Assets/PolygonSciFiCity/Prefabs/Environments/SM_Env_Road_ParkingLines_01_SF.prefab
  artifactKey: Guid(4a24342db50a37147a6ac297e2a0438b) Importer(815301076,1909f56bfc062723c751e8b465ee728b)
Start importing Assets/PolygonSciFiCity/Prefabs/Environments/SM_Env_Road_ParkingLines_01_SF.prefab using Guid(4a24342db50a37147a6ac297e2a0438b) Importer(815301076,1909f56bfc062723c751e8b465ee728b)  -> (artifact id: '94ddcc39c29b938f01adb64c09159893') in 0.013257 seconds 
========================================================================
Received Import Request.
  Time since last request: 0.000023 seconds.
  path: Assets/PolygonSciFiCity/Prefabs/Environments/SM_Env_Ocean_Tile_Bumps_01.prefab
  artifactKey: Guid(4f09142e0e905d3468891ebab8e739fd) Importer(815301076,1909f56bfc062723c751e8b465ee728b)
Start importing Assets/PolygonSciFiCity/Prefabs/Environments/SM_Env_Ocean_Tile_Bumps_01.prefab using Guid(4f09142e0e905d3468891ebab8e739fd) Importer(815301076,1909f56bfc062723c751e8b465ee728b)  -> (artifact id: '848f8cbe4a04bfe83e7f5e5494570b47') in 0.045324 seconds 
========================================================================
Received Import Request.
  Time since last request: 0.000023 seconds.
  path: Assets/PolygonSciFiCity/Prefabs/Environments/SM_Env_Ground_Tile_07.prefab
  artifactKey: Guid(041197ccf8c034447a687e080433d2a2) Importer(815301076,1909f56bfc062723c751e8b465ee728b)
Start importing Assets/PolygonSciFiCity/Prefabs/Environments/SM_Env_Ground_Tile_07.prefab using Guid(041197ccf8c034447a687e080433d2a2) Importer(815301076,1909f56bfc062723c751e8b465ee728b)  -> (artifact id: 'b40a5a888ebf43328cbd862f274b578c') in 0.046170 seconds 
========================================================================
Received Import Request.
  Time since last request: 0.000027 seconds.
  path: Assets/PolygonSciFiCity/Prefabs/Environments/SM_Env_Graffiti_Ground_02.prefab
  artifactKey: Guid(60cd73154fdca5341b382b27cba0e0a0) Importer(815301076,1909f56bfc062723c751e8b465ee728b)
Start importing Assets/PolygonSciFiCity/Prefabs/Environments/SM_Env_Graffiti_Ground_02.prefab using Guid(60cd73154fdca5341b382b27cba0e0a0) Importer(815301076,1909f56bfc062723c751e8b465ee728b)  -> (artifact id: '91b91b3febb8ea287eb3e343f7347be7') in 0.015860 seconds 
========================================================================
Received Import Request.
  Time since last request: 0.000051 seconds.
  path: Assets/PolygonSciFiCity/Prefabs/Environments/SM_Env_Road_Arrow_02_SF.prefab
  artifactKey: Guid(920314db42e0d734d972f4e690a331ad) Importer(815301076,1909f56bfc062723c751e8b465ee728b)
Start importing Assets/PolygonSciFiCity/Prefabs/Environments/SM_Env_Road_Arrow_02_SF.prefab using Guid(920314db42e0d734d972f4e690a331ad) Importer(815301076,1909f56bfc062723c751e8b465ee728b)  -> (artifact id: '11ae7caaeae5906a51a3d0db6c838a36') in 0.013944 seconds 
========================================================================
Received Import Request.
  Time since last request: 0.000040 seconds.
  path: Assets/PolygonSciFiCity/Prefabs/Environments/SM_Env_Graffiti_Ground_04.prefab
  artifactKey: Guid(0b74b2c684374954d9c1dfbfe2aa4f34) Importer(815301076,1909f56bfc062723c751e8b465ee728b)
Start importing Assets/PolygonSciFiCity/Prefabs/Environments/SM_Env_Graffiti_Ground_04.prefab using Guid(0b74b2c684374954d9c1dfbfe2aa4f34) Importer(815301076,1909f56bfc062723c751e8b465ee728b)  -> (artifact id: 'd9ce9b123d2a781adde89d1d4908a7dc') in 0.016863 seconds 
========================================================================
Received Import Request.
  Time since last request: 0.000028 seconds.
  path: Assets/PolygonSciFiCity/Prefabs/Environments/SM_Env_Ground_Tile_Half_03.prefab
  artifactKey: Guid(bc32377f7b002c2408c36cbf8dcff58c) Importer(815301076,1909f56bfc062723c751e8b465ee728b)
Start importing Assets/PolygonSciFiCity/Prefabs/Environments/SM_Env_Ground_Tile_Half_03.prefab using Guid(bc32377f7b002c2408c36cbf8dcff58c) Importer(815301076,1909f56bfc062723c751e8b465ee728b)  -> (artifact id: 'bb68c606849ef6bb44f79bb42b571465') in 0.050188 seconds 
========================================================================
Received Import Request.
  Time since last request: 0.000038 seconds.
  path: Assets/PolygonSciFiCity/Prefabs/Environments/SM_Env_Grass_Patch_03.prefab
  artifactKey: Guid(bdb5f6fb0cd7830459ab6e0820190c32) Importer(815301076,1909f56bfc062723c751e8b465ee728b)
Start importing Assets/PolygonSciFiCity/Prefabs/Environments/SM_Env_Grass_Patch_03.prefab using Guid(bdb5f6fb0cd7830459ab6e0820190c32) Importer(815301076,1909f56bfc062723c751e8b465ee728b)  -> (artifact id: '606638fcf3b7acd2c067c0264281192c') in 0.050908 seconds 
========================================================================
Received Import Request.
  Time since last request: 0.000024 seconds.
  path: Assets/PolygonSciFiCity/Prefabs/Environments/SM_Env_Road_Arrow_01_SF.prefab
  artifactKey: Guid(164aaf413775a944291cc7eae20876a8) Importer(815301076,1909f56bfc062723c751e8b465ee728b)
Start importing Assets/PolygonSciFiCity/Prefabs/Environments/SM_Env_Road_Arrow_01_SF.prefab using Guid(164aaf413775a944291cc7eae20876a8) Importer(815301076,1909f56bfc062723c751e8b465ee728b)  -> (artifact id: '2a8cede524a62cd24b96ceb3c2581664') in 0.012956 seconds 
========================================================================
Received Import Request.
  Time since last request: 0.000031 seconds.
  path: Assets/PolygonSciFiCity/Prefabs/Environments/SM_Env_Ground_Tile_Supports_01.prefab
  artifactKey: Guid(025591c86f61ab9428b2b7dcf868ef4e) Importer(815301076,1909f56bfc062723c751e8b465ee728b)
Start importing Assets/PolygonSciFiCity/Prefabs/Environments/SM_Env_Ground_Tile_Supports_01.prefab using Guid(025591c86f61ab9428b2b7dcf868ef4e) Importer(815301076,1909f56bfc062723c751e8b465ee728b)  -> (artifact id: 'b6aada166e23074e6dc4774482fcebdd') in 0.049119 seconds 
========================================================================
Received Import Request.
  Time since last request: 0.000028 seconds.
  path: Assets/PolygonSciFiCity/Prefabs/Environments/SM_Env_Ground_Tile_09.prefab
  artifactKey: Guid(be3d7781242d5f34bbc4a55e5066da00) Importer(815301076,1909f56bfc062723c751e8b465ee728b)
Start importing Assets/PolygonSciFiCity/Prefabs/Environments/SM_Env_Ground_Tile_09.prefab using Guid(be3d7781242d5f34bbc4a55e5066da00) Importer(815301076,1909f56bfc062723c751e8b465ee728b)  -> (artifact id: '138e4e0914e78e6b7a5afe3b4127bcf5') in 0.043692 seconds 
========================================================================
Received Import Request.
  Time since last request: 0.000045 seconds.
  path: Assets/PolygonSciFiCity/Prefabs/Environments/SM_Env_Railing_02_Pillar.prefab
  artifactKey: Guid(dfc705eb9302fd84da074ba3f7411778) Importer(815301076,1909f56bfc062723c751e8b465ee728b)
Start importing Assets/PolygonSciFiCity/Prefabs/Environments/SM_Env_Railing_02_Pillar.prefab using Guid(dfc705eb9302fd84da074ba3f7411778) Importer(815301076,1909f56bfc062723c751e8b465ee728b)  -> (artifact id: 'ff46a8136eaa3ae06420bf3b5de8762e') in 0.045866 seconds 
========================================================================
Received Import Request.
  Time since last request: 0.265610 seconds.
  path: Assets/PolygonSciFiCity/Prefabs/Environments/SM_Env_Sidewalk_Corner_Half_01 1.prefab
  artifactKey: Guid(3a2bc9cf5e31c2a4b813ce031a798406) Importer(815301076,1909f56bfc062723c751e8b465ee728b)
Start importing Assets/PolygonSciFiCity/Prefabs/Environments/SM_Env_Sidewalk_Corner_Half_01 1.prefab using Guid(3a2bc9cf5e31c2a4b813ce031a798406) Importer(815301076,1909f56bfc062723c751e8b465ee728b)  -> (artifact id: '79f98194a22c0cf01b76680607b42200') in 0.056510 seconds 
========================================================================
Received Import Request.
  Time since last request: 0.000029 seconds.
  path: Assets/PolygonSciFiCity/Prefabs/Environments/SM_Env_Sidewalk_Merger_Half_01_SF.prefab
  artifactKey: Guid(f08dbf1041be64d41ac1d4f9b6ce357a) Importer(815301076,1909f56bfc062723c751e8b465ee728b)
Start importing Assets/PolygonSciFiCity/Prefabs/Environments/SM_Env_Sidewalk_Merger_Half_01_SF.prefab using Guid(f08dbf1041be64d41ac1d4f9b6ce357a) Importer(815301076,1909f56bfc062723c751e8b465ee728b)  -> (artifact id: 'fd44e01a2f4782be69203241e62cf907') in 0.048114 seconds 
========================================================================
Received Import Request.
  Time since last request: 0.000029 seconds.
  path: Assets/PolygonSciFiCity/Prefabs/Environments/SM_Env_Sidewalk_Raised_02.prefab
  artifactKey: Guid(93aa385d6bc607e4c8bab2807f7e54b3) Importer(815301076,1909f56bfc062723c751e8b465ee728b)
Start importing Assets/PolygonSciFiCity/Prefabs/Environments/SM_Env_Sidewalk_Raised_02.prefab using Guid(93aa385d6bc607e4c8bab2807f7e54b3) Importer(815301076,1909f56bfc062723c751e8b465ee728b)  -> (artifact id: '7ae225700dc675620d9b223fdceb0c36') in 0.048536 seconds 
========================================================================
Received Import Request.
  Time since last request: 0.000035 seconds.
  path: Assets/PolygonSciFiCity/Prefabs/Environments/SM_Env_Tree_03.prefab
  artifactKey: Guid(fd0cc423568469440bd7a6fd8de96940) Importer(815301076,1909f56bfc062723c751e8b465ee728b)
Start importing Assets/PolygonSciFiCity/Prefabs/Environments/SM_Env_Tree_03.prefab using Guid(fd0cc423568469440bd7a6fd8de96940) Importer(815301076,1909f56bfc062723c751e8b465ee728b)  -> (artifact id: '413ced62d72b7c497a85c39098b8d154') in 0.048531 seconds 
========================================================================
Received Import Request.
  Time since last request: 0.000022 seconds.
  path: Assets/PolygonSciFiCity/Prefabs/Environments/SM_Env_Small_Rocks_02.prefab
  artifactKey: Guid(341c16b8b2b729d4badae2d5771a931c) Importer(815301076,1909f56bfc062723c751e8b465ee728b)
Start importing Assets/PolygonSciFiCity/Prefabs/Environments/SM_Env_Small_Rocks_02.prefab using Guid(341c16b8b2b729d4badae2d5771a931c) Importer(815301076,1909f56bfc062723c751e8b465ee728b)  -> (artifact id: 'd5e70317c8178bee09b28f729cbd179b') in 0.048594 seconds 
Editor requested this worker to shutdown with reason: Scaling down because of idle timeout
AssetImportWorker is now disconnected from the server
Process exiting
Exiting without the bug reporter. Application will terminate with return code 0