Using pre-set license
Built from '2021.3/staging' branch; Version is '2021.3.23f1 (213b516bf396) revision 2177873'; Using compiler version '192829333'; Build Type 'Release'
OS: 'Windows 10  (10.0.19045) 64bit Education' Language: 'en' Physical Memory: 16072 MB
BatchMode: 1, IsHumanControllingUs: 0, StartBugReporterOnCrash: 0, Is64bit: 1, IsPro: 1

COMMAND LINE ARGUMENTS:
C:\Program Files\Unity\Hub\Editor\2021.3.23f1\Editor\Unity.exe
-adb2
-batchMode
-noUpm
-name
AssetImportWorker4
-projectPath
D:/Year13AGRacer/UnityProject
-logFile
Logs/AssetImportWorker4.log
-srvPort
60006
Successfully changed project path to: D:/Year13AGRacer/UnityProject
D:/Year13AGRacer/UnityProject
[UnityMemory] Configuration Parameters - Can be set up in boot.config
    "memorysetup-bucket-allocator-granularity=16"
    "memorysetup-bucket-allocator-bucket-count=8"
    "memorysetup-bucket-allocator-block-size=33554432"
    "memorysetup-bucket-allocator-block-count=8"
    "memorysetup-main-allocator-block-size=16777216"
    "memorysetup-thread-allocator-block-size=16777216"
    "memorysetup-gfx-main-allocator-block-size=16777216"
    "memorysetup-gfx-thread-allocator-block-size=16777216"
    "memorysetup-cache-allocator-block-size=4194304"
    "memorysetup-typetree-allocator-block-size=2097152"
    "memorysetup-profiler-bucket-allocator-granularity=16"
    "memorysetup-profiler-bucket-allocator-bucket-count=8"
    "memorysetup-profiler-bucket-allocator-block-size=33554432"
    "memorysetup-profiler-bucket-allocator-block-count=8"
    "memorysetup-profiler-allocator-block-size=16777216"
    "memorysetup-profiler-editor-allocator-block-size=1048576"
    "memorysetup-temp-allocator-size-main=16777216"
    "memorysetup-job-temp-allocator-block-size=2097152"
    "memorysetup-job-temp-allocator-block-size-background=1048576"
    "memorysetup-job-temp-allocator-reduction-small-platforms=262144"
    "memorysetup-temp-allocator-size-background-worker=32768"
    "memorysetup-temp-allocator-size-job-worker=262144"
    "memorysetup-temp-allocator-size-preload-manager=33554432"
    "memorysetup-temp-allocator-size-nav-mesh-worker=65536"
    "memorysetup-temp-allocator-size-audio-worker=65536"
    "memorysetup-temp-allocator-size-cloud-worker=32768"
    "memorysetup-temp-allocator-size-gi-baking-worker=262144"
    "memorysetup-temp-allocator-size-gfx=262144"
Player connection [20364] Host "[IP] 192.168.101.137 [Port] 0 [Flags] 2 [Guid] 569146978 [EditorId] 569146978 [Version] 1048832 [Id] WindowsEditor(7,KHWS710) [Debug] 1 [PackageName] WindowsEditor [ProjectName] Editor" joined multi-casting on [225.0.0.222:54997]...

Player connection [20364] Host "[IP] 192.168.101.137 [Port] 0 [Flags] 2 [Guid] 569146978 [EditorId] 569146978 [Version] 1048832 [Id] WindowsEditor(7,KHWS710) [Debug] 1 [PackageName] WindowsEditor [ProjectName] Editor" joined alternative multi-casting on [225.0.0.222:34997]...

Refreshing native plugins compatible for Editor in 101.07 ms, found 3 plugins.
Preloading 0 native plugins for Editor in 0.00 ms.
Initialize engine version: 2021.3.23f1 (213b516bf396)
[Subsystems] Discovering subsystems at path C:/Program Files/Unity/Hub/Editor/2021.3.23f1/Editor/Data/Resources/UnitySubsystems
[Subsystems] Discovering subsystems at path D:/Year13AGRacer/UnityProject/Assets
GfxDevice: creating device client; threaded=0; jobified=0
Direct3D:
    Version:  Direct3D 11.0 [level 11.1]
    Renderer: NVIDIA GeForce RTX 3070 (ID=0x2488)
    Vendor:   NVIDIA
    VRAM:     8031 MB
    Driver:   31.0.15.2698
Initialize mono
Mono path[0] = 'C:/Program Files/Unity/Hub/Editor/2021.3.23f1/Editor/Data/Managed'
Mono path[1] = 'C:/Program Files/Unity/Hub/Editor/2021.3.23f1/Editor/Data/MonoBleedingEdge/lib/mono/unityjit-win32'
Mono config path = 'C:/Program Files/Unity/Hub/Editor/2021.3.23f1/Editor/Data/MonoBleedingEdge/etc'
Using monoOptions --debugger-agent=transport=dt_socket,embedding=1,server=y,suspend=n,address=127.0.0.1:56360
Begin MonoManager ReloadAssembly
Registering precompiled unity dll's ...
Register platform support module: C:/Program Files/Unity/Hub/Editor/2021.3.23f1/Editor/Data/PlaybackEngines/WebGLSupport/UnityEditor.WebGL.Extensions.dll
Register platform support module: C:/Program Files/Unity/Hub/Editor/2021.3.23f1/Editor/Data/PlaybackEngines/WindowsStandaloneSupport/UnityEditor.WindowsStandalone.Extensions.dll
Registered in 0.006350 seconds.
Native extension for WindowsStandalone target not found
Native extension for WebGL target not found
Refreshing native plugins compatible for Editor in 86.52 ms, found 3 plugins.
Preloading 0 native plugins for Editor in 0.00 ms.
Mono: successfully reloaded assembly
- Completed reload, in  0.634 seconds
Domain Reload Profiling:
	ReloadAssembly (635ms)
		BeginReloadAssembly (104ms)
			ExecutionOrderSort (0ms)
			DisableScriptedObjects (0ms)
			BackupInstance (0ms)
			ReleaseScriptingObjects (0ms)
			CreateAndSetChildDomain (1ms)
		EndReloadAssembly (435ms)
			LoadAssemblies (102ms)
			RebuildTransferFunctionScriptingTraits (0ms)
			SetupTypeCache (89ms)
			ReleaseScriptCaches (0ms)
			RebuildScriptCaches (25ms)
			SetupLoadedEditorAssemblies (273ms)
				LogAssemblyErrors (0ms)
				InitializePlatformSupportModulesInManaged (8ms)
				SetLoadedEditorAssemblies (0ms)
				RefreshPlugins (87ms)
				BeforeProcessingInitializeOnLoad (1ms)
				ProcessInitializeOnLoadAttributes (134ms)
				ProcessInitializeOnLoadMethodAttributes (42ms)
				AfterProcessingInitializeOnLoad (0ms)
				EditorAssembliesLoaded (0ms)
			ExecutionOrderSort2 (0ms)
			AwakeInstancesAfterBackupRestoration (0ms)
Platform modules already initialized, skipping
Registering precompiled user dll's ...
Registered in 0.003117 seconds.
Begin MonoManager ReloadAssembly
Symbol file LoadedFromMemory doesn't match image D:\Year13AGRacer\UnityProject\Library\PackageCache\com.unity.visualscripting@1.8.0\Editor\VisualScripting.Core\Dependencies\YamlDotNet\Unity.VisualScripting.YamlDotNet.dll
Symbol file LoadedFromMemory doesn't match image D:\Year13AGRacer\UnityProject\Library\PackageCache\com.unity.visualscripting@1.8.0\Editor\VisualScripting.Core\Dependencies\DotNetZip\Unity.VisualScripting.IonicZip.dll
Native extension for WindowsStandalone target not found
Native extension for WebGL target not found
Refreshing native plugins compatible for Editor in 0.83 ms, found 3 plugins.
Preloading 0 native plugins for Editor in 0.00 ms.
Mono: successfully reloaded assembly
- Completed reload, in  0.896 seconds
Domain Reload Profiling:
	ReloadAssembly (896ms)
		BeginReloadAssembly (99ms)
			ExecutionOrderSort (0ms)
			DisableScriptedObjects (6ms)
			BackupInstance (0ms)
			ReleaseScriptingObjects (0ms)
			CreateAndSetChildDomain (18ms)
		EndReloadAssembly (702ms)
			LoadAssemblies (70ms)
			RebuildTransferFunctionScriptingTraits (0ms)
			SetupTypeCache (220ms)
			ReleaseScriptCaches (0ms)
			RebuildScriptCaches (46ms)
			SetupLoadedEditorAssemblies (320ms)
				LogAssemblyErrors (0ms)
				InitializePlatformSupportModulesInManaged (6ms)
				SetLoadedEditorAssemblies (0ms)
				RefreshPlugins (1ms)
				BeforeProcessingInitializeOnLoad (79ms)
				ProcessInitializeOnLoadAttributes (210ms)
				ProcessInitializeOnLoadMethodAttributes (17ms)
				AfterProcessingInitializeOnLoad (7ms)
				EditorAssembliesLoaded (0ms)
			ExecutionOrderSort2 (0ms)
			AwakeInstancesAfterBackupRestoration (6ms)
Platform modules already initialized, skipping
========================================================================
Worker process is ready to serve import requests
Launched and connected shader compiler UnityShaderCompiler.exe after 0.04 seconds
Refreshing native plugins compatible for Editor in 0.43 ms, found 3 plugins.
Preloading 0 native plugins for Editor in 0.00 ms.
Unloading 3048 Unused Serialized files (Serialized files now loaded: 0)
Unloading 24 unused Assets / (114.5 KB). Loaded Objects now: 3513.
Memory consumption went from 111.7 MB to 111.6 MB.
Total: 2.042200 ms (FindLiveObjects: 0.158300 ms CreateObjectMapping: 0.069900 ms MarkObjects: 1.729400 ms  DeleteObjects: 0.083700 ms)

AssetImportParameters requested are different than current active one (requested -> active):
  custom:video-decoder-ogg-theora: a1e56fd34408186e4bbccfd4996cb3dc -> 
  custom:container-muxer-webm: aa71ff27fc2769a1b78a27578f13a17b -> 
  custom:container-demuxer-webm: 4f35f7cbe854078d1ac9338744f61a02 -> 
  custom:video-encoder-webm-vp8: eb34c28f22e8b96e1ab97ce403110664 -> 
  custom:audio-encoder-webm-vorbis: bf7c407c2cedff20999df2af8eb42d56 -> 
  custom:framework-win-MediaFoundation: 216162199b28c13a410421893ffa2e32 -> 
  custom:container-demuxer-ogg: 62fdf1f143b41e24485cea50d1cbac27 -> 
  custom:video-decoder-webm-vp8: 9c59270c3fd7afecdb556c50c9e8de78 -> 
  custom:audio-decoder-ogg-vorbis: bf7c407c2cedff20999df2af8eb42d56 -> 
========================================================================
Received Import Request.
  Time since last request: 21976.858153 seconds.
  path: Assets/PolygonSciFiCity/Textures/Billboards.png
  artifactKey: Guid(38a598abad0b85e46b9cae203fb2f6b2) Importer(815301076,1909f56bfc062723c751e8b465ee728b)
Start importing Assets/PolygonSciFiCity/Textures/Billboards.png using Guid(38a598abad0b85e46b9cae203fb2f6b2) Importer(815301076,1909f56bfc062723c751e8b465ee728b)  -> (artifact id: 'da8b6faff0395d42b36eae12f49534ed') in 0.083121 seconds 
========================================================================
Received Import Request.
  Time since last request: 0.000044 seconds.
  path: Assets/PolygonSciFiCity/Textures/PolygonScifi_02_A.png
  artifactKey: Guid(a3654b5dac9722f4e98cd85cb6be8985) Importer(815301076,1909f56bfc062723c751e8b465ee728b)
Start importing Assets/PolygonSciFiCity/Textures/PolygonScifi_02_A.png using Guid(a3654b5dac9722f4e98cd85cb6be8985) Importer(815301076,1909f56bfc062723c751e8b465ee728b)  -> (artifact id: 'e8626ef8a3ec2a30dbfb28d3419aafb5') in 0.012763 seconds 
========================================================================
Received Import Request.
  Time since last request: 0.000066 seconds.
  path: Assets/PolygonSciFiCity/Textures/PolygonSciFi_Road_Normal.png
  artifactKey: Guid(3249a541db4d5034cb4c8c138cd11557) Importer(815301076,1909f56bfc062723c751e8b465ee728b)
Start importing Assets/PolygonSciFiCity/Textures/PolygonSciFi_Road_Normal.png using Guid(3249a541db4d5034cb4c8c138cd11557) Importer(815301076,1909f56bfc062723c751e8b465ee728b)  -> (artifact id: '3d15364781f3110eef9f05e45397951f') in 0.008833 seconds 
========================================================================
Received Import Request.
  Time since last request: 4.305939 seconds.
  path: Assets/PolygonSciFiCity/Prefabs/Environments
  artifactKey: Guid(061728e5d8adb7e46b3f7df94513688f) Importer(815301076,1909f56bfc062723c751e8b465ee728b)
Start importing Assets/PolygonSciFiCity/Prefabs/Environments using Guid(061728e5d8adb7e46b3f7df94513688f) Importer(815301076,1909f56bfc062723c751e8b465ee728b)  -> (artifact id: '49bd2af2b3034838b4bd05bd2c76387c') in 0.007211 seconds 
========================================================================
Received Import Request.
  Time since last request: 0.051186 seconds.
  path: Assets/PolygonSciFiCity/Prefabs/Environments/SkyDome.prefab
  artifactKey: Guid(1d7dd8ea7cd8cc64bab1f6bee8ef01d5) Importer(815301076,1909f56bfc062723c751e8b465ee728b)
Start importing Assets/PolygonSciFiCity/Prefabs/Environments/SkyDome.prefab using Guid(1d7dd8ea7cd8cc64bab1f6bee8ef01d5) Importer(815301076,1909f56bfc062723c751e8b465ee728b)  -> (artifact id: '77181cfe51385868b2f7bb27cd095cbf') in 0.077669 seconds 
========================================================================
Received Import Request.
  Time since last request: 0.000050 seconds.
  path: Assets/PolygonSciFiCity/Prefabs/Environments/SM_Env_Ground_Tile_Half_01.prefab
  artifactKey: Guid(625e1518f7d51b741b259e863a096e42) Importer(815301076,1909f56bfc062723c751e8b465ee728b)
Start importing Assets/PolygonSciFiCity/Prefabs/Environments/SM_Env_Ground_Tile_Half_01.prefab using Guid(625e1518f7d51b741b259e863a096e42) Importer(815301076,1909f56bfc062723c751e8b465ee728b)  -> (artifact id: 'ec7516f5614c8ebf7960073c59392a3a') in 0.071558 seconds 
========================================================================
Received Import Request.
  Time since last request: 0.000018 seconds.
  path: Assets/PolygonSciFiCity/Prefabs/Environments/SM_Env_Road_Median_01_SF.prefab
  artifactKey: Guid(12262e0b4d93a3644b3a4567715d3a75) Importer(815301076,1909f56bfc062723c751e8b465ee728b)
Start importing Assets/PolygonSciFiCity/Prefabs/Environments/SM_Env_Road_Median_01_SF.prefab using Guid(12262e0b4d93a3644b3a4567715d3a75) Importer(815301076,1909f56bfc062723c751e8b465ee728b)  -> (artifact id: 'c5e76f7bf9390365f3d9d1429d977ce4') in 0.022887 seconds 
========================================================================
Received Import Request.
  Time since last request: 0.000049 seconds.
  path: Assets/PolygonSciFiCity/Prefabs/Environments/SM_Env_Planet_Rotate_Objcet_01.prefab
  artifactKey: Guid(11d8077e2d9cb464e9d8486566a851a5) Importer(815301076,1909f56bfc062723c751e8b465ee728b)
Start importing Assets/PolygonSciFiCity/Prefabs/Environments/SM_Env_Planet_Rotate_Objcet_01.prefab using Guid(11d8077e2d9cb464e9d8486566a851a5) Importer(815301076,1909f56bfc062723c751e8b465ee728b)  -> (artifact id: '05495bc36a1d7e6477bf02674cf16b76') in 0.168755 seconds 
========================================================================
Received Import Request.
  Time since last request: 0.000024 seconds.
  path: Assets/PolygonSciFiCity/Prefabs/Environments/SM_Env_Ground_Tile_Supports_02.prefab
  artifactKey: Guid(af2820a49d84489478b3b98df29bb9b1) Importer(815301076,1909f56bfc062723c751e8b465ee728b)
Start importing Assets/PolygonSciFiCity/Prefabs/Environments/SM_Env_Ground_Tile_Supports_02.prefab using Guid(af2820a49d84489478b3b98df29bb9b1) Importer(815301076,1909f56bfc062723c751e8b465ee728b)  -> (artifact id: '46c05f9857acc039abb8d19a7ddb034c') in 0.038788 seconds 
========================================================================
Received Import Request.
  Time since last request: 0.000038 seconds.
  path: Assets/PolygonSciFiCity/Prefabs/Environments/SM_Env_Greeble_Cube_01.prefab
  artifactKey: Guid(3a843a0d0b9616045aa9a5220ca6e083) Importer(815301076,1909f56bfc062723c751e8b465ee728b)
Start importing Assets/PolygonSciFiCity/Prefabs/Environments/SM_Env_Greeble_Cube_01.prefab using Guid(3a843a0d0b9616045aa9a5220ca6e083) Importer(815301076,1909f56bfc062723c751e8b465ee728b)  -> (artifact id: '567c02c2debc6d18e369051745487b0b') in 0.037493 seconds 
========================================================================
Received Import Request.
  Time since last request: 0.000038 seconds.
  path: Assets/PolygonSciFiCity/Prefabs/Environments/SM_Env_Graffiti_Ground_03.prefab
  artifactKey: Guid(5cb5cf94c3a22684b948fd61c70399b2) Importer(815301076,1909f56bfc062723c751e8b465ee728b)
Start importing Assets/PolygonSciFiCity/Prefabs/Environments/SM_Env_Graffiti_Ground_03.prefab using Guid(5cb5cf94c3a22684b948fd61c70399b2) Importer(815301076,1909f56bfc062723c751e8b465ee728b)  -> (artifact id: 'bf47659fe5b688f4cdf77c63ddf6b89c') in 0.025951 seconds 
========================================================================
Received Import Request.
  Time since last request: 0.000020 seconds.
  path: Assets/PolygonSciFiCity/Prefabs/Environments/SM_Env_Cloud_04.prefab
  artifactKey: Guid(b3e56991057ea274d877e8bf39bde4ff) Importer(815301076,1909f56bfc062723c751e8b465ee728b)
Start importing Assets/PolygonSciFiCity/Prefabs/Environments/SM_Env_Cloud_04.prefab using Guid(b3e56991057ea274d877e8bf39bde4ff) Importer(815301076,1909f56bfc062723c751e8b465ee728b)  -> (artifact id: '83c9a54c3ea0f4909306625d1cc326d1') in 0.035421 seconds 
========================================================================
Received Import Request.
  Time since last request: 0.000034 seconds.
  path: Assets/PolygonSciFiCity/Prefabs/Environments/SM_Env_Road_Lines_02_SF.prefab
  artifactKey: Guid(ef5e06adf4b03844aa22579242b2169b) Importer(815301076,1909f56bfc062723c751e8b465ee728b)
Start importing Assets/PolygonSciFiCity/Prefabs/Environments/SM_Env_Road_Lines_02_SF.prefab using Guid(ef5e06adf4b03844aa22579242b2169b) Importer(815301076,1909f56bfc062723c751e8b465ee728b)  -> (artifact id: 'e96eebd2337ffe23cd0a9010bfb32139') in 0.018040 seconds 
========================================================================
Received Import Request.
  Time since last request: 0.000030 seconds.
  path: Assets/PolygonSciFiCity/Prefabs/Environments/SM_Env_Railing_01.prefab
  artifactKey: Guid(b373a640df5d1ce4c964dff35c31e80c) Importer(815301076,1909f56bfc062723c751e8b465ee728b)
Start importing Assets/PolygonSciFiCity/Prefabs/Environments/SM_Env_Railing_01.prefab using Guid(b373a640df5d1ce4c964dff35c31e80c) Importer(815301076,1909f56bfc062723c751e8b465ee728b)  -> (artifact id: 'c86ec47308d26da168dd121a4e7b2b96') in 0.042454 seconds 
========================================================================
Received Import Request.
  Time since last request: 0.000031 seconds.
  path: Assets/PolygonSciFiCity/Prefabs/Environments/SM_Env_Graffiti_Wall_05.prefab
  artifactKey: Guid(53597c8bf8fac774b9f55260a5ddadc8) Importer(815301076,1909f56bfc062723c751e8b465ee728b)
Start importing Assets/PolygonSciFiCity/Prefabs/Environments/SM_Env_Graffiti_Wall_05.prefab using Guid(53597c8bf8fac774b9f55260a5ddadc8) Importer(815301076,1909f56bfc062723c751e8b465ee728b)  -> (artifact id: '363f4d4d523f92768ecbf26ea3c4ed34') in 0.013345 seconds 
========================================================================
Received Import Request.
  Time since last request: 0.000024 seconds.
  path: Assets/PolygonSciFiCity/Prefabs/Environments/SM_Env_Ground_Tile_Floating_Platform_01.prefab
  artifactKey: Guid(42eeb2cb84e945f48bfbf7e4a450d54b) Importer(815301076,1909f56bfc062723c751e8b465ee728b)
Start importing Assets/PolygonSciFiCity/Prefabs/Environments/SM_Env_Ground_Tile_Floating_Platform_01.prefab using Guid(42eeb2cb84e945f48bfbf7e4a450d54b) Importer(815301076,1909f56bfc062723c751e8b465ee728b)  -> (artifact id: '4d16885339af73db3fc2f418f13d1cff') in 0.041737 seconds 
========================================================================
Received Import Request.
  Time since last request: 0.000036 seconds.
  path: Assets/PolygonSciFiCity/Prefabs/Environments/SM_Env_Ground_Tile_Base_03.prefab
  artifactKey: Guid(5d0aa5d06a7a4cf4695f9803bdda45d5) Importer(815301076,1909f56bfc062723c751e8b465ee728b)
Start importing Assets/PolygonSciFiCity/Prefabs/Environments/SM_Env_Ground_Tile_Base_03.prefab using Guid(5d0aa5d06a7a4cf4695f9803bdda45d5) Importer(815301076,1909f56bfc062723c751e8b465ee728b)  -> (artifact id: 'a5bd1c89e845707ab16fc873939cb113') in 0.045710 seconds 
========================================================================
Received Import Request.
  Time since last request: 0.000066 seconds.
  path: Assets/PolygonSciFiCity/Prefabs/Environments/SM_Env_Ground_Tile_04.prefab
  artifactKey: Guid(5e4bdc96038d5424fbd9029b5ecaea9f) Importer(815301076,1909f56bfc062723c751e8b465ee728b)
Start importing Assets/PolygonSciFiCity/Prefabs/Environments/SM_Env_Ground_Tile_04.prefab using Guid(5e4bdc96038d5424fbd9029b5ecaea9f) Importer(815301076,1909f56bfc062723c751e8b465ee728b)  -> (artifact id: '5ac5d64eb54b3d4049e6074e357d6c67') in 0.039853 seconds 
========================================================================
Received Import Request.
  Time since last request: 0.232158 seconds.
  path: Assets/PolygonSciFiCity/Prefabs/Environments/SM_Env_Sidewalk_01_SF.prefab
  artifactKey: Guid(8e7631b36958d68408ebf64b86f272e9) Importer(815301076,1909f56bfc062723c751e8b465ee728b)
Start importing Assets/PolygonSciFiCity/Prefabs/Environments/SM_Env_Sidewalk_01_SF.prefab using Guid(8e7631b36958d68408ebf64b86f272e9) Importer(815301076,1909f56bfc062723c751e8b465ee728b)  -> (artifact id: '9e7e00f29de81b1f280b1228abcef54d') in 0.052405 seconds 
========================================================================
Received Import Request.
  Time since last request: 0.000023 seconds.
  path: Assets/PolygonSciFiCity/Prefabs/Environments/SM_Env_Sidewalk_Straight_03_SF.prefab
  artifactKey: Guid(36fc8389b8b48b444a8a0f80bb8e94f4) Importer(815301076,1909f56bfc062723c751e8b465ee728b)
Start importing Assets/PolygonSciFiCity/Prefabs/Environments/SM_Env_Sidewalk_Straight_03_SF.prefab using Guid(36fc8389b8b48b444a8a0f80bb8e94f4) Importer(815301076,1909f56bfc062723c751e8b465ee728b)  -> (artifact id: 'dacda5ec8c052ad973432a8b990e1f3e') in 0.048727 seconds 
========================================================================
Received Import Request.
  Time since last request: 0.000023 seconds.
  path: Assets/PolygonSciFiCity/Prefabs/Environments/SM_Env_Sidewalk_Straight_04_SF.prefab
  artifactKey: Guid(8eb4c19836b1e69448dccd70be19f9d0) Importer(815301076,1909f56bfc062723c751e8b465ee728b)
Start importing Assets/PolygonSciFiCity/Prefabs/Environments/SM_Env_Sidewalk_Straight_04_SF.prefab using Guid(8eb4c19836b1e69448dccd70be19f9d0) Importer(815301076,1909f56bfc062723c751e8b465ee728b)  -> (artifact id: 'e5e51164060ca76750c18ccc7973647e') in 0.050248 seconds 
========================================================================
Received Import Request.
  Time since last request: 0.000025 seconds.
  path: Assets/PolygonSciFiCity/Prefabs/Environments/SM_Env_Sidewalk_Straight_Half_01_SF.prefab
  artifactKey: Guid(fe149258a225b2745b59327250181eaa) Importer(815301076,1909f56bfc062723c751e8b465ee728b)
Start importing Assets/PolygonSciFiCity/Prefabs/Environments/SM_Env_Sidewalk_Straight_Half_01_SF.prefab using Guid(fe149258a225b2745b59327250181eaa) Importer(815301076,1909f56bfc062723c751e8b465ee728b)  -> (artifact id: '43f853c6a17d7ea22e2989bed09a6928') in 0.049683 seconds 
========================================================================
Received Import Request.
  Time since last request: 0.000028 seconds.
  path: Assets/PolygonSciFiCity/Prefabs/Environments/SM_Env_Wall_Generic_01.prefab
  artifactKey: Guid(331578b4bf483ae4986eda8b44619e86) Importer(815301076,1909f56bfc062723c751e8b465ee728b)
Start importing Assets/PolygonSciFiCity/Prefabs/Environments/SM_Env_Wall_Generic_01.prefab using Guid(331578b4bf483ae4986eda8b44619e86) Importer(815301076,1909f56bfc062723c751e8b465ee728b)  -> (artifact id: '2940f94bf10ec784cb25fc90b224c90e') in 0.049440 seconds 
Editor requested this worker to shutdown with reason: Scaling down because of idle timeout
AssetImportWorkerClient::OnTransportError - code=2 error=End of file
AssetImportWorker is now disconnected from the server
Process exiting
Exiting without the bug reporter. Application will terminate with return code 0